#
# There is insufficient memory for the Java Runtime Environment to continue.
# Native memory allocation (malloc) failed to allocate 472576 bytes for Chunk::new
# Possible reasons:
#   The system is out of physical RAM or swap space
#   The process is running with CompressedOops enabled, and the Java Heap may be blocking the growth of the native heap
# Possible solutions:
#   Reduce memory load on the system
#   Increase physical memory or swap space
#   Check if swap backing store is full
#   Decrease Java heap size (-Xmx/-Xms)
#   Decrease number of Java threads
#   Decrease Java thread stack sizes (-Xss)
#   Set larger code cache with -XX:ReservedCodeCacheSize=
#   JVM is running with Unscaled Compressed Oops mode in which the Java heap is
#     placed in the first 4GB address space. The Java Heap base address is the
#     maximum limit for the native heap growth. Please use -XX:HeapBaseMinAddress
#     to set the Java Heap base and to place the Java Heap above 4GB virtual address.
# This output file may be truncated or incomplete.
#
#  Out of Memory Error (./src/hotspot/share/memory/arena.cpp:197), pid=15424, tid=10448
#
# JRE version: OpenJDK Runtime Environment (11.0.12+7) (build 11.0.12+7-b1504.28-7817840)
# Java VM: OpenJDK 64-Bit Server VM (11.0.12+7-b1504.28-7817840, mixed mode, tiered, compressed oops, g1 gc, windows-amd64)
# No core dump will be written. Minidumps are not enabled by default on client versions of Windows
#

---------------  S U M M A R Y ------------

Command Line: --add-opens=java.base/java.util=ALL-UNNAMED --add-opens=java.base/java.lang=ALL-UNNAMED --add-opens=java.base/java.lang.invoke=ALL-UNNAMED --add-opens=java.base/java.util=ALL-UNNAMED --add-opens=java.prefs/java.util.prefs=ALL-UNNAMED --add-opens=java.prefs/java.util.prefs=ALL-UNNAMED --add-opens=java.base/java.nio.charset=ALL-UNNAMED --add-opens=java.base/java.net=ALL-UNNAMED --add-opens=java.base/java.util.concurrent.atomic=ALL-UNNAMED -Xmx2048m -Dfile.encoding=UTF-8 -Duser.country=US -Duser.language=en -Duser.variant org.gradle.launcher.daemon.bootstrap.GradleDaemon 7.3.3

Host: AMD Ryzen 7 5800H with Radeon Graphics         , 16 cores, 7G,  Windows 10 , 64 bit Build 22621 (10.0.22621.755)
Time: Tue Nov 15 22:10:16 2022 SE Asia Standard Time elapsed time: 186.420285 seconds (0d 0h 3m 6s)

---------------  T H R E A D  ---------------

Current thread (0x000002de1a1f2800):  JavaThread "C2 CompilerThread0" daemon [_thread_in_native, id=10448, stack(0x000000ece7200000,0x000000ece7300000)]


Current CompileTask:
C2: 186420 14969   !   4       sun.net.www.ParseUtil::decode (317 bytes)

Stack: [0x000000ece7200000,0x000000ece7300000]
Native frames: (J=compiled Java code, j=interpreted, Vv=VM code, C=native code)
V  [jvm.dll+0x5fbcea]
V  [jvm.dll+0x731905]
V  [jvm.dll+0x732f1d]
V  [jvm.dll+0x7335d3]
V  [jvm.dll+0x247bf8]
V  [jvm.dll+0xc018c]
V  [jvm.dll+0xc06cc]
V  [jvm.dll+0x2bcc04]
V  [jvm.dll+0x5113a8]
V  [jvm.dll+0x208303]
V  [jvm.dll+0x201fe0]
V  [jvm.dll+0x1ff71f]
V  [jvm.dll+0x18868c]
V  [jvm.dll+0x20e0d7]
V  [jvm.dll+0x20c901]
V  [jvm.dll+0x6f9b7f]
V  [jvm.dll+0x6f26a5]
V  [jvm.dll+0x5fabf6]
C  [ucrtbase.dll+0x29363]
C  [KERNEL32.DLL+0x1244d]
C  [ntdll.dll+0x5dfb8]


---------------  P R O C E S S  ---------------

Threads class SMR info:
_java_thread_list=0x000002de271ce980, length=59, elements={
0x000002de7f18c800, 0x000002de1aa02800, 0x000002de1aa0b000, 0x000002de1a1ee800,
0x000002de1a1f0800, 0x000002de1a1f1800, 0x000002de1a1f2800, 0x000002de1a1f7000,
0x000002de1a1fa800, 0x000002de1abb9000, 0x000002de1b9b4800, 0x000002de1b28f000,
0x000002de1c5b3800, 0x000002de1db68800, 0x000002de1db69800, 0x000002de1db65800,
0x000002de1db67800, 0x000002de1db6c000, 0x000002de1df0a000, 0x000002de1df0c000,
0x000002de1df07800, 0x000002de1df07000, 0x000002de1df10000, 0x000002de1f8a8800,
0x000002de1f8a7000, 0x000002de1f8a6000, 0x000002de1f8ad800, 0x000002de1f8ac800,
0x000002de1f8ae000, 0x000002de1f8a9800, 0x000002de1f8af000, 0x000002de1f8b0000,
0x000002de1f8aa000, 0x000002de1f8b0800, 0x000002de1f8ab000, 0x000002de1f8b1800,
0x000002de1f8b2000, 0x000002de1cd1d800, 0x000002de1cd38000, 0x000002de1cd37800,
0x000002de270e8000, 0x000002de270ec000, 0x000002de270eb800, 0x000002de270e9800,
0x000002de270ed000, 0x000002de270ea800, 0x000002de270e7800, 0x000002de270ee800,
0x000002de270ef800, 0x000002de270ee000, 0x000002de270f5000, 0x000002de1cd19000,
0x000002de1cd1c800, 0x000002de1cd1e000, 0x000002de1cd1f000, 0x000002de1cd1f800,
0x000002de1cd1a000, 0x000002de1cd20800, 0x000002de1cd1b800
}

Java Threads: ( => current thread )
  0x000002de7f18c800 JavaThread "main" [_thread_blocked, id=12612, stack(0x000000ece6600000,0x000000ece6700000)]
  0x000002de1aa02800 JavaThread "Reference Handler" daemon [_thread_blocked, id=13864, stack(0x000000ece6d00000,0x000000ece6e00000)]
  0x000002de1aa0b000 JavaThread "Finalizer" daemon [_thread_blocked, id=10528, stack(0x000000ece6e00000,0x000000ece6f00000)]
  0x000002de1a1ee800 JavaThread "Signal Dispatcher" daemon [_thread_blocked, id=5560, stack(0x000000ece6f00000,0x000000ece7000000)]
  0x000002de1a1f0800 JavaThread "Attach Listener" daemon [_thread_blocked, id=1820, stack(0x000000ece7000000,0x000000ece7100000)]
  0x000002de1a1f1800 JavaThread "Service Thread" daemon [_thread_blocked, id=12140, stack(0x000000ece7100000,0x000000ece7200000)]
=>0x000002de1a1f2800 JavaThread "C2 CompilerThread0" daemon [_thread_in_native, id=10448, stack(0x000000ece7200000,0x000000ece7300000)]
  0x000002de1a1f7000 JavaThread "C1 CompilerThread0" daemon [_thread_blocked, id=7152, stack(0x000000ece7300000,0x000000ece7400000)]
  0x000002de1a1fa800 JavaThread "Sweeper thread" daemon [_thread_blocked, id=1340, stack(0x000000ece7400000,0x000000ece7500000)]
  0x000002de1abb9000 JavaThread "Common-Cleaner" daemon [_thread_blocked, id=4028, stack(0x000000ece7600000,0x000000ece7700000)]
  0x000002de1b9b4800 JavaThread "Daemon health stats" [_thread_blocked, id=7976, stack(0x000000ece7e00000,0x000000ece7f00000)]
  0x000002de1b28f000 JavaThread "Incoming local TCP Connector on port 52899" [_thread_in_native, id=2836, stack(0x000000ece7b00000,0x000000ece7c00000)]
  0x000002de1c5b3800 JavaThread "Daemon periodic checks" [_thread_blocked, id=14304, stack(0x000000ece7d00000,0x000000ece7e00000)]
  0x000002de1db68800 JavaThread "Cache worker for journal cache (C:\Users\Le Thanh Hang\.gradle\caches\journal-1)" [_thread_blocked, id=7740, stack(0x000000ece8f00000,0x000000ece9000000)]
  0x000002de1db69800 JavaThread "File lock request listener" [_thread_in_native, id=4116, stack(0x000000ece9000000,0x000000ece9100000)]
  0x000002de1db65800 JavaThread "Cache worker for file hash cache (C:\Users\Le Thanh Hang\.gradle\caches\7.3.3\fileHashes)" [_thread_blocked, id=14368, stack(0x000000ece9100000,0x000000ece9200000)]
  0x000002de1db67800 JavaThread "File watcher server" daemon [_thread_in_native, id=4700, stack(0x000000ece9600000,0x000000ece9700000)]
  0x000002de1db6c000 JavaThread "File watcher consumer" daemon [_thread_blocked, id=3388, stack(0x000000ece9700000,0x000000ece9800000)]
  0x000002de1df0a000 JavaThread "Cache worker for execution history cache (C:\Users\Le Thanh Hang\.gradle\caches\7.3.3\executionHistory)" [_thread_blocked, id=8268, stack(0x000000ece9c00000,0x000000ece9d00000)]
  0x000002de1df0c000 JavaThread "jar transforms" [_thread_blocked, id=13464, stack(0x000000ece9d00000,0x000000ece9e00000)]
  0x000002de1df07800 JavaThread "Cache worker for file content cache (C:\Users\Le Thanh Hang\.gradle\caches\7.3.3\fileContent)" [_thread_blocked, id=8572, stack(0x000000ece9e00000,0x000000ece9f00000)]
  0x000002de1df07000 JavaThread "jar transforms Thread 2" [_thread_blocked, id=2444, stack(0x000000ece9f00000,0x000000ecea000000)]
  0x000002de1df10000 JavaThread "jar transforms Thread 3" [_thread_blocked, id=15588, stack(0x000000ecea100000,0x000000ecea200000)]
  0x000002de1f8a8800 JavaThread "jar transforms Thread 4" [_thread_blocked, id=14668, stack(0x000000ecf2a00000,0x000000ecf2b00000)]
  0x000002de1f8a7000 JavaThread "jar transforms Thread 5" [_thread_blocked, id=15236, stack(0x000000ecf2b00000,0x000000ecf2c00000)]
  0x000002de1f8a6000 JavaThread "jar transforms Thread 6" [_thread_blocked, id=14316, stack(0x000000ecf2c00000,0x000000ecf2d00000)]
  0x000002de1f8ad800 JavaThread "jar transforms Thread 7" [_thread_blocked, id=10344, stack(0x000000ecf2d00000,0x000000ecf2e00000)]
  0x000002de1f8ac800 JavaThread "jar transforms Thread 8" [_thread_blocked, id=3488, stack(0x000000ecf2e00000,0x000000ecf2f00000)]
  0x000002de1f8ae000 JavaThread "jar transforms Thread 9" [_thread_blocked, id=7172, stack(0x000000ecf2f00000,0x000000ecf3000000)]
  0x000002de1f8a9800 JavaThread "jar transforms Thread 10" [_thread_blocked, id=15468, stack(0x000000ecf3000000,0x000000ecf3100000)]
  0x000002de1f8af000 JavaThread "jar transforms Thread 11" [_thread_blocked, id=5572, stack(0x000000ecf3100000,0x000000ecf3200000)]
  0x000002de1f8b0000 JavaThread "jar transforms Thread 12" [_thread_blocked, id=5192, stack(0x000000ecf3200000,0x000000ecf3300000)]
  0x000002de1f8aa000 JavaThread "jar transforms Thread 13" [_thread_blocked, id=9064, stack(0x000000ecf3300000,0x000000ecf3400000)]
  0x000002de1f8b0800 JavaThread "jar transforms Thread 14" [_thread_blocked, id=8172, stack(0x000000ecf3400000,0x000000ecf3500000)]
  0x000002de1f8ab000 JavaThread "jar transforms Thread 15" [_thread_blocked, id=10912, stack(0x000000ecf3500000,0x000000ecf3600000)]
  0x000002de1f8b1800 JavaThread "jar transforms Thread 16" [_thread_blocked, id=1480, stack(0x000000ecf3600000,0x000000ecf3700000)]
  0x000002de1f8b2000 JavaThread "Memory manager" [_thread_blocked, id=9200, stack(0x000000ecf3700000,0x000000ecf3800000)]
  0x000002de1cd1d800 JavaThread "Cache worker for Java compile cache (C:\Users\Le Thanh Hang\.gradle\caches\7.3.3\javaCompile)" [_thread_blocked, id=11256, stack(0x000000ecf6900000,0x000000ecf6a00000)]
  0x000002de1cd38000 JavaThread "ForkJoinPool.commonPool-worker-19" daemon [_thread_blocked, id=9076, stack(0x000000ecf8900000,0x000000ecf8a00000)]
  0x000002de1cd37800 JavaThread "ForkJoinPool.commonPool-worker-5" daemon [_thread_blocked, id=12264, stack(0x000000ecf8a00000,0x000000ecf8b00000)]
  0x000002de270e8000 JavaThread "ForkJoinPool.commonPool-worker-9" daemon [_thread_blocked, id=8548, stack(0x000000ecf8c00000,0x000000ecf8d00000)]
  0x000002de270ec000 JavaThread "ForkJoinPool.commonPool-worker-27" daemon [_thread_blocked, id=6912, stack(0x000000ecf8d00000,0x000000ecf8e00000)]
  0x000002de270eb800 JavaThread "ForkJoinPool.commonPool-worker-13" daemon [_thread_blocked, id=4112, stack(0x000000ecf8e00000,0x000000ecf8f00000)]
  0x000002de270e9800 JavaThread "ForkJoinPool.commonPool-worker-31" daemon [_thread_blocked, id=7724, stack(0x000000ecf8f00000,0x000000ecf9000000)]
  0x000002de270ed000 JavaThread "ForkJoinPool.commonPool-worker-3" daemon [_thread_blocked, id=8084, stack(0x000000ecf9100000,0x000000ecf9200000)]
  0x000002de270ea800 JavaThread "ForkJoinPool.commonPool-worker-7" daemon [_thread_blocked, id=3232, stack(0x000000ecf9200000,0x000000ecf9300000)]
  0x000002de270e7800 JavaThread "ForkJoinPool.commonPool-worker-21" daemon [_thread_blocked, id=4120, stack(0x000000ecf9300000,0x000000ecf9400000)]
  0x000002de270ee800 JavaThread "ForkJoinPool.commonPool-worker-25" daemon [_thread_blocked, id=6036, stack(0x000000ecf9400000,0x000000ecf9500000)]
  0x000002de270ef800 JavaThread "ForkJoinPool.commonPool-worker-11" daemon [_thread_blocked, id=6712, stack(0x000000ecf9500000,0x000000ecf9600000)]
  0x000002de270ee000 JavaThread "ForkJoinPool.commonPool-worker-15" daemon [_thread_blocked, id=10196, stack(0x000000ecf9600000,0x000000ecf9700000)]
  0x000002de270f5000 JavaThread "ForkJoinPool.commonPool-worker-29" daemon [_thread_blocked, id=2872, stack(0x000000ecf9700000,0x000000ecf9800000)]
  0x000002de1cd19000 JavaThread "Daemon Thread 2" [_thread_blocked, id=9396, stack(0x000000ece6300000,0x000000ece6400000)]
  0x000002de1cd1c800 JavaThread "Handler for socket connection from /127.0.0.1:52899 to /127.0.0.1:53175" [_thread_in_native, id=2568, stack(0x000000ece6400000,0x000000ece6500000)]
  0x000002de1cd1e000 JavaThread "Cancel handler" [_thread_blocked, id=6972, stack(0x000000ece6500000,0x000000ece6600000)]
  0x000002de1cd1f000 JavaThread "Daemon worker Thread 2" [_thread_in_native, id=10280, stack(0x000000ece7500000,0x000000ece7600000)]
  0x000002de1cd1f800 JavaThread "Asynchronous log dispatcher for DefaultDaemonConnection: socket connection from /127.0.0.1:52899 to /127.0.0.1:53175" [_thread_blocked, id=9300, stack(0x000000ece7800000,0x000000ece7900000)]
  0x000002de1cd1a000 JavaThread "Stdin handler" [_thread_blocked, id=13412, stack(0x000000ece7900000,0x000000ece7a00000)]
  0x000002de1cd20800 JavaThread "Daemon client event forwarder" [_thread_blocked, id=13112, stack(0x000000ece7a00000,0x000000ece7b00000)]
  0x000002de1cd1b800 JavaThread "Cache worker for file hash cache (D:\NT118_PTUDDD\Lab\Lab02\Bai05\.gradle\7.3.3\fileHashes)" [_thread_blocked, id=6884, stack(0x000000ece7f00000,0x000000ece8000000)]

Other Threads:
  0x000002de1a1d8000 VMThread "VM Thread" [stack: 0x000000ece6c00000,0x000000ece6d00000] [id=2036]
  0x000002de1abe0800 WatcherThread [stack: 0x000000ece7700000,0x000000ece7800000] [id=11780]
  0x000002de7f1a4800 GCTaskThread "GC Thread#0" [stack: 0x000000ece6700000,0x000000ece6800000] [id=2476]
  0x000002de1b90a000 GCTaskThread "GC Thread#1" [stack: 0x000000ece7c00000,0x000000ece7d00000] [id=10144]
  0x000002de1d011000 GCTaskThread "GC Thread#2" [stack: 0x000000ece8100000,0x000000ece8200000] [id=3784]
  0x000002de1d3f4800 GCTaskThread "GC Thread#3" [stack: 0x000000ece8200000,0x000000ece8300000] [id=11976]
  0x000002de1c9b0800 GCTaskThread "GC Thread#4" [stack: 0x000000ece8300000,0x000000ece8400000] [id=10468]
  0x000002de1b8e1000 GCTaskThread "GC Thread#5" [stack: 0x000000ece8400000,0x000000ece8500000] [id=10820]
  0x000002de1ca8a800 GCTaskThread "GC Thread#6" [stack: 0x000000ece8500000,0x000000ece8600000] [id=1900]
  0x000002de1adf9800 GCTaskThread "GC Thread#7" [stack: 0x000000ece8600000,0x000000ece8700000] [id=14988]
  0x000002de1c3d2000 GCTaskThread "GC Thread#8" [stack: 0x000000ece8700000,0x000000ece8800000] [id=10312]
  0x000002de1b9f3000 GCTaskThread "GC Thread#9" [stack: 0x000000ece8800000,0x000000ece8900000] [id=7908]
  0x000002de1cebf000 GCTaskThread "GC Thread#10" [stack: 0x000000ece8900000,0x000000ece8a00000] [id=15060]
  0x000002de1cfe0000 GCTaskThread "GC Thread#11" [stack: 0x000000ece8a00000,0x000000ece8b00000] [id=11612]
  0x000002de1c3c3000 GCTaskThread "GC Thread#12" [stack: 0x000000ece9200000,0x000000ece9300000] [id=9676]
  0x000002de7f1db000 ConcurrentGCThread "G1 Main Marker" [stack: 0x000000ece6800000,0x000000ece6900000] [id=2840]
  0x000002de7f1dd000 ConcurrentGCThread "G1 Conc#0" [stack: 0x000000ece6900000,0x000000ece6a00000] [id=5456]
  0x000002de1c3c8800 ConcurrentGCThread "G1 Conc#1" [stack: 0x000000ece9300000,0x000000ece9400000] [id=5664]
  0x000002de1c3c3800 ConcurrentGCThread "G1 Conc#2" [stack: 0x000000ece9400000,0x000000ece9500000] [id=2420]
  0x000002de7f25c800 ConcurrentGCThread "G1 Refine#0" [stack: 0x000000ece6a00000,0x000000ece6b00000] [id=9284]
  0x000002de22ecd000 ConcurrentGCThread "G1 Refine#1" [stack: 0x000000ecf6400000,0x000000ecf6500000] [id=1584]
  0x000002de26822000 ConcurrentGCThread "G1 Refine#2" [stack: 0x000000ecf6500000,0x000000ecf6600000] [id=8176]
  0x000002de1ddd0800 ConcurrentGCThread "G1 Refine#3" [stack: 0x000000ecf6600000,0x000000ecf6700000] [id=13356]
  0x000002de1a023000 ConcurrentGCThread "G1 Young RemSet Sampling" [stack: 0x000000ece6b00000,0x000000ece6c00000] [id=15196]

Threads with active compile tasks:
C2 CompilerThread0 186437 14969   !   4       sun.net.www.ParseUtil::decode (317 bytes)

VM state:not at safepoint (normal execution)

VM Mutex/Monitor currently owned by a thread: None

Heap address: 0x0000000080000000, size: 2048 MB, Compressed Oops mode: 32-bit
Narrow klass base: 0x0000000000000000, Narrow klass shift: 3
Compressed class space size: 1073741824 Address: 0x0000000100000000

Heap:
 garbage-first heap   total 253952K, used 107220K [0x0000000080000000, 0x0000000100000000)
  region size 1024K, 6 young (6144K), 1 survivors (1024K)
 Metaspace       used 115626K, capacity 118886K, committed 120892K, reserved 1153024K
  class space    used 15089K, capacity 16337K, committed 17152K, reserved 1048576K
Heap Regions: E=young(eden), S=young(survivor), O=old, HS=humongous(starts), HC=humongous(continues), CS=collection set, F=free, A=archive, TAMS=top-at-mark-start (previous, next)
|   0|0x0000000080000000, 0x0000000080100000, 0x0000000080100000|100%| O|  |TAMS 0x0000000080100000, 0x0000000080000000| Untracked 
|   1|0x0000000080100000, 0x0000000080200000, 0x0000000080200000|100%| O|  |TAMS 0x0000000080200000, 0x0000000080100000| Untracked 
|   2|0x0000000080200000, 0x0000000080300000, 0x0000000080300000|100%| O|  |TAMS 0x0000000080300000, 0x0000000080200000| Untracked 
|   3|0x0000000080300000, 0x0000000080400000, 0x0000000080400000|100%|HS|  |TAMS 0x0000000080400000, 0x0000000080300000| Complete 
|   4|0x0000000080400000, 0x0000000080500000, 0x0000000080500000|100%|HC|  |TAMS 0x0000000080500000, 0x0000000080400000| Complete 
|   5|0x0000000080500000, 0x0000000080600000, 0x0000000080600000|100%|HC|  |TAMS 0x0000000080600000, 0x0000000080500000| Complete 
|   6|0x0000000080600000, 0x0000000080700000, 0x0000000080700000|100%| O|  |TAMS 0x0000000080700000, 0x0000000080600000| Untracked 
|   7|0x0000000080700000, 0x0000000080800000, 0x0000000080800000|100%| O|  |TAMS 0x0000000080800000, 0x0000000080700000| Untracked 
|   8|0x0000000080800000, 0x0000000080900000, 0x0000000080900000|100%| O|  |TAMS 0x0000000080900000, 0x0000000080800000| Untracked 
|   9|0x0000000080900000, 0x0000000080a00000, 0x0000000080a00000|100%| O|  |TAMS 0x0000000080a00000, 0x0000000080900000| Untracked 
|  10|0x0000000080a00000, 0x0000000080b00000, 0x0000000080b00000|100%| O|  |TAMS 0x0000000080b00000, 0x0000000080a00000| Untracked 
|  11|0x0000000080b00000, 0x0000000080c00000, 0x0000000080c00000|100%| O|  |TAMS 0x0000000080c00000, 0x0000000080b00000| Untracked 
|  12|0x0000000080c00000, 0x0000000080d00000, 0x0000000080d00000|100%| O|  |TAMS 0x0000000080d00000, 0x0000000080c00000| Complete 
|  13|0x0000000080d00000, 0x0000000080e00000, 0x0000000080e00000|100%| O|  |TAMS 0x0000000080e00000, 0x0000000080d00000| Untracked 
|  14|0x0000000080e00000, 0x0000000080f00000, 0x0000000080f00000|100%| O|  |TAMS 0x0000000080f00000, 0x0000000080e00000| Untracked 
|  15|0x0000000080f00000, 0x0000000081000000, 0x0000000081000000|100%| O|  |TAMS 0x0000000081000000, 0x0000000080f00000| Untracked 
|  16|0x0000000081000000, 0x0000000081100000, 0x0000000081100000|100%| O|  |TAMS 0x0000000081100000, 0x0000000081000000| Untracked 
|  17|0x0000000081100000, 0x0000000081200000, 0x0000000081200000|100%|HS|  |TAMS 0x0000000081200000, 0x0000000081100000| Complete 
|  18|0x0000000081200000, 0x0000000081300000, 0x0000000081300000|100%| O|  |TAMS 0x0000000081300000, 0x0000000081200000| Untracked 
|  19|0x0000000081300000, 0x0000000081400000, 0x0000000081400000|100%| O|  |TAMS 0x0000000081400000, 0x0000000081300000| Untracked 
|  20|0x0000000081400000, 0x0000000081500000, 0x0000000081500000|100%| O|  |TAMS 0x0000000081500000, 0x0000000081400000| Complete 
|  21|0x0000000081500000, 0x0000000081600000, 0x0000000081600000|100%| O|  |TAMS 0x0000000081600000, 0x0000000081500000| Complete 
|  22|0x0000000081600000, 0x0000000081700000, 0x0000000081700000|100%| O|  |TAMS 0x0000000081700000, 0x0000000081600000| Untracked 
|  23|0x0000000081700000, 0x0000000081800000, 0x0000000081800000|100%| O|  |TAMS 0x0000000081800000, 0x0000000081700000| Untracked 
|  24|0x0000000081800000, 0x0000000081900000, 0x0000000081900000|100%| O|  |TAMS 0x0000000081900000, 0x0000000081800000| Untracked 
|  25|0x0000000081900000, 0x0000000081a00000, 0x0000000081a00000|100%| O|  |TAMS 0x0000000081a00000, 0x0000000081900000| Untracked 
|  26|0x0000000081a00000, 0x0000000081b00000, 0x0000000081b00000|100%| O|  |TAMS 0x0000000081b00000, 0x0000000081a00000| Untracked 
|  27|0x0000000081b00000, 0x0000000081c00000, 0x0000000081c00000|100%|HS|  |TAMS 0x0000000081c00000, 0x0000000081b00000| Complete 
|  28|0x0000000081c00000, 0x0000000081d00000, 0x0000000081d00000|100%|HS|  |TAMS 0x0000000081d00000, 0x0000000081c00000| Complete 
|  29|0x0000000081d00000, 0x0000000081e00000, 0x0000000081e00000|100%|HC|  |TAMS 0x0000000081e00000, 0x0000000081d00000| Complete 
|  30|0x0000000081e00000, 0x0000000081f00000, 0x0000000081f00000|100%| O|  |TAMS 0x0000000081f00000, 0x0000000081e00000| Complete 
|  31|0x0000000081f00000, 0x0000000082000000, 0x0000000082000000|100%| O|  |TAMS 0x0000000082000000, 0x0000000081f00000| Untracked 
|  32|0x0000000082000000, 0x0000000082100000, 0x0000000082100000|100%| O|  |TAMS 0x0000000082100000, 0x0000000082000000| Complete 
|  33|0x0000000082100000, 0x0000000082200000, 0x0000000082200000|100%| O|  |TAMS 0x0000000082200000, 0x0000000082100000| Untracked 
|  34|0x0000000082200000, 0x0000000082300000, 0x0000000082300000|100%| O|  |TAMS 0x0000000082300000, 0x0000000082200000| Complete 
|  35|0x0000000082300000, 0x0000000082400000, 0x0000000082400000|100%| O|  |TAMS 0x0000000082400000, 0x0000000082300000| Untracked 
|  36|0x0000000082400000, 0x0000000082500000, 0x0000000082500000|100%| O|  |TAMS 0x0000000082500000, 0x0000000082400000| Untracked 
|  37|0x0000000082500000, 0x0000000082600000, 0x0000000082600000|100%| O|  |TAMS 0x0000000082600000, 0x0000000082500000| Untracked 
|  38|0x0000000082600000, 0x0000000082700000, 0x0000000082700000|100%| O|  |TAMS 0x0000000082700000, 0x0000000082600000| Untracked 
|  39|0x0000000082700000, 0x0000000082800000, 0x0000000082800000|100%| O|  |TAMS 0x0000000082800000, 0x0000000082700000| Untracked 
|  40|0x0000000082800000, 0x0000000082900000, 0x0000000082900000|100%| O|  |TAMS 0x0000000082900000, 0x0000000082800000| Complete 
|  41|0x0000000082900000, 0x0000000082a00000, 0x0000000082a00000|100%| O|  |TAMS 0x0000000082a00000, 0x0000000082900000| Complete 
|  42|0x0000000082a00000, 0x0000000082b00000, 0x0000000082b00000|100%| O|  |TAMS 0x0000000082b00000, 0x0000000082a00000| Complete 
|  43|0x0000000082b00000, 0x0000000082c00000, 0x0000000082c00000|100%| O|  |TAMS 0x0000000082c00000, 0x0000000082b00000| Untracked 
|  44|0x0000000082c00000, 0x0000000082d00000, 0x0000000082d00000|100%| O|  |TAMS 0x0000000082d00000, 0x0000000082c00000| Complete 
|  45|0x0000000082d00000, 0x0000000082e00000, 0x0000000082e00000|100%| O|  |TAMS 0x0000000082e00000, 0x0000000082d00000| Untracked 
|  46|0x0000000082e00000, 0x0000000082f00000, 0x0000000082f00000|100%| O|  |TAMS 0x0000000082f00000, 0x0000000082e00000| Untracked 
|  47|0x0000000082f00000, 0x0000000083000000, 0x0000000083000000|100%| O|  |TAMS 0x0000000083000000, 0x0000000082f00000| Untracked 
|  48|0x0000000083000000, 0x0000000083100000, 0x0000000083100000|100%| O|  |TAMS 0x0000000083100000, 0x0000000083000000| Untracked 
|  49|0x0000000083100000, 0x0000000083200000, 0x0000000083200000|100%| O|  |TAMS 0x0000000083200000, 0x0000000083100000| Complete 
|  50|0x0000000083200000, 0x0000000083300000, 0x0000000083300000|100%| O|  |TAMS 0x0000000083300000, 0x0000000083200000| Untracked 
|  51|0x0000000083300000, 0x0000000083400000, 0x0000000083400000|100%| O|  |TAMS 0x0000000083400000, 0x0000000083300000| Complete 
|  52|0x0000000083400000, 0x0000000083500000, 0x0000000083500000|100%| O|  |TAMS 0x0000000083500000, 0x0000000083400000| Complete 
|  53|0x0000000083500000, 0x0000000083600000, 0x0000000083600000|100%| O|  |TAMS 0x0000000083600000, 0x0000000083500000| Complete 
|  54|0x0000000083600000, 0x0000000083700000, 0x0000000083700000|100%| O|  |TAMS 0x0000000083700000, 0x0000000083600000| Complete 
|  55|0x0000000083700000, 0x0000000083800000, 0x0000000083800000|100%| O|  |TAMS 0x0000000083800000, 0x0000000083700000| Complete 
|  56|0x0000000083800000, 0x0000000083900000, 0x0000000083900000|100%| O|  |TAMS 0x0000000083900000, 0x0000000083800000| Complete 
|  57|0x0000000083900000, 0x0000000083a00000, 0x0000000083a00000|100%| O|  |TAMS 0x0000000083a00000, 0x0000000083900000| Complete 
|  58|0x0000000083a00000, 0x0000000083b00000, 0x0000000083b00000|100%| O|  |TAMS 0x0000000083b00000, 0x0000000083a00000| Complete 
|  59|0x0000000083b00000, 0x0000000083c00000, 0x0000000083c00000|100%| O|  |TAMS 0x0000000083c00000, 0x0000000083b00000| Complete 
|  60|0x0000000083c00000, 0x0000000083d00000, 0x0000000083d00000|100%| O|  |TAMS 0x0000000083d00000, 0x0000000083c00000| Untracked 
|  61|0x0000000083d00000, 0x0000000083e00000, 0x0000000083e00000|100%| O|  |TAMS 0x0000000083e00000, 0x0000000083d00000| Complete 
|  62|0x0000000083e00000, 0x0000000083f00000, 0x0000000083f00000|100%| O|  |TAMS 0x0000000083f00000, 0x0000000083e00000| Complete 
|  63|0x0000000083f00000, 0x0000000084000000, 0x0000000084000000|100%| O|  |TAMS 0x0000000084000000, 0x0000000083f00000| Complete 
|  64|0x0000000084000000, 0x0000000084000000, 0x0000000084100000|  0%| F|  |TAMS 0x0000000084000000, 0x0000000084000000| Untracked 
|  65|0x0000000084100000, 0x0000000084100000, 0x0000000084200000|  0%| F|  |TAMS 0x0000000084100000, 0x0000000084100000| Untracked 
|  66|0x0000000084200000, 0x0000000084300000, 0x0000000084300000|100%| O|  |TAMS 0x0000000084300000, 0x0000000084200000| Untracked 
|  67|0x0000000084300000, 0x0000000084400000, 0x0000000084400000|100%| O|  |TAMS 0x0000000084400000, 0x0000000084300000| Untracked 
|  68|0x0000000084400000, 0x0000000084500000, 0x0000000084500000|100%| O|  |TAMS 0x0000000084500000, 0x0000000084400000| Complete 
|  69|0x0000000084500000, 0x0000000084600000, 0x0000000084600000|100%|HS|  |TAMS 0x0000000084500000, 0x0000000084500000| Complete 
|  70|0x0000000084600000, 0x0000000084700000, 0x0000000084700000|100%|HC|  |TAMS 0x0000000084600000, 0x0000000084600000| Complete 
|  71|0x0000000084700000, 0x0000000084800000, 0x0000000084800000|100%| O|  |TAMS 0x0000000084800000, 0x0000000084700000| Complete 
|  72|0x0000000084800000, 0x0000000084900000, 0x0000000084900000|100%|HS|  |TAMS 0x0000000084800000, 0x0000000084800000| Complete 
|  73|0x0000000084900000, 0x0000000084a00000, 0x0000000084a00000|100%|HC|  |TAMS 0x0000000084900000, 0x0000000084900000| Complete 
|  74|0x0000000084a00000, 0x0000000084b00000, 0x0000000084b00000|100%|HC|  |TAMS 0x0000000084a00000, 0x0000000084a00000| Complete 
|  75|0x0000000084b00000, 0x0000000084c00000, 0x0000000084c00000|100%| O|  |TAMS 0x0000000084c00000, 0x0000000084b00000| Complete 
|  76|0x0000000084c00000, 0x0000000084d00000, 0x0000000084d00000|100%|HS|  |TAMS 0x0000000084c00000, 0x0000000084c00000| Complete 
|  77|0x0000000084d00000, 0x0000000084e00000, 0x0000000084e00000|100%| O|  |TAMS 0x0000000084e00000, 0x0000000084d00000| Complete 
|  78|0x0000000084e00000, 0x0000000084f00000, 0x0000000084f00000|100%| O|  |TAMS 0x0000000084f00000, 0x0000000084e00000| Untracked 
|  79|0x0000000084f00000, 0x0000000085000000, 0x0000000085000000|100%| O|  |TAMS 0x0000000085000000, 0x0000000084f00000| Complete 
|  80|0x0000000085000000, 0x0000000085100000, 0x0000000085100000|100%| O|  |TAMS 0x0000000085100000, 0x0000000085000000| Complete 
|  81|0x0000000085100000, 0x0000000085200000, 0x0000000085200000|100%| O|  |TAMS 0x0000000085200000, 0x0000000085100000| Complete 
|  82|0x0000000085200000, 0x0000000085300000, 0x0000000085300000|100%| O|  |TAMS 0x0000000085300000, 0x0000000085200000| Complete 
|  83|0x0000000085300000, 0x0000000085400000, 0x0000000085400000|100%| O|  |TAMS 0x0000000085400000, 0x0000000085300000| Complete 
|  84|0x0000000085400000, 0x0000000085500000, 0x0000000085500000|100%| O|  |TAMS 0x0000000085500000, 0x0000000085400000| Complete 
|  85|0x0000000085500000, 0x0000000085600000, 0x0000000085600000|100%| O|  |TAMS 0x0000000085600000, 0x0000000085500000| Complete 
|  86|0x0000000085600000, 0x0000000085700000, 0x0000000085700000|100%| O|  |TAMS 0x0000000085700000, 0x0000000085600000| Complete 
|  87|0x0000000085700000, 0x0000000085800000, 0x0000000085800000|100%| O|  |TAMS 0x0000000085800000, 0x0000000085700000| Complete 
|  88|0x0000000085800000, 0x0000000085900000, 0x0000000085900000|100%| O|  |TAMS 0x0000000085900000, 0x0000000085800000| Complete 
|  89|0x0000000085900000, 0x0000000085a00000, 0x0000000085a00000|100%| O|  |TAMS 0x0000000085a00000, 0x0000000085900000| Complete 
|  90|0x0000000085a00000, 0x0000000085b00000, 0x0000000085b00000|100%| O|  |TAMS 0x0000000085b00000, 0x0000000085a00000| Complete 
|  91|0x0000000085b00000, 0x0000000085c00000, 0x0000000085c00000|100%| O|  |TAMS 0x0000000085c00000, 0x0000000085b00000| Complete 
|  92|0x0000000085c00000, 0x0000000085d00000, 0x0000000085d00000|100%| O|  |TAMS 0x0000000085d00000, 0x0000000085c00000| Complete 
|  93|0x0000000085d00000, 0x0000000085e00000, 0x0000000085e00000|100%| O|  |TAMS 0x0000000085e00000, 0x0000000085d00000| Complete 
|  94|0x0000000085e00000, 0x0000000085f00000, 0x0000000085f00000|100%| O|  |TAMS 0x0000000085f00000, 0x0000000085e00000| Complete 
|  95|0x0000000085f00000, 0x0000000086000000, 0x0000000086000000|100%| O|  |TAMS 0x0000000086000000, 0x0000000085f00000| Complete 
|  96|0x0000000086000000, 0x0000000086100000, 0x0000000086100000|100%| O|  |TAMS 0x0000000086100000, 0x0000000086000000| Untracked 
|  97|0x0000000086100000, 0x0000000086200000, 0x0000000086200000|100%| O|  |TAMS 0x0000000086200000, 0x0000000086100000| Untracked 
|  98|0x0000000086200000, 0x0000000086300000, 0x0000000086300000|100%| O|  |TAMS 0x0000000086300000, 0x0000000086200000| Untracked 
|  99|0x0000000086300000, 0x000000008634be00, 0x0000000086400000| 29%| O|  |TAMS 0x000000008634be00, 0x0000000086300000| Untracked 
| 100|0x0000000086400000, 0x0000000086500000, 0x0000000086500000|100%|HS|  |TAMS 0x0000000086400000, 0x0000000086400000| Complete 
| 101|0x0000000086500000, 0x0000000086600000, 0x0000000086600000|100%|HC|  |TAMS 0x0000000086500000, 0x0000000086500000| Complete 
| 102|0x0000000086600000, 0x0000000086700000, 0x0000000086700000|100%|HC|  |TAMS 0x0000000086600000, 0x0000000086600000| Complete 
| 103|0x0000000086700000, 0x0000000086800000, 0x0000000086800000|100%|HC|  |TAMS 0x0000000086700000, 0x0000000086700000| Complete 
| 104|0x0000000086800000, 0x0000000086800000, 0x0000000086900000|  0%| F|  |TAMS 0x0000000086800000, 0x0000000086800000| Untracked 
| 105|0x0000000086900000, 0x0000000086900000, 0x0000000086a00000|  0%| F|  |TAMS 0x0000000086900000, 0x0000000086900000| Untracked 
| 106|0x0000000086a00000, 0x0000000086a00000, 0x0000000086b00000|  0%| F|  |TAMS 0x0000000086a00000, 0x0000000086a00000| Untracked 
| 107|0x0000000086b00000, 0x0000000086b00000, 0x0000000086c00000|  0%| F|  |TAMS 0x0000000086b00000, 0x0000000086b00000| Untracked 
| 108|0x0000000086c00000, 0x0000000086c00000, 0x0000000086d00000|  0%| F|  |TAMS 0x0000000086c00000, 0x0000000086c00000| Untracked 
| 109|0x0000000086d00000, 0x0000000086d00000, 0x0000000086e00000|  0%| F|  |TAMS 0x0000000086d00000, 0x0000000086d00000| Untracked 
| 110|0x0000000086e00000, 0x0000000086e00000, 0x0000000086f00000|  0%| F|  |TAMS 0x0000000086e00000, 0x0000000086e00000| Untracked 
| 111|0x0000000086f00000, 0x0000000086f00000, 0x0000000087000000|  0%| F|  |TAMS 0x0000000086f00000, 0x0000000086f00000| Untracked 
| 112|0x0000000087000000, 0x0000000087000000, 0x0000000087100000|  0%| F|  |TAMS 0x0000000087000000, 0x0000000087000000| Untracked 
| 113|0x0000000087100000, 0x0000000087100000, 0x0000000087200000|  0%| F|  |TAMS 0x0000000087100000, 0x0000000087100000| Untracked 
| 114|0x0000000087200000, 0x0000000087200000, 0x0000000087300000|  0%| F|  |TAMS 0x0000000087200000, 0x0000000087200000| Untracked 
| 115|0x0000000087300000, 0x0000000087300000, 0x0000000087400000|  0%| F|  |TAMS 0x0000000087300000, 0x0000000087300000| Untracked 
| 116|0x0000000087400000, 0x0000000087400000, 0x0000000087500000|  0%| F|  |TAMS 0x0000000087400000, 0x0000000087400000| Untracked 
| 117|0x0000000087500000, 0x0000000087500000, 0x0000000087600000|  0%| F|  |TAMS 0x0000000087500000, 0x0000000087500000| Untracked 
| 118|0x0000000087600000, 0x0000000087600000, 0x0000000087700000|  0%| F|  |TAMS 0x0000000087600000, 0x0000000087600000| Untracked 
| 119|0x0000000087700000, 0x0000000087700000, 0x0000000087800000|  0%| F|  |TAMS 0x0000000087700000, 0x0000000087700000| Untracked 
| 120|0x0000000087800000, 0x0000000087800000, 0x0000000087900000|  0%| F|  |TAMS 0x0000000087800000, 0x0000000087800000| Untracked 
| 121|0x0000000087900000, 0x0000000087900000, 0x0000000087a00000|  0%| F|  |TAMS 0x0000000087900000, 0x0000000087900000| Untracked 
| 122|0x0000000087a00000, 0x0000000087a00000, 0x0000000087b00000|  0%| F|  |TAMS 0x0000000087a00000, 0x0000000087a00000| Untracked 
| 123|0x0000000087b00000, 0x0000000087b00000, 0x0000000087c00000|  0%| F|  |TAMS 0x0000000087b00000, 0x0000000087b00000| Untracked 
| 124|0x0000000087c00000, 0x0000000087c00000, 0x0000000087d00000|  0%| F|  |TAMS 0x0000000087c00000, 0x0000000087c00000| Untracked 
| 125|0x0000000087d00000, 0x0000000087d00000, 0x0000000087e00000|  0%| F|  |TAMS 0x0000000087d00000, 0x0000000087d00000| Untracked 
| 126|0x0000000087e00000, 0x0000000087e00000, 0x0000000087f00000|  0%| F|  |TAMS 0x0000000087e00000, 0x0000000087e00000| Untracked 
| 127|0x0000000087f00000, 0x0000000087f00000, 0x0000000088000000|  0%| F|  |TAMS 0x0000000087f00000, 0x0000000087f00000| Untracked 
| 128|0x0000000088000000, 0x0000000088000000, 0x0000000088100000|  0%| F|  |TAMS 0x0000000088000000, 0x0000000088000000| Untracked 
| 129|0x0000000088100000, 0x0000000088100000, 0x0000000088200000|  0%| F|  |TAMS 0x0000000088100000, 0x0000000088100000| Untracked 
| 130|0x0000000088200000, 0x0000000088200000, 0x0000000088300000|  0%| F|  |TAMS 0x0000000088200000, 0x0000000088200000| Untracked 
| 131|0x0000000088300000, 0x0000000088300000, 0x0000000088400000|  0%| F|  |TAMS 0x0000000088300000, 0x0000000088300000| Untracked 
| 132|0x0000000088400000, 0x0000000088400000, 0x0000000088500000|  0%| F|  |TAMS 0x0000000088400000, 0x0000000088400000| Untracked 
| 133|0x0000000088500000, 0x0000000088500000, 0x0000000088600000|  0%| F|  |TAMS 0x0000000088500000, 0x0000000088500000| Untracked 
| 134|0x0000000088600000, 0x0000000088600000, 0x0000000088700000|  0%| F|  |TAMS 0x0000000088600000, 0x0000000088600000| Untracked 
| 135|0x0000000088700000, 0x0000000088700000, 0x0000000088800000|  0%| F|  |TAMS 0x0000000088700000, 0x0000000088700000| Untracked 
| 136|0x0000000088800000, 0x0000000088800000, 0x0000000088900000|  0%| F|  |TAMS 0x0000000088800000, 0x0000000088800000| Untracked 
| 137|0x0000000088900000, 0x0000000088900000, 0x0000000088a00000|  0%| F|  |TAMS 0x0000000088900000, 0x0000000088900000| Untracked 
| 138|0x0000000088a00000, 0x0000000088a00000, 0x0000000088b00000|  0%| F|  |TAMS 0x0000000088a00000, 0x0000000088a00000| Untracked 
| 139|0x0000000088b00000, 0x0000000088b00000, 0x0000000088c00000|  0%| F|  |TAMS 0x0000000088b00000, 0x0000000088b00000| Untracked 
| 140|0x0000000088c00000, 0x0000000088c00000, 0x0000000088d00000|  0%| F|  |TAMS 0x0000000088c00000, 0x0000000088c00000| Untracked 
| 141|0x0000000088d00000, 0x0000000088d00000, 0x0000000088e00000|  0%| F|  |TAMS 0x0000000088d00000, 0x0000000088d00000| Untracked 
| 142|0x0000000088e00000, 0x0000000088e00000, 0x0000000088f00000|  0%| F|  |TAMS 0x0000000088e00000, 0x0000000088e00000| Untracked 
| 143|0x0000000088f00000, 0x0000000088f00000, 0x0000000089000000|  0%| F|  |TAMS 0x0000000088f00000, 0x0000000088f00000| Untracked 
| 144|0x0000000089000000, 0x0000000089000000, 0x0000000089100000|  0%| F|  |TAMS 0x0000000089000000, 0x0000000089000000| Untracked 
| 145|0x0000000089100000, 0x0000000089100000, 0x0000000089200000|  0%| F|  |TAMS 0x0000000089100000, 0x0000000089100000| Untracked 
| 146|0x0000000089200000, 0x0000000089200000, 0x0000000089300000|  0%| F|  |TAMS 0x0000000089200000, 0x0000000089200000| Untracked 
| 147|0x0000000089300000, 0x0000000089300000, 0x0000000089400000|  0%| F|  |TAMS 0x0000000089300000, 0x0000000089300000| Untracked 
| 148|0x0000000089400000, 0x0000000089400000, 0x0000000089500000|  0%| F|  |TAMS 0x0000000089400000, 0x0000000089400000| Untracked 
| 149|0x0000000089500000, 0x0000000089500000, 0x0000000089600000|  0%| F|  |TAMS 0x0000000089500000, 0x0000000089500000| Untracked 
| 150|0x0000000089600000, 0x0000000089600000, 0x0000000089700000|  0%| F|  |TAMS 0x0000000089600000, 0x0000000089600000| Untracked 
| 151|0x0000000089700000, 0x0000000089700000, 0x0000000089800000|  0%| F|  |TAMS 0x0000000089700000, 0x0000000089700000| Untracked 
| 152|0x0000000089800000, 0x0000000089800000, 0x0000000089900000|  0%| F|  |TAMS 0x0000000089800000, 0x0000000089800000| Untracked 
| 153|0x0000000089900000, 0x0000000089900000, 0x0000000089a00000|  0%| F|  |TAMS 0x0000000089900000, 0x0000000089900000| Untracked 
| 154|0x0000000089a00000, 0x0000000089a00000, 0x0000000089b00000|  0%| F|  |TAMS 0x0000000089a00000, 0x0000000089a00000| Untracked 
| 155|0x0000000089b00000, 0x0000000089b00000, 0x0000000089c00000|  0%| F|  |TAMS 0x0000000089b00000, 0x0000000089b00000| Untracked 
| 156|0x0000000089c00000, 0x0000000089c00000, 0x0000000089d00000|  0%| F|  |TAMS 0x0000000089c00000, 0x0000000089c00000| Untracked 
| 157|0x0000000089d00000, 0x0000000089d00000, 0x0000000089e00000|  0%| F|  |TAMS 0x0000000089d00000, 0x0000000089d00000| Untracked 
| 158|0x0000000089e00000, 0x0000000089e00000, 0x0000000089f00000|  0%| F|  |TAMS 0x0000000089e00000, 0x0000000089e00000| Untracked 
| 159|0x0000000089f00000, 0x0000000089f00000, 0x000000008a000000|  0%| F|  |TAMS 0x0000000089f00000, 0x0000000089f00000| Untracked 
| 160|0x000000008a000000, 0x000000008a000000, 0x000000008a100000|  0%| F|  |TAMS 0x000000008a000000, 0x000000008a000000| Untracked 
| 161|0x000000008a100000, 0x000000008a100000, 0x000000008a200000|  0%| F|  |TAMS 0x000000008a100000, 0x000000008a100000| Untracked 
| 162|0x000000008a200000, 0x000000008a200000, 0x000000008a300000|  0%| F|  |TAMS 0x000000008a200000, 0x000000008a200000| Untracked 
| 163|0x000000008a300000, 0x000000008a300000, 0x000000008a400000|  0%| F|  |TAMS 0x000000008a300000, 0x000000008a300000| Untracked 
| 164|0x000000008a400000, 0x000000008a400000, 0x000000008a500000|  0%| F|  |TAMS 0x000000008a400000, 0x000000008a400000| Untracked 
| 165|0x000000008a500000, 0x000000008a500000, 0x000000008a600000|  0%| F|  |TAMS 0x000000008a500000, 0x000000008a500000| Untracked 
| 166|0x000000008a600000, 0x000000008a600000, 0x000000008a700000|  0%| F|  |TAMS 0x000000008a600000, 0x000000008a600000| Untracked 
| 167|0x000000008a700000, 0x000000008a700000, 0x000000008a800000|  0%| F|  |TAMS 0x000000008a700000, 0x000000008a700000| Untracked 
| 168|0x000000008a800000, 0x000000008a800000, 0x000000008a900000|  0%| F|  |TAMS 0x000000008a800000, 0x000000008a800000| Untracked 
| 169|0x000000008a900000, 0x000000008a900000, 0x000000008aa00000|  0%| F|  |TAMS 0x000000008a900000, 0x000000008a900000| Untracked 
| 170|0x000000008aa00000, 0x000000008aa00000, 0x000000008ab00000|  0%| F|  |TAMS 0x000000008aa00000, 0x000000008aa00000| Untracked 
| 171|0x000000008ab00000, 0x000000008ab00000, 0x000000008ac00000|  0%| F|  |TAMS 0x000000008ab00000, 0x000000008ab00000| Untracked 
| 172|0x000000008ac00000, 0x000000008ac00000, 0x000000008ad00000|  0%| F|  |TAMS 0x000000008ac00000, 0x000000008ac00000| Untracked 
| 173|0x000000008ad00000, 0x000000008ad00000, 0x000000008ae00000|  0%| F|  |TAMS 0x000000008ad00000, 0x000000008ad00000| Untracked 
| 174|0x000000008ae00000, 0x000000008ae00000, 0x000000008af00000|  0%| F|  |TAMS 0x000000008ae00000, 0x000000008ae00000| Untracked 
| 175|0x000000008af00000, 0x000000008af00000, 0x000000008b000000|  0%| F|  |TAMS 0x000000008af00000, 0x000000008af00000| Untracked 
| 176|0x000000008b000000, 0x000000008b000000, 0x000000008b100000|  0%| F|  |TAMS 0x000000008b000000, 0x000000008b000000| Untracked 
| 177|0x000000008b100000, 0x000000008b100000, 0x000000008b200000|  0%| F|  |TAMS 0x000000008b100000, 0x000000008b100000| Untracked 
| 178|0x000000008b200000, 0x000000008b200000, 0x000000008b300000|  0%| F|  |TAMS 0x000000008b200000, 0x000000008b200000| Untracked 
| 179|0x000000008b300000, 0x000000008b300000, 0x000000008b400000|  0%| F|  |TAMS 0x000000008b300000, 0x000000008b300000| Untracked 
| 180|0x000000008b400000, 0x000000008b400000, 0x000000008b500000|  0%| F|  |TAMS 0x000000008b400000, 0x000000008b400000| Untracked 
| 181|0x000000008b500000, 0x000000008b500000, 0x000000008b600000|  0%| F|  |TAMS 0x000000008b500000, 0x000000008b500000| Untracked 
| 182|0x000000008b600000, 0x000000008b600000, 0x000000008b700000|  0%| F|  |TAMS 0x000000008b600000, 0x000000008b600000| Untracked 
| 183|0x000000008b700000, 0x000000008b700000, 0x000000008b800000|  0%| F|  |TAMS 0x000000008b700000, 0x000000008b700000| Untracked 
| 184|0x000000008b800000, 0x000000008b800000, 0x000000008b900000|  0%| F|  |TAMS 0x000000008b800000, 0x000000008b800000| Untracked 
| 185|0x000000008b900000, 0x000000008b900000, 0x000000008ba00000|  0%| F|  |TAMS 0x000000008b900000, 0x000000008b900000| Untracked 
| 186|0x000000008ba00000, 0x000000008ba00000, 0x000000008bb00000|  0%| F|  |TAMS 0x000000008ba00000, 0x000000008ba00000| Untracked 
| 187|0x000000008bb00000, 0x000000008bb00000, 0x000000008bc00000|  0%| F|  |TAMS 0x000000008bb00000, 0x000000008bb00000| Untracked 
| 188|0x000000008bc00000, 0x000000008bc00000, 0x000000008bd00000|  0%| F|  |TAMS 0x000000008bc00000, 0x000000008bc00000| Untracked 
| 189|0x000000008bd00000, 0x000000008bd00000, 0x000000008be00000|  0%| F|  |TAMS 0x000000008bd00000, 0x000000008bd00000| Untracked 
| 190|0x000000008be00000, 0x000000008be00000, 0x000000008bf00000|  0%| F|  |TAMS 0x000000008be00000, 0x000000008be00000| Untracked 
| 191|0x000000008bf00000, 0x000000008bf00000, 0x000000008c000000|  0%| F|  |TAMS 0x000000008bf00000, 0x000000008bf00000| Untracked 
| 192|0x000000008c000000, 0x000000008c000000, 0x000000008c100000|  0%| F|  |TAMS 0x000000008c000000, 0x000000008c000000| Untracked 
| 193|0x000000008c100000, 0x000000008c100000, 0x000000008c200000|  0%| F|  |TAMS 0x000000008c100000, 0x000000008c100000| Untracked 
| 194|0x000000008c200000, 0x000000008c200000, 0x000000008c300000|  0%| F|  |TAMS 0x000000008c200000, 0x000000008c200000| Untracked 
| 195|0x000000008c300000, 0x000000008c300000, 0x000000008c400000|  0%| F|  |TAMS 0x000000008c300000, 0x000000008c300000| Untracked 
| 196|0x000000008c400000, 0x000000008c400000, 0x000000008c500000|  0%| F|  |TAMS 0x000000008c400000, 0x000000008c400000| Untracked 
| 197|0x000000008c500000, 0x000000008c500000, 0x000000008c600000|  0%| F|  |TAMS 0x000000008c500000, 0x000000008c500000| Untracked 
| 198|0x000000008c600000, 0x000000008c600000, 0x000000008c700000|  0%| F|  |TAMS 0x000000008c600000, 0x000000008c600000| Untracked 
| 199|0x000000008c700000, 0x000000008c700000, 0x000000008c800000|  0%| F|  |TAMS 0x000000008c700000, 0x000000008c700000| Untracked 
| 200|0x000000008c800000, 0x000000008c800000, 0x000000008c900000|  0%| F|  |TAMS 0x000000008c800000, 0x000000008c800000| Untracked 
| 201|0x000000008c900000, 0x000000008c900000, 0x000000008ca00000|  0%| F|  |TAMS 0x000000008c900000, 0x000000008c900000| Untracked 
| 202|0x000000008ca00000, 0x000000008ca00000, 0x000000008cb00000|  0%| F|  |TAMS 0x000000008ca00000, 0x000000008ca00000| Untracked 
| 203|0x000000008cb00000, 0x000000008cb00000, 0x000000008cc00000|  0%| F|  |TAMS 0x000000008cb00000, 0x000000008cb00000| Untracked 
| 204|0x000000008cc00000, 0x000000008cc00000, 0x000000008cd00000|  0%| F|  |TAMS 0x000000008cc00000, 0x000000008cc00000| Untracked 
| 205|0x000000008cd00000, 0x000000008cd00000, 0x000000008ce00000|  0%| F|  |TAMS 0x000000008cd00000, 0x000000008cd00000| Untracked 
| 206|0x000000008ce00000, 0x000000008ce00000, 0x000000008cf00000|  0%| F|  |TAMS 0x000000008ce00000, 0x000000008ce00000| Untracked 
| 207|0x000000008cf00000, 0x000000008cf00000, 0x000000008d000000|  0%| F|  |TAMS 0x000000008cf00000, 0x000000008cf00000| Untracked 
| 208|0x000000008d000000, 0x000000008d000000, 0x000000008d100000|  0%| F|  |TAMS 0x000000008d000000, 0x000000008d000000| Untracked 
| 209|0x000000008d100000, 0x000000008d100000, 0x000000008d200000|  0%| F|  |TAMS 0x000000008d100000, 0x000000008d100000| Untracked 
| 210|0x000000008d200000, 0x000000008d200000, 0x000000008d300000|  0%| F|  |TAMS 0x000000008d200000, 0x000000008d200000| Untracked 
| 211|0x000000008d300000, 0x000000008d300000, 0x000000008d400000|  0%| F|  |TAMS 0x000000008d300000, 0x000000008d300000| Untracked 
| 212|0x000000008d400000, 0x000000008d400000, 0x000000008d500000|  0%| F|  |TAMS 0x000000008d400000, 0x000000008d400000| Untracked 
| 213|0x000000008d500000, 0x000000008d500000, 0x000000008d600000|  0%| F|  |TAMS 0x000000008d500000, 0x000000008d500000| Untracked 
| 214|0x000000008d600000, 0x000000008d600000, 0x000000008d700000|  0%| F|  |TAMS 0x000000008d600000, 0x000000008d600000| Untracked 
| 215|0x000000008d700000, 0x000000008d700000, 0x000000008d800000|  0%| F|  |TAMS 0x000000008d700000, 0x000000008d700000| Untracked 
| 216|0x000000008d800000, 0x000000008d800000, 0x000000008d900000|  0%| F|  |TAMS 0x000000008d800000, 0x000000008d800000| Untracked 
| 217|0x000000008d900000, 0x000000008d900000, 0x000000008da00000|  0%| F|  |TAMS 0x000000008d900000, 0x000000008d900000| Untracked 
| 218|0x000000008da00000, 0x000000008da00000, 0x000000008db00000|  0%| F|  |TAMS 0x000000008da00000, 0x000000008da00000| Untracked 
| 219|0x000000008db00000, 0x000000008db00000, 0x000000008dc00000|  0%| F|  |TAMS 0x000000008db00000, 0x000000008db00000| Untracked 
| 220|0x000000008dc00000, 0x000000008dc00000, 0x000000008dd00000|  0%| F|  |TAMS 0x000000008dc00000, 0x000000008dc00000| Untracked 
| 221|0x000000008dd00000, 0x000000008dd00000, 0x000000008de00000|  0%| F|  |TAMS 0x000000008dd00000, 0x000000008dd00000| Untracked 
| 222|0x000000008de00000, 0x000000008de00000, 0x000000008df00000|  0%| F|  |TAMS 0x000000008de00000, 0x000000008de00000| Untracked 
| 223|0x000000008df00000, 0x000000008df00000, 0x000000008e000000|  0%| F|  |TAMS 0x000000008df00000, 0x000000008df00000| Untracked 
| 224|0x000000008e000000, 0x000000008e000000, 0x000000008e100000|  0%| F|  |TAMS 0x000000008e000000, 0x000000008e000000| Untracked 
| 225|0x000000008e100000, 0x000000008e100000, 0x000000008e200000|  0%| F|  |TAMS 0x000000008e100000, 0x000000008e100000| Untracked 
| 226|0x000000008e200000, 0x000000008e200000, 0x000000008e300000|  0%| F|  |TAMS 0x000000008e200000, 0x000000008e200000| Untracked 
| 227|0x000000008e300000, 0x000000008e300000, 0x000000008e400000|  0%| F|  |TAMS 0x000000008e300000, 0x000000008e300000| Untracked 
| 228|0x000000008e400000, 0x000000008e400000, 0x000000008e500000|  0%| F|  |TAMS 0x000000008e400000, 0x000000008e400000| Untracked 
| 229|0x000000008e500000, 0x000000008e500000, 0x000000008e600000|  0%| F|  |TAMS 0x000000008e500000, 0x000000008e500000| Untracked 
| 230|0x000000008e600000, 0x000000008e600000, 0x000000008e700000|  0%| F|  |TAMS 0x000000008e600000, 0x000000008e600000| Untracked 
| 231|0x000000008e700000, 0x000000008e700000, 0x000000008e800000|  0%| F|  |TAMS 0x000000008e700000, 0x000000008e700000| Untracked 
| 232|0x000000008e800000, 0x000000008e800000, 0x000000008e900000|  0%| F|  |TAMS 0x000000008e800000, 0x000000008e800000| Untracked 
| 233|0x000000008e900000, 0x000000008e900000, 0x000000008ea00000|  0%| F|  |TAMS 0x000000008e900000, 0x000000008e900000| Untracked 
| 234|0x000000008ea00000, 0x000000008ea00000, 0x000000008eb00000|  0%| F|  |TAMS 0x000000008ea00000, 0x000000008ea00000| Untracked 
| 235|0x000000008eb00000, 0x000000008eb00000, 0x000000008ec00000|  0%| F|  |TAMS 0x000000008eb00000, 0x000000008eb00000| Untracked 
| 236|0x000000008ec00000, 0x000000008ec00000, 0x000000008ed00000|  0%| F|  |TAMS 0x000000008ec00000, 0x000000008ec00000| Untracked 
| 237|0x000000008ed00000, 0x000000008ed00000, 0x000000008ee00000|  0%| F|  |TAMS 0x000000008ed00000, 0x000000008ed00000| Untracked 
| 238|0x000000008ee00000, 0x000000008ee00000, 0x000000008ef00000|  0%| F|  |TAMS 0x000000008ee00000, 0x000000008ee00000| Untracked 
| 239|0x000000008ef00000, 0x000000008ef00000, 0x000000008f000000|  0%| F|  |TAMS 0x000000008ef00000, 0x000000008ef00000| Untracked 
| 240|0x000000008f000000, 0x000000008f000000, 0x000000008f100000|  0%| F|  |TAMS 0x000000008f000000, 0x000000008f000000| Untracked 
| 241|0x000000008f100000, 0x000000008f169320, 0x000000008f200000| 41%| S|CS|TAMS 0x000000008f100000, 0x000000008f100000| Complete 
| 242|0x000000008f200000, 0x000000008f200000, 0x000000008f300000|  0%| F|  |TAMS 0x000000008f200000, 0x000000008f200000| Untracked 
| 243|0x000000008f300000, 0x000000008f3e1a88, 0x000000008f400000| 88%| E|  |TAMS 0x000000008f300000, 0x000000008f300000| Complete 
| 244|0x000000008f400000, 0x000000008f500000, 0x000000008f500000|100%| E|CS|TAMS 0x000000008f400000, 0x000000008f400000| Complete 
| 245|0x000000008f500000, 0x000000008f600000, 0x000000008f600000|100%| E|CS|TAMS 0x000000008f500000, 0x000000008f500000| Complete 
| 246|0x000000008f600000, 0x000000008f700000, 0x000000008f700000|100%| E|CS|TAMS 0x000000008f600000, 0x000000008f600000| Complete 
| 247|0x000000008f700000, 0x000000008f800000, 0x000000008f800000|100%| E|  |TAMS 0x000000008f700000, 0x000000008f700000| Complete 

Card table byte_map: [0x000002de12a30000,0x000002de12e30000] _byte_map_base: 0x000002de12630000

Marking Bits (Prev, Next): (CMBitMap*) 0x000002de7f1d2620, (CMBitMap*) 0x000002de7f1d25e8
 Prev Bits: [0x000002de15230000, 0x000002de17230000)
 Next Bits: [0x000002de13230000, 0x000002de15230000)

Polling page: 0x000002de7d180000

Metaspace:

Usage:
  Non-class:    100.16 MB capacity,    98.20 MB ( 98%) used,     1.59 MB (  2%) free+waste,   374.50 KB ( <1%) overhead. 
      Class:     15.96 MB capacity,    14.74 MB ( 92%) used,     1.05 MB (  7%) free+waste,   172.25 KB (  1%) overhead. 
       Both:    116.11 MB capacity,   112.94 MB ( 97%) used,     2.63 MB (  2%) free+waste,   546.75 KB ( <1%) overhead. 

Virtual space:
  Non-class space:      102.00 MB reserved,     101.31 MB (>99%) committed 
      Class space:        1.00 GB reserved,      16.75 MB (  2%) committed 
             Both:        1.10 GB reserved,     118.06 MB ( 10%) committed 

Chunk freelists:
   Non-Class:  1.15 MB
       Class:  812.00 KB
        Both:  1.94 MB

MaxMetaspaceSize: 17179869184.00 GB
CompressedClassSpaceSize: 1.00 GB
Initial GC threshold: 20.80 MB
Current GC threshold: 196.77 MB
CDS: off

CodeHeap 'non-profiled nmethods': size=119168Kb used=7753Kb max_used=7753Kb free=111414Kb
 bounds [0x000002de0b5d0000, 0x000002de0bd70000, 0x000002de12a30000]
CodeHeap 'profiled nmethods': size=119168Kb used=32470Kb max_used=32470Kb free=86697Kb
 bounds [0x000002de04170000, 0x000002de06130000, 0x000002de0b5d0000]
CodeHeap 'non-nmethods': size=7424Kb used=2448Kb max_used=4183Kb free=4975Kb
 bounds [0x000002de03a30000, 0x000002de03e60000, 0x000002de04170000]
 total_blobs=15581 nmethods=14606 adapters=887
 compilation: enabled
              stopped_count=0, restarted_count=0
 full_count=0

Compilation events (20 events):
Event: 186.381 Thread 0x000002de1a1f7000 14972       3       java.io.ObjectStreamClass::getClassDataLayout0 (296 bytes)
Event: 186.383 Thread 0x000002de1a1f7000 nmethod 14972 0x000002de06111990 code [0x000002de06111ee0, 0x000002de06114c38]
Event: 186.383 Thread 0x000002de1a1f7000 14973       3       java.io.ObjectInputStream$BlockDataInputStream::currentBlockRemaining (41 bytes)
Event: 186.383 Thread 0x000002de1a1f7000 nmethod 14973 0x000002de06115d10 code [0x000002de06115ee0, 0x000002de06116148]
Event: 186.401 Thread 0x000002de1a1f7000 14974       3       java.net.URLStreamHandler::getHostAddress (5 bytes)
Event: 186.401 Thread 0x000002de1a1f7000 nmethod 14974 0x000002de06116210 code [0x000002de061163c0, 0x000002de061164e8]
Event: 186.401 Thread 0x000002de1a1f7000 14975  s!   3       java.net.URL::getHostAddress (53 bytes)
Event: 186.401 Thread 0x000002de1a1f7000 nmethod 14975 0x000002de06116590 code [0x000002de061167a0, 0x000002de06116e48]
Event: 186.405 Thread 0x000002de1a1f7000 14976       3       java.io.ObjectStreamClass::getMethodSignature (55 bytes)
Event: 186.406 Thread 0x000002de1a1f7000 nmethod 14976 0x000002de06117090 code [0x000002de06117300, 0x000002de06117b88]
Event: 186.410 Thread 0x000002de1a1f7000 14977       3       sun.net.www.protocol.file.Handler::hostsEqual (65 bytes)
Event: 186.410 Thread 0x000002de1a1f7000 nmethod 14977 0x000002de06117f10 code [0x000002de06118120, 0x000002de06118668]
Event: 186.410 Thread 0x000002de1a1f7000 14978       3       java.net.URLStreamHandler::hostsEqual (75 bytes)
Event: 186.410 Thread 0x000002de1a1f7000 nmethod 14978 0x000002de06118890 code [0x000002de06118aa0, 0x000002de06119118]
Event: 186.411 Thread 0x000002de1a1f7000 14979       3       java.net.URLClassLoader::getURLs (8 bytes)
Event: 186.411 Thread 0x000002de1a1f7000 nmethod 14979 0x000002de06119310 code [0x000002de061194e0, 0x000002de06119a28]
Event: 186.412 Thread 0x000002de1a1f7000 14980   !   3       jdk.internal.loader.URLClassPath::getURLs (29 bytes)
Event: 186.412 Thread 0x000002de1a1f7000 nmethod 14980 0x000002de06119c10 code [0x000002de06119de0, 0x000002de0611a2a8]
Event: 186.414 Thread 0x000002de1a1f7000 14981   !   3       java.util.zip.ZipFile::getInputStream (323 bytes)
Event: 186.415 Thread 0x000002de1a1f7000 nmethod 14981 0x000002de0611a490 code [0x000002de0611a800, 0x000002de0611c0f8]

GC Heap History (20 events):
Event: 12.423 GC heap before
{Heap before GC invocations=31 (full 0):
 garbage-first heap   total 175104K, used 126278K [0x0000000080000000, 0x0000000100000000)
  region size 1024K, 39 young (39936K), 1 survivors (1024K)
 Metaspace       used 92267K, capacity 94461K, committed 94908K, reserved 1132544K
  class space    used 11890K, capacity 12728K, committed 12928K, reserved 1048576K
}
Event: 12.435 GC heap after
{Heap after GC invocations=32 (full 0):
 garbage-first heap   total 175104K, used 91902K [0x0000000080000000, 0x0000000100000000)
  region size 1024K, 5 young (5120K), 5 survivors (5120K)
 Metaspace       used 92267K, capacity 94461K, committed 94908K, reserved 1132544K
  class space    used 11890K, capacity 12728K, committed 12928K, reserved 1048576K
}
Event: 13.183 GC heap before
{Heap before GC invocations=33 (full 0):
 garbage-first heap   total 175104K, used 124670K [0x0000000080000000, 0x0000000100000000)
  region size 1024K, 43 young (44032K), 5 survivors (5120K)
 Metaspace       used 95552K, capacity 97936K, committed 97980K, reserved 1134592K
  class space    used 12262K, capacity 13164K, committed 13184K, reserved 1048576K
}
Event: 13.190 GC heap after
{Heap after GC invocations=34 (full 0):
 garbage-first heap   total 175104K, used 94568K [0x0000000080000000, 0x0000000100000000)
  region size 1024K, 6 young (6144K), 6 survivors (6144K)
 Metaspace       used 95552K, capacity 97936K, committed 97980K, reserved 1134592K
  class space    used 12262K, capacity 13164K, committed 13184K, reserved 1048576K
}
Event: 13.225 GC heap before
{Heap before GC invocations=34 (full 0):
 garbage-first heap   total 175104K, used 95592K [0x0000000080000000, 0x0000000100000000)
  region size 1024K, 8 young (8192K), 6 survivors (6144K)
 Metaspace       used 96078K, capacity 98387K, committed 98620K, reserved 1134592K
  class space    used 12323K, capacity 13210K, committed 13312K, reserved 1048576K
}
Event: 13.228 GC heap after
{Heap after GC invocations=35 (full 0):
 garbage-first heap   total 175104K, used 94254K [0x0000000080000000, 0x0000000100000000)
  region size 1024K, 1 young (1024K), 1 survivors (1024K)
 Metaspace       used 96078K, capacity 98387K, committed 98620K, reserved 1134592K
  class space    used 12323K, capacity 13210K, committed 13312K, reserved 1048576K
}
Event: 13.463 GC heap before
{Heap before GC invocations=35 (full 0):
 garbage-first heap   total 175104K, used 130094K [0x0000000080000000, 0x0000000100000000)
  region size 1024K, 37 young (37888K), 1 survivors (1024K)
 Metaspace       used 96931K, capacity 99291K, committed 99388K, reserved 1136640K
  class space    used 12411K, capacity 13311K, committed 13312K, reserved 1048576K
}
Event: 13.468 GC heap after
{Heap after GC invocations=36 (full 0):
 garbage-first heap   total 175104K, used 96366K [0x0000000080000000, 0x0000000100000000)
  region size 1024K, 3 young (3072K), 3 survivors (3072K)
 Metaspace       used 96931K, capacity 99291K, committed 99388K, reserved 1136640K
  class space    used 12411K, capacity 13311K, committed 13312K, reserved 1048576K
}
Event: 13.913 GC heap before
{Heap before GC invocations=37 (full 0):
 garbage-first heap   total 175104K, used 133230K [0x0000000080000000, 0x0000000100000000)
  region size 1024K, 40 young (40960K), 3 survivors (3072K)
 Metaspace       used 103595K, capacity 106632K, committed 106684K, reserved 1140736K
  class space    used 13460K, capacity 14674K, committed 14720K, reserved 1048576K
}
Event: 13.918 GC heap after
{Heap after GC invocations=38 (full 0):
 garbage-first heap   total 210944K, used 98446K [0x0000000080000000, 0x0000000100000000)
  region size 1024K, 5 young (5120K), 5 survivors (5120K)
 Metaspace       used 103595K, capacity 106632K, committed 106684K, reserved 1140736K
  class space    used 13460K, capacity 14674K, committed 14720K, reserved 1048576K
}
Event: 13.982 GC heap before
{Heap before GC invocations=38 (full 0):
 garbage-first heap   total 210944K, used 103566K [0x0000000080000000, 0x0000000100000000)
  region size 1024K, 10 young (10240K), 5 survivors (5120K)
 Metaspace       used 104837K, capacity 107966K, committed 108220K, reserved 1142784K
  class space    used 13703K, capacity 14954K, committed 14976K, reserved 1048576K
}
Event: 13.987 GC heap after
{Heap after GC invocations=39 (full 0):
 garbage-first heap   total 210944K, used 96321K [0x0000000080000000, 0x0000000100000000)
  region size 1024K, 1 young (1024K), 1 survivors (1024K)
 Metaspace       used 104837K, capacity 107966K, committed 108220K, reserved 1142784K
  class space    used 13703K, capacity 14954K, committed 14976K, reserved 1048576K
}
Event: 14.495 GC heap before
{Heap before GC invocations=39 (full 0):
 garbage-first heap   total 210944K, used 153665K [0x0000000080000000, 0x0000000100000000)
  region size 1024K, 58 young (59392K), 1 survivors (1024K)
 Metaspace       used 111916K, capacity 115756K, committed 115900K, reserved 1148928K
  class space    used 14936K, capacity 16486K, committed 16512K, reserved 1048576K
}
Event: 14.500 GC heap after
{Heap after GC invocations=40 (full 0):
 garbage-first heap   total 210944K, used 98032K [0x0000000080000000, 0x0000000100000000)
  region size 1024K, 3 young (3072K), 3 survivors (3072K)
 Metaspace       used 111916K, capacity 115756K, committed 115900K, reserved 1148928K
  class space    used 14936K, capacity 16486K, committed 16512K, reserved 1048576K
}
Event: 15.294 GC heap before
{Heap before GC invocations=41 (full 0):
 garbage-first heap   total 210944K, used 168688K [0x0000000080000000, 0x0000000100000000)
  region size 1024K, 62 young (63488K), 3 survivors (3072K)
 Metaspace       used 115944K, capacity 119594K, committed 120636K, reserved 1153024K
  class space    used 15294K, capacity 16694K, committed 17152K, reserved 1048576K
}
Event: 15.302 GC heap after
{Heap after GC invocations=42 (full 0):
 garbage-first heap   total 210944K, used 101528K [0x0000000080000000, 0x0000000100000000)
  region size 1024K, 6 young (6144K), 6 survivors (6144K)
 Metaspace       used 115944K, capacity 119594K, committed 120636K, reserved 1153024K
  class space    used 15294K, capacity 16694K, committed 17152K, reserved 1048576K
}
Event: 123.065 GC heap before
{Heap before GC invocations=42 (full 0):
 garbage-first heap   total 210944K, used 105624K [0x0000000080000000, 0x0000000100000000)
  region size 1024K, 10 young (10240K), 6 survivors (6144K)
 Metaspace       used 116080K, capacity 119685K, committed 120636K, reserved 1153024K
  class space    used 15297K, capacity 16698K, committed 17152K, reserved 1048576K
}
Event: 123.072 GC heap after
{Heap after GC invocations=43 (full 0):
 garbage-first heap   total 253952K, used 96186K [0x0000000080000000, 0x0000000100000000)
  region size 1024K, 1 young (1024K), 1 survivors (1024K)
 Metaspace       used 116080K, capacity 119685K, committed 120636K, reserved 1153024K
  class space    used 15297K, capacity 16698K, committed 17152K, reserved 1048576K
}
Event: 186.324 GC heap before
{Heap before GC invocations=43 (full 0):
 garbage-first heap   total 253952K, used 101306K [0x0000000080000000, 0x0000000100000000)
  region size 1024K, 7 young (7168K), 1 survivors (1024K)
 Metaspace       used 116234K, capacity 119871K, committed 120892K, reserved 1153024K
  class space    used 15314K, capacity 16750K, committed 17152K, reserved 1048576K
}
Event: 186.328 GC heap after
{Heap after GC invocations=44 (full 0):
 garbage-first heap   total 253952K, used 95956K [0x0000000080000000, 0x0000000100000000)
  region size 1024K, 1 young (1024K), 1 survivors (1024K)
 Metaspace       used 116234K, capacity 119871K, committed 120892K, reserved 1153024K
  class space    used 15314K, capacity 16750K, committed 17152K, reserved 1048576K
}

Deoptimization events (20 events):
Event: 186.311 Thread 0x000002de1cd1f000 DEOPT PACKING pc=0x000002de0bb55cbc sp=0x000000ece75fafe0
Event: 186.311 Thread 0x000002de1cd1f000 DEOPT UNPACKING pc=0x000002de03a7a1af sp=0x000000ece75faf88 mode 2
Event: 186.319 Thread 0x000002de1f8a7000 DEOPT PACKING pc=0x000002de04a4a1f1 sp=0x000000ecf2bfe900
Event: 186.319 Thread 0x000002de1f8a7000 DEOPT UNPACKING pc=0x000002de03a7a95e sp=0x000000ecf2bfddf8 mode 0
Event: 186.336 Thread 0x000002de1cd1f000 Uncommon trap: trap_request=0xffffffd6 fr.pc=0x000002de0bce2710 relative=0x0000000000000550
Event: 186.336 Thread 0x000002de1cd1f000 Uncommon trap: reason=array_check action=maybe_recompile pc=0x000002de0bce2710 method=java.util.TimSort.reverseRange([Ljava/lang/Object;II)V @ 27 c2
Event: 186.336 Thread 0x000002de1cd1f000 DEOPT PACKING pc=0x000002de0bce2710 sp=0x000000ece75fae10
Event: 186.336 Thread 0x000002de1cd1f000 DEOPT UNPACKING pc=0x000002de03a7a1af sp=0x000000ece75fad40 mode 2
Event: 186.337 Thread 0x000002de1cd1f000 Uncommon trap: trap_request=0xffffff4d fr.pc=0x000002de0b9c429c relative=0x000000000000205c
Event: 186.337 Thread 0x000002de1cd1f000 Uncommon trap: reason=unstable_if action=reinterpret pc=0x000002de0b9c429c method=java.net.URLClassLoader.getAndVerifyPackage(Ljava/lang/String;Ljava/util/jar/Manifest;Ljava/net/URL;)Ljava/lang/Package; @ 62 c2
Event: 186.337 Thread 0x000002de1cd1f000 DEOPT PACKING pc=0x000002de0b9c429c sp=0x000000ece75f9e10
Event: 186.337 Thread 0x000002de1cd1f000 DEOPT UNPACKING pc=0x000002de03a7a1af sp=0x000000ece75f9e08 mode 2
Event: 186.355 Thread 0x000002de1cd1f000 Uncommon trap: trap_request=0xffffff4d fr.pc=0x000002de0b74e580 relative=0x0000000000001f00
Event: 186.355 Thread 0x000002de1cd1f000 Uncommon trap: reason=unstable_if action=reinterpret pc=0x000002de0b74e580 method=java.util.zip.ZipFile.getInputStream(Ljava/util/zip/ZipEntry;)Ljava/io/InputStream; @ 150 c2
Event: 186.355 Thread 0x000002de1cd1f000 DEOPT PACKING pc=0x000002de0b74e580 sp=0x000000ece75f60c0
Event: 186.355 Thread 0x000002de1cd1f000 DEOPT UNPACKING pc=0x000002de03a7a1af sp=0x000000ece75f6068 mode 2
Event: 186.380 Thread 0x000002de1cd1f000 Uncommon trap: trap_request=0xffffff4d fr.pc=0x000002de0bcf4550 relative=0x00000000000008d0
Event: 186.380 Thread 0x000002de1cd1f000 Uncommon trap: reason=unstable_if action=reinterpret pc=0x000002de0bcf4550 method=sun.security.provider.SHA.implDigest([BI)V @ 21 c2
Event: 186.380 Thread 0x000002de1cd1f000 DEOPT PACKING pc=0x000002de0bcf4550 sp=0x000000ece75f96e0
Event: 186.380 Thread 0x000002de1cd1f000 DEOPT UNPACKING pc=0x000002de03a7a1af sp=0x000000ece75f96a0 mode 2

Classes redefined (0 events):
No events

Internal exceptions (20 events):
Event: 15.199 Thread 0x000002de1c8f8000 Exception <a 'sun/nio/fs/WindowsException'{0x0000000089ae1890}> (0x0000000089ae1890) thrown at [./src/hotspot/share/prims/jni.cpp, line 615]
Event: 15.199 Thread 0x000002de1c8f8000 Exception <a 'sun/nio/fs/WindowsException'{0x0000000089ae1910}> (0x0000000089ae1910) thrown at [./src/hotspot/share/prims/jni.cpp, line 615]
Event: 15.199 Thread 0x000002de1c8f8000 Exception <a 'sun/nio/fs/WindowsException'{0x0000000089ae34f8}> (0x0000000089ae34f8) thrown at [./src/hotspot/share/prims/jni.cpp, line 615]
Event: 15.229 Thread 0x000002de1c8f8000 Exception <a 'java/lang/NoSuchMethodError'{0x00000000898b91d8}: 'java.lang.Object java.lang.invoke.DirectMethodHandle$Holder.invokeSpecial(java.lang.Object, java.lang.Object, java.lang.Object, java.lang.Object, int, java.lang.Object, java.lang.Object)'> (0x00000000898b91d8) thrown at [./src/hotspot/share/interpreter/linkResolver.cpp, line 773]
Event: 23.062 Thread 0x000002de1c5b3800 Implicit null exception at 0x000002de0b609674 to 0x000002de0b609b78
Event: 23.062 Thread 0x000002de1c5b3800 Implicit null exception at 0x000002de0b971614 to 0x000002de0b971bd4
Event: 186.274 Thread 0x000002de1cd1c800 Exception <a 'java/lang/NoSuchMethodError'{0x000000008f552260}: <clinit>> (0x000000008f552260) thrown at [./src/hotspot/share/prims/jni.cpp, line 1365]
Event: 186.275 Thread 0x000002de1cd1c800 Exception <a 'java/lang/NoSuchMethodError'{0x000000008f55b020}: <clinit>> (0x000000008f55b020) thrown at [./src/hotspot/share/prims/jni.cpp, line 1365]
Event: 186.276 Thread 0x000002de1cd1c800 Exception <a 'java/lang/NoSuchMethodError'{0x000000008f564be8}: <clinit>> (0x000000008f564be8) thrown at [./src/hotspot/share/prims/jni.cpp, line 1365]
Event: 186.277 Thread 0x000002de1cd1c800 Exception <a 'java/lang/NoSuchMethodError'{0x000000008f57ab10}: <clinit>> (0x000000008f57ab10) thrown at [./src/hotspot/share/prims/jni.cpp, line 1365]
Event: 186.337 Thread 0x000002de1cd1f000 Exception <a 'java/lang/NoSuchMethodError'{0x000000008f76c200}: <clinit>> (0x000000008f76c200) thrown at [./src/hotspot/share/prims/jni.cpp, line 1365]
Event: 186.343 Thread 0x000002de1cd1f000 Exception <a 'java/lang/NoSuchMethodError'{0x000000008f7c70e0}: <clinit>> (0x000000008f7c70e0) thrown at [./src/hotspot/share/prims/jni.cpp, line 1365]
Event: 186.373 Thread 0x000002de1cd1f000 Exception <a 'java/lang/NoSuchMethodError'{0x000000008f6e04c0}: <clinit>> (0x000000008f6e04c0) thrown at [./src/hotspot/share/prims/jni.cpp, line 1365]
Event: 186.380 Thread 0x000002de1cd1f000 Exception <a 'java/lang/NoSuchMethodError'{0x000000008f6ff3d0}: <clinit>> (0x000000008f6ff3d0) thrown at [./src/hotspot/share/prims/jni.cpp, line 1365]
Event: 186.383 Thread 0x000002de1cd1f000 Exception <a 'java/lang/NoSuchMethodError'{0x000000008f5245d8}: <clinit>> (0x000000008f5245d8) thrown at [./src/hotspot/share/prims/jni.cpp, line 1365]
Event: 186.406 Thread 0x000002de1cd1f000 Exception <a 'java/lang/NoSuchMethodError'{0x000000008f5765d8}: <clinit>> (0x000000008f5765d8) thrown at [./src/hotspot/share/prims/jni.cpp, line 1365]
Event: 186.407 Thread 0x000002de1cd1f000 Exception <a 'java/lang/NoSuchMethodError'{0x000000008f581238}: <clinit>> (0x000000008f581238) thrown at [./src/hotspot/share/prims/jni.cpp, line 1365]
Event: 186.409 Thread 0x000002de1cd1f000 Exception <a 'java/lang/NoSuchMethodError'{0x000000008f5a9678}: <clinit>> (0x000000008f5a9678) thrown at [./src/hotspot/share/prims/jni.cpp, line 1365]
Event: 186.411 Thread 0x000002de1cd1f000 Exception <a 'java/lang/NoSuchMethodError'{0x000000008f5bd330}: <clinit>> (0x000000008f5bd330) thrown at [./src/hotspot/share/prims/jni.cpp, line 1365]
Event: 186.412 Thread 0x000002de1cd1f000 Exception <a 'java/lang/NoSuchMethodError'{0x000000008f5d85c8}: <clinit>> (0x000000008f5d85c8) thrown at [./src/hotspot/share/prims/jni.cpp, line 1365]

Events (20 events):
Event: 186.407 loading class org/jetbrains/kotlin/gradle/AndroidAwareGradleModelProvider
Event: 186.407 loading class org/jetbrains/kotlin/gradle/AndroidAwareGradleModelProvider done
Event: 186.407 loading class org/jetbrains/kotlin/gradle/AndroidAwareGradleModelProvider$Companion
Event: 186.407 loading class org/jetbrains/kotlin/gradle/AndroidAwareGradleModelProvider$Companion done
Event: 186.408 loading class org/jetbrains/plugins/gradle/tooling/ModelBuilderService$Parameter
Event: 186.408 loading class org/jetbrains/plugins/gradle/tooling/ModelBuilderService$Parameter done
Event: 186.409 loading class org/jetbrains/kotlin/gradle/KotlinGradleModel
Event: 186.409 loading class org/jetbrains/kotlin/gradle/KotlinGradleModel done
Event: 186.410 loading class org/jetbrains/kotlin/gradle/KotlinDslScriptModelProvider
Event: 186.410 loading class org/jetbrains/kotlin/gradle/KotlinDslScriptModelProvider done
Event: 186.411 loading class org/gradle/tooling/model/kotlin/dsl/KotlinDslScriptsModel
Event: 186.411 loading class org/gradle/tooling/model/kotlin/dsl/KotlinDslScriptsModel done
Event: 186.411 loading class com/intellij/openapi/externalSystem/model/project/dependencies/ProjectDependencies
Event: 186.411 loading class com/intellij/openapi/externalSystem/model/project/dependencies/ProjectDependencies done
Event: 186.412 loading class org/jetbrains/plugins/gradle/model/AnnotationProcessingModel
Event: 186.412 loading class org/jetbrains/plugins/gradle/model/AnnotationProcessingModel done
Event: 186.412 loading class org/jetbrains/plugins/gradle/model/AnnotationProcessingConfig
Event: 186.412 loading class org/jetbrains/plugins/gradle/model/AnnotationProcessingConfig done
Event: 186.412 loading class org/jetbrains/kotlin/android/synthetic/idea/AndroidExtensionsGradleModel
Event: 186.412 loading class org/jetbrains/kotlin/android/synthetic/idea/AndroidExtensionsGradleModel done


Dynamic libraries:
0x00007ff6d59d0000 - 0x00007ff6d59da000 	C:\Program Files\Android\Android Studio\jre\bin\java.exe
0x00007ffae1a50000 - 0x00007ffae1c64000 	C:\WINDOWS\SYSTEM32\ntdll.dll
0x00007ffae0030000 - 0x00007ffae00f2000 	C:\WINDOWS\System32\KERNEL32.DLL
0x00007ffadee80000 - 0x00007ffadf21d000 	C:\WINDOWS\System32\KERNELBASE.dll
0x00007ffadf370000 - 0x00007ffadf481000 	C:\WINDOWS\System32\ucrtbase.dll
0x00007ffabc900000 - 0x00007ffabc919000 	C:\Program Files\Android\Android Studio\jre\bin\jli.dll
0x00007ffaa7f10000 - 0x00007ffaa7f27000 	C:\Program Files\Android\Android Studio\jre\bin\VCRUNTIME140.dll
0x00007ffae0800000 - 0x00007ffae09aa000 	C:\WINDOWS\System32\USER32.dll
0x00007ffadf220000 - 0x00007ffadf246000 	C:\WINDOWS\System32\win32u.dll
0x00007ffac3400000 - 0x00007ffac368e000 	C:\WINDOWS\WinSxS\amd64_microsoft.windows.common-controls_6595b64144ccf1df_6.0.22621.608_none_a9444ca7c10bb01d\COMCTL32.dll
0x00007ffae0ef0000 - 0x00007ffae0f19000 	C:\WINDOWS\System32\GDI32.dll
0x00007ffae0f20000 - 0x00007ffae0fc7000 	C:\WINDOWS\System32\msvcrt.dll
0x00007ffadf250000 - 0x00007ffadf362000 	C:\WINDOWS\System32\gdi32full.dll
0x00007ffadf670000 - 0x00007ffadf70a000 	C:\WINDOWS\System32\msvcp_win.dll
0x00007ffae0100000 - 0x00007ffae0132000 	C:\WINDOWS\System32\IMM32.DLL
0x00007ffaa3ae0000 - 0x00007ffaa3b7d000 	C:\Program Files\Android\Android Studio\jre\bin\msvcp140.dll
0x00007ffa85d00000 - 0x00007ffa867e5000 	C:\Program Files\Android\Android Studio\jre\bin\server\jvm.dll
0x00007ffae04b0000 - 0x00007ffae055e000 	C:\WINDOWS\System32\ADVAPI32.dll
0x00007ffae1960000 - 0x00007ffae1a04000 	C:\WINDOWS\System32\sechost.dll
0x00007ffadf9d0000 - 0x00007ffadfae5000 	C:\WINDOWS\System32\RPCRT4.dll
0x00007ffae0140000 - 0x00007ffae0148000 	C:\WINDOWS\System32\PSAPI.DLL
0x00007ffac8700000 - 0x00007ffac8709000 	C:\WINDOWS\SYSTEM32\WSOCK32.dll
0x00007ffad7860000 - 0x00007ffad786a000 	C:\WINDOWS\SYSTEM32\VERSION.dll
0x00007ffad7f70000 - 0x00007ffad7fa4000 	C:\WINDOWS\SYSTEM32\WINMM.dll
0x00007ffae03a0000 - 0x00007ffae0411000 	C:\WINDOWS\System32\WS2_32.dll
0x00007ffadde60000 - 0x00007ffadde78000 	C:\WINDOWS\SYSTEM32\kernel.appcore.dll
0x00007ffac6a90000 - 0x00007ffac6aa1000 	C:\Program Files\Android\Android Studio\jre\bin\verify.dll
0x00007ffaca770000 - 0x00007ffaca99e000 	C:\WINDOWS\SYSTEM32\DBGHELP.DLL
0x00007ffae0b60000 - 0x00007ffae0eea000 	C:\WINDOWS\System32\combase.dll
0x00007ffae0720000 - 0x00007ffae07f7000 	C:\WINDOWS\System32\OLEAUT32.dll
0x00007ffabae10000 - 0x00007ffabae42000 	C:\WINDOWS\SYSTEM32\dbgcore.DLL
0x00007ffadf7d0000 - 0x00007ffadf84b000 	C:\WINDOWS\System32\bcryptPrimitives.dll
0x00007ffac6a60000 - 0x00007ffac6a89000 	C:\Program Files\Android\Android Studio\jre\bin\java.dll
0x00007ffac7630000 - 0x00007ffac763b000 	C:\Program Files\Android\Android Studio\jre\bin\jimage.dll
0x00007ffac6a40000 - 0x00007ffac6a58000 	C:\Program Files\Android\Android Studio\jre\bin\zip.dll
0x00007ffae0fd0000 - 0x00007ffae17b0000 	C:\WINDOWS\System32\SHELL32.dll
0x00007ffadce70000 - 0x00007ffadd735000 	C:\WINDOWS\SYSTEM32\windows.storage.dll
0x00007ffadcd30000 - 0x00007ffadce6e000 	C:\WINDOWS\SYSTEM32\wintypes.dll
0x00007ffadf8d0000 - 0x00007ffadf9c1000 	C:\WINDOWS\System32\SHCORE.dll
0x00007ffae0340000 - 0x00007ffae039e000 	C:\WINDOWS\System32\shlwapi.dll
0x00007ffadedb0000 - 0x00007ffadedd1000 	C:\WINDOWS\SYSTEM32\profapi.dll
0x00007ffac6a20000 - 0x00007ffac6a3a000 	C:\Program Files\Android\Android Studio\jre\bin\net.dll
0x00007ffad7c00000 - 0x00007ffad7d2f000 	C:\WINDOWS\SYSTEM32\WINHTTP.dll
0x00007ffade310000 - 0x00007ffade379000 	C:\WINDOWS\system32\mswsock.dll
0x00007ffac6a00000 - 0x00007ffac6a14000 	C:\Program Files\Android\Android Studio\jre\bin\nio.dll
0x00007ffac3eb0000 - 0x00007ffac3ed7000 	C:\Users\Le Thanh Hang\.gradle\native\e1d6ef7f7dcc3fd88c89a11ec53ec762bb8ba0a96d01ffa2cd45eb1d1d8dd5c5\windows-amd64\native-platform.dll
0x00007ffa81d40000 - 0x00007ffa81e84000 	C:\Users\Le Thanh Hang\.gradle\native\5664cfc778a61ccfe75a443a1ab52a65af34e5dc3c78e0209fed803814484fcb\windows-amd64\native-platform-file-events.dll
0x00007ffac69f0000 - 0x00007ffac69fa000 	C:\Program Files\Android\Android Studio\jre\bin\management.dll
0x00007ffac69e0000 - 0x00007ffac69ed000 	C:\Program Files\Android\Android Studio\jre\bin\management_ext.dll
0x00007ffade530000 - 0x00007ffade54b000 	C:\WINDOWS\SYSTEM32\CRYPTSP.dll
0x00007ffadde20000 - 0x00007ffadde55000 	C:\WINDOWS\system32\rsaenh.dll
0x00007ffade3d0000 - 0x00007ffade3f8000 	C:\WINDOWS\SYSTEM32\USERENV.dll
0x00007ffade7a0000 - 0x00007ffade7c8000 	C:\WINDOWS\SYSTEM32\bcrypt.dll
0x00007ffade550000 - 0x00007ffade55c000 	C:\WINDOWS\SYSTEM32\CRYPTBASE.dll
0x00007ffadd9d0000 - 0x00007ffadd9fd000 	C:\WINDOWS\SYSTEM32\IPHLPAPI.DLL
0x00007ffae04a0000 - 0x00007ffae04a9000 	C:\WINDOWS\System32\NSI.dll
0x00007ffad7ea0000 - 0x00007ffad7eb9000 	C:\WINDOWS\SYSTEM32\dhcpcsvc6.DLL
0x00007ffad7b20000 - 0x00007ffad7b3f000 	C:\WINDOWS\SYSTEM32\dhcpcsvc.DLL
0x00007ffadda00000 - 0x00007ffaddaf2000 	C:\WINDOWS\SYSTEM32\DNSAPI.dll
0x00007ffadded0000 - 0x00007ffaddf04000 	C:\WINDOWS\SYSTEM32\ntmarta.dll
0x00007ffac4340000 - 0x00007ffac4367000 	C:\Program Files\Android\Android Studio\jre\bin\sunec.dll

dbghelp: loaded successfully - version: 4.0.5 - missing functions: none
symbol engine: initialized successfully - sym options: 0x614 - pdb path: .;C:\Program Files\Android\Android Studio\jre\bin;C:\WINDOWS\SYSTEM32;C:\WINDOWS\WinSxS\amd64_microsoft.windows.common-controls_6595b64144ccf1df_6.0.22621.608_none_a9444ca7c10bb01d;C:\Program Files\Android\Android Studio\jre\bin\server;C:\Users\Le Thanh Hang\.gradle\native\e1d6ef7f7dcc3fd88c89a11ec53ec762bb8ba0a96d01ffa2cd45eb1d1d8dd5c5\windows-amd64;C:\Users\Le Thanh Hang\.gradle\native\5664cfc778a61ccfe75a443a1ab52a65af34e5dc3c78e0209fed803814484fcb\windows-amd64

VM Arguments:
jvm_args: --add-opens=java.base/java.util=ALL-UNNAMED --add-opens=java.base/java.lang=ALL-UNNAMED --add-opens=java.base/java.lang.invoke=ALL-UNNAMED --add-opens=java.base/java.util=ALL-UNNAMED --add-opens=java.prefs/java.util.prefs=ALL-UNNAMED --add-opens=java.prefs/java.util.prefs=ALL-UNNAMED --add-opens=java.base/java.nio.charset=ALL-UNNAMED --add-opens=java.base/java.net=ALL-UNNAMED --add-opens=java.base/java.util.concurrent.atomic=ALL-UNNAMED -Xmx2048m -Dfile.encoding=UTF-8 -Duser.country=US -Duser.language=en -Duser.variant 
java_command: org.gradle.launcher.daemon.bootstrap.GradleDaemon 7.3.3
java_class_path (initial): C:\Users\Le Thanh Hang\.gradle\wrapper\dists\gradle-7.3.3-bin\6a41zxkdtcxs8rphpq6y0069z\gradle-7.3.3\lib\gradle-launcher-7.3.3.jar
Launcher Type: SUN_STANDARD

[Global flags]
     intx CICompilerCount                          = 12                                        {product} {ergonomic}
     uint ConcGCThreads                            = 3                                         {product} {ergonomic}
     uint G1ConcRefinementThreads                  = 13                                        {product} {ergonomic}
   size_t G1HeapRegionSize                         = 1048576                                   {product} {ergonomic}
    uintx GCDrainStackTargetSize                   = 64                                        {product} {ergonomic}
   size_t InitialHeapSize                          = 123731968                                 {product} {ergonomic}
   size_t MarkStackSize                            = 4194304                                   {product} {ergonomic}
   size_t MaxHeapSize                              = 2147483648                                {product} {command line}
   size_t MaxNewSize                               = 1287651328                                {product} {ergonomic}
   size_t MinHeapDeltaBytes                        = 1048576                                   {product} {ergonomic}
    uintx NonNMethodCodeHeapSize                   = 7594288                                {pd product} {ergonomic}
    uintx NonProfiledCodeHeapSize                  = 122031976                              {pd product} {ergonomic}
    uintx ProfiledCodeHeapSize                     = 122031976                              {pd product} {ergonomic}
    uintx ReservedCodeCacheSize                    = 251658240                              {pd product} {ergonomic}
     bool SegmentedCodeCache                       = true                                      {product} {ergonomic}
     bool UseCompressedClassPointers               = true                                 {lp64_product} {ergonomic}
     bool UseCompressedOops                        = true                                 {lp64_product} {ergonomic}
     bool UseG1GC                                  = true                                      {product} {ergonomic}
     bool UseLargePagesIndividualAllocation        = false                                  {pd product} {ergonomic}

Logging:
Log output configuration:
 #0: stdout all=warning uptime,level,tags
 #1: stderr all=off uptime,level,tags

Environment Variables:
PATH=C:\Program Files (x86)\VMware\VMware Workstation\bin\;C:\Python310\Scripts\;C:\Python310\;C:\Program Files\Eclipse Foundation\jdk-8.0.302.8-hotspot\bin;C:\windows\system32;C:\windows;C:\windows\System32\Wbem;C:\windows\System32\WindowsPowerShell\v1.0\;C:\windows\System32\OpenSSH\;C:\Program Files (x86)\NVIDIA Corporation\PhysX\Common;C:\Program Files\NVIDIA Corporation\NVIDIA NvDLISR;C:\Program Files\Microsoft SQL Server\130\Tools\Binn\;C:\Program Files\Microsoft SQL Server\Client SDK\ODBC\170\Tools\Binn\;C:\Program Files\Git\cmd;C:\Program Files\nodejs\;C:\ProgramData\chocolatey\bin;;C:\WINDOWS\system32;C:\WINDOWS;C:\WINDOWS\System32\Wbem;C:\WINDOWS\System32\WindowsPowerShell\v1.0\;C:\WINDOWS\System32\OpenSSH\;C:\Program Files\dotnet\;C:\Ruby31-x64\bin;C:\Users\Le Thanh Hang\AppData\Local\Microsoft\WindowsApps;C:\Users\Le Thanh Hang\AppData\Local\GitHubDesktop\bin;C:\Users\Le Thanh Hang\AppData\Roaming\npm;C:\Users\Le Thanh Hang\.dotnet\tools
USERNAME=Le Thanh Hang
OS=Windows_NT
PROCESSOR_IDENTIFIER=AMD64 Family 25 Model 80 Stepping 0, AuthenticAMD



---------------  S Y S T E M  ---------------

OS: Windows 10 , 64 bit Build 22621 (10.0.22621.755)
OS uptime: 0 days 5:58 hours
Hyper-V role detected

CPU:total 16 (initial active 16) (16 cores per cpu, 2 threads per core) family 25 model 80 stepping 0 microcode 0x0, cmov, cx8, fxsr, mmx, sse, sse2, sse3, ssse3, sse4.1, sse4.2, popcnt, avx, avx2, aes, clmul, erms, mmxext, 3dnowpref, lzcnt, sse4a, ht, tsc, tscinvbit, tscinv, bmi1, bmi2, adx, sha, fma

Memory: 4k page, system-wide physical 7523M (364M free)
TotalPageFile size 11619M (AvailPageFile size 4M)
current process WorkingSet (physical memory assigned to process): 514M, peak: 553M
current process commit charge ("private bytes"): 594M, peak: 602M

vm_info: OpenJDK 64-Bit Server VM (11.0.12+7-b1504.28-7817840) for windows-amd64 JRE (11.0.12+7-b1504.28-7817840), built on Oct 13 2021 22:12:33 by "builder" with MS VC++ 14.0 (VS2015)

END.
