#
# There is insufficient memory for the Java Runtime Environment to continue.
# Native memory allocation (malloc) failed to allocate 1299216 bytes for Chunk::new
# Possible reasons:
#   The system is out of physical RAM or swap space
#   The process is running with CompressedOops enabled, and the Java Heap may be blocking the growth of the native heap
# Possible solutions:
#   Reduce memory load on the system
#   Increase physical memory or swap space
#   Check if swap backing store is full
#   Decrease Java heap size (-Xmx/-Xms)
#   Decrease number of Java threads
#   Decrease Java thread stack sizes (-Xss)
#   Set larger code cache with -XX:ReservedCodeCacheSize=
#   JVM is running with Unscaled Compressed Oops mode in which the Java heap is
#     placed in the first 4GB address space. The Java Heap base address is the
#     maximum limit for the native heap growth. Please use -XX:HeapBaseMinAddress
#     to set the Java Heap base and to place the Java Heap above 4GB virtual address.
# This output file may be truncated or incomplete.
#
#  Out of Memory Error (./src/hotspot/share/memory/arena.cpp:197), pid=6916, tid=3896
#
# JRE version: OpenJDK Runtime Environment (11.0.12+7) (build 11.0.12+7-b1504.28-7817840)
# Java VM: OpenJDK 64-Bit Server VM (11.0.12+7-b1504.28-7817840, mixed mode, tiered, compressed oops, g1 gc, windows-amd64)
# No core dump will be written. Minidumps are not enabled by default on client versions of Windows
#

---------------  S U M M A R Y ------------

Command Line: --add-opens=java.base/java.util=ALL-UNNAMED --add-opens=java.base/java.lang=ALL-UNNAMED --add-opens=java.base/java.lang.invoke=ALL-UNNAMED --add-opens=java.base/java.util=ALL-UNNAMED --add-opens=java.prefs/java.util.prefs=ALL-UNNAMED --add-opens=java.prefs/java.util.prefs=ALL-UNNAMED --add-opens=java.base/java.nio.charset=ALL-UNNAMED --add-opens=java.base/java.net=ALL-UNNAMED --add-opens=java.base/java.util.concurrent.atomic=ALL-UNNAMED -Xmx2048m -Dfile.encoding=UTF-8 -Duser.country=US -Duser.language=en -Duser.variant org.gradle.launcher.daemon.bootstrap.GradleDaemon 7.3.3

Host: AMD Ryzen 7 5800H with Radeon Graphics         , 16 cores, 7G,  Windows 10 , 64 bit Build 22621 (10.0.22621.963)
Time: Thu Dec 15 00:22:39 2022 SE Asia Standard Time elapsed time: 263.598619 seconds (0d 0h 4m 23s)

---------------  T H R E A D  ---------------

Current thread (0x0000020ffd978000):  JavaThread "C2 CompilerThread1" daemon [_thread_in_native, id=3896, stack(0x0000007318200000,0x0000007318300000)]


Current CompileTask:
C2: 263598 18582   !   4       sun.net.www.ParseUtil::decode (317 bytes)

Stack: [0x0000007318200000,0x0000007318300000]
Native frames: (J=compiled Java code, j=interpreted, Vv=VM code, C=native code)
V  [jvm.dll+0x5fbcea]
V  [jvm.dll+0x731905]
V  [jvm.dll+0x732f1d]
V  [jvm.dll+0x7335d3]
V  [jvm.dll+0x247bf8]
V  [jvm.dll+0xc018c]
V  [jvm.dll+0xc06cc]
V  [jvm.dll+0x35b31d]
V  [jvm.dll+0x328803]
V  [jvm.dll+0x327cfa]
V  [jvm.dll+0x200602]
V  [jvm.dll+0x1ff794]
V  [jvm.dll+0x18868c]
V  [jvm.dll+0x20e0d7]
V  [jvm.dll+0x20c901]
V  [jvm.dll+0x6f9b7f]
V  [jvm.dll+0x6f26a5]
V  [jvm.dll+0x5fabf6]
C  [ucrtbase.dll+0x29363]
C  [KERNEL32.DLL+0x126bd]
C  [ntdll.dll+0x5dfb8]


---------------  P R O C E S S  ---------------

Threads class SMR info:
_java_thread_list=0x0000020ff7d57170, length=219, elements={
0x0000020fd686b000, 0x0000020ff1fd1800, 0x0000020ff1fdb000, 0x0000020ff17b2000,
0x0000020ff17b4800, 0x0000020ff17b9800, 0x0000020ff17bc800, 0x0000020ff202b800,
0x0000020ff202c800, 0x0000020ff21a5000, 0x0000020ff416e800, 0x0000020ff4602000,
0x0000020ff5c8a000, 0x0000020ff46fe800, 0x0000020ff4701000, 0x0000020ff46fe000,
0x0000020ff46ff800, 0x0000020ff4700800, 0x0000020ff49d0000, 0x0000020ff49cd800,
0x0000020ff49d3800, 0x0000020ff49ce800, 0x0000020ff49d4000, 0x0000020ff94c5800,
0x0000020ff94c9800, 0x0000020ff94c3800, 0x0000020ff94c7000, 0x0000020ff94c8800,
0x0000020ff96ac000, 0x0000020ff96aa000, 0x0000020ff96a9000, 0x0000020ff96a8000,
0x0000020ff96af800, 0x0000020ff96ad000, 0x0000020ff96ae000, 0x0000020ff96ae800,
0x0000020ff96aa800, 0x0000020ffd97d800, 0x0000020ffc5bb800, 0x0000020ffc5c1800,
0x0000020ffc5c2800, 0x0000020ffc5c0000, 0x0000020ffc5c3000, 0x0000020ffc5c0800,
0x0000020ffc5bd800, 0x0000020ffc5c4000, 0x0000020ffc5be000, 0x0000020ffc5c4800,
0x0000020ffc5bf000, 0x0000020ffc5cb800, 0x0000020ffd974800, 0x0000020ffd972000,
0x0000020ffd973000, 0x0000020ffd974000, 0x0000020ffd975800, 0x0000020ffd976800,
0x0000020ffd977000, 0x0000020ffd971800, 0x0000020ffd97c000, 0x0000020ffd97d000,
0x0000020ffd978800, 0x0000020ffd979800, 0x0000020ffd978000, 0x0000020ffd97e800,
0x0000020ffd97b000, 0x0000020ffd97a800, 0x0000020ffd985000, 0x0000020ffd983800,
0x0000020ffd97f800, 0x0000020ffd984000, 0x0000020ffd986000, 0x0000020ffd980000,
0x0000020ffd986800, 0x0000020ffd987800, 0x0000020ffd982800, 0x0000020ffd981800,
0x0000020ffd98b800, 0x0000020ffd98c800, 0x0000020ffd98a800, 0x0000020ffd98d000,
0x0000020ffd98e000, 0x0000020ffd988800, 0x0000020ffd98f000, 0x0000020ffd989000,
0x0000020ffd98f800, 0x0000020ffd98a000, 0x0000020ffd990800, 0x0000020ff96b6000,
0x0000020ff96b1000, 0x0000020ff96b2000, 0x0000020ff96b5000, 0x0000020ff96b3800,
0x0000020ff96b2800, 0x0000020ff96b4800, 0x0000020ff96b0800, 0x0000020ff96b9800,
0x0000020ff96ba000, 0x0000020ff96bb000, 0x0000020ff96bc800, 0x0000020ff96bb800,
0x0000020ff96b8800, 0x0000020ff96b7000, 0x0000020ff96bd800, 0x0000020ff96b7800,
0x0000020ff96c4000, 0x0000020ff96bf000, 0x0000020ff96c0800, 0x0000020ff96c0000,
0x0000020ff96c2800, 0x0000020ff96c3000, 0x0000020ff96be000, 0x0000020ff96c1800,
0x0000020ff96c4800, 0x0000020ff96c6800, 0x0000020ff96c5800, 0x0000020ff96c7000,
0x0000020ffc5b3000, 0x0000020ffc5b1000, 0x0000020ffc5b0800, 0x0000020ffc5b7800,
0x0000020ffc5b6000, 0x0000020ffc5b3800, 0x0000020ffc5b2000, 0x0000020ffc5b5000,
0x0000020ffc5ba000, 0x0000020ffc5b8800, 0x0000020ffc5b4800, 0x0000020ffc5b9800,
0x0000020ffc5bb000, 0x0000020ffc5bc800, 0x0000020ffc5b7000, 0x0000020ffc5c6800,
0x0000020ffc5ca800, 0x0000020ffc5c5800, 0x0000020ffc5c9000, 0x0000020ffc5cd000,
0x0000020ffc5c7000, 0x0000020ffc5cd800, 0x0000020ffc5cc000, 0x0000020ffc5c8000,
0x0000020ffc5ce800, 0x0000020ffc5cf800, 0x0000020ffc5c9800, 0x0000020ff94bf800,
0x0000020ff94c0800, 0x0000020ff94bd000, 0x0000020ff94be000, 0x0000020ff94bc800,
0x0000020ff94bf000, 0x0000020ff94ba800, 0x0000020ff94c1800, 0x0000020ff94bb800,
0x0000020ff94c4800, 0x0000020ff94c6000, 0x0000020ff94c8000, 0x0000020ff94c2000,
0x0000020ff94c3000, 0x0000020ff49d6800, 0x0000020ff49d1000, 0x0000020ff49da000,
0x0000020ff49da800, 0x0000020ff49d8800, 0x0000020ff49d5000, 0x0000020ff49d7800,
0x0000020ff49db800, 0x0000020ff49dc800, 0x0000020ff49d9000, 0x0000020ff4702000,
0x0000020ff46fc000, 0x0000020ff4702800, 0x0000020ff46fd000, 0x0000020fff0a8000,
0x0000020fff0a9000, 0x0000020fff0a3800, 0x0000020fff0a5800, 0x0000020fff0a7800,
0x0000020fff0a4000, 0x0000020fff0a6800, 0x0000020fff0a5000, 0x0000020fff0ae000,
0x0000020fff0aa800, 0x0000020fff0ab800, 0x0000020fff0ac800, 0x0000020fff0ad000,
0x0000020fff0ae800, 0x0000020fff0aa000, 0x0000020fff0b0800, 0x0000020fff0b1000,
0x0000020fff0b2000, 0x0000020fff0af800, 0x0000020ffbe2f000, 0x0000020ffbe33000,
0x0000020ffbe2e000, 0x0000020ffbe2f800, 0x0000020ffbe2d000, 0x0000020ffbe34000,
0x0000020ffbe31800, 0x0000020ffbe36000, 0x0000020ffbe30800, 0x0000020ffbe37000,
0x0000020ffbe38000, 0x0000020ffbe32000, 0x0000020ffbe34800, 0x0000020ffbe3b000,
0x0000020ffbe39800, 0x0000020ffbe38800, 0x0000020ffbe35800, 0x0000020ffbe3c000,
0x0000020ffbe3a800, 0x0000020ffdc45800, 0x0000020ffdc46000, 0x0000020ffdc44800,
0x0000020ffdc47000, 0x0000020ffdc41000, 0x0000020ffdc47800, 0x0000020ffdc42000,
0x0000020ffdc48800, 0x0000020ffdc43000, 0x0000020ffdc43800
}

Java Threads: ( => current thread )
  0x0000020fd686b000 JavaThread "main" [_thread_blocked, id=1652, stack(0x0000007314d00000,0x0000007314e00000)]
  0x0000020ff1fd1800 JavaThread "Reference Handler" daemon [_thread_blocked, id=2548, stack(0x0000007315400000,0x0000007315500000)]
  0x0000020ff1fdb000 JavaThread "Finalizer" daemon [_thread_blocked, id=2944, stack(0x0000007315500000,0x0000007315600000)]
  0x0000020ff17b2000 JavaThread "Signal Dispatcher" daemon [_thread_blocked, id=12160, stack(0x0000007315600000,0x0000007315700000)]
  0x0000020ff17b4800 JavaThread "Attach Listener" daemon [_thread_blocked, id=13168, stack(0x0000007315700000,0x0000007315800000)]
  0x0000020ff17b9800 JavaThread "Service Thread" daemon [_thread_blocked, id=3536, stack(0x0000007315800000,0x0000007315900000)]
  0x0000020ff17bc800 JavaThread "C2 CompilerThread0" daemon [_thread_in_native, id=1476, stack(0x0000007315900000,0x0000007315a00000)]
  0x0000020ff202b800 JavaThread "C1 CompilerThread0" daemon [_thread_blocked, id=7124, stack(0x0000007315a00000,0x0000007315b00000)]
  0x0000020ff202c800 JavaThread "Sweeper thread" daemon [_thread_blocked, id=11940, stack(0x0000007315b00000,0x0000007315c00000)]
  0x0000020ff21a5000 JavaThread "Common-Cleaner" daemon [_thread_blocked, id=14712, stack(0x0000007315d00000,0x0000007315e00000)]
  0x0000020ff416e800 JavaThread "Daemon health stats" [_thread_blocked, id=10572, stack(0x0000007316400000,0x0000007316500000)]
  0x0000020ff4602000 JavaThread "Incoming local TCP Connector on port 60522" [_thread_in_native, id=10136, stack(0x0000007315f00000,0x0000007316000000)]
  0x0000020ff5c8a000 JavaThread "Daemon periodic checks" [_thread_blocked, id=2784, stack(0x0000007316600000,0x0000007316700000)]
  0x0000020ff46fe800 JavaThread "Cache worker for journal cache (C:\Users\Le Thanh Hang\.gradle\caches\journal-1)" [_thread_blocked, id=10288, stack(0x0000007317900000,0x0000007317a00000)]
  0x0000020ff4701000 JavaThread "File lock request listener" [_thread_in_native, id=2172, stack(0x0000007317a00000,0x0000007317b00000)]
  0x0000020ff46fe000 JavaThread "Cache worker for file hash cache (C:\Users\Le Thanh Hang\.gradle\caches\7.3.3\fileHashes)" [_thread_blocked, id=11572, stack(0x0000007317b00000,0x0000007317c00000)]
  0x0000020ff46ff800 JavaThread "File watcher server" daemon [_thread_in_native, id=15280, stack(0x0000007317f00000,0x0000007318000000)]
  0x0000020ff4700800 JavaThread "File watcher consumer" daemon [_thread_blocked, id=5492, stack(0x0000007318000000,0x0000007318100000)]
  0x0000020ff49d0000 JavaThread "Cache worker for execution history cache (C:\Users\Le Thanh Hang\.gradle\caches\7.3.3\executionHistory)" [_thread_blocked, id=7336, stack(0x0000007318400000,0x0000007318500000)]
  0x0000020ff49cd800 JavaThread "jar transforms" [_thread_blocked, id=10632, stack(0x0000007318700000,0x0000007318800000)]
  0x0000020ff49d3800 JavaThread "Cache worker for file content cache (C:\Users\Le Thanh Hang\.gradle\caches\7.3.3\fileContent)" [_thread_blocked, id=8880, stack(0x0000007318800000,0x0000007318900000)]
  0x0000020ff49ce800 JavaThread "jar transforms Thread 2" [_thread_blocked, id=9092, stack(0x0000007318900000,0x0000007318a00000)]
  0x0000020ff49d4000 JavaThread "jar transforms Thread 3" [_thread_blocked, id=12412, stack(0x0000007318b00000,0x0000007318c00000)]
  0x0000020ff94c5800 JavaThread "jar transforms Thread 4" [_thread_blocked, id=8908, stack(0x0000007321200000,0x0000007321300000)]
  0x0000020ff94c9800 JavaThread "jar transforms Thread 5" [_thread_blocked, id=12028, stack(0x0000007321300000,0x0000007321400000)]
  0x0000020ff94c3800 JavaThread "jar transforms Thread 6" [_thread_blocked, id=13572, stack(0x0000007321400000,0x0000007321500000)]
  0x0000020ff94c7000 JavaThread "jar transforms Thread 7" [_thread_blocked, id=14692, stack(0x0000007321500000,0x0000007321600000)]
  0x0000020ff94c8800 JavaThread "jar transforms Thread 8" [_thread_blocked, id=13316, stack(0x0000007321600000,0x0000007321700000)]
  0x0000020ff96ac000 JavaThread "jar transforms Thread 9" [_thread_blocked, id=5316, stack(0x0000007321700000,0x0000007321800000)]
  0x0000020ff96aa000 JavaThread "jar transforms Thread 10" [_thread_blocked, id=10660, stack(0x0000007321800000,0x0000007321900000)]
  0x0000020ff96a9000 JavaThread "jar transforms Thread 11" [_thread_blocked, id=9252, stack(0x0000007321900000,0x0000007321a00000)]
  0x0000020ff96a8000 JavaThread "jar transforms Thread 12" [_thread_blocked, id=13220, stack(0x0000007321a00000,0x0000007321b00000)]
  0x0000020ff96af800 JavaThread "jar transforms Thread 13" [_thread_blocked, id=13180, stack(0x0000007321b00000,0x0000007321c00000)]
  0x0000020ff96ad000 JavaThread "jar transforms Thread 14" [_thread_blocked, id=10208, stack(0x0000007321c00000,0x0000007321d00000)]
  0x0000020ff96ae000 JavaThread "jar transforms Thread 15" [_thread_blocked, id=11616, stack(0x0000007321d00000,0x0000007321e00000)]
  0x0000020ff96ae800 JavaThread "jar transforms Thread 16" [_thread_blocked, id=4084, stack(0x0000007321e00000,0x0000007321f00000)]
  0x0000020ff96aa800 JavaThread "Memory manager" [_thread_blocked, id=7320, stack(0x0000007321f00000,0x0000007322000000)]
  0x0000020ffd97d800 JavaThread "Cache worker for Java compile cache (C:\Users\Le Thanh Hang\.gradle\caches\7.3.3\javaCompile)" [_thread_blocked, id=14812, stack(0x0000007324d00000,0x0000007324e00000)]
  0x0000020ffc5bb800 JavaThread "ForkJoinPool.commonPool-worker-19" daemon [_thread_blocked, id=392, stack(0x0000007323100000,0x0000007323200000)]
  0x0000020ffc5c1800 JavaThread "ForkJoinPool.commonPool-worker-27" daemon [_thread_blocked, id=12844, stack(0x0000007327200000,0x0000007327300000)]
  0x0000020ffc5c2800 JavaThread "ForkJoinPool.commonPool-worker-13" daemon [_thread_blocked, id=10964, stack(0x0000007327300000,0x0000007327400000)]
  0x0000020ffc5c0000 JavaThread "ForkJoinPool.commonPool-worker-31" daemon [_thread_blocked, id=10796, stack(0x0000007327400000,0x0000007327500000)]
  0x0000020ffc5c3000 JavaThread "ForkJoinPool.commonPool-worker-3" daemon [_thread_blocked, id=3600, stack(0x0000007327500000,0x0000007327600000)]
  0x0000020ffc5c0800 JavaThread "ForkJoinPool.commonPool-worker-21" daemon [_thread_blocked, id=12308, stack(0x0000007327600000,0x0000007327700000)]
  0x0000020ffc5bd800 JavaThread "ForkJoinPool.commonPool-worker-7" daemon [_thread_blocked, id=10256, stack(0x0000007327700000,0x0000007327800000)]
  0x0000020ffc5c4000 JavaThread "ForkJoinPool.commonPool-worker-17" daemon [_thread_blocked, id=2220, stack(0x0000007327800000,0x0000007327900000)]
  0x0000020ffc5be000 JavaThread "ForkJoinPool.commonPool-worker-25" daemon [_thread_blocked, id=13568, stack(0x0000007327900000,0x0000007327a00000)]
  0x0000020ffc5c4800 JavaThread "ForkJoinPool.commonPool-worker-11" daemon [_thread_blocked, id=14048, stack(0x0000007327a00000,0x0000007327b00000)]
  0x0000020ffc5bf000 JavaThread "ForkJoinPool.commonPool-worker-29" daemon [_thread_blocked, id=12216, stack(0x0000007327b00000,0x0000007327c00000)]
  0x0000020ffc5cb800 JavaThread "ForkJoinPool.commonPool-worker-15" daemon [_thread_blocked, id=7068, stack(0x0000007327c00000,0x0000007327d00000)]
  0x0000020ffd974800 JavaThread "Daemon Thread 3" [_thread_blocked, id=11896, stack(0x0000007314a00000,0x0000007314b00000)]
  0x0000020ffd972000 JavaThread "Daemon worker Thread 3" [_thread_blocked, id=916, stack(0x0000007316000000,0x0000007316100000)]
  0x0000020ffd973000 JavaThread "Handler for socket connection from /127.0.0.1:60522 to /127.0.0.1:60868" [_thread_in_native, id=3256, stack(0x0000007314b00000,0x0000007314c00000)]
  0x0000020ffd974000 JavaThread "Cancel handler" [_thread_blocked, id=7596, stack(0x0000007314c00000,0x0000007314d00000)]
  0x0000020ffd975800 JavaThread "Asynchronous log dispatcher for DefaultDaemonConnection: socket connection from /127.0.0.1:60522 to /127.0.0.1:60868" [_thread_blocked, id=3104, stack(0x0000007315c00000,0x0000007315d00000)]
  0x0000020ffd976800 JavaThread "Stdin handler" [_thread_blocked, id=12960, stack(0x0000007316100000,0x0000007316200000)]
  0x0000020ffd977000 JavaThread "Daemon client event forwarder" [_thread_blocked, id=13840, stack(0x0000007316200000,0x0000007316300000)]
  0x0000020ffd971800 JavaThread "Cache worker for file hash cache (D:\NT118_PTUDDD\Lab\Lab6\Lab06_3\.gradle\7.3.3\fileHashes)" [_thread_blocked, id=7720, stack(0x0000007316500000,0x0000007316600000)]
  0x0000020ffd97c000 JavaThread "Cache worker for checksums cache (D:\NT118_PTUDDD\Lab\Lab6\Lab06_3\.gradle\7.3.3\checksums)" [_thread_blocked, id=9024, stack(0x0000007317600000,0x0000007317700000)]
  0x0000020ffd97d000 JavaThread "Cache worker for cache directory md-supplier (C:\Users\Le Thanh Hang\.gradle\caches\7.3.3\md-supplier)" [_thread_blocked, id=2516, stack(0x0000007317700000,0x0000007317800000)]
  0x0000020ffd978800 JavaThread "Cache worker for cache directory md-rule (C:\Users\Le Thanh Hang\.gradle\caches\7.3.3\md-rule)" [_thread_blocked, id=2432, stack(0x0000007317800000,0x0000007317900000)]
  0x0000020ffd979800 JavaThread "Cache worker for dependencies-accessors (D:\NT118_PTUDDD\Lab\Lab6\Lab06_3\.gradle\7.3.3\dependencies-accessors)" [_thread_blocked, id=9272, stack(0x0000007318100000,0x0000007318200000)]
=>0x0000020ffd978000 JavaThread "C2 CompilerThread1" daemon [_thread_in_native, id=3896, stack(0x0000007318200000,0x0000007318300000)]
  0x0000020ffd97e800 JavaThread "Cache worker for Build Output Cleanup Cache (D:\NT118_PTUDDD\Lab\Lab6\Lab06_3\.gradle\buildOutputCleanup)" [_thread_blocked, id=6932, stack(0x0000007318300000,0x0000007318400000)]
  0x0000020ffd97b000 JavaThread "Unconstrained build operations" [_thread_blocked, id=11512, stack(0x0000007318500000,0x0000007318600000)]
  0x0000020ffd97a800 JavaThread "Unconstrained build operations Thread 2" [_thread_blocked, id=2604, stack(0x0000007318600000,0x0000007318700000)]
  0x0000020ffd985000 JavaThread "Unconstrained build operations Thread 3" [_thread_blocked, id=9744, stack(0x0000007318a00000,0x0000007318b00000)]
  0x0000020ffd983800 JavaThread "Unconstrained build operations Thread 4" [_thread_blocked, id=15136, stack(0x0000007318c00000,0x0000007318d00000)]
  0x0000020ffd97f800 JavaThread "Unconstrained build operations Thread 5" [_thread_blocked, id=9020, stack(0x0000007318d00000,0x0000007318e00000)]
  0x0000020ffd984000 JavaThread "Unconstrained build operations Thread 6" [_thread_blocked, id=15216, stack(0x0000007318e00000,0x0000007318f00000)]
  0x0000020ffd986000 JavaThread "Unconstrained build operations Thread 7" [_thread_blocked, id=14844, stack(0x0000007318f00000,0x0000007319000000)]
  0x0000020ffd980000 JavaThread "Unconstrained build operations Thread 8" [_thread_blocked, id=11924, stack(0x0000007319000000,0x0000007319100000)]
  0x0000020ffd986800 JavaThread "Unconstrained build operations Thread 9" [_thread_blocked, id=12740, stack(0x0000007319100000,0x0000007319200000)]
  0x0000020ffd987800 JavaThread "Unconstrained build operations Thread 10" [_thread_blocked, id=1932, stack(0x0000007319200000,0x0000007319300000)]
  0x0000020ffd982800 JavaThread "Unconstrained build operations Thread 11" [_thread_blocked, id=8, stack(0x0000007319300000,0x0000007319400000)]
  0x0000020ffd981800 JavaThread "Unconstrained build operations Thread 12" [_thread_blocked, id=12084, stack(0x0000007319400000,0x0000007319500000)]
  0x0000020ffd98b800 JavaThread "Unconstrained build operations Thread 13" [_thread_blocked, id=6316, stack(0x0000007319500000,0x0000007319600000)]
  0x0000020ffd98c800 JavaThread "Unconstrained build operations Thread 14" [_thread_blocked, id=400, stack(0x0000007319600000,0x0000007319700000)]
  0x0000020ffd98a800 JavaThread "Unconstrained build operations Thread 15" [_thread_blocked, id=12116, stack(0x0000007319700000,0x0000007319800000)]
  0x0000020ffd98d000 JavaThread "Unconstrained build operations Thread 16" [_thread_blocked, id=11804, stack(0x0000007319800000,0x0000007319900000)]
  0x0000020ffd98e000 JavaThread "Unconstrained build operations Thread 17" [_thread_blocked, id=9396, stack(0x0000007319900000,0x0000007319a00000)]
  0x0000020ffd988800 JavaThread "Unconstrained build operations Thread 18" [_thread_blocked, id=3664, stack(0x0000007319a00000,0x0000007319b00000)]
  0x0000020ffd98f000 JavaThread "Unconstrained build operations Thread 19" [_thread_blocked, id=10808, stack(0x0000007319b00000,0x0000007319c00000)]
  0x0000020ffd989000 JavaThread "Unconstrained build operations Thread 20" [_thread_blocked, id=6332, stack(0x0000007319c00000,0x0000007319d00000)]
  0x0000020ffd98f800 JavaThread "Unconstrained build operations Thread 21" [_thread_blocked, id=14424, stack(0x0000007319d00000,0x0000007319e00000)]
  0x0000020ffd98a000 JavaThread "Unconstrained build operations Thread 22" [_thread_blocked, id=2580, stack(0x0000007319e00000,0x0000007319f00000)]
  0x0000020ffd990800 JavaThread "Unconstrained build operations Thread 23" [_thread_blocked, id=10984, stack(0x0000007319f00000,0x000000731a000000)]
  0x0000020ff96b6000 JavaThread "Unconstrained build operations Thread 24" [_thread_blocked, id=12240, stack(0x000000731a000000,0x000000731a100000)]
  0x0000020ff96b1000 JavaThread "Unconstrained build operations Thread 25" [_thread_blocked, id=3548, stack(0x000000731a100000,0x000000731a200000)]
  0x0000020ff96b2000 JavaThread "Unconstrained build operations Thread 26" [_thread_blocked, id=11416, stack(0x000000731a200000,0x000000731a300000)]
  0x0000020ff96b5000 JavaThread "Unconstrained build operations Thread 27" [_thread_blocked, id=10408, stack(0x000000731a300000,0x000000731a400000)]
  0x0000020ff96b3800 JavaThread "Unconstrained build operations Thread 28" [_thread_blocked, id=15008, stack(0x000000731a400000,0x000000731a500000)]
  0x0000020ff96b2800 JavaThread "Unconstrained build operations Thread 29" [_thread_blocked, id=12152, stack(0x000000731a500000,0x000000731a600000)]
  0x0000020ff96b4800 JavaThread "Unconstrained build operations Thread 30" [_thread_blocked, id=8008, stack(0x000000731a600000,0x000000731a700000)]
  0x0000020ff96b0800 JavaThread "Unconstrained build operations Thread 31" [_thread_blocked, id=10896, stack(0x000000731a700000,0x000000731a800000)]
  0x0000020ff96b9800 JavaThread "Unconstrained build operations Thread 32" [_thread_blocked, id=6676, stack(0x000000731a800000,0x000000731a900000)]
  0x0000020ff96ba000 JavaThread "Unconstrained build operations Thread 33" [_thread_blocked, id=9212, stack(0x000000731a900000,0x000000731aa00000)]
  0x0000020ff96bb000 JavaThread "Unconstrained build operations Thread 34" [_thread_blocked, id=1972, stack(0x000000731aa00000,0x000000731ab00000)]
  0x0000020ff96bc800 JavaThread "Unconstrained build operations Thread 35" [_thread_blocked, id=3172, stack(0x000000731ab00000,0x000000731ac00000)]
  0x0000020ff96bb800 JavaThread "Unconstrained build operations Thread 36" [_thread_blocked, id=7348, stack(0x000000731ac00000,0x000000731ad00000)]
  0x0000020ff96b8800 JavaThread "Unconstrained build operations Thread 37" [_thread_blocked, id=14124, stack(0x000000731ad00000,0x000000731ae00000)]
  0x0000020ff96b7000 JavaThread "Unconstrained build operations Thread 38" [_thread_blocked, id=11036, stack(0x000000731ae00000,0x000000731af00000)]
  0x0000020ff96bd800 JavaThread "Unconstrained build operations Thread 39" [_thread_blocked, id=1504, stack(0x000000731af00000,0x000000731b000000)]
  0x0000020ff96b7800 JavaThread "Unconstrained build operations Thread 40" [_thread_blocked, id=13868, stack(0x000000731b000000,0x000000731b100000)]
  0x0000020ff96c4000 JavaThread "Unconstrained build operations Thread 41" [_thread_blocked, id=4332, stack(0x000000731b100000,0x000000731b200000)]
  0x0000020ff96bf000 JavaThread "Unconstrained build operations Thread 42" [_thread_blocked, id=10012, stack(0x000000731b200000,0x000000731b300000)]
  0x0000020ff96c0800 JavaThread "Unconstrained build operations Thread 43" [_thread_blocked, id=13436, stack(0x000000731b300000,0x000000731b400000)]
  0x0000020ff96c0000 JavaThread "Unconstrained build operations Thread 44" [_thread_blocked, id=12684, stack(0x000000731b400000,0x000000731b500000)]
  0x0000020ff96c2800 JavaThread "Unconstrained build operations Thread 45" [_thread_blocked, id=1100, stack(0x000000731b500000,0x000000731b600000)]
  0x0000020ff96c3000 JavaThread "Unconstrained build operations Thread 46" [_thread_blocked, id=8804, stack(0x000000731b600000,0x000000731b700000)]
  0x0000020ff96be000 JavaThread "Unconstrained build operations Thread 47" [_thread_blocked, id=7048, stack(0x000000731b700000,0x000000731b800000)]
  0x0000020ff96c1800 JavaThread "Unconstrained build operations Thread 48" [_thread_blocked, id=7936, stack(0x000000731b800000,0x000000731b900000)]
  0x0000020ff96c4800 JavaThread "Unconstrained build operations Thread 49" [_thread_blocked, id=12100, stack(0x000000731b900000,0x000000731ba00000)]
  0x0000020ff96c6800 JavaThread "Unconstrained build operations Thread 50" [_thread_blocked, id=5764, stack(0x000000731ba00000,0x000000731bb00000)]
  0x0000020ff96c5800 JavaThread "Unconstrained build operations Thread 51" [_thread_blocked, id=2232, stack(0x000000731bb00000,0x000000731bc00000)]
  0x0000020ff96c7000 JavaThread "Unconstrained build operations Thread 52" [_thread_blocked, id=3396, stack(0x000000731bc00000,0x000000731bd00000)]
  0x0000020ffc5b3000 JavaThread "Unconstrained build operations Thread 53" [_thread_blocked, id=15272, stack(0x000000731bd00000,0x000000731be00000)]
  0x0000020ffc5b1000 JavaThread "Unconstrained build operations Thread 54" [_thread_blocked, id=2772, stack(0x000000731be00000,0x000000731bf00000)]
  0x0000020ffc5b0800 JavaThread "Unconstrained build operations Thread 55" [_thread_blocked, id=9776, stack(0x000000731bf00000,0x000000731c000000)]
  0x0000020ffc5b7800 JavaThread "Unconstrained build operations Thread 56" [_thread_blocked, id=13588, stack(0x000000731c000000,0x000000731c100000)]
  0x0000020ffc5b6000 JavaThread "Unconstrained build operations Thread 57" [_thread_blocked, id=12080, stack(0x000000731c100000,0x000000731c200000)]
  0x0000020ffc5b3800 JavaThread "Unconstrained build operations Thread 58" [_thread_blocked, id=10504, stack(0x000000731c200000,0x000000731c300000)]
  0x0000020ffc5b2000 JavaThread "Unconstrained build operations Thread 59" [_thread_blocked, id=8480, stack(0x000000731c300000,0x000000731c400000)]
  0x0000020ffc5b5000 JavaThread "Unconstrained build operations Thread 60" [_thread_blocked, id=5548, stack(0x000000731c400000,0x000000731c500000)]
  0x0000020ffc5ba000 JavaThread "Unconstrained build operations Thread 61" [_thread_blocked, id=7356, stack(0x000000731c500000,0x000000731c600000)]
  0x0000020ffc5b8800 JavaThread "Unconstrained build operations Thread 62" [_thread_blocked, id=12268, stack(0x000000731c600000,0x000000731c700000)]
  0x0000020ffc5b4800 JavaThread "Unconstrained build operations Thread 63" [_thread_blocked, id=11680, stack(0x000000731c700000,0x000000731c800000)]
  0x0000020ffc5b9800 JavaThread "Unconstrained build operations Thread 64" [_thread_blocked, id=10580, stack(0x000000731c800000,0x000000731c900000)]
  0x0000020ffc5bb000 JavaThread "Unconstrained build operations Thread 65" [_thread_blocked, id=12584, stack(0x000000731c900000,0x000000731ca00000)]
  0x0000020ffc5bc800 JavaThread "Unconstrained build operations Thread 66" [_thread_blocked, id=4192, stack(0x000000731ca00000,0x000000731cb00000)]
  0x0000020ffc5b7000 JavaThread "Unconstrained build operations Thread 67" [_thread_blocked, id=3740, stack(0x000000731cb00000,0x000000731cc00000)]
  0x0000020ffc5c6800 JavaThread "Unconstrained build operations Thread 68" [_thread_blocked, id=7252, stack(0x000000731cc00000,0x000000731cd00000)]
  0x0000020ffc5ca800 JavaThread "Unconstrained build operations Thread 69" [_thread_blocked, id=11968, stack(0x000000731cd00000,0x000000731ce00000)]
  0x0000020ffc5c5800 JavaThread "Unconstrained build operations Thread 70" [_thread_blocked, id=7712, stack(0x000000731ce00000,0x000000731cf00000)]
  0x0000020ffc5c9000 JavaThread "Unconstrained build operations Thread 71" [_thread_blocked, id=15016, stack(0x000000731cf00000,0x000000731d000000)]
  0x0000020ffc5cd000 JavaThread "Unconstrained build operations Thread 72" [_thread_blocked, id=5516, stack(0x000000731d000000,0x000000731d100000)]
  0x0000020ffc5c7000 JavaThread "Unconstrained build operations Thread 73" [_thread_blocked, id=2072, stack(0x000000731d100000,0x000000731d200000)]
  0x0000020ffc5cd800 JavaThread "Unconstrained build operations Thread 74" [_thread_blocked, id=8680, stack(0x000000731d200000,0x000000731d300000)]
  0x0000020ffc5cc000 JavaThread "Unconstrained build operations Thread 75" [_thread_blocked, id=6020, stack(0x000000731d300000,0x000000731d400000)]
  0x0000020ffc5c8000 JavaThread "Unconstrained build operations Thread 76" [_thread_blocked, id=2720, stack(0x000000731d400000,0x000000731d500000)]
  0x0000020ffc5ce800 JavaThread "Unconstrained build operations Thread 77" [_thread_blocked, id=11856, stack(0x000000731d500000,0x000000731d600000)]
  0x0000020ffc5cf800 JavaThread "Unconstrained build operations Thread 78" [_thread_blocked, id=15292, stack(0x000000731d600000,0x000000731d700000)]
  0x0000020ffc5c9800 JavaThread "Unconstrained build operations Thread 79" [_thread_blocked, id=1800, stack(0x000000731d700000,0x000000731d800000)]
  0x0000020ff94bf800 JavaThread "Unconstrained build operations Thread 80" [_thread_blocked, id=9760, stack(0x000000731d800000,0x000000731d900000)]
  0x0000020ff94c0800 JavaThread "Unconstrained build operations Thread 81" [_thread_blocked, id=12304, stack(0x000000731d900000,0x000000731da00000)]
  0x0000020ff94bd000 JavaThread "Unconstrained build operations Thread 82" [_thread_blocked, id=14244, stack(0x000000731da00000,0x000000731db00000)]
  0x0000020ff94be000 JavaThread "Unconstrained build operations Thread 83" [_thread_blocked, id=3000, stack(0x000000731db00000,0x000000731dc00000)]
  0x0000020ff94bc800 JavaThread "Unconstrained build operations Thread 84" [_thread_blocked, id=8512, stack(0x000000731dc00000,0x000000731dd00000)]
  0x0000020ff94bf000 JavaThread "Unconstrained build operations Thread 85" [_thread_blocked, id=11556, stack(0x000000731dd00000,0x000000731de00000)]
  0x0000020ff94ba800 JavaThread "Unconstrained build operations Thread 86" [_thread_blocked, id=8772, stack(0x000000731de00000,0x000000731df00000)]
  0x0000020ff94c1800 JavaThread "Unconstrained build operations Thread 87" [_thread_blocked, id=5608, stack(0x000000731df00000,0x000000731e000000)]
  0x0000020ff94bb800 JavaThread "Unconstrained build operations Thread 88" [_thread_blocked, id=8188, stack(0x000000731e000000,0x000000731e100000)]
  0x0000020ff94c4800 JavaThread "Unconstrained build operations Thread 89" [_thread_blocked, id=3356, stack(0x000000731e100000,0x000000731e200000)]
  0x0000020ff94c6000 JavaThread "Unconstrained build operations Thread 90" [_thread_blocked, id=12532, stack(0x000000731e200000,0x000000731e300000)]
  0x0000020ff94c8000 JavaThread "Unconstrained build operations Thread 91" [_thread_blocked, id=1584, stack(0x000000731e300000,0x000000731e400000)]
  0x0000020ff94c2000 JavaThread "Unconstrained build operations Thread 92" [_thread_blocked, id=12900, stack(0x000000731e400000,0x000000731e500000)]
  0x0000020ff94c3000 JavaThread "Unconstrained build operations Thread 93" [_thread_blocked, id=4732, stack(0x000000731e500000,0x000000731e600000)]
  0x0000020ff49d6800 JavaThread "Unconstrained build operations Thread 94" [_thread_blocked, id=4720, stack(0x000000731e600000,0x000000731e700000)]
  0x0000020ff49d1000 JavaThread "Unconstrained build operations Thread 95" [_thread_blocked, id=7784, stack(0x000000731e700000,0x000000731e800000)]
  0x0000020ff49da000 JavaThread "Unconstrained build operations Thread 96" [_thread_blocked, id=1632, stack(0x000000731e800000,0x000000731e900000)]
  0x0000020ff49da800 JavaThread "Unconstrained build operations Thread 97" [_thread_blocked, id=11904, stack(0x000000731e900000,0x000000731ea00000)]
  0x0000020ff49d8800 JavaThread "Unconstrained build operations Thread 98" [_thread_blocked, id=12936, stack(0x000000731ea00000,0x000000731eb00000)]
  0x0000020ff49d5000 JavaThread "Unconstrained build operations Thread 99" [_thread_blocked, id=10196, stack(0x000000731eb00000,0x000000731ec00000)]
  0x0000020ff49d7800 JavaThread "Unconstrained build operations Thread 100" [_thread_blocked, id=11180, stack(0x000000731ec00000,0x000000731ed00000)]
  0x0000020ff49db800 JavaThread "Unconstrained build operations Thread 101" [_thread_blocked, id=14380, stack(0x000000731ed00000,0x000000731ee00000)]
  0x0000020ff49dc800 JavaThread "Unconstrained build operations Thread 102" [_thread_blocked, id=7632, stack(0x000000731ee00000,0x000000731ef00000)]
  0x0000020ff49d9000 JavaThread "Unconstrained build operations Thread 103" [_thread_blocked, id=9672, stack(0x000000731ef00000,0x000000731f000000)]
  0x0000020ff4702000 JavaThread "Unconstrained build operations Thread 104" [_thread_blocked, id=5624, stack(0x000000731f000000,0x000000731f100000)]
  0x0000020ff46fc000 JavaThread "Unconstrained build operations Thread 105" [_thread_blocked, id=5792, stack(0x000000731f100000,0x000000731f200000)]
  0x0000020ff4702800 JavaThread "Unconstrained build operations Thread 106" [_thread_blocked, id=10864, stack(0x000000731f200000,0x000000731f300000)]
  0x0000020ff46fd000 JavaThread "Unconstrained build operations Thread 107" [_thread_blocked, id=14492, stack(0x000000731f300000,0x000000731f400000)]
  0x0000020fff0a8000 JavaThread "Unconstrained build operations Thread 108" [_thread_blocked, id=14548, stack(0x000000731f400000,0x000000731f500000)]
  0x0000020fff0a9000 JavaThread "Unconstrained build operations Thread 109" [_thread_blocked, id=11672, stack(0x000000731f500000,0x000000731f600000)]
  0x0000020fff0a3800 JavaThread "Unconstrained build operations Thread 110" [_thread_blocked, id=11384, stack(0x000000731f600000,0x000000731f700000)]
  0x0000020fff0a5800 JavaThread "Unconstrained build operations Thread 111" [_thread_blocked, id=11832, stack(0x000000731f700000,0x000000731f800000)]
  0x0000020fff0a7800 JavaThread "Unconstrained build operations Thread 112" [_thread_blocked, id=14428, stack(0x000000731f800000,0x000000731f900000)]
  0x0000020fff0a4000 JavaThread "Unconstrained build operations Thread 113" [_thread_blocked, id=15020, stack(0x000000731f900000,0x000000731fa00000)]
  0x0000020fff0a6800 JavaThread "Unconstrained build operations Thread 114" [_thread_blocked, id=12664, stack(0x000000731fa00000,0x000000731fb00000)]
  0x0000020fff0a5000 JavaThread "Unconstrained build operations Thread 115" [_thread_blocked, id=7696, stack(0x000000731fb00000,0x000000731fc00000)]
  0x0000020fff0ae000 JavaThread "Unconstrained build operations Thread 116" [_thread_blocked, id=9208, stack(0x000000731fc00000,0x000000731fd00000)]
  0x0000020fff0aa800 JavaThread "Unconstrained build operations Thread 117" [_thread_blocked, id=12560, stack(0x000000731fd00000,0x000000731fe00000)]
  0x0000020fff0ab800 JavaThread "Unconstrained build operations Thread 118" [_thread_blocked, id=5288, stack(0x000000731fe00000,0x000000731ff00000)]
  0x0000020fff0ac800 JavaThread "Unconstrained build operations Thread 119" [_thread_blocked, id=8360, stack(0x000000731ff00000,0x0000007320000000)]
  0x0000020fff0ad000 JavaThread "Unconstrained build operations Thread 120" [_thread_blocked, id=5404, stack(0x0000007320000000,0x0000007320100000)]
  0x0000020fff0ae800 JavaThread "Unconstrained build operations Thread 121" [_thread_blocked, id=7672, stack(0x0000007320100000,0x0000007320200000)]
  0x0000020fff0aa000 JavaThread "Unconstrained build operations Thread 122" [_thread_blocked, id=5912, stack(0x0000007320200000,0x0000007320300000)]
  0x0000020fff0b0800 JavaThread "Unconstrained build operations Thread 123" [_thread_blocked, id=8984, stack(0x0000007320300000,0x0000007320400000)]
  0x0000020fff0b1000 JavaThread "Unconstrained build operations Thread 124" [_thread_blocked, id=13632, stack(0x0000007320400000,0x0000007320500000)]
  0x0000020fff0b2000 JavaThread "Unconstrained build operations Thread 125" [_thread_blocked, id=8316, stack(0x0000007320500000,0x0000007320600000)]
  0x0000020fff0af800 JavaThread "Unconstrained build operations Thread 126" [_thread_blocked, id=14688, stack(0x0000007320600000,0x0000007320700000)]
  0x0000020ffbe2f000 JavaThread "Unconstrained build operations Thread 127" [_thread_blocked, id=14372, stack(0x0000007320700000,0x0000007320800000)]
  0x0000020ffbe33000 JavaThread "Unconstrained build operations Thread 128" [_thread_blocked, id=12728, stack(0x0000007320800000,0x0000007320900000)]
  0x0000020ffbe2e000 JavaThread "Unconstrained build operations Thread 129" [_thread_blocked, id=2572, stack(0x0000007320900000,0x0000007320a00000)]
  0x0000020ffbe2f800 JavaThread "Unconstrained build operations Thread 130" [_thread_blocked, id=8056, stack(0x0000007320a00000,0x0000007320b00000)]
  0x0000020ffbe2d000 JavaThread "Unconstrained build operations Thread 131" [_thread_blocked, id=8000, stack(0x0000007320b00000,0x0000007320c00000)]
  0x0000020ffbe34000 JavaThread "Unconstrained build operations Thread 132" [_thread_blocked, id=2108, stack(0x0000007320c00000,0x0000007320d00000)]
  0x0000020ffbe31800 JavaThread "Unconstrained build operations Thread 133" [_thread_blocked, id=6644, stack(0x0000007320d00000,0x0000007320e00000)]
  0x0000020ffbe36000 JavaThread "Unconstrained build operations Thread 134" [_thread_blocked, id=9544, stack(0x0000007320e00000,0x0000007320f00000)]
  0x0000020ffbe30800 JavaThread "Unconstrained build operations Thread 135" [_thread_blocked, id=11892, stack(0x0000007320f00000,0x0000007321000000)]
  0x0000020ffbe37000 JavaThread "C1 CompilerThread1" daemon [_thread_blocked, id=100, stack(0x0000007321000000,0x0000007321100000)]
  0x0000020ffbe38000 JavaThread "C1 CompilerThread2" daemon [_thread_blocked, id=4744, stack(0x0000007321100000,0x0000007321200000)]
  0x0000020ffbe32000 JavaThread "C1 CompilerThread3" daemon [_thread_blocked, id=7380, stack(0x0000007322000000,0x0000007322100000)]
  0x0000020ffbe34800 JavaThread "build event listener" [_thread_blocked, id=12208, stack(0x0000007322100000,0x0000007322200000)]
  0x0000020ffbe3b000 JavaThread "Execution worker for ':'" [_thread_in_native, id=11040, stack(0x0000007322200000,0x0000007322300000)]
  0x0000020ffbe39800 JavaThread "Execution worker for ':' Thread 2" [_thread_blocked, id=7220, stack(0x0000007322300000,0x0000007322400000)]
  0x0000020ffbe38800 JavaThread "Execution worker for ':' Thread 3" [_thread_blocked, id=5800, stack(0x0000007322400000,0x0000007322500000)]
  0x0000020ffbe35800 JavaThread "Execution worker for ':' Thread 4" [_thread_blocked, id=8756, stack(0x0000007322500000,0x0000007322600000)]
  0x0000020ffbe3c000 JavaThread "Execution worker for ':' Thread 5" [_thread_blocked, id=2684, stack(0x0000007322600000,0x0000007322700000)]
  0x0000020ffbe3a800 JavaThread "Execution worker for ':' Thread 6" [_thread_blocked, id=3336, stack(0x0000007322700000,0x0000007322800000)]
  0x0000020ffdc45800 JavaThread "Execution worker for ':' Thread 7" [_thread_blocked, id=8516, stack(0x0000007322800000,0x0000007322900000)]
  0x0000020ffdc46000 JavaThread "Execution worker for ':' Thread 8" [_thread_blocked, id=11236, stack(0x0000007322900000,0x0000007322a00000)]
  0x0000020ffdc44800 JavaThread "Execution worker for ':' Thread 9" [_thread_blocked, id=9732, stack(0x0000007322a00000,0x0000007322b00000)]
  0x0000020ffdc47000 JavaThread "Execution worker for ':' Thread 10" [_thread_blocked, id=12880, stack(0x0000007322b00000,0x0000007322c00000)]
  0x0000020ffdc41000 JavaThread "Execution worker for ':' Thread 11" [_thread_blocked, id=5600, stack(0x0000007322c00000,0x0000007322d00000)]
  0x0000020ffdc47800 JavaThread "Execution worker for ':' Thread 12" [_thread_blocked, id=5708, stack(0x0000007322d00000,0x0000007322e00000)]
  0x0000020ffdc42000 JavaThread "Execution worker for ':' Thread 13" [_thread_blocked, id=1844, stack(0x0000007322e00000,0x0000007322f00000)]
  0x0000020ffdc48800 JavaThread "Cache worker for execution history cache (D:\NT118_PTUDDD\Lab\Lab6\Lab06_3\.gradle\7.3.3\executionHistory)" [_thread_blocked, id=12280, stack(0x0000007322f00000,0x0000007323000000)]
  0x0000020ffdc43000 JavaThread "Execution worker for ':' Thread 14" [_thread_blocked, id=6592, stack(0x0000007323000000,0x0000007323100000)]
  0x0000020ffdc43800 JavaThread "Execution worker for ':' Thread 15" [_thread_blocked, id=14652, stack(0x0000007323200000,0x0000007323300000)]

Other Threads:
  0x0000020ff17a5800 VMThread "VM Thread" [stack: 0x0000007315300000,0x0000007315400000] [id=7096]
  0x0000020ff21f6000 WatcherThread [stack: 0x0000007315e00000,0x0000007315f00000] [id=2344]
  0x0000020fd6883000 GCTaskThread "GC Thread#0" [stack: 0x0000007314e00000,0x0000007314f00000] [id=8956]
  0x0000020ff3364800 GCTaskThread "GC Thread#1" [stack: 0x0000007316300000,0x0000007316400000] [id=12520]
  0x0000020ff37ec800 GCTaskThread "GC Thread#2" [stack: 0x0000007316a00000,0x0000007316b00000] [id=8304]
  0x0000020ff40ad000 GCTaskThread "GC Thread#3" [stack: 0x0000007316b00000,0x0000007316c00000] [id=14988]
  0x0000020ff40ad800 GCTaskThread "GC Thread#4" [stack: 0x0000007316c00000,0x0000007316d00000] [id=11060]
  0x0000020ff46b9800 GCTaskThread "GC Thread#5" [stack: 0x0000007316d00000,0x0000007316e00000] [id=2948]
  0x0000020ff46ba800 GCTaskThread "GC Thread#6" [stack: 0x0000007316e00000,0x0000007316f00000] [id=9344]
  0x0000020ff3758800 GCTaskThread "GC Thread#7" [stack: 0x0000007316f00000,0x0000007317000000] [id=5324]
  0x0000020ff3759800 GCTaskThread "GC Thread#8" [stack: 0x0000007317000000,0x0000007317100000] [id=13452]
  0x0000020ff28c2000 GCTaskThread "GC Thread#9" [stack: 0x0000007317100000,0x0000007317200000] [id=6544]
  0x0000020ff28c2800 GCTaskThread "GC Thread#10" [stack: 0x0000007317200000,0x0000007317300000] [id=10324]
  0x0000020ff479f000 GCTaskThread "GC Thread#11" [stack: 0x0000007317300000,0x0000007317400000] [id=3012]
  0x0000020ff47a0000 GCTaskThread "GC Thread#12" [stack: 0x0000007317400000,0x0000007317500000] [id=6384]
  0x0000020fd68b9800 ConcurrentGCThread "G1 Main Marker" [stack: 0x0000007314f00000,0x0000007315000000] [id=1836]
  0x0000020fd68bc000 ConcurrentGCThread "G1 Conc#0" [stack: 0x0000007315000000,0x0000007315100000] [id=12800]
  0x0000020ff48d3800 ConcurrentGCThread "G1 Conc#1" [stack: 0x0000007317c00000,0x0000007317d00000] [id=1108]
  0x0000020ff5c5a000 ConcurrentGCThread "G1 Conc#2" [stack: 0x0000007317d00000,0x0000007317e00000] [id=4092]
  0x0000020ff15f0800 ConcurrentGCThread "G1 Refine#0" [stack: 0x0000007315100000,0x0000007315200000] [id=8440]
  0x0000020ff5a12000 ConcurrentGCThread "G1 Refine#1" [stack: 0x0000007317e00000,0x0000007317f00000] [id=4928]
  0x0000020ff5a15000 ConcurrentGCThread "G1 Refine#2" [stack: 0x0000007316800000,0x0000007316900000] [id=12944]
  0x0000020ff5a10000 ConcurrentGCThread "G1 Refine#3" [stack: 0x0000007317500000,0x0000007317600000] [id=7576]
  0x0000020ff924f800 ConcurrentGCThread "G1 Refine#4" [stack: 0x0000007316700000,0x0000007316800000] [id=10132]
  0x0000020ff9250000 ConcurrentGCThread "G1 Refine#5" [stack: 0x0000007316900000,0x0000007316a00000] [id=12480]
  0x0000020ff15f1800 ConcurrentGCThread "G1 Young RemSet Sampling" [stack: 0x0000007315200000,0x0000007315300000] [id=10040]

Threads with active compile tasks:
C2 CompilerThread0 263635 18729   !   4       com.google.common.base.Suppliers$NonSerializableMemoizingSupplier::get (62 bytes)
C2 CompilerThread1 263635 18582   !   4       sun.net.www.ParseUtil::decode (317 bytes)

VM state:not at safepoint (normal execution)

VM Mutex/Monitor currently owned by a thread: None

Heap address: 0x0000000080000000, size: 2048 MB, Compressed Oops mode: 32-bit
Narrow klass base: 0x0000000000000000, Narrow klass shift: 3
Compressed class space size: 1073741824 Address: 0x0000000100000000

Heap:
 garbage-first heap   total 178176K, used 109568K [0x0000000080000000, 0x0000000100000000)
  region size 1024K, 11 young (11264K), 1 survivors (1024K)
 Metaspace       used 114240K, capacity 117549K, committed 117736K, reserved 1150976K
  class space    used 14700K, capacity 15982K, committed 16024K, reserved 1048576K
Heap Regions: E=young(eden), S=young(survivor), O=old, HS=humongous(starts), HC=humongous(continues), CS=collection set, F=free, A=archive, TAMS=top-at-mark-start (previous, next)
|   0|0x0000000080000000, 0x0000000080100000, 0x0000000080100000|100%| O|  |TAMS 0x0000000080100000, 0x0000000080000000| Untracked 
|   1|0x0000000080100000, 0x0000000080200000, 0x0000000080200000|100%| O|  |TAMS 0x0000000080200000, 0x0000000080100000| Untracked 
|   2|0x0000000080200000, 0x0000000080300000, 0x0000000080300000|100%| O|  |TAMS 0x0000000080300000, 0x0000000080200000| Untracked 
|   3|0x0000000080300000, 0x0000000080400000, 0x0000000080400000|100%|HS|  |TAMS 0x0000000080400000, 0x0000000080300000| Complete 
|   4|0x0000000080400000, 0x0000000080500000, 0x0000000080500000|100%|HC|  |TAMS 0x0000000080500000, 0x0000000080400000| Complete 
|   5|0x0000000080500000, 0x0000000080600000, 0x0000000080600000|100%|HC|  |TAMS 0x0000000080600000, 0x0000000080500000| Complete 
|   6|0x0000000080600000, 0x0000000080700000, 0x0000000080700000|100%| O|  |TAMS 0x0000000080700000, 0x0000000080600000| Untracked 
|   7|0x0000000080700000, 0x0000000080800000, 0x0000000080800000|100%| O|  |TAMS 0x0000000080800000, 0x0000000080700000| Untracked 
|   8|0x0000000080800000, 0x0000000080900000, 0x0000000080900000|100%| O|  |TAMS 0x0000000080900000, 0x0000000080800000| Untracked 
|   9|0x0000000080900000, 0x0000000080a00000, 0x0000000080a00000|100%| O|  |TAMS 0x0000000080a00000, 0x0000000080900000| Untracked 
|  10|0x0000000080a00000, 0x0000000080b00000, 0x0000000080b00000|100%| O|  |TAMS 0x0000000080b00000, 0x0000000080a00000| Untracked 
|  11|0x0000000080b00000, 0x0000000080c00000, 0x0000000080c00000|100%| O|  |TAMS 0x0000000080c00000, 0x0000000080b00000| Untracked 
|  12|0x0000000080c00000, 0x0000000080d00000, 0x0000000080d00000|100%| O|  |TAMS 0x0000000080d00000, 0x0000000080c00000| Untracked 
|  13|0x0000000080d00000, 0x0000000080e00000, 0x0000000080e00000|100%| O|  |TAMS 0x0000000080e00000, 0x0000000080d00000| Untracked 
|  14|0x0000000080e00000, 0x0000000080f00000, 0x0000000080f00000|100%| O|  |TAMS 0x0000000080f00000, 0x0000000080e00000| Untracked 
|  15|0x0000000080f00000, 0x0000000081000000, 0x0000000081000000|100%| O|  |TAMS 0x0000000081000000, 0x0000000080f00000| Untracked 
|  16|0x0000000081000000, 0x0000000081100000, 0x0000000081100000|100%| O|  |TAMS 0x0000000081100000, 0x0000000081000000| Untracked 
|  17|0x0000000081100000, 0x0000000081200000, 0x0000000081200000|100%| O|  |TAMS 0x0000000081200000, 0x0000000081100000| Untracked 
|  18|0x0000000081200000, 0x0000000081300000, 0x0000000081300000|100%| O|  |TAMS 0x0000000081300000, 0x0000000081200000| Untracked 
|  19|0x0000000081300000, 0x0000000081400000, 0x0000000081400000|100%| O|  |TAMS 0x0000000081400000, 0x0000000081300000| Untracked 
|  20|0x0000000081400000, 0x0000000081500000, 0x0000000081500000|100%| O|  |TAMS 0x0000000081500000, 0x0000000081400000| Untracked 
|  21|0x0000000081500000, 0x0000000081600000, 0x0000000081600000|100%| O|  |TAMS 0x0000000081600000, 0x0000000081500000| Untracked 
|  22|0x0000000081600000, 0x0000000081700000, 0x0000000081700000|100%| O|  |TAMS 0x0000000081700000, 0x0000000081600000| Untracked 
|  23|0x0000000081700000, 0x0000000081800000, 0x0000000081800000|100%| O|  |TAMS 0x0000000081800000, 0x0000000081700000| Untracked 
|  24|0x0000000081800000, 0x0000000081900000, 0x0000000081900000|100%| O|  |TAMS 0x0000000081900000, 0x0000000081800000| Untracked 
|  25|0x0000000081900000, 0x0000000081a00000, 0x0000000081a00000|100%| O|  |TAMS 0x0000000081a00000, 0x0000000081900000| Untracked 
|  26|0x0000000081a00000, 0x0000000081b00000, 0x0000000081b00000|100%|HS|  |TAMS 0x0000000081b00000, 0x0000000081a00000| Complete 
|  27|0x0000000081b00000, 0x0000000081c00000, 0x0000000081c00000|100%|HS|  |TAMS 0x0000000081c00000, 0x0000000081b00000| Complete 
|  28|0x0000000081c00000, 0x0000000081d00000, 0x0000000081d00000|100%|HS|  |TAMS 0x0000000081d00000, 0x0000000081c00000| Complete 
|  29|0x0000000081d00000, 0x0000000081e00000, 0x0000000081e00000|100%|HC|  |TAMS 0x0000000081e00000, 0x0000000081d00000| Complete 
|  30|0x0000000081e00000, 0x0000000081f00000, 0x0000000081f00000|100%| O|  |TAMS 0x0000000081f00000, 0x0000000081e00000| Untracked 
|  31|0x0000000081f00000, 0x0000000082000000, 0x0000000082000000|100%| O|  |TAMS 0x0000000082000000, 0x0000000081f00000| Untracked 
|  32|0x0000000082000000, 0x0000000082100000, 0x0000000082100000|100%| O|  |TAMS 0x0000000082100000, 0x0000000082000000| Untracked 
|  33|0x0000000082100000, 0x0000000082200000, 0x0000000082200000|100%| O|  |TAMS 0x0000000082200000, 0x0000000082100000| Untracked 
|  34|0x0000000082200000, 0x0000000082300000, 0x0000000082300000|100%| O|  |TAMS 0x0000000082300000, 0x0000000082200000| Untracked 
|  35|0x0000000082300000, 0x0000000082400000, 0x0000000082400000|100%| O|  |TAMS 0x0000000082400000, 0x0000000082300000| Untracked 
|  36|0x0000000082400000, 0x0000000082500000, 0x0000000082500000|100%| O|  |TAMS 0x0000000082500000, 0x0000000082400000| Untracked 
|  37|0x0000000082500000, 0x0000000082600000, 0x0000000082600000|100%| O|  |TAMS 0x0000000082600000, 0x0000000082500000| Untracked 
|  38|0x0000000082600000, 0x0000000082700000, 0x0000000082700000|100%| O|  |TAMS 0x0000000082700000, 0x0000000082600000| Untracked 
|  39|0x0000000082700000, 0x0000000082800000, 0x0000000082800000|100%| O|  |TAMS 0x0000000082800000, 0x0000000082700000| Untracked 
|  40|0x0000000082800000, 0x0000000082900000, 0x0000000082900000|100%| O|  |TAMS 0x0000000082900000, 0x0000000082800000| Untracked 
|  41|0x0000000082900000, 0x0000000082a00000, 0x0000000082a00000|100%| O|  |TAMS 0x0000000082a00000, 0x0000000082900000| Untracked 
|  42|0x0000000082a00000, 0x0000000082b00000, 0x0000000082b00000|100%| O|  |TAMS 0x0000000082b00000, 0x0000000082a00000| Untracked 
|  43|0x0000000082b00000, 0x0000000082c00000, 0x0000000082c00000|100%| O|  |TAMS 0x0000000082c00000, 0x0000000082b00000| Untracked 
|  44|0x0000000082c00000, 0x0000000082d00000, 0x0000000082d00000|100%| O|  |TAMS 0x0000000082d00000, 0x0000000082c00000| Untracked 
|  45|0x0000000082d00000, 0x0000000082e00000, 0x0000000082e00000|100%| O|  |TAMS 0x0000000082e00000, 0x0000000082d00000| Untracked 
|  46|0x0000000082e00000, 0x0000000082f00000, 0x0000000082f00000|100%| O|  |TAMS 0x0000000082f00000, 0x0000000082e00000| Untracked 
|  47|0x0000000082f00000, 0x0000000083000000, 0x0000000083000000|100%| O|  |TAMS 0x0000000083000000, 0x0000000082f00000| Untracked 
|  48|0x0000000083000000, 0x0000000083100000, 0x0000000083100000|100%| O|  |TAMS 0x0000000083100000, 0x0000000083000000| Untracked 
|  49|0x0000000083100000, 0x0000000083200000, 0x0000000083200000|100%| O|  |TAMS 0x0000000083200000, 0x0000000083100000| Untracked 
|  50|0x0000000083200000, 0x0000000083300000, 0x0000000083300000|100%| O|  |TAMS 0x0000000083300000, 0x0000000083200000| Untracked 
|  51|0x0000000083300000, 0x0000000083400000, 0x0000000083400000|100%| O|  |TAMS 0x0000000083400000, 0x0000000083300000| Untracked 
|  52|0x0000000083400000, 0x0000000083500000, 0x0000000083500000|100%| O|  |TAMS 0x0000000083500000, 0x0000000083400000| Untracked 
|  53|0x0000000083500000, 0x0000000083500000, 0x0000000083600000|  0%| F|  |TAMS 0x0000000083500000, 0x0000000083500000| Untracked 
|  54|0x0000000083600000, 0x0000000083700000, 0x0000000083700000|100%| O|  |TAMS 0x0000000083700000, 0x0000000083600000| Untracked 
|  55|0x0000000083700000, 0x0000000083800000, 0x0000000083800000|100%| O|  |TAMS 0x0000000083800000, 0x0000000083700000| Untracked 
|  56|0x0000000083800000, 0x0000000083900000, 0x0000000083900000|100%| O|  |TAMS 0x0000000083900000, 0x0000000083800000| Untracked 
|  57|0x0000000083900000, 0x0000000083900000, 0x0000000083a00000|  0%| F|  |TAMS 0x0000000083900000, 0x0000000083900000| Untracked 
|  58|0x0000000083a00000, 0x0000000083b00000, 0x0000000083b00000|100%| O|  |TAMS 0x0000000083a43e00, 0x0000000083a00000| Untracked 
|  59|0x0000000083b00000, 0x0000000083c00000, 0x0000000083c00000|100%| O|  |TAMS 0x0000000083c00000, 0x0000000083b00000| Untracked 
|  60|0x0000000083c00000, 0x0000000083d00000, 0x0000000083d00000|100%| O|  |TAMS 0x0000000083d00000, 0x0000000083c00000| Untracked 
|  61|0x0000000083d00000, 0x0000000083e00000, 0x0000000083e00000|100%| O|  |TAMS 0x0000000083d00000, 0x0000000083d00000| Untracked 
|  62|0x0000000083e00000, 0x0000000083f00000, 0x0000000083f00000|100%| O|  |TAMS 0x0000000083f00000, 0x0000000083e00000| Untracked 
|  63|0x0000000083f00000, 0x0000000084000000, 0x0000000084000000|100%| O|  |TAMS 0x0000000084000000, 0x0000000083f00000| Untracked 
|  64|0x0000000084000000, 0x0000000084100000, 0x0000000084100000|100%| O|  |TAMS 0x0000000084100000, 0x0000000084000000| Untracked 
|  65|0x0000000084100000, 0x0000000084200000, 0x0000000084200000|100%| O|  |TAMS 0x0000000084200000, 0x0000000084100000| Untracked 
|  66|0x0000000084200000, 0x0000000084300000, 0x0000000084300000|100%| O|  |TAMS 0x0000000084200000, 0x0000000084200000| Untracked 
|  67|0x0000000084300000, 0x0000000084400000, 0x0000000084400000|100%| O|  |TAMS 0x0000000084400000, 0x0000000084300000| Untracked 
|  68|0x0000000084400000, 0x0000000084500000, 0x0000000084500000|100%| O|  |TAMS 0x0000000084500000, 0x0000000084400000| Untracked 
|  69|0x0000000084500000, 0x0000000084600000, 0x0000000084600000|100%| O|  |TAMS 0x0000000084600000, 0x0000000084500000| Untracked 
|  70|0x0000000084600000, 0x0000000084700000, 0x0000000084700000|100%| O|  |TAMS 0x0000000084700000, 0x0000000084600000| Untracked 
|  71|0x0000000084700000, 0x0000000084700000, 0x0000000084800000|  0%| F|  |TAMS 0x0000000084700000, 0x0000000084700000| Untracked 
|  72|0x0000000084800000, 0x0000000084900000, 0x0000000084900000|100%| O|  |TAMS 0x0000000084900000, 0x0000000084800000| Untracked 
|  73|0x0000000084900000, 0x0000000084a00000, 0x0000000084a00000|100%| O|  |TAMS 0x0000000084a00000, 0x0000000084900000| Untracked 
|  74|0x0000000084a00000, 0x0000000084b00000, 0x0000000084b00000|100%| O|  |TAMS 0x0000000084b00000, 0x0000000084a00000| Untracked 
|  75|0x0000000084b00000, 0x0000000084c00000, 0x0000000084c00000|100%| O|  |TAMS 0x0000000084c00000, 0x0000000084b00000| Untracked 
|  76|0x0000000084c00000, 0x0000000084c00000, 0x0000000084d00000|  0%| F|  |TAMS 0x0000000084c00000, 0x0000000084c00000| Untracked 
|  77|0x0000000084d00000, 0x0000000084d00000, 0x0000000084e00000|  0%| F|  |TAMS 0x0000000084d00000, 0x0000000084d00000| Untracked 
|  78|0x0000000084e00000, 0x0000000084e00000, 0x0000000084f00000|  0%| F|  |TAMS 0x0000000084e00000, 0x0000000084e00000| Untracked 
|  79|0x0000000084f00000, 0x0000000084f00000, 0x0000000085000000|  0%| F|  |TAMS 0x0000000084f00000, 0x0000000084f00000| Untracked 
|  80|0x0000000085000000, 0x0000000085000000, 0x0000000085100000|  0%| F|  |TAMS 0x0000000085000000, 0x0000000085000000| Untracked 
|  81|0x0000000085100000, 0x0000000085100000, 0x0000000085200000|  0%| F|  |TAMS 0x0000000085100000, 0x0000000085100000| Untracked 
|  82|0x0000000085200000, 0x0000000085300000, 0x0000000085300000|100%| O|  |TAMS 0x0000000085300000, 0x0000000085200000| Untracked 
|  83|0x0000000085300000, 0x0000000085400000, 0x0000000085400000|100%| O|  |TAMS 0x0000000085400000, 0x0000000085300000| Untracked 
|  84|0x0000000085400000, 0x0000000085500000, 0x0000000085500000|100%| O|  |TAMS 0x0000000085500000, 0x0000000085400000| Untracked 
|  85|0x0000000085500000, 0x0000000085500000, 0x0000000085600000|  0%| F|  |TAMS 0x0000000085500000, 0x0000000085500000| Untracked 
|  86|0x0000000085600000, 0x0000000085700000, 0x0000000085700000|100%| O|  |TAMS 0x0000000085700000, 0x0000000085600000| Untracked 
|  87|0x0000000085700000, 0x0000000085800000, 0x0000000085800000|100%| O|  |TAMS 0x0000000085800000, 0x0000000085700000| Untracked 
|  88|0x0000000085800000, 0x0000000085900000, 0x0000000085900000|100%|HS|  |TAMS 0x0000000085900000, 0x0000000085800000| Complete 
|  89|0x0000000085900000, 0x0000000085a00000, 0x0000000085a00000|100%|HC|  |TAMS 0x0000000085a00000, 0x0000000085900000| Complete 
|  90|0x0000000085a00000, 0x0000000085b00000, 0x0000000085b00000|100%| O|  |TAMS 0x0000000085b00000, 0x0000000085a00000| Untracked 
|  91|0x0000000085b00000, 0x0000000085b00000, 0x0000000085c00000|  0%| F|  |TAMS 0x0000000085b00000, 0x0000000085b00000| Untracked 
|  92|0x0000000085c00000, 0x0000000085c00000, 0x0000000085d00000|  0%| F|  |TAMS 0x0000000085c00000, 0x0000000085c00000| Untracked 
|  93|0x0000000085d00000, 0x0000000085d00000, 0x0000000085e00000|  0%| F|  |TAMS 0x0000000085d00000, 0x0000000085d00000| Untracked 
|  94|0x0000000085e00000, 0x0000000085e00000, 0x0000000085f00000|  0%| F|  |TAMS 0x0000000085e00000, 0x0000000085e00000| Untracked 
|  95|0x0000000085f00000, 0x0000000085f00000, 0x0000000086000000|  0%| F|  |TAMS 0x0000000085f00000, 0x0000000085f00000| Untracked 
|  96|0x0000000086000000, 0x0000000086000000, 0x0000000086100000|  0%| F|  |TAMS 0x0000000086000000, 0x0000000086000000| Untracked 
|  97|0x0000000086100000, 0x0000000086100000, 0x0000000086200000|  0%| F|  |TAMS 0x0000000086100000, 0x0000000086100000| Untracked 
|  98|0x0000000086200000, 0x0000000086200000, 0x0000000086300000|  0%| F|  |TAMS 0x0000000086200000, 0x0000000086200000| Untracked 
|  99|0x0000000086300000, 0x0000000086400000, 0x0000000086400000|100%| O|  |TAMS 0x0000000086400000, 0x0000000086300000| Untracked 
| 100|0x0000000086400000, 0x0000000086500000, 0x0000000086500000|100%| O|  |TAMS 0x0000000086400000, 0x0000000086400000| Untracked 
| 101|0x0000000086500000, 0x0000000086600000, 0x0000000086600000|100%| O|  |TAMS 0x0000000086600000, 0x0000000086500000| Untracked 
| 102|0x0000000086600000, 0x0000000086700000, 0x0000000086700000|100%| O|  |TAMS 0x0000000086700000, 0x0000000086600000| Untracked 
| 103|0x0000000086700000, 0x0000000086800000, 0x0000000086800000|100%| O|  |TAMS 0x0000000086700000, 0x0000000086700000| Untracked 
| 104|0x0000000086800000, 0x0000000086900000, 0x0000000086900000|100%| O|  |TAMS 0x0000000086800000, 0x0000000086800000| Untracked 
| 105|0x0000000086900000, 0x0000000086a00000, 0x0000000086a00000|100%| O|  |TAMS 0x0000000086900000, 0x0000000086900000| Untracked 
| 106|0x0000000086a00000, 0x0000000086b00000, 0x0000000086b00000|100%| O|  |TAMS 0x0000000086a00000, 0x0000000086a00000| Untracked 
| 107|0x0000000086b00000, 0x0000000086c00000, 0x0000000086c00000|100%| O|  |TAMS 0x0000000086c00000, 0x0000000086b00000| Untracked 
| 108|0x0000000086c00000, 0x0000000086d00000, 0x0000000086d00000|100%| O|  |TAMS 0x0000000086d00000, 0x0000000086c00000| Untracked 
| 109|0x0000000086d00000, 0x0000000086e00000, 0x0000000086e00000|100%| O|  |TAMS 0x0000000086d00000, 0x0000000086d00000| Untracked 
| 110|0x0000000086e00000, 0x0000000086f00000, 0x0000000086f00000|100%| O|  |TAMS 0x0000000086e00000, 0x0000000086e00000| Untracked 
| 111|0x0000000086f00000, 0x0000000087000000, 0x0000000087000000|100%| O|  |TAMS 0x0000000086f00000, 0x0000000086f00000| Untracked 
| 112|0x0000000087000000, 0x0000000087100000, 0x0000000087100000|100%| O|  |TAMS 0x0000000087000000, 0x0000000087000000| Untracked 
| 113|0x0000000087100000, 0x0000000087200000, 0x0000000087200000|100%| O|  |TAMS 0x0000000087100000, 0x0000000087100000| Untracked 
| 114|0x0000000087200000, 0x0000000087300000, 0x0000000087300000|100%| O|  |TAMS 0x0000000087200000, 0x0000000087200000| Untracked 
| 115|0x0000000087300000, 0x0000000087400000, 0x0000000087400000|100%| O|  |TAMS 0x0000000087300000, 0x0000000087300000| Untracked 
| 116|0x0000000087400000, 0x0000000087400000, 0x0000000087500000|  0%| F|  |TAMS 0x0000000087400000, 0x0000000087400000| Untracked 
| 117|0x0000000087500000, 0x0000000087500000, 0x0000000087600000|  0%| F|  |TAMS 0x0000000087500000, 0x0000000087500000| Untracked 
| 118|0x0000000087600000, 0x0000000087600000, 0x0000000087700000|  0%| F|  |TAMS 0x0000000087600000, 0x0000000087600000| Untracked 
| 119|0x0000000087700000, 0x0000000087700000, 0x0000000087800000|  0%| F|  |TAMS 0x0000000087700000, 0x0000000087700000| Untracked 
| 120|0x0000000087800000, 0x0000000087800000, 0x0000000087900000|  0%| F|  |TAMS 0x0000000087800000, 0x0000000087800000| Untracked 
| 121|0x0000000087900000, 0x0000000087900000, 0x0000000087a00000|  0%| F|  |TAMS 0x0000000087900000, 0x0000000087900000| Untracked 
| 122|0x0000000087a00000, 0x0000000087a00000, 0x0000000087b00000|  0%| F|  |TAMS 0x0000000087a00000, 0x0000000087a00000| Untracked 
| 123|0x0000000087b00000, 0x0000000087b00000, 0x0000000087c00000|  0%| F|  |TAMS 0x0000000087b00000, 0x0000000087b00000| Untracked 
| 124|0x0000000087c00000, 0x0000000087c00000, 0x0000000087d00000|  0%| F|  |TAMS 0x0000000087c00000, 0x0000000087c00000| Untracked 
| 125|0x0000000087d00000, 0x0000000087d00000, 0x0000000087e00000|  0%| F|  |TAMS 0x0000000087d00000, 0x0000000087d00000| Untracked 
| 126|0x0000000087e00000, 0x0000000087e00000, 0x0000000087f00000|  0%| F|  |TAMS 0x0000000087e00000, 0x0000000087e00000| Untracked 
| 127|0x0000000087f00000, 0x0000000087f00000, 0x0000000088000000|  0%| F|  |TAMS 0x0000000087f00000, 0x0000000087f00000| Untracked 
| 128|0x0000000088000000, 0x0000000088000000, 0x0000000088100000|  0%| F|  |TAMS 0x0000000088000000, 0x0000000088000000| Untracked 
| 129|0x0000000088100000, 0x0000000088100000, 0x0000000088200000|  0%| F|  |TAMS 0x0000000088100000, 0x0000000088100000| Untracked 
| 130|0x0000000088200000, 0x0000000088200000, 0x0000000088300000|  0%| F|  |TAMS 0x0000000088200000, 0x0000000088200000| Untracked 
| 131|0x0000000088300000, 0x0000000088300000, 0x0000000088400000|  0%| F|  |TAMS 0x0000000088300000, 0x0000000088300000| Untracked 
| 132|0x0000000088400000, 0x0000000088400000, 0x0000000088500000|  0%| F|  |TAMS 0x0000000088400000, 0x0000000088400000| Untracked 
| 133|0x0000000088500000, 0x0000000088500000, 0x0000000088600000|  0%| F|  |TAMS 0x0000000088500000, 0x0000000088500000| Untracked 
| 134|0x0000000088600000, 0x0000000088600000, 0x0000000088700000|  0%| F|  |TAMS 0x0000000088600000, 0x0000000088600000| Untracked 
| 135|0x0000000088700000, 0x0000000088700000, 0x0000000088800000|  0%| F|  |TAMS 0x0000000088700000, 0x0000000088700000| Untracked 
| 136|0x0000000088800000, 0x0000000088800000, 0x0000000088900000|  0%| F|  |TAMS 0x0000000088800000, 0x0000000088800000| Untracked 
| 137|0x0000000088900000, 0x0000000088900000, 0x0000000088a00000|  0%| F|  |TAMS 0x0000000088900000, 0x0000000088900000| Untracked 
| 138|0x0000000088a00000, 0x0000000088a00000, 0x0000000088b00000|  0%| F|  |TAMS 0x0000000088a00000, 0x0000000088a00000| Untracked 
| 139|0x0000000088b00000, 0x0000000088b00000, 0x0000000088c00000|  0%| F|  |TAMS 0x0000000088b00000, 0x0000000088b00000| Untracked 
| 140|0x0000000088c00000, 0x0000000088c00000, 0x0000000088d00000|  0%| F|  |TAMS 0x0000000088c00000, 0x0000000088c00000| Untracked 
| 141|0x0000000088d00000, 0x0000000088d00000, 0x0000000088e00000|  0%| F|  |TAMS 0x0000000088d00000, 0x0000000088d00000| Untracked 
| 142|0x0000000088e00000, 0x0000000088e00000, 0x0000000088f00000|  0%| F|  |TAMS 0x0000000088e00000, 0x0000000088e00000| Untracked 
| 143|0x0000000088f00000, 0x0000000088f00000, 0x0000000089000000|  0%| F|  |TAMS 0x0000000088f00000, 0x0000000088f00000| Untracked 
| 144|0x0000000089000000, 0x0000000089000000, 0x0000000089100000|  0%| F|  |TAMS 0x0000000089000000, 0x0000000089000000| Untracked 
| 145|0x0000000089100000, 0x0000000089100000, 0x0000000089200000|  0%| F|  |TAMS 0x0000000089100000, 0x0000000089100000| Untracked 
| 146|0x0000000089200000, 0x0000000089200000, 0x0000000089300000|  0%| F|  |TAMS 0x0000000089200000, 0x0000000089200000| Untracked 
| 147|0x0000000089300000, 0x0000000089300000, 0x0000000089400000|  0%| F|  |TAMS 0x0000000089300000, 0x0000000089300000| Untracked 
| 148|0x0000000089400000, 0x0000000089400000, 0x0000000089500000|  0%| F|  |TAMS 0x0000000089400000, 0x0000000089400000| Untracked 
| 149|0x0000000089500000, 0x0000000089500000, 0x0000000089600000|  0%| F|  |TAMS 0x0000000089500000, 0x0000000089500000| Untracked 
| 150|0x0000000089600000, 0x0000000089600000, 0x0000000089700000|  0%| F|  |TAMS 0x0000000089600000, 0x0000000089600000| Untracked 
| 151|0x0000000089700000, 0x0000000089700000, 0x0000000089800000|  0%| F|  |TAMS 0x0000000089700000, 0x0000000089700000| Untracked 
| 152|0x0000000089800000, 0x0000000089800000, 0x0000000089900000|  0%| F|  |TAMS 0x0000000089800000, 0x0000000089800000| Untracked 
| 153|0x0000000089900000, 0x0000000089900000, 0x0000000089a00000|  0%| F|  |TAMS 0x0000000089900000, 0x0000000089900000| Untracked 
| 154|0x0000000089a00000, 0x0000000089a00000, 0x0000000089b00000|  0%| F|  |TAMS 0x0000000089a00000, 0x0000000089a00000| Untracked 
| 155|0x0000000089b00000, 0x0000000089b00000, 0x0000000089c00000|  0%| F|  |TAMS 0x0000000089b00000, 0x0000000089b00000| Untracked 
| 156|0x0000000089c00000, 0x0000000089c00000, 0x0000000089d00000|  0%| F|  |TAMS 0x0000000089c00000, 0x0000000089c00000| Untracked 
| 157|0x0000000089d00000, 0x0000000089d00000, 0x0000000089e00000|  0%| F|  |TAMS 0x0000000089d00000, 0x0000000089d00000| Untracked 
| 158|0x0000000089e00000, 0x0000000089e00000, 0x0000000089f00000|  0%| F|  |TAMS 0x0000000089e00000, 0x0000000089e00000| Untracked 
| 159|0x0000000089f00000, 0x0000000089f00000, 0x000000008a000000|  0%| F|  |TAMS 0x0000000089f00000, 0x0000000089f00000| Untracked 
| 160|0x000000008a000000, 0x000000008a000000, 0x000000008a100000|  0%| F|  |TAMS 0x000000008a000000, 0x000000008a000000| Untracked 
| 161|0x000000008a100000, 0x000000008a100000, 0x000000008a200000|  0%| F|  |TAMS 0x000000008a100000, 0x000000008a100000| Untracked 
| 162|0x000000008a200000, 0x000000008a283e18, 0x000000008a300000| 51%| E|  |TAMS 0x000000008a200000, 0x000000008a200000| Complete 
| 163|0x000000008a300000, 0x000000008a400000, 0x000000008a400000|100%| E|  |TAMS 0x000000008a300000, 0x000000008a300000| Complete 
| 164|0x000000008a400000, 0x000000008a500000, 0x000000008a500000|100%| E|CS|TAMS 0x000000008a400000, 0x000000008a400000| Complete 
| 165|0x000000008a500000, 0x000000008a600000, 0x000000008a600000|100%| E|CS|TAMS 0x000000008a500000, 0x000000008a500000| Complete 
| 166|0x000000008a600000, 0x000000008a700000, 0x000000008a700000|100%| E|CS|TAMS 0x000000008a600000, 0x000000008a600000| Complete 
| 167|0x000000008a700000, 0x000000008a800000, 0x000000008a800000|100%| E|CS|TAMS 0x000000008a700000, 0x000000008a700000| Complete 
| 168|0x000000008a800000, 0x000000008a900000, 0x000000008a900000|100%| S|CS|TAMS 0x000000008a800000, 0x000000008a800000| Complete 
| 169|0x000000008a900000, 0x000000008aa00000, 0x000000008aa00000|100%| E|CS|TAMS 0x000000008a900000, 0x000000008a900000| Complete 
| 170|0x000000008aa00000, 0x000000008ab00000, 0x000000008ab00000|100%| E|CS|TAMS 0x000000008aa00000, 0x000000008aa00000| Complete 
| 171|0x000000008ab00000, 0x000000008ac00000, 0x000000008ac00000|100%| E|CS|TAMS 0x000000008ab00000, 0x000000008ab00000| Complete 
| 172|0x000000008ac00000, 0x000000008ad00000, 0x000000008ad00000|100%| E|CS|TAMS 0x000000008ac00000, 0x000000008ac00000| Complete 
| 173|0x000000008ad00000, 0x000000008ae00000, 0x000000008ae00000|100%| E|CS|TAMS 0x000000008ad00000, 0x000000008ad00000| Complete 

Card table byte_map: [0x0000020fea000000,0x0000020fea400000] _byte_map_base: 0x0000020fe9c00000

Marking Bits (Prev, Next): (CMBitMap*) 0x0000020fd68b0e30, (CMBitMap*) 0x0000020fd68b0df8
 Prev Bits: [0x0000020fec800000, 0x0000020fee800000)
 Next Bits: [0x0000020fea800000, 0x0000020fec800000)

Polling page: 0x0000020fd47c0000

Metaspace:

Usage:
  Non-class:     99.19 MB capacity,    97.21 MB ( 98%) used,     1.59 MB (  2%) free+waste,   398.75 KB ( <1%) overhead. 
      Class:     15.61 MB capacity,    14.36 MB ( 92%) used,     1.08 MB (  7%) free+waste,   179.19 KB (  1%) overhead. 
       Both:    114.79 MB capacity,   111.56 MB ( 97%) used,     2.67 MB (  2%) free+waste,   577.94 KB ( <1%) overhead. 

Virtual space:
  Non-class space:      100.00 MB reserved,      99.33 MB (>99%) committed 
      Class space:        1.00 GB reserved,      15.65 MB (  2%) committed 
             Both:        1.10 GB reserved,     114.98 MB ( 10%) committed 

Chunk freelists:
   Non-Class:  17.00 KB
       Class:  0 bytes
        Both:  17.00 KB

MaxMetaspaceSize: 17179869184.00 GB
CompressedClassSpaceSize: 1.00 GB
Initial GC threshold: 20.80 MB
Current GC threshold: 190.80 MB
CDS: off

CodeHeap 'non-profiled nmethods': size=119168Kb used=11328Kb max_used=11328Kb free=107839Kb
 bounds [0x0000020fe1f10000, 0x0000020fe2a30000, 0x0000020fe9370000]
CodeHeap 'profiled nmethods': size=119168Kb used=42448Kb max_used=42448Kb free=76719Kb
 bounds [0x0000020fdaab0000, 0x0000020fdd430000, 0x0000020fe1f10000]
CodeHeap 'non-nmethods': size=7424Kb used=4131Kb max_used=4179Kb free=3292Kb
 bounds [0x0000020fda370000, 0x0000020fda790000, 0x0000020fdaab0000]
 total_blobs=19390 nmethods=18427 adapters=870
 compilation: enabled
              stopped_count=0, restarted_count=0
 full_count=0

Compilation events (20 events):
Event: 263.593 Thread 0x0000020ffbe38000 nmethod 18730 0x0000020fdd411b10 code [0x0000020fdd411cc0, 0x0000020fdd411dc8]
Event: 263.593 Thread 0x0000020ff202b800 nmethod 18732 0x0000020fdd411e90 code [0x0000020fdd4120c0, 0x0000020fdd412778]
Event: 263.593 Thread 0x0000020ffbe37000 nmethod 18731 0x0000020fdd412990 code [0x0000020fdd412bc0, 0x0000020fdd413138]
Event: 263.593 Thread 0x0000020ffbe32000 nmethod 18733 0x0000020fdd413410 code [0x0000020fdd413680, 0x0000020fdd414218]
Event: 263.595 Thread 0x0000020ffbe38000 18734       3       java.util.Spliterators$EmptySpliterator$OfRef::tryAdvance (6 bytes)
Event: 263.595 Thread 0x0000020ff202b800 18735       3       java.util.Spliterators$EmptySpliterator::tryAdvance (7 bytes)
Event: 263.595 Thread 0x0000020ffbe37000 18736       3       org.gradle.cache.internal.filelock.LockOptionsBuilder::mode (10 bytes)
Event: 263.595 Thread 0x0000020ff202b800 nmethod 18735 0x0000020fdd414610 code [0x0000020fdd4147e0, 0x0000020fdd414a28]
Event: 263.595 Thread 0x0000020ffbe38000 nmethod 18734 0x0000020fdd414b10 code [0x0000020fdd414ce0, 0x0000020fdd414f88]
Event: 263.596 Thread 0x0000020ffbe37000 nmethod 18736 0x0000020fdd415090 code [0x0000020fdd415260, 0x0000020fdd4154b8]
Event: 263.596 Thread 0x0000020ffbe32000 18737       3       sun.nio.ch.FileLockImpl::<init> (11 bytes)
Event: 263.596 Thread 0x0000020ff202b800 18738       3       java.nio.channels.FileLock::<init> (86 bytes)
Event: 263.596 Thread 0x0000020ffbe38000 18739   !   3       sun.nio.ch.FileChannelImpl::fileLockTable (85 bytes)
Event: 263.596 Thread 0x0000020ffbe37000 18740   !   3       sun.nio.ch.FileLockTable::add (205 bytes)
Event: 263.596 Thread 0x0000020ffbe32000 nmethod 18737 0x0000020fdd415590 code [0x0000020fdd415740, 0x0000020fdd415868]
Event: 263.596 Thread 0x0000020ffbe32000 18741       3       sun.nio.ch.FileLockTable$FileLockReference::<init> (12 bytes)
Event: 263.597 Thread 0x0000020ffbe32000 nmethod 18741 0x0000020fdd415910 code [0x0000020fdd415ae0, 0x0000020fdd415e78]
Event: 263.597 Thread 0x0000020ff202b800 nmethod 18738 0x0000020fdd415f90 code [0x0000020fdd4161c0, 0x0000020fdd416838]
Event: 263.597 Thread 0x0000020ffbe32000 18742   !   3       sun.nio.ch.FileLockTable::removeStaleEntries (71 bytes)
Event: 263.597 Thread 0x0000020ff202b800 18743       3       sun.nio.ch.FileDispatcherImpl::lock (11 bytes)

GC Heap History (20 events):
Event: 195.975 GC heap before
{Heap before GC invocations=38 (full 0):
 garbage-first heap   total 178176K, used 108436K [0x0000000080000000, 0x0000000100000000)
  region size 1024K, 8 young (8192K), 4 survivors (4096K)
 Metaspace       used 112677K, capacity 115813K, committed 116200K, reserved 1148928K
  class space    used 14627K, capacity 15848K, committed 16024K, reserved 1048576K
}
Event: 195.983 GC heap after
{Heap after GC invocations=39 (full 0):
 garbage-first heap   total 178176K, used 101640K [0x0000000080000000, 0x0000000100000000)
  region size 1024K, 1 young (1024K), 1 survivors (1024K)
 Metaspace       used 112677K, capacity 115813K, committed 116200K, reserved 1148928K
  class space    used 14627K, capacity 15848K, committed 16024K, reserved 1048576K
}
Event: 229.940 GC heap before
{Heap before GC invocations=39 (full 0):
 garbage-first heap   total 178176K, used 136456K [0x0000000080000000, 0x0000000100000000)
  region size 1024K, 36 young (36864K), 1 survivors (1024K)
 Metaspace       used 112992K, capacity 116140K, committed 116456K, reserved 1150976K
  class space    used 14647K, capacity 15885K, committed 16024K, reserved 1048576K
}
Event: 229.948 GC heap after
{Heap after GC invocations=40 (full 0):
 garbage-first heap   total 178176K, used 104928K [0x0000000080000000, 0x0000000100000000)
  region size 1024K, 5 young (5120K), 5 survivors (5120K)
 Metaspace       used 112992K, capacity 116140K, committed 116456K, reserved 1150976K
  class space    used 14647K, capacity 15885K, committed 16024K, reserved 1048576K
}
Event: 230.269 GC heap before
{Heap before GC invocations=41 (full 0):
 garbage-first heap   total 178176K, used 136672K [0x0000000080000000, 0x0000000100000000)
  region size 1024K, 39 young (39936K), 5 survivors (5120K)
 Metaspace       used 113203K, capacity 116351K, committed 116712K, reserved 1150976K
  class space    used 14655K, capacity 15900K, committed 16024K, reserved 1048576K
}
Event: 230.276 GC heap after
{Heap after GC invocations=42 (full 0):
 garbage-first heap   total 178176K, used 107152K [0x0000000080000000, 0x0000000100000000)
  region size 1024K, 5 young (5120K), 5 survivors (5120K)
 Metaspace       used 113203K, capacity 116351K, committed 116712K, reserved 1150976K
  class space    used 14655K, capacity 15900K, committed 16024K, reserved 1048576K
}
Event: 230.319 GC heap before
{Heap before GC invocations=42 (full 0):
 garbage-first heap   total 178176K, used 109200K [0x0000000080000000, 0x0000000100000000)
  region size 1024K, 8 young (8192K), 5 survivors (5120K)
 Metaspace       used 113249K, capacity 116420K, committed 116712K, reserved 1150976K
  class space    used 14668K, capacity 15923K, committed 16024K, reserved 1048576K
}
Event: 230.327 GC heap after
{Heap after GC invocations=43 (full 0):
 garbage-first heap   total 178176K, used 95260K [0x0000000080000000, 0x0000000100000000)
  region size 1024K, 1 young (1024K), 1 survivors (1024K)
 Metaspace       used 113249K, capacity 116420K, committed 116712K, reserved 1150976K
  class space    used 14668K, capacity 15923K, committed 16024K, reserved 1048576K
}
Event: 257.509 GC heap before
{Heap before GC invocations=43 (full 0):
 garbage-first heap   total 178176K, used 135196K [0x0000000080000000, 0x0000000100000000)
  region size 1024K, 41 young (41984K), 1 survivors (1024K)
 Metaspace       used 113389K, capacity 116575K, committed 116712K, reserved 1150976K
  class space    used 14670K, capacity 15928K, committed 16024K, reserved 1048576K
}
Event: 257.521 GC heap after
{Heap after GC invocations=44 (full 0):
 garbage-first heap   total 178176K, used 98555K [0x0000000080000000, 0x0000000100000000)
  region size 1024K, 4 young (4096K), 4 survivors (4096K)
 Metaspace       used 113389K, capacity 116575K, committed 116712K, reserved 1150976K
  class space    used 14670K, capacity 15928K, committed 16024K, reserved 1048576K
}
Event: 258.232 GC heap before
{Heap before GC invocations=45 (full 0):
 garbage-first heap   total 178176K, used 139515K [0x0000000080000000, 0x0000000100000000)
  region size 1024K, 44 young (45056K), 4 survivors (4096K)
 Metaspace       used 113584K, capacity 116777K, committed 116968K, reserved 1150976K
  class space    used 14671K, capacity 15928K, committed 16024K, reserved 1048576K
}
Event: 258.242 GC heap after
{Heap after GC invocations=46 (full 0):
 garbage-first heap   total 178176K, used 107181K [0x0000000080000000, 0x0000000100000000)
  region size 1024K, 6 young (6144K), 6 survivors (6144K)
 Metaspace       used 113584K, capacity 116777K, committed 116968K, reserved 1150976K
  class space    used 14671K, capacity 15928K, committed 16024K, reserved 1048576K
}
Event: 258.272 GC heap before
{Heap before GC invocations=46 (full 0):
 garbage-first heap   total 178176K, used 109229K [0x0000000080000000, 0x0000000100000000)
  region size 1024K, 8 young (8192K), 6 survivors (6144K)
 Metaspace       used 113584K, capacity 116777K, committed 116968K, reserved 1150976K
  class space    used 14671K, capacity 15928K, committed 16024K, reserved 1048576K
}
Event: 258.280 GC heap after
{Heap after GC invocations=47 (full 0):
 garbage-first heap   total 178176K, used 103540K [0x0000000080000000, 0x0000000100000000)
  region size 1024K, 1 young (1024K), 1 survivors (1024K)
 Metaspace       used 113584K, capacity 116777K, committed 116968K, reserved 1150976K
  class space    used 14671K, capacity 15928K, committed 16024K, reserved 1048576K
}
Event: 258.556 GC heap before
{Heap before GC invocations=47 (full 0):
 garbage-first heap   total 178176K, used 139380K [0x0000000080000000, 0x0000000100000000)
  region size 1024K, 37 young (37888K), 1 survivors (1024K)
 Metaspace       used 113844K, capacity 117045K, committed 117224K, reserved 1150976K
  class space    used 14671K, capacity 15929K, committed 16024K, reserved 1048576K
}
Event: 258.564 GC heap after
{Heap after GC invocations=48 (full 0):
 garbage-first heap   total 178176K, used 108815K [0x0000000080000000, 0x0000000100000000)
  region size 1024K, 5 young (5120K), 5 survivors (5120K)
 Metaspace       used 113844K, capacity 117045K, committed 117224K, reserved 1150976K
  class space    used 14671K, capacity 15929K, committed 16024K, reserved 1048576K
}
Event: 263.466 GC heap before
{Heap before GC invocations=49 (full 0):
 garbage-first heap   total 178176K, used 151823K [0x0000000080000000, 0x0000000100000000)
  region size 1024K, 38 young (38912K), 5 survivors (5120K)
 Metaspace       used 114018K, capacity 117294K, committed 117480K, reserved 1150976K
  class space    used 14677K, capacity 15939K, committed 16024K, reserved 1048576K
}
Event: 263.473 GC heap after
{Heap after GC invocations=50 (full 0):
 garbage-first heap   total 178176K, used 111094K [0x0000000080000000, 0x0000000100000000)
  region size 1024K, 3 young (3072K), 3 survivors (3072K)
 Metaspace       used 114018K, capacity 117294K, committed 117480K, reserved 1150976K
  class space    used 14677K, capacity 15939K, committed 16024K, reserved 1048576K
}
Event: 263.519 GC heap before
{Heap before GC invocations=50 (full 0):
 garbage-first heap   total 178176K, used 116214K [0x0000000080000000, 0x0000000100000000)
  region size 1024K, 8 young (8192K), 3 survivors (3072K)
 Metaspace       used 114089K, capacity 117360K, committed 117480K, reserved 1150976K
  class space    used 14683K, capacity 15950K, committed 16024K, reserved 1048576K
}
Event: 263.533 GC heap after
{Heap after GC invocations=51 (full 0):
 garbage-first heap   total 178176K, used 101376K [0x0000000080000000, 0x0000000100000000)
  region size 1024K, 1 young (1024K), 1 survivors (1024K)
 Metaspace       used 114089K, capacity 117360K, committed 117480K, reserved 1150976K
  class space    used 14683K, capacity 15950K, committed 16024K, reserved 1048576K
}

Deoptimization events (20 events):
Event: 258.717 Thread 0x0000020ffd972000 Uncommon trap: trap_request=0xfffffff4 fr.pc=0x0000020fe27beb28 relative=0x0000000000000568
Event: 258.717 Thread 0x0000020ffd972000 Uncommon trap: reason=null_check action=make_not_entrant pc=0x0000020fe27beb28 method=java.lang.ThreadLocal$ThreadLocalMap.expungeStaleEntry(I)I @ 51 c2
Event: 258.717 Thread 0x0000020ffd972000 DEOPT PACKING pc=0x0000020fe27beb28 sp=0x00000073160fb5c0
Event: 258.717 Thread 0x0000020ffd972000 DEOPT UNPACKING pc=0x0000020fda3ba1af sp=0x00000073160fb560 mode 2
Event: 258.722 Thread 0x0000020ffd972000 Uncommon trap: trap_request=0xfffffff4 fr.pc=0x0000020fe22c5270 relative=0x0000000000000890
Event: 258.722 Thread 0x0000020ffd972000 Uncommon trap: reason=null_check action=make_not_entrant pc=0x0000020fe22c5270 method=java.lang.ThreadLocal$ThreadLocalMap.set(Ljava/lang/ThreadLocal;Ljava/lang/Object;)V @ 36 c2
Event: 258.722 Thread 0x0000020ffd972000 DEOPT PACKING pc=0x0000020fe22c5270 sp=0x00000073160fbcb0
Event: 258.722 Thread 0x0000020ffd972000 DEOPT UNPACKING pc=0x0000020fda3ba1af sp=0x00000073160fbc70 mode 2
Event: 263.317 Thread 0x0000020ffd972000 Uncommon trap: trap_request=0xffffffde fr.pc=0x0000020fe294004c relative=0x000000000000286c
Event: 263.317 Thread 0x0000020ffd972000 Uncommon trap: reason=class_check action=maybe_recompile pc=0x0000020fe294004c method=org.gradle.internal.work.DefaultWorkerLeaseService$DefaultWorkerLease.acquireLock()Z @ 4 c2
Event: 263.317 Thread 0x0000020ffd972000 DEOPT PACKING pc=0x0000020fe294004c sp=0x00000073160fd8f0
Event: 263.317 Thread 0x0000020ffd972000 DEOPT UNPACKING pc=0x0000020fda3ba1af sp=0x00000073160fd858 mode 2
Event: 263.360 Thread 0x0000020ffd972000 Uncommon trap: trap_request=0xffffffde fr.pc=0x0000020fe293b684 relative=0x0000000000000d24
Event: 263.360 Thread 0x0000020ffd972000 Uncommon trap: reason=class_check action=maybe_recompile pc=0x0000020fe293b684 method=org.gradle.cache.internal.LockOnDemandCrossProcessCacheAccess.incrementLockCount()V @ 97 c2
Event: 263.360 Thread 0x0000020ffd972000 DEOPT PACKING pc=0x0000020fe293b684 sp=0x00000073160f7750
Event: 263.360 Thread 0x0000020ffd972000 DEOPT UNPACKING pc=0x0000020fda3ba1af sp=0x00000073160f7730 mode 2
Event: 263.484 Thread 0x0000020ffd972000 DEOPT PACKING pc=0x0000020fdca3b970 sp=0x00000073160f6bc0
Event: 263.484 Thread 0x0000020ffd972000 DEOPT UNPACKING pc=0x0000020fda3ba95e sp=0x00000073160f61a8 mode 0
Event: 263.560 Thread 0x0000020ffd972000 DEOPT PACKING pc=0x0000020fdbb9bf3b sp=0x00000073160f7c80
Event: 263.560 Thread 0x0000020ffd972000 DEOPT UNPACKING pc=0x0000020fda3ba95e sp=0x00000073160f71c0 mode 0

Classes redefined (0 events):
No events

Internal exceptions (20 events):
Event: 258.406 Thread 0x0000020ffc69c000 Exception <a 'sun/nio/fs/WindowsException'{0x0000000089a5b340}> (0x0000000089a5b340) thrown at [./src/hotspot/share/prims/jni.cpp, line 615]
Event: 258.426 Thread 0x0000020ffc69c000 Exception <a 'sun/nio/fs/WindowsException'{0x0000000089819e80}> (0x0000000089819e80) thrown at [./src/hotspot/share/prims/jni.cpp, line 615]
Event: 258.429 Thread 0x0000020ffc69c000 Exception <a 'sun/nio/fs/WindowsException'{0x000000008982ce60}> (0x000000008982ce60) thrown at [./src/hotspot/share/prims/jni.cpp, line 615]
Event: 258.442 Thread 0x0000020ffc69c000 Exception <a 'sun/nio/fs/WindowsException'{0x000000008989b078}> (0x000000008989b078) thrown at [./src/hotspot/share/prims/jni.cpp, line 615]
Event: 258.517 Thread 0x0000020ff3c34000 Exception <a 'sun/nio/fs/WindowsException'{0x0000000088d6d420}> (0x0000000088d6d420) thrown at [./src/hotspot/share/prims/jni.cpp, line 615]
Event: 258.548 Thread 0x0000020ff3c34000 Exception <a 'sun/nio/fs/WindowsException'{0x00000000889b7e88}> (0x00000000889b7e88) thrown at [./src/hotspot/share/prims/jni.cpp, line 615]
Event: 258.581 Thread 0x0000020ff7b34800 Exception <a 'sun/nio/fs/WindowsException'{0x000000008ac8d280}> (0x000000008ac8d280) thrown at [./src/hotspot/share/prims/jni.cpp, line 615]
Event: 258.604 Thread 0x0000020ff7b34800 Exception <a 'sun/nio/fs/WindowsException'{0x000000008ab94800}> (0x000000008ab94800) thrown at [./src/hotspot/share/prims/jni.cpp, line 615]
Event: 258.717 Thread 0x0000020ffd972000 Implicit null exception at 0x0000020fe27be67d to 0x0000020fe27beb0c
Event: 258.722 Thread 0x0000020ffd972000 Implicit null exception at 0x0000020fe22c4a8a to 0x0000020fe22c5258
Event: 258.724 Thread 0x0000020ffd972000 Exception <a 'sun/nio/fs/WindowsException'{0x000000008ad50910}> (0x000000008ad50910) thrown at [./src/hotspot/share/prims/jni.cpp, line 615]
Event: 258.724 Thread 0x0000020ffd972000 Exception <a 'sun/nio/fs/WindowsException'{0x000000008ad50990}> (0x000000008ad50990) thrown at [./src/hotspot/share/prims/jni.cpp, line 615]
Event: 258.724 Thread 0x0000020ffd972000 Exception <a 'sun/nio/fs/WindowsException'{0x000000008ad522d0}> (0x000000008ad522d0) thrown at [./src/hotspot/share/prims/jni.cpp, line 615]
Event: 263.479 Thread 0x0000020ffd972000 Exception <a 'sun/nio/fs/WindowsException'{0x000000008adf2b40}> (0x000000008adf2b40) thrown at [./src/hotspot/share/prims/jni.cpp, line 615]
Event: 263.514 Thread 0x0000020ffd972000 Exception <a 'java/lang/NoClassDefFoundError'{0x000000008a959290}: org/jetbrains/kotlin/gradle/plugin/KotlinBasePluginWrapper> (0x000000008a959290) thrown at [./src/hotspot/share/oops/constantPool.cpp, line 775]
Event: 263.565 Thread 0x0000020ffd972000 Exception <a 'sun/nio/fs/WindowsException'{0x000000008ab3d8d8}> (0x000000008ab3d8d8) thrown at [./src/hotspot/share/prims/jni.cpp, line 615]
Event: 263.570 Thread 0x0000020ffd972000 Exception <a 'sun/nio/fs/WindowsException'{0x000000008abdce10}> (0x000000008abdce10) thrown at [./src/hotspot/share/prims/jni.cpp, line 615]
Event: 263.570 Thread 0x0000020ffd972000 Exception <a 'sun/nio/fs/WindowsException'{0x000000008abde1b8}> (0x000000008abde1b8) thrown at [./src/hotspot/share/prims/jni.cpp, line 615]
Event: 263.570 Thread 0x0000020ffd972000 Exception <a 'sun/nio/fs/WindowsException'{0x000000008abdf5b0}> (0x000000008abdf5b0) thrown at [./src/hotspot/share/prims/jni.cpp, line 615]
Event: 263.570 Thread 0x0000020ffd972000 Exception <a 'sun/nio/fs/WindowsException'{0x000000008abe09a8}> (0x000000008abe09a8) thrown at [./src/hotspot/share/prims/jni.cpp, line 615]

Events (20 events):
Event: 263.536 Thread 0x0000020ffbe37000 Thread added: 0x0000020ffbe37000
Event: 263.536 Thread 0x0000020ffbe38000 Thread added: 0x0000020ffbe38000
Event: 263.536 Thread 0x0000020ffbe32000 Thread added: 0x0000020ffbe32000
Event: 263.594 Thread 0x0000020ffbe34800 Thread added: 0x0000020ffbe34800
Event: 263.595 Thread 0x0000020ffbe3b000 Thread added: 0x0000020ffbe3b000
Event: 263.595 Thread 0x0000020ffbe39800 Thread added: 0x0000020ffbe39800
Event: 263.595 Thread 0x0000020ffbe38800 Thread added: 0x0000020ffbe38800
Event: 263.595 Thread 0x0000020ffbe35800 Thread added: 0x0000020ffbe35800
Event: 263.595 Thread 0x0000020ffbe3c000 Thread added: 0x0000020ffbe3c000
Event: 263.595 Thread 0x0000020ffbe3a800 Thread added: 0x0000020ffbe3a800
Event: 263.595 Thread 0x0000020ffdc45800 Thread added: 0x0000020ffdc45800
Event: 263.595 Thread 0x0000020ffdc46000 Thread added: 0x0000020ffdc46000
Event: 263.595 Thread 0x0000020ffdc44800 Thread added: 0x0000020ffdc44800
Event: 263.596 Thread 0x0000020ffdc47000 Thread added: 0x0000020ffdc47000
Event: 263.596 Thread 0x0000020ffdc41000 Thread added: 0x0000020ffdc41000
Event: 263.596 Thread 0x0000020ffdc47800 Thread added: 0x0000020ffdc47800
Event: 263.596 Thread 0x0000020ffdc42000 Thread added: 0x0000020ffdc42000
Event: 263.596 Thread 0x0000020ffdc48800 Thread added: 0x0000020ffdc48800
Event: 263.596 Thread 0x0000020ffdc43000 Thread added: 0x0000020ffdc43000
Event: 263.596 Thread 0x0000020ffdc43800 Thread added: 0x0000020ffdc43800


Dynamic libraries:
0x00007ff682930000 - 0x00007ff68293a000 	C:\Program Files\Android\Android Studio\jre\bin\java.exe
0x00007ff919c30000 - 0x00007ff919e44000 	C:\WINDOWS\SYSTEM32\ntdll.dll
0x00007ff917a20000 - 0x00007ff917ae3000 	C:\WINDOWS\System32\KERNEL32.DLL
0x00007ff917510000 - 0x00007ff9178ad000 	C:\WINDOWS\System32\KERNELBASE.dll
0x00007ff917080000 - 0x00007ff917191000 	C:\WINDOWS\System32\ucrtbase.dll
0x00007ff8deb70000 - 0x00007ff8deb87000 	C:\Program Files\Android\Android Studio\jre\bin\VCRUNTIME140.dll
0x00007ff8de5c0000 - 0x00007ff8de5d9000 	C:\Program Files\Android\Android Studio\jre\bin\jli.dll
0x00007ff919280000 - 0x00007ff91942d000 	C:\WINDOWS\System32\USER32.dll
0x00007ff917050000 - 0x00007ff917076000 	C:\WINDOWS\System32\win32u.dll
0x00007ff8fe0a0000 - 0x00007ff8fe32e000 	C:\WINDOWS\WinSxS\amd64_microsoft.windows.common-controls_6595b64144ccf1df_6.0.22621.608_none_a9444ca7c10bb01d\COMCTL32.dll
0x00007ff9194b0000 - 0x00007ff9194d9000 	C:\WINDOWS\System32\GDI32.dll
0x00007ff918e00000 - 0x00007ff918ea7000 	C:\WINDOWS\System32\msvcrt.dll
0x00007ff917220000 - 0x00007ff917332000 	C:\WINDOWS\System32\gdi32full.dll
0x00007ff917470000 - 0x00007ff91750a000 	C:\WINDOWS\System32\msvcp_win.dll
0x00007ff9199d0000 - 0x00007ff919a02000 	C:\WINDOWS\System32\IMM32.DLL
0x00007ff8b5380000 - 0x00007ff8b541d000 	C:\Program Files\Android\Android Studio\jre\bin\msvcp140.dll
0x00007ff8b31b0000 - 0x00007ff8b3c95000 	C:\Program Files\Android\Android Studio\jre\bin\server\jvm.dll
0x00007ff919920000 - 0x00007ff9199ce000 	C:\WINDOWS\System32\ADVAPI32.dll
0x00007ff9194e0000 - 0x00007ff919584000 	C:\WINDOWS\System32\sechost.dll
0x00007ff919010000 - 0x00007ff919125000 	C:\WINDOWS\System32\RPCRT4.dll
0x00007ff918eb0000 - 0x00007ff918eb8000 	C:\WINDOWS\System32\PSAPI.DLL
0x00007ff9110e0000 - 0x00007ff9110e9000 	C:\WINDOWS\SYSTEM32\WSOCK32.dll
0x00007ff911080000 - 0x00007ff9110b4000 	C:\WINDOWS\SYSTEM32\WINMM.dll
0x00007ff910550000 - 0x00007ff91055a000 	C:\WINDOWS\SYSTEM32\VERSION.dll
0x00007ff919430000 - 0x00007ff9194a1000 	C:\WINDOWS\System32\WS2_32.dll
0x00007ff916080000 - 0x00007ff916098000 	C:\WINDOWS\SYSTEM32\kernel.appcore.dll
0x00007ff905500000 - 0x00007ff905511000 	C:\Program Files\Android\Android Studio\jre\bin\verify.dll
0x00007ff902a00000 - 0x00007ff902c2e000 	C:\WINDOWS\SYSTEM32\DBGHELP.DLL
0x00007ff919590000 - 0x00007ff91991a000 	C:\WINDOWS\System32\combase.dll
0x00007ff919140000 - 0x00007ff919217000 	C:\WINDOWS\System32\OLEAUT32.dll
0x00007ff905520000 - 0x00007ff905552000 	C:\WINDOWS\SYSTEM32\dbgcore.DLL
0x00007ff9171a0000 - 0x00007ff91721b000 	C:\WINDOWS\System32\bcryptPrimitives.dll
0x00007ff901560000 - 0x00007ff901589000 	C:\Program Files\Android\Android Studio\jre\bin\java.dll
0x00007ff907ea0000 - 0x00007ff907eab000 	C:\Program Files\Android\Android Studio\jre\bin\jimage.dll
0x00007ff9013a0000 - 0x00007ff9013b8000 	C:\Program Files\Android\Android Studio\jre\bin\zip.dll
0x00007ff917cb0000 - 0x00007ff91849f000 	C:\WINDOWS\System32\SHELL32.dll
0x00007ff915030000 - 0x00007ff9158f8000 	C:\WINDOWS\SYSTEM32\windows.storage.dll
0x00007ff914ef0000 - 0x00007ff91502e000 	C:\WINDOWS\SYSTEM32\wintypes.dll
0x00007ff919af0000 - 0x00007ff919be1000 	C:\WINDOWS\System32\SHCORE.dll
0x00007ff918930000 - 0x00007ff91898e000 	C:\WINDOWS\System32\shlwapi.dll
0x00007ff916f80000 - 0x00007ff916fa1000 	C:\WINDOWS\SYSTEM32\profapi.dll
0x00007ff9012e0000 - 0x00007ff9012fa000 	C:\Program Files\Android\Android Studio\jre\bin\net.dll
0x00007ff910c30000 - 0x00007ff910d5f000 	C:\WINDOWS\SYSTEM32\WINHTTP.dll
0x00007ff916510000 - 0x00007ff916579000 	C:\WINDOWS\system32\mswsock.dll
0x00007ff8fef90000 - 0x00007ff8fefa4000 	C:\Program Files\Android\Android Studio\jre\bin\nio.dll
0x00007ff8ec410000 - 0x00007ff8ec437000 	C:\Users\Le Thanh Hang\.gradle\native\e1d6ef7f7dcc3fd88c89a11ec53ec762bb8ba0a96d01ffa2cd45eb1d1d8dd5c5\windows-amd64\native-platform.dll
0x00007ff8b3060000 - 0x00007ff8b31a4000 	C:\Users\Le Thanh Hang\.gradle\native\5664cfc778a61ccfe75a443a1ab52a65af34e5dc3c78e0209fed803814484fcb\windows-amd64\native-platform-file-events.dll
0x00007ff911dd0000 - 0x00007ff911dda000 	C:\Program Files\Android\Android Studio\jre\bin\management.dll
0x00007ff911dc0000 - 0x00007ff911dcd000 	C:\Program Files\Android\Android Studio\jre\bin\management_ext.dll
0x00007ff916760000 - 0x00007ff91677b000 	C:\WINDOWS\SYSTEM32\CRYPTSP.dll
0x00007ff915ff0000 - 0x00007ff916025000 	C:\WINDOWS\system32\rsaenh.dll
0x00007ff916600000 - 0x00007ff916628000 	C:\WINDOWS\SYSTEM32\USERENV.dll
0x00007ff916970000 - 0x00007ff916998000 	C:\WINDOWS\SYSTEM32\bcrypt.dll
0x00007ff916780000 - 0x00007ff91678c000 	C:\WINDOWS\SYSTEM32\CRYPTBASE.dll
0x00007ff915b50000 - 0x00007ff915b7d000 	C:\WINDOWS\SYSTEM32\IPHLPAPI.DLL
0x00007ff919000000 - 0x00007ff919009000 	C:\WINDOWS\System32\NSI.dll
0x00007ff910aa0000 - 0x00007ff910ab9000 	C:\WINDOWS\SYSTEM32\dhcpcsvc6.DLL
0x00007ff9109e0000 - 0x00007ff9109ff000 	C:\WINDOWS\SYSTEM32\dhcpcsvc.DLL
0x00007ff915bc0000 - 0x00007ff915cb2000 	C:\WINDOWS\SYSTEM32\DNSAPI.dll
0x00007ff8fa200000 - 0x00007ff8fa227000 	C:\Program Files\Android\Android Studio\jre\bin\sunec.dll

dbghelp: loaded successfully - version: 4.0.5 - missing functions: none
symbol engine: initialized successfully - sym options: 0x614 - pdb path: .;C:\Program Files\Android\Android Studio\jre\bin;C:\WINDOWS\SYSTEM32;C:\WINDOWS\WinSxS\amd64_microsoft.windows.common-controls_6595b64144ccf1df_6.0.22621.608_none_a9444ca7c10bb01d;C:\Program Files\Android\Android Studio\jre\bin\server;C:\Users\Le Thanh Hang\.gradle\native\e1d6ef7f7dcc3fd88c89a11ec53ec762bb8ba0a96d01ffa2cd45eb1d1d8dd5c5\windows-amd64;C:\Users\Le Thanh Hang\.gradle\native\5664cfc778a61ccfe75a443a1ab52a65af34e5dc3c78e0209fed803814484fcb\windows-amd64

VM Arguments:
jvm_args: --add-opens=java.base/java.util=ALL-UNNAMED --add-opens=java.base/java.lang=ALL-UNNAMED --add-opens=java.base/java.lang.invoke=ALL-UNNAMED --add-opens=java.base/java.util=ALL-UNNAMED --add-opens=java.prefs/java.util.prefs=ALL-UNNAMED --add-opens=java.prefs/java.util.prefs=ALL-UNNAMED --add-opens=java.base/java.nio.charset=ALL-UNNAMED --add-opens=java.base/java.net=ALL-UNNAMED --add-opens=java.base/java.util.concurrent.atomic=ALL-UNNAMED -Xmx2048m -Dfile.encoding=UTF-8 -Duser.country=US -Duser.language=en -Duser.variant 
java_command: org.gradle.launcher.daemon.bootstrap.GradleDaemon 7.3.3
java_class_path (initial): C:\Users\Le Thanh Hang\.gradle\wrapper\dists\gradle-7.3.3-bin\6a41zxkdtcxs8rphpq6y0069z\gradle-7.3.3\lib\gradle-launcher-7.3.3.jar
Launcher Type: SUN_STANDARD

[Global flags]
     intx CICompilerCount                          = 12                                        {product} {ergonomic}
     uint ConcGCThreads                            = 3                                         {product} {ergonomic}
     uint G1ConcRefinementThreads                  = 13                                        {product} {ergonomic}
   size_t G1HeapRegionSize                         = 1048576                                   {product} {ergonomic}
    uintx GCDrainStackTargetSize                   = 64                                        {product} {ergonomic}
   size_t InitialHeapSize                          = 123731968                                 {product} {ergonomic}
   size_t MarkStackSize                            = 4194304                                   {product} {ergonomic}
   size_t MaxHeapSize                              = 2147483648                                {product} {command line}
   size_t MaxNewSize                               = 1287651328                                {product} {ergonomic}
   size_t MinHeapDeltaBytes                        = 1048576                                   {product} {ergonomic}
    uintx NonNMethodCodeHeapSize                   = 7594288                                {pd product} {ergonomic}
    uintx NonProfiledCodeHeapSize                  = 122031976                              {pd product} {ergonomic}
    uintx ProfiledCodeHeapSize                     = 122031976                              {pd product} {ergonomic}
    uintx ReservedCodeCacheSize                    = 251658240                              {pd product} {ergonomic}
     bool SegmentedCodeCache                       = true                                      {product} {ergonomic}
     bool UseCompressedClassPointers               = true                                 {lp64_product} {ergonomic}
     bool UseCompressedOops                        = true                                 {lp64_product} {ergonomic}
     bool UseG1GC                                  = true                                      {product} {ergonomic}
     bool UseLargePagesIndividualAllocation        = false                                  {pd product} {ergonomic}

Logging:
Log output configuration:
 #0: stdout all=warning uptime,level,tags
 #1: stderr all=off uptime,level,tags

Environment Variables:
PATH=C:\Program Files (x86)\VMware\VMware Workstation\bin\;C:\Python310\Scripts\;C:\Python310\;C:\Program Files\Eclipse Foundation\jdk-8.0.302.8-hotspot\bin;C:\windows\system32;C:\windows;C:\windows\System32\Wbem;C:\windows\System32\WindowsPowerShell\v1.0\;C:\windows\System32\OpenSSH\;C:\Program Files (x86)\NVIDIA Corporation\PhysX\Common;C:\Program Files\NVIDIA Corporation\NVIDIA NvDLISR;C:\Program Files\Microsoft SQL Server\130\Tools\Binn\;C:\Program Files\Microsoft SQL Server\Client SDK\ODBC\170\Tools\Binn\;C:\Program Files\Git\cmd;C:\Program Files\nodejs\;C:\ProgramData\chocolatey\bin;C:\WINDOWS\system32;C:\WINDOWS;C:\WINDOWS\System32\Wbem;C:\WINDOWS\System32\WindowsPowerShell\v1.0\;C:\WINDOWS\System32\OpenSSH\;C:\Program Files\dotnet\;C:\MinGW\bin;C:\Ruby31-x64\bin;C:\Users\Le Thanh Hang\AppData\Local\Microsoft\WindowsApps;C:\Users\Le Thanh Hang\AppData\Local\GitHubDesktop\bin;C:\Users\Le Thanh Hang\AppData\Roaming\npm;C:\Users\Le Thanh Hang\.dotnet\tools;C:\Users\Le Thanh Hang\AppData\Local\Programs\Microsoft VS Code\bin
USERNAME=Le Thanh Hang
OS=Windows_NT
PROCESSOR_IDENTIFIER=AMD64 Family 25 Model 80 Stepping 0, AuthenticAMD



---------------  S Y S T E M  ---------------

OS: Windows 10 , 64 bit Build 22621 (10.0.22621.963)
OS uptime: 0 days 12:52 hours
Hyper-V role detected

CPU:total 16 (initial active 16) (16 cores per cpu, 2 threads per core) family 25 model 80 stepping 0 microcode 0x0, cmov, cx8, fxsr, mmx, sse, sse2, sse3, ssse3, sse4.1, sse4.2, popcnt, avx, avx2, aes, clmul, erms, mmxext, 3dnowpref, lzcnt, sse4a, ht, tsc, tscinvbit, tscinv, bmi1, bmi2, adx, sha, fma

Memory: 4k page, system-wide physical 7523M (564M free)
TotalPageFile size 11619M (AvailPageFile size 5M)
current process WorkingSet (physical memory assigned to process): 480M, peak: 524M
current process commit charge ("private bytes"): 566M, peak: 581M

vm_info: OpenJDK 64-Bit Server VM (11.0.12+7-b1504.28-7817840) for windows-amd64 JRE (11.0.12+7-b1504.28-7817840), built on Oct 13 2021 22:12:33 by "builder" with MS VC++ 14.0 (VS2015)

END.
