#
# There is insufficient memory for the Java Runtime Environment to continue.
# Native memory allocation (mmap) failed to map 25165824 bytes for Failed to commit area from 0x0000000087600000 to 0x0000000088e00000 of length 25165824.
# Possible reasons:
#   The system is out of physical RAM or swap space
#   The process is running with CompressedOops enabled, and the Java Heap may be blocking the growth of the native heap
# Possible solutions:
#   Reduce memory load on the system
#   Increase physical memory or swap space
#   Check if swap backing store is full
#   Decrease Java heap size (-Xmx/-Xms)
#   Decrease number of Java threads
#   Decrease Java thread stack sizes (-Xss)
#   Set larger code cache with -XX:ReservedCodeCacheSize=
#   JVM is running with Unscaled Compressed Oops mode in which the Java heap is
#     placed in the first 4GB address space. The Java Heap base address is the
#     maximum limit for the native heap growth. Please use -XX:HeapBaseMinAddress
#     to set the Java Heap base and to place the Java Heap above 4GB virtual address.
# This output file may be truncated or incomplete.
#
#  Out of Memory Error (./src/hotspot/os/windows/os_windows.cpp:3521), pid=2036, tid=2612
#
# JRE version: OpenJDK Runtime Environment (11.0.12+7) (build 11.0.12+7-b1504.28-7817840)
# Java VM: OpenJDK 64-Bit Server VM (11.0.12+7-b1504.28-7817840, mixed mode, tiered, compressed oops, g1 gc, windows-amd64)
# No core dump will be written. Minidumps are not enabled by default on client versions of Windows
#

---------------  S U M M A R Y ------------

Command Line: --add-opens=java.base/java.util=ALL-UNNAMED --add-opens=java.base/java.lang=ALL-UNNAMED --add-opens=java.base/java.lang.invoke=ALL-UNNAMED --add-opens=java.base/java.util=ALL-UNNAMED --add-opens=java.prefs/java.util.prefs=ALL-UNNAMED --add-opens=java.prefs/java.util.prefs=ALL-UNNAMED --add-opens=java.base/java.nio.charset=ALL-UNNAMED --add-opens=java.base/java.net=ALL-UNNAMED --add-opens=java.base/java.util.concurrent.atomic=ALL-UNNAMED -Xmx2048m -Dfile.encoding=UTF-8 -Duser.country=US -Duser.language=en -Duser.variant org.gradle.launcher.daemon.bootstrap.GradleDaemon 7.3.3

Host: AMD Ryzen 7 5800H with Radeon Graphics         , 16 cores, 7G,  Windows 10 , 64 bit Build 22621 (10.0.22621.755)
Time: Wed Dec  7 11:00:45 2022 SE Asia Standard Time elapsed time: 3.948331 seconds (0d 0h 0m 3s)

---------------  T H R E A D  ---------------

Current thread (0x0000018ea5341000):  VMThread "VM Thread" [stack: 0x00000075c9400000,0x00000075c9500000] [id=2612]

Stack: [0x00000075c9400000,0x00000075c9500000]
[error occurred during error reporting (printing stack bounds), id 0xc0000005, EXCEPTION_ACCESS_VIOLATION (0xc0000005) at pc=0x0000018e8de4112d]

Native frames: (J=compiled Java code, j=interpreted, Vv=VM code, C=native code)
V  [jvm.dll+0x5fbcea]
V  [jvm.dll+0x731905]
V  [jvm.dll+0x732f1d]
V  [jvm.dll+0x733535]
V  [jvm.dll+0x7334eb]
V  [jvm.dll+0x5fb080]
V  [jvm.dll+0x5fb818]
C  [ntdll.dll+0xa3eaf]
C  [ntdll.dll+0x1eae6]
C  [ntdll.dll+0xa2e9e]
C  0x0000018e8de4112d

VM_Operation (0x00000075cb0f3950): G1CollectForAllocation, mode: safepoint, requested by thread 0x0000018ea9019000


---------------  P R O C E S S  ---------------

Threads class SMR info:
_java_thread_list=0x0000018eace89b40, length=39, elements={
0x0000018e8a33b800, 0x0000018ea5342800, 0x0000018ea5344800, 0x0000018ea536d800,
0x0000018ea5bb6000, 0x0000018ea5bb7800, 0x0000018ea5bb8800, 0x0000018ea5bbf800,
0x0000018ea5bc9800, 0x0000018ea52fb000, 0x0000018ea5d69800, 0x0000018ea6867800,
0x0000018ea6868800, 0x0000018ea720f000, 0x0000018ea5deb000, 0x0000018ea800f000,
0x0000018ea7edd800, 0x0000018ea8089000, 0x0000018ea808a000, 0x0000018ea7a5a800,
0x0000018ea9019000, 0x0000018ea7562800, 0x0000018ea7d2c000, 0x0000018ea7b63000,
0x0000018ea7b64000, 0x0000018ea7b5e000, 0x0000018ea7b5f000, 0x0000018ea7b60000,
0x0000018ea7b64800, 0x0000018ea7b61800, 0x0000018ea7b60800, 0x0000018ea7b62000,
0x0000018ea8dbf000, 0x0000018ea8dbc800, 0x0000018ea8dbd800, 0x0000018ea8dc0800,
0x0000018ea8dc1800, 0x0000018ea8dbb800, 0x0000018ea8dc4000
}

Java Threads: ( => current thread )
  0x0000018e8a33b800 JavaThread "main" [_thread_blocked, id=15552, stack(0x00000075c8e00000,0x00000075c8f00000)]
  0x0000018ea5342800 JavaThread "Reference Handler" daemon [_thread_blocked, id=13036, stack(0x00000075c9500000,0x00000075c9600000)]
  0x0000018ea5344800 JavaThread "Finalizer" daemon [_thread_blocked, id=2240, stack(0x00000075c9600000,0x00000075c9700000)]
  0x0000018ea536d800 JavaThread "Signal Dispatcher" daemon [_thread_blocked, id=9548, stack(0x00000075c9700000,0x00000075c9800000)]
  0x0000018ea5bb6000 JavaThread "Attach Listener" daemon [_thread_blocked, id=2320, stack(0x00000075c9800000,0x00000075c9900000)]
  0x0000018ea5bb7800 JavaThread "Service Thread" daemon [_thread_blocked, id=13284, stack(0x00000075c9900000,0x00000075c9a00000)]
  0x0000018ea5bb8800 JavaThread "C2 CompilerThread0" daemon [_thread_in_native, id=17104, stack(0x00000075c9a00000,0x00000075c9b00000)]
  0x0000018ea5bbf800 JavaThread "C1 CompilerThread0" daemon [_thread_blocked, id=616, stack(0x00000075c9b00000,0x00000075c9c00000)]
  0x0000018ea5bc9800 JavaThread "Sweeper thread" daemon [_thread_blocked, id=8588, stack(0x00000075c9c00000,0x00000075c9d00000)]
  0x0000018ea52fb000 JavaThread "C1 CompilerThread1" daemon [_thread_blocked, id=16732, stack(0x00000075c9d00000,0x00000075c9e00000)]
  0x0000018ea5d69800 JavaThread "Common-Cleaner" daemon [_thread_blocked, id=6912, stack(0x00000075c9e00000,0x00000075c9f00000)]
  0x0000018ea6867800 JavaThread "C1 CompilerThread2" daemon [_thread_blocked, id=11656, stack(0x00000075ca200000,0x00000075ca300000)]
  0x0000018ea6868800 JavaThread "C1 CompilerThread3" daemon [_thread_blocked, id=3664, stack(0x00000075ca300000,0x00000075ca400000)]
  0x0000018ea720f000 JavaThread "Daemon health stats" [_thread_blocked, id=6204, stack(0x00000075ca500000,0x00000075ca600000)]
  0x0000018ea5deb000 JavaThread "C2 CompilerThread1" daemon [_thread_blocked, id=10524, stack(0x00000075ca000000,0x00000075ca100000)]
  0x0000018ea800f000 JavaThread "Incoming local TCP Connector on port 52817" [_thread_in_native, id=15872, stack(0x00000075ca100000,0x00000075ca200000)]
  0x0000018ea7edd800 JavaThread "Daemon periodic checks" [_thread_blocked, id=3420, stack(0x00000075ca600000,0x00000075ca700000)]
  0x0000018ea8089000 JavaThread "Daemon" [_thread_blocked, id=10804, stack(0x00000075cad00000,0x00000075cae00000)]
  0x0000018ea808a000 JavaThread "Handler for socket connection from /127.0.0.1:52817 to /127.0.0.1:52818" [_thread_in_native, id=15356, stack(0x00000075cae00000,0x00000075caf00000)]
  0x0000018ea7a5a800 JavaThread "Cancel handler" [_thread_blocked, id=1916, stack(0x00000075caf00000,0x00000075cb000000)]
  0x0000018ea9019000 JavaThread "Daemon worker" [_thread_blocked, id=10944, stack(0x00000075cb000000,0x00000075cb100000)]
  0x0000018ea7562800 JavaThread "Asynchronous log dispatcher for DefaultDaemonConnection: socket connection from /127.0.0.1:52817 to /127.0.0.1:52818" [_thread_blocked, id=13660, stack(0x00000075cb100000,0x00000075cb200000)]
  0x0000018ea7d2c000 JavaThread "Stdin handler" [_thread_blocked, id=11480, stack(0x00000075cb200000,0x00000075cb300000)]
  0x0000018ea7b63000 JavaThread "Daemon client event forwarder" [_thread_blocked, id=12484, stack(0x00000075cb300000,0x00000075cb400000)]
  0x0000018ea7b64000 JavaThread "Cache worker for journal cache (C:\Users\Le Thanh Hang\.gradle\caches\journal-1)" [_thread_blocked, id=17040, stack(0x00000075cb400000,0x00000075cb500000)]
  0x0000018ea7b5e000 JavaThread "File lock request listener" [_thread_in_native, id=14228, stack(0x00000075cb500000,0x00000075cb600000)]
  0x0000018ea7b5f000 JavaThread "Cache worker for file hash cache (C:\Users\Le Thanh Hang\.gradle\caches\7.3.3\fileHashes)" [_thread_blocked, id=2096, stack(0x00000075cb600000,0x00000075cb700000)]
  0x0000018ea7b60000 JavaThread "Cache worker for file hash cache (D:\NT118_PTUDDD\Lab\Lab6\Lab06_3\.gradle\7.3.3\fileHashes)" [_thread_blocked, id=11164, stack(0x00000075cbe00000,0x00000075cbf00000)]
  0x0000018ea7b64800 JavaThread "File watcher server" daemon [_thread_in_native, id=8924, stack(0x00000075cbf00000,0x00000075cc000000)]
  0x0000018ea7b61800 JavaThread "File watcher consumer" daemon [_thread_blocked, id=7268, stack(0x00000075cc000000,0x00000075cc100000)]
  0x0000018ea7b60800 JavaThread "Cache worker for checksums cache (D:\NT118_PTUDDD\Lab\Lab6\Lab06_3\.gradle\7.3.3\checksums)" [_thread_blocked, id=3944, stack(0x00000075cc100000,0x00000075cc200000)]
  0x0000018ea7b62000 JavaThread "Cache worker for cache directory md-supplier (C:\Users\Le Thanh Hang\.gradle\caches\7.3.3\md-supplier)" [_thread_blocked, id=15880, stack(0x00000075cc200000,0x00000075cc300000)]
  0x0000018ea8dbf000 JavaThread "Cache worker for cache directory md-rule (C:\Users\Le Thanh Hang\.gradle\caches\7.3.3\md-rule)" [_thread_blocked, id=12388, stack(0x00000075cc300000,0x00000075cc400000)]
  0x0000018ea8dbc800 JavaThread "Cache worker for execution history cache (C:\Users\Le Thanh Hang\.gradle\caches\7.3.3\executionHistory)" [_thread_blocked, id=3348, stack(0x00000075cc400000,0x00000075cc500000)]
  0x0000018ea8dbd800 JavaThread "jar transforms" [_thread_blocked, id=10272, stack(0x00000075cc500000,0x00000075cc600000)]
  0x0000018ea8dc0800 JavaThread "Cache worker for file content cache (C:\Users\Le Thanh Hang\.gradle\caches\7.3.3\fileContent)" [_thread_blocked, id=1640, stack(0x00000075cc600000,0x00000075cc700000)]
  0x0000018ea8dc1800 JavaThread "jar transforms Thread 2" [_thread_blocked, id=11100, stack(0x00000075cc700000,0x00000075cc800000)]
  0x0000018ea8dbb800 JavaThread "Cache worker for dependencies-accessors (D:\NT118_PTUDDD\Lab\Lab6\Lab06_3\.gradle\7.3.3\dependencies-accessors)" [_thread_blocked, id=7948, stack(0x00000075cc800000,0x00000075cc900000)]
  0x0000018ea8dc4000 JavaThread "jar transforms Thread 3" [_thread_blocked, id=8252, stack(0x00000075cc900000,0x00000075cca00000)]

Other Threads:
=>0x0000018ea5341000 VMThread "VM Thread" [stack: 0x00000075c9400000,0x00000075c9500000] [id=2612]
  0x0000018ea5d82800 WatcherThread [stack: 0x00000075c9f00000,0x00000075ca000000] [id=7384]
  0x0000018e8a352800 GCTaskThread "GC Thread#0" [stack: 0x00000075c8f00000,0x00000075c9000000] [id=12496]
  0x0000018ea6a50800 GCTaskThread "GC Thread#1" [stack: 0x00000075ca400000,0x00000075ca500000] [id=14560]
  0x0000018ea7ed8800 GCTaskThread "GC Thread#2" [stack: 0x00000075ca700000,0x00000075ca800000] [id=5236]
  0x0000018ea8dfe800 GCTaskThread "GC Thread#3" [stack: 0x00000075ca800000,0x00000075ca900000] [id=7544]
  0x0000018ea77d2000 GCTaskThread "GC Thread#4" [stack: 0x00000075ca900000,0x00000075caa00000] [id=7764]
  0x0000018ea88bc800 GCTaskThread "GC Thread#5" [stack: 0x00000075caa00000,0x00000075cab00000] [id=15976]
  0x0000018ea70c9000 GCTaskThread "GC Thread#6" [stack: 0x00000075cab00000,0x00000075cac00000] [id=6264]
  0x0000018ea7e76000 GCTaskThread "GC Thread#7" [stack: 0x00000075cac00000,0x00000075cad00000] [id=10640]
  0x0000018ea76ce800 GCTaskThread "GC Thread#8" [stack: 0x00000075cb700000,0x00000075cb800000] [id=11396]
  0x0000018ea88ed000 GCTaskThread "GC Thread#9" [stack: 0x00000075cb800000,0x00000075cb900000] [id=7136]
  0x0000018ea8f0d000 GCTaskThread "GC Thread#10" [stack: 0x00000075cb900000,0x00000075cba00000] [id=15348]
  0x0000018ea6ab2800 GCTaskThread "GC Thread#11" [stack: 0x00000075cba00000,0x00000075cbb00000] [id=16192]
  0x0000018ea8776000 GCTaskThread "GC Thread#12" [stack: 0x00000075cbb00000,0x00000075cbc00000] [id=15860]
  0x0000018e8a38a000 ConcurrentGCThread "G1 Main Marker" [stack: 0x00000075c9000000,0x00000075c9100000] [id=17236]
  0x0000018e8a38d800 ConcurrentGCThread "G1 Conc#0" [stack: 0x00000075c9100000,0x00000075c9200000] [id=16244]
  0x0000018ea7e95000 ConcurrentGCThread "G1 Conc#1" [stack: 0x00000075cbc00000,0x00000075cbd00000] [id=17224]
  0x0000018ea74d4800 ConcurrentGCThread "G1 Conc#2" [stack: 0x00000075cbd00000,0x00000075cbe00000] [id=9228]
  0x0000018ea51a2800 ConcurrentGCThread "G1 Refine#0" [stack: 0x00000075c9200000,0x00000075c9300000] [id=12840]
  0x0000018ea51a5000 ConcurrentGCThread "G1 Young RemSet Sampling" [stack: 0x00000075c9300000,0x00000075c9400000] [id=17028]

Threads with active compile tasks:
C2 CompilerThread0   3956 4019       4       java.net.URLClassLoader$1::run (5 bytes)
C2 CompilerThread1   3956 4020   !   4       java.net.URLClassLoader$1::run (63 bytes)

VM state:at safepoint (normal execution)

VM Mutex/Monitor currently owned by a thread:  ([mutex/lock_event])
[0x0000018e8a339850] Threads_lock - owner thread: 0x0000018ea5341000
[0x0000018e8a3393d0] Heap_lock - owner thread: 0x0000018ea9019000

Heap address: 0x0000000080000000, size: 2048 MB, Compressed Oops mode: 32-bit
Narrow klass base: 0x0000000000000000, Narrow klass shift: 3
Compressed class space size: 1073741824 Address: 0x0000000100000000

Heap:
 garbage-first heap   total 145408K, used 29072K [0x0000000080000000, 0x0000000100000000)
  region size 1024K, 3 young (3072K), 3 survivors (3072K)
 Metaspace       used 43865K, capacity 44800K, committed 44880K, reserved 1087488K
  class space    used 5569K, capacity 5948K, committed 6016K, reserved 1048576K
Heap Regions: E=young(eden), S=young(survivor), O=old, HS=humongous(starts), HC=humongous(continues), CS=collection set, F=free, A=archive, TAMS=top-at-mark-start (previous, next)
|   0|0x0000000080000000, 0x0000000080100000, 0x0000000080100000|100%| O|  |TAMS 0x0000000080100000, 0x0000000080000000| Untracked 
|   1|0x0000000080100000, 0x0000000080200000, 0x0000000080200000|100%| O|  |TAMS 0x0000000080200000, 0x0000000080100000| Untracked 
|   2|0x0000000080200000, 0x0000000080300000, 0x0000000080300000|100%| O|  |TAMS 0x0000000080300000, 0x0000000080200000| Untracked 
|   3|0x0000000080300000, 0x0000000080400000, 0x0000000080400000|100%|HS|  |TAMS 0x0000000080400000, 0x0000000080300000| Complete 
|   4|0x0000000080400000, 0x0000000080500000, 0x0000000080500000|100%|HC|  |TAMS 0x0000000080500000, 0x0000000080400000| Complete 
|   5|0x0000000080500000, 0x0000000080600000, 0x0000000080600000|100%|HC|  |TAMS 0x0000000080600000, 0x0000000080500000| Complete 
|   6|0x0000000080600000, 0x0000000080700000, 0x0000000080700000|100%| O|  |TAMS 0x0000000080700000, 0x0000000080600000| Untracked 
|   7|0x0000000080700000, 0x0000000080800000, 0x0000000080800000|100%| O|  |TAMS 0x0000000080800000, 0x0000000080700000| Untracked 
|   8|0x0000000080800000, 0x0000000080900000, 0x0000000080900000|100%| O|  |TAMS 0x0000000080900000, 0x0000000080800000| Untracked 
|   9|0x0000000080900000, 0x0000000080a00000, 0x0000000080a00000|100%| O|  |TAMS 0x0000000080a00000, 0x0000000080900000| Untracked 
|  10|0x0000000080a00000, 0x0000000080b00000, 0x0000000080b00000|100%| O|  |TAMS 0x0000000080b00000, 0x0000000080a00000| Untracked 
|  11|0x0000000080b00000, 0x0000000080c00000, 0x0000000080c00000|100%| O|  |TAMS 0x0000000080c00000, 0x0000000080b00000| Untracked 
|  12|0x0000000080c00000, 0x0000000080d00000, 0x0000000080d00000|100%| O|  |TAMS 0x0000000080d00000, 0x0000000080c00000| Untracked 
|  13|0x0000000080d00000, 0x0000000080e00000, 0x0000000080e00000|100%| O|  |TAMS 0x0000000080e00000, 0x0000000080d00000| Untracked 
|  14|0x0000000080e00000, 0x0000000080f00000, 0x0000000080f00000|100%| O|  |TAMS 0x0000000080f00000, 0x0000000080e00000| Untracked 
|  15|0x0000000080f00000, 0x0000000081000000, 0x0000000081000000|100%| O|  |TAMS 0x0000000081000000, 0x0000000080f00000| Untracked 
|  16|0x0000000081000000, 0x0000000081100000, 0x0000000081100000|100%| O|  |TAMS 0x0000000081100000, 0x0000000081000000| Untracked 
|  17|0x0000000081100000, 0x0000000081200000, 0x0000000081200000|100%| O|  |TAMS 0x0000000081200000, 0x0000000081100000| Untracked 
|  18|0x0000000081200000, 0x0000000081300000, 0x0000000081300000|100%| O|  |TAMS 0x0000000081223e00, 0x0000000081200000| Untracked 
|  19|0x0000000081300000, 0x0000000081300000, 0x0000000081400000|  0%| F|  |TAMS 0x0000000081300000, 0x0000000081300000| Untracked 
|  20|0x0000000081400000, 0x0000000081500000, 0x0000000081500000|100%| O|  |TAMS 0x0000000081400000, 0x0000000081400000| Untracked 
|  21|0x0000000081500000, 0x0000000081600000, 0x0000000081600000|100%| O|  |TAMS 0x0000000081500000, 0x0000000081500000| Untracked 
|  22|0x0000000081600000, 0x0000000081700000, 0x0000000081700000|100%| O|  |TAMS 0x0000000081600000, 0x0000000081600000| Untracked 
|  23|0x0000000081700000, 0x0000000081800000, 0x0000000081800000|100%| O|  |TAMS 0x0000000081700000, 0x0000000081700000| Untracked 
|  24|0x0000000081800000, 0x0000000081900000, 0x0000000081900000|100%| O|  |TAMS 0x0000000081800000, 0x0000000081800000| Untracked 
|  25|0x0000000081900000, 0x0000000081a00000, 0x0000000081a00000|100%| O|  |TAMS 0x0000000081900000, 0x0000000081900000| Untracked 
|  26|0x0000000081a00000, 0x0000000081a65400, 0x0000000081b00000| 39%| O|  |TAMS 0x0000000081a00000, 0x0000000081a00000| Untracked 
|  27|0x0000000081b00000, 0x0000000081b00000, 0x0000000081c00000|  0%| F|  |TAMS 0x0000000081b00000, 0x0000000081b00000| Untracked 
|  28|0x0000000081c00000, 0x0000000081c00000, 0x0000000081d00000|  0%| F|  |TAMS 0x0000000081c00000, 0x0000000081c00000| Untracked 
|  29|0x0000000081d00000, 0x0000000081d00000, 0x0000000081e00000|  0%| F|  |TAMS 0x0000000081d00000, 0x0000000081d00000| Untracked 
|  30|0x0000000081e00000, 0x0000000081e00000, 0x0000000081f00000|  0%| F|  |TAMS 0x0000000081e00000, 0x0000000081e00000| Untracked 
|  31|0x0000000081f00000, 0x0000000081f00000, 0x0000000082000000|  0%| F|  |TAMS 0x0000000081f00000, 0x0000000081f00000| Untracked 
|  32|0x0000000082000000, 0x0000000082000000, 0x0000000082100000|  0%| F|  |TAMS 0x0000000082000000, 0x0000000082000000| Untracked 
|  33|0x0000000082100000, 0x0000000082100000, 0x0000000082200000|  0%| F|  |TAMS 0x0000000082100000, 0x0000000082100000| Untracked 
|  34|0x0000000082200000, 0x0000000082200000, 0x0000000082300000|  0%| F|  |TAMS 0x0000000082200000, 0x0000000082200000| Untracked 
|  35|0x0000000082300000, 0x0000000082300000, 0x0000000082400000|  0%| F|  |TAMS 0x0000000082300000, 0x0000000082300000| Untracked 
|  36|0x0000000082400000, 0x0000000082400000, 0x0000000082500000|  0%| F|  |TAMS 0x0000000082400000, 0x0000000082400000| Untracked 
|  37|0x0000000082500000, 0x0000000082500000, 0x0000000082600000|  0%| F|  |TAMS 0x0000000082500000, 0x0000000082500000| Untracked 
|  38|0x0000000082600000, 0x0000000082600000, 0x0000000082700000|  0%| F|  |TAMS 0x0000000082600000, 0x0000000082600000| Untracked 
|  39|0x0000000082700000, 0x0000000082700000, 0x0000000082800000|  0%| F|  |TAMS 0x0000000082700000, 0x0000000082700000| Untracked 
|  40|0x0000000082800000, 0x0000000082800000, 0x0000000082900000|  0%| F|  |TAMS 0x0000000082800000, 0x0000000082800000| Untracked 
|  41|0x0000000082900000, 0x0000000082900000, 0x0000000082a00000|  0%| F|  |TAMS 0x0000000082900000, 0x0000000082900000| Untracked 
|  42|0x0000000082a00000, 0x0000000082a00000, 0x0000000082b00000|  0%| F|  |TAMS 0x0000000082a00000, 0x0000000082a00000| Untracked 
|  43|0x0000000082b00000, 0x0000000082b00000, 0x0000000082c00000|  0%| F|  |TAMS 0x0000000082b00000, 0x0000000082b00000| Untracked 
|  44|0x0000000082c00000, 0x0000000082c00000, 0x0000000082d00000|  0%| F|  |TAMS 0x0000000082c00000, 0x0000000082c00000| Untracked 
|  45|0x0000000082d00000, 0x0000000082d00000, 0x0000000082e00000|  0%| F|  |TAMS 0x0000000082d00000, 0x0000000082d00000| Untracked 
|  46|0x0000000082e00000, 0x0000000082e00000, 0x0000000082f00000|  0%| F|  |TAMS 0x0000000082e00000, 0x0000000082e00000| Untracked 
|  47|0x0000000082f00000, 0x0000000082f00000, 0x0000000083000000|  0%| F|  |TAMS 0x0000000082f00000, 0x0000000082f00000| Untracked 
|  48|0x0000000083000000, 0x0000000083000000, 0x0000000083100000|  0%| F|  |TAMS 0x0000000083000000, 0x0000000083000000| Untracked 
|  49|0x0000000083100000, 0x0000000083100000, 0x0000000083200000|  0%| F|  |TAMS 0x0000000083100000, 0x0000000083100000| Untracked 
|  50|0x0000000083200000, 0x0000000083200000, 0x0000000083300000|  0%| F|  |TAMS 0x0000000083200000, 0x0000000083200000| Untracked 
|  51|0x0000000083300000, 0x0000000083300000, 0x0000000083400000|  0%| F|  |TAMS 0x0000000083300000, 0x0000000083300000| Untracked 
|  52|0x0000000083400000, 0x0000000083400000, 0x0000000083500000|  0%| F|  |TAMS 0x0000000083400000, 0x0000000083400000| Untracked 
|  53|0x0000000083500000, 0x0000000083500000, 0x0000000083600000|  0%| F|  |TAMS 0x0000000083500000, 0x0000000083500000| Untracked 
|  54|0x0000000083600000, 0x0000000083600000, 0x0000000083700000|  0%| F|  |TAMS 0x0000000083600000, 0x0000000083600000| Untracked 
|  55|0x0000000083700000, 0x0000000083700000, 0x0000000083800000|  0%| F|  |TAMS 0x0000000083700000, 0x0000000083700000| Untracked 
|  56|0x0000000083800000, 0x0000000083800000, 0x0000000083900000|  0%| F|  |TAMS 0x0000000083800000, 0x0000000083800000| Untracked 
|  57|0x0000000083900000, 0x0000000083900000, 0x0000000083a00000|  0%| F|  |TAMS 0x0000000083900000, 0x0000000083900000| Untracked 
|  58|0x0000000083a00000, 0x0000000083a00000, 0x0000000083b00000|  0%| F|  |TAMS 0x0000000083a00000, 0x0000000083a00000| Untracked 
|  59|0x0000000083b00000, 0x0000000083b00000, 0x0000000083c00000|  0%| F|  |TAMS 0x0000000083b00000, 0x0000000083b00000| Untracked 
|  60|0x0000000083c00000, 0x0000000083c00000, 0x0000000083d00000|  0%| F|  |TAMS 0x0000000083c00000, 0x0000000083c00000| Untracked 
|  61|0x0000000083d00000, 0x0000000083d00000, 0x0000000083e00000|  0%| F|  |TAMS 0x0000000083d00000, 0x0000000083d00000| Untracked 
|  62|0x0000000083e00000, 0x0000000083e00000, 0x0000000083f00000|  0%| F|  |TAMS 0x0000000083e00000, 0x0000000083e00000| Untracked 
|  63|0x0000000083f00000, 0x0000000083f00000, 0x0000000084000000|  0%| F|  |TAMS 0x0000000083f00000, 0x0000000083f00000| Untracked 
|  64|0x0000000084000000, 0x0000000084000000, 0x0000000084100000|  0%| F|  |TAMS 0x0000000084000000, 0x0000000084000000| Untracked 
|  65|0x0000000084100000, 0x0000000084100000, 0x0000000084200000|  0%| F|  |TAMS 0x0000000084100000, 0x0000000084100000| Untracked 
|  66|0x0000000084200000, 0x00000000842fed38, 0x0000000084300000| 99%| S|CS|TAMS 0x0000000084200000, 0x0000000084200000| Complete 
|  67|0x0000000084300000, 0x0000000084400000, 0x0000000084400000|100%| S|CS|TAMS 0x0000000084300000, 0x0000000084300000| Complete 
|  68|0x0000000084400000, 0x0000000084500000, 0x0000000084500000|100%| S|CS|TAMS 0x0000000084400000, 0x0000000084400000| Complete 
|  69|0x0000000084500000, 0x0000000084500000, 0x0000000084600000|  0%| F|  |TAMS 0x0000000084500000, 0x0000000084500000| Untracked 
|  70|0x0000000084600000, 0x0000000084600000, 0x0000000084700000|  0%| F|  |TAMS 0x0000000084600000, 0x0000000084600000| Untracked 
|  71|0x0000000084700000, 0x0000000084700000, 0x0000000084800000|  0%| F|  |TAMS 0x0000000084700000, 0x0000000084700000| Untracked 
|  72|0x0000000084800000, 0x0000000084800000, 0x0000000084900000|  0%| F|  |TAMS 0x0000000084800000, 0x0000000084800000| Untracked 
|  73|0x0000000084900000, 0x0000000084900000, 0x0000000084a00000|  0%| F|  |TAMS 0x0000000084900000, 0x0000000084900000| Untracked 
|  74|0x0000000084a00000, 0x0000000084a00000, 0x0000000084b00000|  0%| F|  |TAMS 0x0000000084a00000, 0x0000000084a00000| Untracked 
|  75|0x0000000084b00000, 0x0000000084b00000, 0x0000000084c00000|  0%| F|  |TAMS 0x0000000084b00000, 0x0000000084b00000| Untracked 
|  76|0x0000000084c00000, 0x0000000084c00000, 0x0000000084d00000|  0%| F|  |TAMS 0x0000000084c00000, 0x0000000084c00000| Untracked 
|  77|0x0000000084d00000, 0x0000000084d00000, 0x0000000084e00000|  0%| F|  |TAMS 0x0000000084d00000, 0x0000000084d00000| Untracked 
|  78|0x0000000084e00000, 0x0000000084e00000, 0x0000000084f00000|  0%| F|  |TAMS 0x0000000084e00000, 0x0000000084e00000| Untracked 
|  79|0x0000000084f00000, 0x0000000084f00000, 0x0000000085000000|  0%| F|  |TAMS 0x0000000084f00000, 0x0000000084f00000| Untracked 
|  80|0x0000000085000000, 0x0000000085000000, 0x0000000085100000|  0%| F|  |TAMS 0x0000000085000000, 0x0000000085000000| Untracked 
|  81|0x0000000085100000, 0x0000000085100000, 0x0000000085200000|  0%| F|  |TAMS 0x0000000085100000, 0x0000000085100000| Untracked 
|  82|0x0000000085200000, 0x0000000085200000, 0x0000000085300000|  0%| F|  |TAMS 0x0000000085200000, 0x0000000085200000| Untracked 
|  83|0x0000000085300000, 0x0000000085300000, 0x0000000085400000|  0%| F|  |TAMS 0x0000000085300000, 0x0000000085300000| Untracked 
|  84|0x0000000085400000, 0x0000000085400000, 0x0000000085500000|  0%| F|  |TAMS 0x0000000085400000, 0x0000000085400000| Untracked 
|  85|0x0000000085500000, 0x0000000085500000, 0x0000000085600000|  0%| F|  |TAMS 0x0000000085500000, 0x0000000085500000| Untracked 
|  86|0x0000000085600000, 0x0000000085600000, 0x0000000085700000|  0%| F|  |TAMS 0x0000000085600000, 0x0000000085600000| Untracked 
|  87|0x0000000085700000, 0x0000000085700000, 0x0000000085800000|  0%| F|  |TAMS 0x0000000085700000, 0x0000000085700000| Untracked 
|  88|0x0000000085800000, 0x0000000085800000, 0x0000000085900000|  0%| F|  |TAMS 0x0000000085800000, 0x0000000085800000| Untracked 
|  89|0x0000000085900000, 0x0000000085900000, 0x0000000085a00000|  0%| F|  |TAMS 0x0000000085900000, 0x0000000085900000| Untracked 
|  90|0x0000000085a00000, 0x0000000085a00000, 0x0000000085b00000|  0%| F|  |TAMS 0x0000000085a00000, 0x0000000085a00000| Untracked 
|  91|0x0000000085b00000, 0x0000000085b00000, 0x0000000085c00000|  0%| F|  |TAMS 0x0000000085b00000, 0x0000000085b00000| Untracked 
|  92|0x0000000085c00000, 0x0000000085c00000, 0x0000000085d00000|  0%| F|  |TAMS 0x0000000085c00000, 0x0000000085c00000| Untracked 
|  93|0x0000000085d00000, 0x0000000085d00000, 0x0000000085e00000|  0%| F|  |TAMS 0x0000000085d00000, 0x0000000085d00000| Untracked 
|  94|0x0000000085e00000, 0x0000000085e00000, 0x0000000085f00000|  0%| F|  |TAMS 0x0000000085e00000, 0x0000000085e00000| Untracked 
|  95|0x0000000085f00000, 0x0000000085f00000, 0x0000000086000000|  0%| F|  |TAMS 0x0000000085f00000, 0x0000000085f00000| Untracked 
|  96|0x0000000086000000, 0x0000000086000000, 0x0000000086100000|  0%| F|  |TAMS 0x0000000086000000, 0x0000000086000000| Untracked 
|  97|0x0000000086100000, 0x0000000086100000, 0x0000000086200000|  0%| F|  |TAMS 0x0000000086100000, 0x0000000086100000| Untracked 
|  98|0x0000000086200000, 0x0000000086200000, 0x0000000086300000|  0%| F|  |TAMS 0x0000000086200000, 0x0000000086200000| Untracked 
|  99|0x0000000086300000, 0x0000000086300000, 0x0000000086400000|  0%| F|  |TAMS 0x0000000086300000, 0x0000000086300000| Untracked 
| 100|0x0000000086400000, 0x0000000086400000, 0x0000000086500000|  0%| F|  |TAMS 0x0000000086400000, 0x0000000086400000| Untracked 
| 101|0x0000000086500000, 0x0000000086500000, 0x0000000086600000|  0%| F|  |TAMS 0x0000000086500000, 0x0000000086500000| Untracked 
| 102|0x0000000086600000, 0x0000000086600000, 0x0000000086700000|  0%| F|  |TAMS 0x0000000086600000, 0x0000000086600000| Untracked 
| 103|0x0000000086700000, 0x0000000086700000, 0x0000000086800000|  0%| F|  |TAMS 0x0000000086700000, 0x0000000086700000| Untracked 
| 104|0x0000000086800000, 0x0000000086800000, 0x0000000086900000|  0%| F|  |TAMS 0x0000000086800000, 0x0000000086800000| Untracked 
| 105|0x0000000086900000, 0x0000000086900000, 0x0000000086a00000|  0%| F|  |TAMS 0x0000000086900000, 0x0000000086900000| Untracked 
| 106|0x0000000086a00000, 0x0000000086a00000, 0x0000000086b00000|  0%| F|  |TAMS 0x0000000086a00000, 0x0000000086a00000| Untracked 
| 107|0x0000000086b00000, 0x0000000086b00000, 0x0000000086c00000|  0%| F|  |TAMS 0x0000000086b00000, 0x0000000086b00000| Untracked 
| 108|0x0000000086c00000, 0x0000000086c00000, 0x0000000086d00000|  0%| F|  |TAMS 0x0000000086c00000, 0x0000000086c00000| Untracked 
| 109|0x0000000086d00000, 0x0000000086d00000, 0x0000000086e00000|  0%| F|  |TAMS 0x0000000086d00000, 0x0000000086d00000| Untracked 
| 110|0x0000000086e00000, 0x0000000086e00000, 0x0000000086f00000|  0%| F|  |TAMS 0x0000000086e00000, 0x0000000086e00000| Untracked 
| 111|0x0000000086f00000, 0x0000000086f00000, 0x0000000087000000|  0%| F|  |TAMS 0x0000000086f00000, 0x0000000086f00000| Untracked 
| 112|0x0000000087000000, 0x0000000087000000, 0x0000000087100000|  0%| F|  |TAMS 0x0000000087000000, 0x0000000087000000| Untracked 
| 113|0x0000000087100000, 0x0000000087100000, 0x0000000087200000|  0%| F|  |TAMS 0x0000000087100000, 0x0000000087100000| Untracked 
| 114|0x0000000087200000, 0x0000000087200000, 0x0000000087300000|  0%| F|  |TAMS 0x0000000087200000, 0x0000000087200000| Untracked 
| 115|0x0000000087300000, 0x0000000087300000, 0x0000000087400000|  0%| F|  |TAMS 0x0000000087300000, 0x0000000087300000| Untracked 
| 116|0x0000000087400000, 0x0000000087400000, 0x0000000087500000|  0%| F|  |TAMS 0x0000000087400000, 0x0000000087400000| Untracked 
| 117|0x0000000087500000, 0x0000000087500000, 0x0000000087600000|  0%| F|  |TAMS 0x0000000087500000, 0x0000000087500000| Untracked 

Card table byte_map: [0x0000018e9dac0000,0x0000018e9dec0000] _byte_map_base: 0x0000018e9d6c0000

Marking Bits (Prev, Next): (CMBitMap*) 0x0000018e8a381688, (CMBitMap*) 0x0000018e8a3816c0
 Prev Bits: [0x0000018e9e2c0000, 0x0000018ea02c0000)
 Next Bits: [0x0000018ea02c0000, 0x0000018ea22c0000)

Polling page: 0x0000018e89b10000

Metaspace:

Usage:
  Non-class:     37.94 MB capacity,    37.40 MB ( 99%) used,   453.34 KB (  1%) free+waste,   103.06 KB ( <1%) overhead. 
      Class:      5.81 MB capacity,     5.44 MB ( 94%) used,   328.96 KB (  6%) free+waste,    49.13 KB ( <1%) overhead. 
       Both:     43.75 MB capacity,    42.84 MB ( 98%) used,   782.30 KB (  2%) free+waste,   152.19 KB ( <1%) overhead. 

Virtual space:
  Non-class space:       38.00 MB reserved,      37.95 MB (>99%) committed 
      Class space:        1.00 GB reserved,       5.88 MB ( <1%) committed 
             Both:        1.04 GB reserved,      43.83 MB (  4%) committed 

Chunk freelists:
   Non-Class:  12.00 KB
       Class:  4.00 KB
        Both:  16.00 KB

MaxMetaspaceSize: 17179869184.00 GB
CompressedClassSpaceSize: 1.00 GB
Initial GC threshold: 20.80 MB
Current GC threshold: 58.88 MB
CDS: off

CodeHeap 'non-profiled nmethods': size=119168Kb used=2003Kb max_used=2003Kb free=117164Kb
 bounds [0x0000018e959e0000, 0x0000018e95c50000, 0x0000018e9ce40000]
CodeHeap 'profiled nmethods': size=119168Kb used=8970Kb max_used=8970Kb free=110197Kb
 bounds [0x0000018e8e580000, 0x0000018e8ee50000, 0x0000018e959e0000]
CodeHeap 'non-nmethods': size=7424Kb used=3969Kb max_used=4011Kb free=3455Kb
 bounds [0x0000018e8de40000, 0x0000018e8e230000, 0x0000018e8e580000]
 total_blobs=4850 nmethods=4079 adapters=680
 compilation: enabled
              stopped_count=0, restarted_count=0
 full_count=0

Compilation events (20 events):
Event: 3.927 Thread 0x0000018ea52fb000 4104       3       groovyjarjarasm.asm.Symbol::<init> (38 bytes)
Event: 3.927 Thread 0x0000018ea6867800 4105       3       groovyjarjarasm.asm.SymbolTable::put (150 bytes)
Event: 3.927 Thread 0x0000018ea6868800 nmethod 4102 0x0000018e8ee3e710 code [0x0000018e8ee3e8e0, 0x0000018e8ee3eac8]
Event: 3.927 Thread 0x0000018ea6868800 4106       3       groovyjarjarasm.asm.Frame::merge (322 bytes)
Event: 3.927 Thread 0x0000018ea52fb000 nmethod 4104 0x0000018e8ee3ec10 code [0x0000018e8ee3edc0, 0x0000018e8ee3f058]
Event: 3.928 Thread 0x0000018ea6867800 nmethod 4105 0x0000018e8ee3f190 code [0x0000018e8ee3f3a0, 0x0000018e8ee3fbf8]
Event: 3.928 Thread 0x0000018ea5bbf800 nmethod 4103 0x0000018e8ee3ff10 code [0x0000018e8ee401a0, 0x0000018e8ee40cc8]
Event: 3.928 Thread 0x0000018ea6868800 nmethod 4106 0x0000018e8ee41210 code [0x0000018e8ee41440, 0x0000018e8ee41d48]
Event: 3.931 Thread 0x0000018ea52fb000 4107       1       jdk.internal.reflect.ClassFileAssembler::getStack (5 bytes)
Event: 3.931 Thread 0x0000018ea52fb000 nmethod 4107 0x0000018e95bd4290 code [0x0000018e95bd4440, 0x0000018e95bd44f8]
Event: 3.931 Thread 0x0000018ea6867800 4108       3       java.util.Collections$SingletonList::iterator (8 bytes)
Event: 3.931 Thread 0x0000018ea5bbf800 4109       3       org.gradle.internal.instantiation.generator.AbstractClassGenerator$GeneratedClassImpl$GeneratedConstructorImpl::getParameterTypes (8 bytes)
Event: 3.931 Thread 0x0000018ea52fb000 4110       1       org.gradle.internal.instantiation.generator.DefaultInstantiationScheme::instantiator (5 bytes)
Event: 3.931 Thread 0x0000018ea6868800 4111       1       org.gradle.internal.instantiation.generator.AbstractClassGenerator$GeneratedClassImpl::getOuterType (5 bytes)
Event: 3.932 Thread 0x0000018ea6867800 nmethod 4108 0x0000018e8ee41f90 code [0x0000018e8ee42160, 0x0000018e8ee42438]
Event: 3.932 Thread 0x0000018ea6868800 nmethod 4111 0x0000018e95bd4590 code [0x0000018e95bd4740, 0x0000018e95bd47f8]
Event: 3.932 Thread 0x0000018ea52fb000 nmethod 4110 0x0000018e95bd4890 code [0x0000018e95bd4a40, 0x0000018e95bd4af8]
Event: 3.932 Thread 0x0000018ea5bbf800 nmethod 4109 0x0000018e8ee42590 code [0x0000018e8ee42760, 0x0000018e8ee42a68]
Event: 3.932 Thread 0x0000018ea6868800 4112       1       com.google.common.collect.SingletonImmutableList::size (2 bytes)
Event: 3.932 Thread 0x0000018ea6868800 nmethod 4112 0x0000018e95bd4b90 code [0x0000018e95bd4d40, 0x0000018e95bd4df8]

GC Heap History (15 events):
Event: 0.547 GC heap before
{Heap before GC invocations=0 (full 0):
 garbage-first heap   total 120832K, used 29696K [0x0000000080000000, 0x0000000100000000)
  region size 1024K, 24 young (24576K), 0 survivors (0K)
 Metaspace       used 9810K, capacity 9968K, committed 10112K, reserved 1058816K
  class space    used 1008K, capacity 1069K, committed 1152K, reserved 1048576K
}
Event: 0.553 GC heap after
{Heap after GC invocations=1 (full 0):
 garbage-first heap   total 120832K, used 9216K [0x0000000080000000, 0x0000000100000000)
  region size 1024K, 3 young (3072K), 3 survivors (3072K)
 Metaspace       used 9810K, capacity 9968K, committed 10112K, reserved 1058816K
  class space    used 1008K, capacity 1069K, committed 1152K, reserved 1048576K
}
Event: 1.932 GC heap before
{Heap before GC invocations=1 (full 0):
 garbage-first heap   total 120832K, used 77824K [0x0000000080000000, 0x0000000100000000)
  region size 1024K, 70 young (71680K), 3 survivors (3072K)
 Metaspace       used 16528K, capacity 16856K, committed 17152K, reserved 1064960K
  class space    used 1883K, capacity 2002K, committed 2048K, reserved 1048576K
}
Event: 1.936 GC heap after
{Heap after GC invocations=2 (full 0):
 garbage-first heap   total 120832K, used 15665K [0x0000000080000000, 0x0000000100000000)
  region size 1024K, 9 young (9216K), 9 survivors (9216K)
 Metaspace       used 16528K, capacity 16856K, committed 17152K, reserved 1064960K
  class space    used 1883K, capacity 2002K, committed 2048K, reserved 1048576K
}
Event: 2.212 GC heap before
{Heap before GC invocations=2 (full 0):
 garbage-first heap   total 120832K, used 53553K [0x0000000080000000, 0x0000000100000000)
  region size 1024K, 47 young (48128K), 9 survivors (9216K)
 Metaspace       used 20759K, capacity 21179K, committed 21296K, reserved 1069056K
  class space    used 2534K, capacity 2678K, committed 2688K, reserved 1048576K
}
Event: 2.221 GC heap after
{Heap after GC invocations=3 (full 0):
 garbage-first heap   total 120832K, used 17023K [0x0000000080000000, 0x0000000100000000)
  region size 1024K, 2 young (2048K), 2 survivors (2048K)
 Metaspace       used 20759K, capacity 21179K, committed 21296K, reserved 1069056K
  class space    used 2534K, capacity 2678K, committed 2688K, reserved 1048576K
}
Event: 2.612 GC heap before
{Heap before GC invocations=4 (full 0):
 garbage-first heap   total 120832K, used 69247K [0x0000000080000000, 0x0000000100000000)
  region size 1024K, 53 young (54272K), 2 survivors (2048K)
 Metaspace       used 26241K, capacity 26827K, committed 27008K, reserved 1073152K
  class space    used 3387K, capacity 3587K, committed 3712K, reserved 1048576K
}
Event: 2.615 GC heap after
{Heap after GC invocations=5 (full 0):
 garbage-first heap   total 120832K, used 18655K [0x0000000080000000, 0x0000000100000000)
  region size 1024K, 4 young (4096K), 4 survivors (4096K)
 Metaspace       used 26241K, capacity 26827K, committed 27008K, reserved 1073152K
  class space    used 3387K, capacity 3587K, committed 3712K, reserved 1048576K
}
Event: 3.094 GC heap before
{Heap before GC invocations=5 (full 0):
 garbage-first heap   total 120832K, used 74975K [0x0000000080000000, 0x0000000100000000)
  region size 1024K, 59 young (60416K), 4 survivors (4096K)
 Metaspace       used 32676K, capacity 33502K, committed 33536K, reserved 1079296K
  class space    used 4302K, capacity 4606K, committed 4608K, reserved 1048576K
}
Event: 3.098 GC heap after
{Heap after GC invocations=6 (full 0):
 garbage-first heap   total 120832K, used 21202K [0x0000000080000000, 0x0000000100000000)
  region size 1024K, 6 young (6144K), 6 survivors (6144K)
 Metaspace       used 32676K, capacity 33502K, committed 33536K, reserved 1079296K
  class space    used 4302K, capacity 4606K, committed 4608K, reserved 1048576K
}
Event: 3.168 GC heap before
{Heap before GC invocations=6 (full 0):
 garbage-first heap   total 120832K, used 25298K [0x0000000080000000, 0x0000000100000000)
  region size 1024K, 11 young (11264K), 6 survivors (6144K)
 Metaspace       used 35068K, capacity 35862K, committed 36048K, reserved 1081344K
  class space    used 4531K, capacity 4839K, committed 4864K, reserved 1048576K
}
Event: 3.175 GC heap after
{Heap after GC invocations=7 (full 0):
 garbage-first heap   total 120832K, used 22197K [0x0000000080000000, 0x0000000100000000)
  region size 1024K, 4 young (4096K), 4 survivors (4096K)
 Metaspace       used 35068K, capacity 35862K, committed 36048K, reserved 1081344K
  class space    used 4531K, capacity 4839K, committed 4864K, reserved 1048576K
}
Event: 3.553 GC heap before
{Heap before GC invocations=8 (full 0):
 garbage-first heap   total 120832K, used 73397K [0x0000000080000000, 0x0000000100000000)
  region size 1024K, 52 young (53248K), 4 survivors (4096K)
 Metaspace       used 39497K, capacity 40424K, committed 40656K, reserved 1085440K
  class space    used 5018K, capacity 5354K, committed 5376K, reserved 1048576K
}
Event: 3.558 GC heap after
{Heap after GC invocations=9 (full 0):
 garbage-first heap   total 120832K, used 26215K [0x0000000080000000, 0x0000000100000000)
  region size 1024K, 7 young (7168K), 7 survivors (7168K)
 Metaspace       used 39497K, capacity 40424K, committed 40656K, reserved 1085440K
  class space    used 5018K, capacity 5354K, committed 5376K, reserved 1048576K
}
Event: 3.934 GC heap before
{Heap before GC invocations=9 (full 0):
 garbage-first heap   total 120832K, used 76391K [0x0000000080000000, 0x0000000100000000)
  region size 1024K, 56 young (57344K), 7 survivors (7168K)
 Metaspace       used 43865K, capacity 44800K, committed 44880K, reserved 1087488K
  class space    used 5569K, capacity 5948K, committed 6016K, reserved 1048576K
}

Deoptimization events (20 events):
Event: 3.848 Thread 0x0000018ea9019000 Uncommon trap: trap_request=0xffffff4d fr.pc=0x0000018e95b36a88 relative=0x00000000000000e8
Event: 3.848 Thread 0x0000018ea9019000 Uncommon trap: reason=unstable_if action=reinterpret pc=0x0000018e95b36a88 method=org.objectweb.asm.ByteVector.putShort(I)Lorg/objectweb/asm/ByteVector; @ 13 c2
Event: 3.848 Thread 0x0000018ea9019000 DEOPT PACKING pc=0x0000018e95b36a88 sp=0x00000075cb0f8ef0
Event: 3.848 Thread 0x0000018ea9019000 DEOPT UNPACKING pc=0x0000018e8de8a1af sp=0x00000075cb0f8e88 mode 2
Event: 3.861 Thread 0x0000018ea9019000 Uncommon trap: trap_request=0xffffff4d fr.pc=0x0000018e95ba228c relative=0x000000000000188c
Event: 3.861 Thread 0x0000018ea9019000 Uncommon trap: reason=unstable_if action=reinterpret pc=0x0000018e95ba228c method=java.util.concurrent.ConcurrentHashMap.computeIfAbsent(Ljava/lang/Object;Ljava/util/function/Function;)Ljava/lang/Object; @ 123 c2
Event: 3.861 Thread 0x0000018ea9019000 DEOPT PACKING pc=0x0000018e95ba228c sp=0x00000075cb0fa350
Event: 3.861 Thread 0x0000018ea9019000 DEOPT UNPACKING pc=0x0000018e8de8a1af sp=0x00000075cb0fa2e0 mode 2
Event: 3.924 Thread 0x0000018ea9019000 Uncommon trap: trap_request=0xffffffc6 fr.pc=0x0000018e95b1b2fc relative=0x000000000000021c
Event: 3.924 Thread 0x0000018ea9019000 Uncommon trap: reason=bimorphic_or_optimized_type_check action=maybe_recompile pc=0x0000018e95b1b2fc method=com.google.common.base.CharMatcher.indexIn(Ljava/lang/CharSequence;I)I @ 31 c2
Event: 3.924 Thread 0x0000018ea9019000 DEOPT PACKING pc=0x0000018e95b1b2fc sp=0x00000075cb0f7f20
Event: 3.924 Thread 0x0000018ea9019000 DEOPT UNPACKING pc=0x0000018e8de8a1af sp=0x00000075cb0f7ec8 mode 2
Event: 3.928 Thread 0x0000018ea9019000 Uncommon trap: trap_request=0xffffffc6 fr.pc=0x0000018e95b1b2fc relative=0x000000000000021c
Event: 3.928 Thread 0x0000018ea9019000 Uncommon trap: reason=bimorphic_or_optimized_type_check action=maybe_recompile pc=0x0000018e95b1b2fc method=com.google.common.base.CharMatcher.indexIn(Ljava/lang/CharSequence;I)I @ 31 c2
Event: 3.928 Thread 0x0000018ea9019000 DEOPT PACKING pc=0x0000018e95b1b2fc sp=0x00000075cb0f7f20
Event: 3.928 Thread 0x0000018ea9019000 DEOPT UNPACKING pc=0x0000018e8de8a1af sp=0x00000075cb0f7ec8 mode 2
Event: 3.929 Thread 0x0000018ea9019000 Uncommon trap: trap_request=0xffffffc6 fr.pc=0x0000018e95b1b2fc relative=0x000000000000021c
Event: 3.929 Thread 0x0000018ea9019000 Uncommon trap: reason=bimorphic_or_optimized_type_check action=maybe_recompile pc=0x0000018e95b1b2fc method=com.google.common.base.CharMatcher.indexIn(Ljava/lang/CharSequence;I)I @ 31 c2
Event: 3.929 Thread 0x0000018ea9019000 DEOPT PACKING pc=0x0000018e95b1b2fc sp=0x00000075cb0f9830
Event: 3.929 Thread 0x0000018ea9019000 DEOPT UNPACKING pc=0x0000018e8de8a1af sp=0x00000075cb0f97d8 mode 2

Classes redefined (0 events):
No events

Internal exceptions (20 events):
Event: 3.648 Thread 0x0000018ea9019000 Exception <a 'java/lang/ClassNotFoundException'{0x0000000086612508}: org/gradle/api/internal/provider/AbstractMinimalProviderCustomizer> (0x0000000086612508) thrown at [./src/hotspot/share/classfile/systemDictionary.cpp, line 231]
Event: 3.650 Thread 0x0000018ea9019000 Exception <a 'java/lang/ClassNotFoundException'{0x0000000086672ce0}: org/gradle/api/internal/provider/AbstractPropertyCustomizer> (0x0000000086672ce0) thrown at [./src/hotspot/share/classfile/systemDictionary.cpp, line 231]
Event: 3.650 Thread 0x0000018ea9019000 Exception <a 'java/lang/ClassNotFoundException'{0x00000000866a5a00}: org/gradle/api/internal/provider/DefaultPropertyCustomizer> (0x00000000866a5a00) thrown at [./src/hotspot/share/classfile/systemDictionary.cpp, line 231]
Event: 3.677 Thread 0x0000018ea9019000 Exception <a 'java/lang/ClassNotFoundException'{0x000000008649a218}: org/gradle/initialization/DefaultProjectDescriptorBeanInfo> (0x000000008649a218) thrown at [./src/hotspot/share/classfile/systemDictionary.cpp, line 231]
Event: 3.678 Thread 0x0000018ea9019000 Exception <a 'java/lang/ClassNotFoundException'{0x00000000864c02d8}: org/gradle/initialization/DefaultProjectDescriptorCustomizer> (0x00000000864c02d8) thrown at [./src/hotspot/share/classfile/systemDictionary.cpp, line 231]
Event: 3.680 Thread 0x0000018ea9019000 Implicit null exception at 0x0000018e95b6396c to 0x0000018e95b63a14
Event: 3.772 Thread 0x0000018ea7b63000 Exception <a 'java/lang/NoSuchMethodError'{0x000000008590e530}: <clinit>> (0x000000008590e530) thrown at [./src/hotspot/share/prims/jni.cpp, line 1365]
Event: 3.773 Thread 0x0000018ea7b63000 Exception <a 'java/lang/NoSuchMethodError'{0x000000008590fc20}: <clinit>> (0x000000008590fc20) thrown at [./src/hotspot/share/prims/jni.cpp, line 1365]
Event: 3.774 Thread 0x0000018ea7b63000 Exception <a 'java/lang/NoSuchMethodError'{0x000000008599f140}: <clinit>> (0x000000008599f140) thrown at [./src/hotspot/share/prims/jni.cpp, line 1365]
Event: 3.774 Thread 0x0000018ea7b63000 Exception <a 'java/lang/NoSuchMethodError'{0x00000000859a14c8}: <clinit>> (0x00000000859a14c8) thrown at [./src/hotspot/share/prims/jni.cpp, line 1365]
Event: 3.775 Thread 0x0000018ea7b63000 Exception <a 'java/lang/NoSuchMethodError'{0x00000000859b1620}: <clinit>> (0x00000000859b1620) thrown at [./src/hotspot/share/prims/jni.cpp, line 1365]
Event: 3.832 Thread 0x0000018ea9019000 Implicit null exception at 0x0000018e95ae72f4 to 0x0000018e95ae74f0
Event: 3.915 Thread 0x0000018ea9019000 Exception <a 'java/lang/ClassNotFoundException'{0x0000000084786330}: build_bgs9b3evi6eiezef9v6ga0k99BeanInfo> (0x0000000084786330) thrown at [./src/hotspot/share/classfile/systemDictionary.cpp, line 231]
Event: 3.915 Thread 0x0000018ea9019000 Exception <a 'java/lang/ClassNotFoundException'{0x000000008479d2c8}: org/gradle/api/internal/project/ProjectScriptBeanInfo> (0x000000008479d2c8) thrown at [./src/hotspot/share/classfile/systemDictionary.cpp, line 231]
Event: 3.915 Thread 0x0000018ea9019000 Exception <a 'java/lang/ClassNotFoundException'{0x00000000847b4410}: org/gradle/api/internal/project/ProjectScriptCustomizer> (0x00000000847b4410) thrown at [./src/hotspot/share/classfile/systemDictionary.cpp, line 231]
Event: 3.916 Thread 0x0000018ea9019000 Exception <a 'java/lang/ClassNotFoundException'{0x00000000847cf690}: build_bgs9b3evi6eiezef9v6ga0k99Customizer> (0x00000000847cf690) thrown at [./src/hotspot/share/classfile/systemDictionary.cpp, line 231]
Event: 3.922 Thread 0x0000018ea9019000 Exception <a 'java/lang/ClassNotFoundException'{0x0000000084663270}: org/gradle/plugin/use/internal/PluginRequestCollector$PluginDependenciesSpecImplBeanInfo> (0x0000000084663270) thrown at [./src/hotspot/share/classfile/systemDictionary.cpp, line 231]
Event: 3.923 Thread 0x0000018ea9019000 Exception <a 'java/lang/ClassNotFoundException'{0x0000000084692440}: org/gradle/plugin/use/internal/PluginRequestCollector$PluginDependenciesSpecImplCustomizer> (0x0000000084692440) thrown at [./src/hotspot/share/classfile/systemDictionary.cpp, line 231]
Event: 3.926 Thread 0x0000018ea9019000 Exception <a 'java/lang/ClassNotFoundException'{0x00000000846fa478}: org/gradle/plugin/use/internal/PluginRequestCollector$PluginDependencySpecImplBeanInfo> (0x00000000846fa478) thrown at [./src/hotspot/share/classfile/systemDictionary.cpp, line 231]
Event: 3.926 Thread 0x0000018ea9019000 Exception <a 'java/lang/ClassNotFoundException'{0x0000000084528a80}: org/gradle/plugin/use/internal/PluginRequestCollector$PluginDependencySpecImplCustomizer> (0x0000000084528a80) thrown at [./src/hotspot/share/classfile/systemDictionary.cpp, line 231]

Events (20 events):
Event: 3.929 loading class org/gradle/plugin/use/resolve/internal/PluginResolution done
Event: 3.929 loading class org/gradle/plugin/use/resolve/internal/CorePluginResolver
Event: 3.929 loading class org/gradle/plugin/use/resolve/internal/CorePluginResolver done
Event: 3.930 loading class org/gradle/plugin/use/resolve/internal/PluginResolverContributor
Event: 3.930 loading class org/gradle/plugin/use/resolve/internal/PluginResolverContributor done
Event: 3.930 loading class org/gradle/plugin/use/resolve/internal/ArtifactRepositoriesPluginResolver
Event: 3.930 loading class org/gradle/plugin/use/resolve/internal/ArtifactRepositoriesPluginResolver done
Event: 3.932 loading class org/gradle/plugin/use/resolve/internal/AlreadyOnClasspathPluginResolver
Event: 3.932 loading class org/gradle/plugin/use/resolve/internal/AlreadyOnClasspathPluginResolver done
Event: 3.933 loading class org/gradle/api/artifacts/repositories/ArtifactRepository
Event: 3.933 loading class org/gradle/api/artifacts/repositories/ArtifactRepository done
Event: 3.933 loading class org/gradle/plugin/use/internal/PluginDependencyResolutionServices$PluginArtifactRepository
Event: 3.933 loading class org/gradle/plugin/use/internal/PluginDependencyResolutionServices$PluginArtifactRepository done
Event: 3.933 loading class org/gradle/api/artifacts/repositories/ArtifactRepository
Event: 3.933 loading class org/gradle/api/artifacts/repositories/ArtifactRepository done
Event: 3.933 loading class org/gradle/api/internal/artifacts/repositories/DefaultMavenRepositoryContentDescriptor
Event: 3.933 loading class org/gradle/api/internal/artifacts/repositories/DefaultMavenRepositoryContentDescriptor done
Event: 3.934 loading class org/gradle/api/artifacts/repositories/MavenRepositoryContentDescriptor
Event: 3.934 loading class org/gradle/api/artifacts/repositories/MavenRepositoryContentDescriptor done
Event: 3.934 Executing VM operation: G1CollectForAllocation


Dynamic libraries:
0x00007ff6469a0000 - 0x00007ff6469aa000 	C:\Program Files\Android\Android Studio\jre\bin\java.exe
0x00007ffd62c10000 - 0x00007ffd62e24000 	C:\WINDOWS\SYSTEM32\ntdll.dll
0x00007ffd61c30000 - 0x00007ffd61cf2000 	C:\WINDOWS\System32\KERNEL32.DLL
0x00007ffd600e0000 - 0x00007ffd6047d000 	C:\WINDOWS\System32\KERNELBASE.dll
0x00007ffd608f0000 - 0x00007ffd60a01000 	C:\WINDOWS\System32\ucrtbase.dll
0x00007ffd44f10000 - 0x00007ffd44f27000 	C:\Program Files\Android\Android Studio\jre\bin\VCRUNTIME140.dll
0x00007ffd36e70000 - 0x00007ffd36e89000 	C:\Program Files\Android\Android Studio\jre\bin\jli.dll
0x00007ffd62510000 - 0x00007ffd626ba000 	C:\WINDOWS\System32\USER32.dll
0x00007ffd44ac0000 - 0x00007ffd44d4e000 	C:\WINDOWS\WinSxS\amd64_microsoft.windows.common-controls_6595b64144ccf1df_6.0.22621.608_none_a9444ca7c10bb01d\COMCTL32.dll
0x00007ffd60540000 - 0x00007ffd60566000 	C:\WINDOWS\System32\win32u.dll
0x00007ffd61a80000 - 0x00007ffd61b27000 	C:\WINDOWS\System32\msvcrt.dll
0x00007ffd61920000 - 0x00007ffd61949000 	C:\WINDOWS\System32\GDI32.dll
0x00007ffd607d0000 - 0x00007ffd608e2000 	C:\WINDOWS\System32\gdi32full.dll
0x00007ffd60040000 - 0x00007ffd600da000 	C:\WINDOWS\System32\msvcp_win.dll
0x00007ffd61950000 - 0x00007ffd61982000 	C:\WINDOWS\System32\IMM32.DLL
0x00007ffd22ff0000 - 0x00007ffd2308d000 	C:\Program Files\Android\Android Studio\jre\bin\msvcp140.dll
0x00007ffce66c0000 - 0x00007ffce71a5000 	C:\Program Files\Android\Android Studio\jre\bin\server\jvm.dll
0x00007ffd61d00000 - 0x00007ffd61dae000 	C:\WINDOWS\System32\ADVAPI32.dll
0x00007ffd61990000 - 0x00007ffd61a34000 	C:\WINDOWS\System32\sechost.dll
0x00007ffd60c30000 - 0x00007ffd60d45000 	C:\WINDOWS\System32\RPCRT4.dll
0x00007ffd618c0000 - 0x00007ffd618c8000 	C:\WINDOWS\System32\PSAPI.DLL
0x00007ffd5d420000 - 0x00007ffd5d429000 	C:\WINDOWS\SYSTEM32\WSOCK32.dll
0x00007ffd59460000 - 0x00007ffd59494000 	C:\WINDOWS\SYSTEM32\WINMM.dll
0x00007ffd61780000 - 0x00007ffd617f1000 	C:\WINDOWS\System32\WS2_32.dll
0x00007ffd58da0000 - 0x00007ffd58daa000 	C:\WINDOWS\SYSTEM32\VERSION.dll
0x00007ffd5f020000 - 0x00007ffd5f038000 	C:\WINDOWS\SYSTEM32\kernel.appcore.dll
0x00007ffd5b810000 - 0x00007ffd5b821000 	C:\Program Files\Android\Android Studio\jre\bin\verify.dll
0x00007ffd4b3d0000 - 0x00007ffd4b5fe000 	C:\WINDOWS\SYSTEM32\DBGHELP.DLL
0x00007ffd626e0000 - 0x00007ffd62a6a000 	C:\WINDOWS\System32\combase.dll
0x00007ffd62240000 - 0x00007ffd62317000 	C:\WINDOWS\System32\OLEAUT32.dll
0x00007ffd3f260000 - 0x00007ffd3f292000 	C:\WINDOWS\SYSTEM32\dbgcore.DLL
0x00007ffd60570000 - 0x00007ffd605eb000 	C:\WINDOWS\System32\bcryptPrimitives.dll
0x00007ffd49a30000 - 0x00007ffd49a59000 	C:\Program Files\Android\Android Studio\jre\bin\java.dll
0x00007ffd5d3e0000 - 0x00007ffd5d3eb000 	C:\Program Files\Android\Android Studio\jre\bin\jimage.dll
0x00007ffd5a7d0000 - 0x00007ffd5a7e8000 	C:\Program Files\Android\Android Studio\jre\bin\zip.dll
0x00007ffd60d50000 - 0x00007ffd61530000 	C:\WINDOWS\System32\SHELL32.dll
0x00007ffd5e030000 - 0x00007ffd5e8f5000 	C:\WINDOWS\SYSTEM32\windows.storage.dll
0x00007ffd5def0000 - 0x00007ffd5e02e000 	C:\WINDOWS\SYSTEM32\wintypes.dll
0x00007ffd61b30000 - 0x00007ffd61c21000 	C:\WINDOWS\System32\SHCORE.dll
0x00007ffd62a70000 - 0x00007ffd62ace000 	C:\WINDOWS\System32\shlwapi.dll
0x00007ffd5ff70000 - 0x00007ffd5ff91000 	C:\WINDOWS\SYSTEM32\profapi.dll
0x00007ffd53270000 - 0x00007ffd5328a000 	C:\Program Files\Android\Android Studio\jre\bin\net.dll
0x00007ffd59230000 - 0x00007ffd5935f000 	C:\WINDOWS\SYSTEM32\WINHTTP.dll
0x00007ffd5f4d0000 - 0x00007ffd5f539000 	C:\WINDOWS\system32\mswsock.dll
0x00007ffd49a10000 - 0x00007ffd49a24000 	C:\Program Files\Android\Android Studio\jre\bin\nio.dll
0x00007ffd46f40000 - 0x00007ffd46f67000 	C:\Users\Le Thanh Hang\.gradle\native\e1d6ef7f7dcc3fd88c89a11ec53ec762bb8ba0a96d01ffa2cd45eb1d1d8dd5c5\windows-amd64\native-platform.dll
0x00007ffcf6850000 - 0x00007ffcf6994000 	C:\Users\Le Thanh Hang\.gradle\native\5664cfc778a61ccfe75a443a1ab52a65af34e5dc3c78e0209fed803814484fcb\windows-amd64\native-platform-file-events.dll
0x00007ffd5d380000 - 0x00007ffd5d38a000 	C:\Program Files\Android\Android Studio\jre\bin\management.dll
0x00007ffd5b800000 - 0x00007ffd5b80d000 	C:\Program Files\Android\Android Studio\jre\bin\management_ext.dll
0x00007ffd5f700000 - 0x00007ffd5f71b000 	C:\WINDOWS\SYSTEM32\CRYPTSP.dll
0x00007ffd5efe0000 - 0x00007ffd5f015000 	C:\WINDOWS\system32\rsaenh.dll
0x00007ffd5f590000 - 0x00007ffd5f5b8000 	C:\WINDOWS\SYSTEM32\USERENV.dll
0x00007ffd5f960000 - 0x00007ffd5f988000 	C:\WINDOWS\SYSTEM32\bcrypt.dll
0x00007ffd5f720000 - 0x00007ffd5f72c000 	C:\WINDOWS\SYSTEM32\CRYPTBASE.dll
0x00007ffd5eb90000 - 0x00007ffd5ebbd000 	C:\WINDOWS\SYSTEM32\IPHLPAPI.DLL
0x00007ffd62230000 - 0x00007ffd62239000 	C:\WINDOWS\System32\NSI.dll
0x00007ffd59440000 - 0x00007ffd59459000 	C:\WINDOWS\SYSTEM32\dhcpcsvc6.DLL
0x00007ffd59210000 - 0x00007ffd5922f000 	C:\WINDOWS\SYSTEM32\dhcpcsvc.DLL
0x00007ffd5ebc0000 - 0x00007ffd5ecb2000 	C:\WINDOWS\SYSTEM32\DNSAPI.dll

dbghelp: loaded successfully - version: 4.0.5 - missing functions: none
symbol engine: initialized successfully - sym options: 0x614 - pdb path: .;C:\Program Files\Android\Android Studio\jre\bin;C:\WINDOWS\SYSTEM32;C:\WINDOWS\WinSxS\amd64_microsoft.windows.common-controls_6595b64144ccf1df_6.0.22621.608_none_a9444ca7c10bb01d;C:\Program Files\Android\Android Studio\jre\bin\server;C:\Users\Le Thanh Hang\.gradle\native\e1d6ef7f7dcc3fd88c89a11ec53ec762bb8ba0a96d01ffa2cd45eb1d1d8dd5c5\windows-amd64;C:\Users\Le Thanh Hang\.gradle\native\5664cfc778a61ccfe75a443a1ab52a65af34e5dc3c78e0209fed803814484fcb\windows-amd64

VM Arguments:
jvm_args: --add-opens=java.base/java.util=ALL-UNNAMED --add-opens=java.base/java.lang=ALL-UNNAMED --add-opens=java.base/java.lang.invoke=ALL-UNNAMED --add-opens=java.base/java.util=ALL-UNNAMED --add-opens=java.prefs/java.util.prefs=ALL-UNNAMED --add-opens=java.prefs/java.util.prefs=ALL-UNNAMED --add-opens=java.base/java.nio.charset=ALL-UNNAMED --add-opens=java.base/java.net=ALL-UNNAMED --add-opens=java.base/java.util.concurrent.atomic=ALL-UNNAMED -Xmx2048m -Dfile.encoding=UTF-8 -Duser.country=US -Duser.language=en -Duser.variant 
java_command: org.gradle.launcher.daemon.bootstrap.GradleDaemon 7.3.3
java_class_path (initial): C:\Users\Le Thanh Hang\.gradle\wrapper\dists\gradle-7.3.3-bin\6a41zxkdtcxs8rphpq6y0069z\gradle-7.3.3\lib\gradle-launcher-7.3.3.jar
Launcher Type: SUN_STANDARD

[Global flags]
     intx CICompilerCount                          = 12                                        {product} {ergonomic}
     uint ConcGCThreads                            = 3                                         {product} {ergonomic}
     uint G1ConcRefinementThreads                  = 13                                        {product} {ergonomic}
   size_t G1HeapRegionSize                         = 1048576                                   {product} {ergonomic}
    uintx GCDrainStackTargetSize                   = 64                                        {product} {ergonomic}
   size_t InitialHeapSize                          = 123731968                                 {product} {ergonomic}
   size_t MarkStackSize                            = 4194304                                   {product} {ergonomic}
   size_t MaxHeapSize                              = 2147483648                                {product} {command line}
   size_t MaxNewSize                               = 1287651328                                {product} {ergonomic}
   size_t MinHeapDeltaBytes                        = 1048576                                   {product} {ergonomic}
    uintx NonNMethodCodeHeapSize                   = 7594288                                {pd product} {ergonomic}
    uintx NonProfiledCodeHeapSize                  = 122031976                              {pd product} {ergonomic}
    uintx ProfiledCodeHeapSize                     = 122031976                              {pd product} {ergonomic}
    uintx ReservedCodeCacheSize                    = 251658240                              {pd product} {ergonomic}
     bool SegmentedCodeCache                       = true                                      {product} {ergonomic}
     bool UseCompressedClassPointers               = true                                 {lp64_product} {ergonomic}
     bool UseCompressedOops                        = true                                 {lp64_product} {ergonomic}
     bool UseG1GC                                  = true                                      {product} {ergonomic}
     bool UseLargePagesIndividualAllocation        = false                                  {pd product} {ergonomic}

Logging:
Log output configuration:
 #0: stdout all=warning uptime,level,tags
 #1: stderr all=off uptime,level,tags

Environment Variables:
PATH=C:\Program Files (x86)\VMware\VMware Workstation\bin\;C:\Python310\Scripts\;C:\Python310\;C:\Program Files\Eclipse Foundation\jdk-8.0.302.8-hotspot\bin;C:\windows\system32;C:\windows;C:\windows\System32\Wbem;C:\windows\System32\WindowsPowerShell\v1.0\;C:\windows\System32\OpenSSH\;C:\Program Files (x86)\NVIDIA Corporation\PhysX\Common;C:\Program Files\NVIDIA Corporation\NVIDIA NvDLISR;C:\Program Files\Microsoft SQL Server\130\Tools\Binn\;C:\Program Files\Microsoft SQL Server\Client SDK\ODBC\170\Tools\Binn\;C:\Program Files\Git\cmd;C:\Program Files\nodejs\;C:\ProgramData\chocolatey\bin;C:\WINDOWS\system32;C:\WINDOWS;C:\WINDOWS\System32\Wbem;C:\WINDOWS\System32\WindowsPowerShell\v1.0\;C:\WINDOWS\System32\OpenSSH\;C:\Program Files\dotnet\;C:\MinGW\bin;C:\Ruby31-x64\bin;C:\Users\Le Thanh Hang\AppData\Local\Microsoft\WindowsApps;C:\Users\Le Thanh Hang\AppData\Local\GitHubDesktop\bin;C:\Users\Le Thanh Hang\AppData\Roaming\npm;C:\Users\Le Thanh Hang\.dotnet\tools;C:\Users\Le Thanh Hang\AppData\Local\Programs\Microsoft VS Code\bin
USERNAME=Le Thanh Hang
OS=Windows_NT
PROCESSOR_IDENTIFIER=AMD64 Family 25 Model 80 Stepping 0, AuthenticAMD



---------------  S Y S T E M  ---------------

OS: Windows 10 , 64 bit Build 22621 (10.0.22621.755)
OS uptime: 0 days 12:59 hours
Hyper-V role detected

CPU:total 16 (initial active 16) (16 cores per cpu, 2 threads per core) family 25 model 80 stepping 0 microcode 0x0, cmov, cx8, fxsr, mmx, sse, sse2, sse3, ssse3, sse4.1, sse4.2, popcnt, avx, avx2, aes, clmul, erms, mmxext, 3dnowpref, lzcnt, sse4a, ht, tsc, tscinvbit, tscinv, bmi1, bmi2, adx, sha, fma

Memory: 4k page, system-wide physical 7523M (507M free)
TotalPageFile size 11619M (AvailPageFile size 21M)
current process WorkingSet (physical memory assigned to process): 271M, peak: 271M
current process commit charge ("private bytes"): 330M, peak: 352M

vm_info: OpenJDK 64-Bit Server VM (11.0.12+7-b1504.28-7817840) for windows-amd64 JRE (11.0.12+7-b1504.28-7817840), built on Oct 13 2021 22:12:33 by "builder" with MS VC++ 14.0 (VS2015)

END.
