#
# There is insufficient memory for the Java Runtime Environment to continue.
# Native memory allocation (malloc) failed to allocate 717696 bytes for Chunk::new
# Possible reasons:
#   The system is out of physical RAM or swap space
#   The process is running with CompressedOops enabled, and the Java Heap may be blocking the growth of the native heap
# Possible solutions:
#   Reduce memory load on the system
#   Increase physical memory or swap space
#   Check if swap backing store is full
#   Decrease Java heap size (-Xmx/-Xms)
#   Decrease number of Java threads
#   Decrease Java thread stack sizes (-Xss)
#   Set larger code cache with -XX:ReservedCodeCacheSize=
#   JVM is running with Unscaled Compressed Oops mode in which the Java heap is
#     placed in the first 4GB address space. The Java Heap base address is the
#     maximum limit for the native heap growth. Please use -XX:HeapBaseMinAddress
#     to set the Java Heap base and to place the Java Heap above 4GB virtual address.
# This output file may be truncated or incomplete.
#
#  Out of Memory Error (./src/hotspot/share/memory/arena.cpp:197), pid=3796, tid=2088
#
# JRE version: OpenJDK Runtime Environment (11.0.12+7) (build 11.0.12+7-b1504.28-7817840)
# Java VM: OpenJDK 64-Bit Server VM (11.0.12+7-b1504.28-7817840, mixed mode, tiered, compressed oops, g1 gc, windows-amd64)
# No core dump will be written. Minidumps are not enabled by default on client versions of Windows
#

---------------  S U M M A R Y ------------

Command Line: --add-opens=java.base/java.util=ALL-UNNAMED --add-opens=java.base/java.lang=ALL-UNNAMED --add-opens=java.base/java.lang.invoke=ALL-UNNAMED --add-opens=java.base/java.util=ALL-UNNAMED --add-opens=java.prefs/java.util.prefs=ALL-UNNAMED --add-opens=java.prefs/java.util.prefs=ALL-UNNAMED --add-opens=java.base/java.nio.charset=ALL-UNNAMED --add-opens=java.base/java.net=ALL-UNNAMED --add-opens=java.base/java.util.concurrent.atomic=ALL-UNNAMED -Xmx2048m -Dfile.encoding=UTF-8 -Duser.country=US -Duser.language=en -Duser.variant org.gradle.launcher.daemon.bootstrap.GradleDaemon 7.3.3

Host: AMD Ryzen 7 5800H with Radeon Graphics         , 16 cores, 7G,  Windows 10 , 64 bit Build 22621 (10.0.22621.755)
Time: Wed Dec  7 11:00:49 2022 SE Asia Standard Time elapsed time: 2.263768 seconds (0d 0h 0m 2s)

---------------  T H R E A D  ---------------

Current thread (0x00000161e5f4f000):  JavaThread "C2 CompilerThread1" daemon [_thread_in_native, id=2088, stack(0x00000045f3500000,0x00000045f3600000)]


Current CompileTask:
C2:   2263 2206   !   4       java.lang.ClassLoader::loadClass (122 bytes)

Stack: [0x00000045f3500000,0x00000045f3600000]
Native frames: (J=compiled Java code, j=interpreted, Vv=VM code, C=native code)
V  [jvm.dll+0x5fbcea]
V  [jvm.dll+0x731905]
V  [jvm.dll+0x732f1d]
V  [jvm.dll+0x7335d3]
V  [jvm.dll+0x247bf8]
V  [jvm.dll+0xc018c]
V  [jvm.dll+0xc06cc]
V  [jvm.dll+0x2bcc04]
V  [jvm.dll+0x5113a8]
V  [jvm.dll+0x208303]
V  [jvm.dll+0x201fe0]
V  [jvm.dll+0x1ff71f]
V  [jvm.dll+0x18868c]
V  [jvm.dll+0x20e0d7]
V  [jvm.dll+0x20c901]
V  [jvm.dll+0x6f9b7f]
V  [jvm.dll+0x6f26a5]
V  [jvm.dll+0x5fabf6]
C  [ucrtbase.dll+0x29363]
C  [KERNEL32.DLL+0x1244d]
C  [ntdll.dll+0x5dfb8]


---------------  P R O C E S S  ---------------

Threads class SMR info:
_java_thread_list=0x00000161e6c28330, length=27, elements={
0x00000161c7b5a800, 0x00000161e2b7b000, 0x00000161e2b7c000, 0x00000161e3403800,
0x00000161e3405800, 0x00000161e3409000, 0x00000161e340a000, 0x00000161e340b000,
0x00000161e340e800, 0x00000161e2b37000, 0x00000161e3573000, 0x00000161e4706000,
0x00000161e3bdc000, 0x00000161e4de4000, 0x00000161e5f4f000, 0x00000161e5acb000,
0x00000161e5647000, 0x00000161e58fa800, 0x00000161e6ad9000, 0x00000161e6c4a800,
0x00000161e4fc9800, 0x00000161e5831000, 0x00000161e5830000, 0x00000161e5832000,
0x00000161e5832800, 0x00000161e582e800, 0x00000161e582f800
}

Java Threads: ( => current thread )
  0x00000161c7b5a800 JavaThread "main" [_thread_blocked, id=13760, stack(0x00000045f2300000,0x00000045f2400000)]
  0x00000161e2b7b000 JavaThread "Reference Handler" daemon [_thread_blocked, id=14724, stack(0x00000045f2a00000,0x00000045f2b00000)]
  0x00000161e2b7c000 JavaThread "Finalizer" daemon [_thread_blocked, id=9780, stack(0x00000045f2b00000,0x00000045f2c00000)]
  0x00000161e3403800 JavaThread "Signal Dispatcher" daemon [_thread_blocked, id=5716, stack(0x00000045f2c00000,0x00000045f2d00000)]
  0x00000161e3405800 JavaThread "Attach Listener" daemon [_thread_blocked, id=16028, stack(0x00000045f2d00000,0x00000045f2e00000)]
  0x00000161e3409000 JavaThread "Service Thread" daemon [_thread_blocked, id=11188, stack(0x00000045f2e00000,0x00000045f2f00000)]
  0x00000161e340a000 JavaThread "C2 CompilerThread0" daemon [_thread_blocked, id=15944, stack(0x00000045f2f00000,0x00000045f3000000)]
  0x00000161e340b000 JavaThread "C1 CompilerThread0" daemon [_thread_blocked, id=14512, stack(0x00000045f3000000,0x00000045f3100000)]
  0x00000161e340e800 JavaThread "Sweeper thread" daemon [_thread_blocked, id=16276, stack(0x00000045f3100000,0x00000045f3200000)]
  0x00000161e2b37000 JavaThread "C1 CompilerThread1" daemon [_thread_blocked, id=7896, stack(0x00000045f3200000,0x00000045f3300000)]
  0x00000161e3573000 JavaThread "Common-Cleaner" daemon [_thread_blocked, id=8376, stack(0x00000045f3300000,0x00000045f3400000)]
  0x00000161e4706000 JavaThread "C1 CompilerThread2" daemon [_thread_blocked, id=2648, stack(0x00000045f3700000,0x00000045f3800000)]
  0x00000161e3bdc000 JavaThread "C1 CompilerThread3" daemon [_thread_blocked, id=7156, stack(0x00000045f3800000,0x00000045f3900000)]
  0x00000161e4de4000 JavaThread "Daemon health stats" [_thread_blocked, id=9672, stack(0x00000045f3a00000,0x00000045f3b00000)]
=>0x00000161e5f4f000 JavaThread "C2 CompilerThread1" daemon [_thread_in_native, id=2088, stack(0x00000045f3500000,0x00000045f3600000)]
  0x00000161e5acb000 JavaThread "Incoming local TCP Connector on port 52823" [_thread_in_native, id=7164, stack(0x00000045f3600000,0x00000045f3700000)]
  0x00000161e5647000 JavaThread "Daemon periodic checks" [_thread_blocked, id=8964, stack(0x00000045f3b00000,0x00000045f3c00000)]
  0x00000161e58fa800 JavaThread "Daemon" [_thread_blocked, id=16544, stack(0x00000045f3c00000,0x00000045f3d00000)]
  0x00000161e6ad9000 JavaThread "Handler for socket connection from /127.0.0.1:52823 to /127.0.0.1:52824" [_thread_in_native, id=16736, stack(0x00000045f3d00000,0x00000045f3e00000)]
  0x00000161e6c4a800 JavaThread "Cancel handler" [_thread_blocked, id=12120, stack(0x00000045f4900000,0x00000045f4a00000)]
  0x00000161e4fc9800 JavaThread "Daemon worker" [_thread_in_Java, id=5748, stack(0x00000045f4a00000,0x00000045f4b00000)]
  0x00000161e5831000 JavaThread "Asynchronous log dispatcher for DefaultDaemonConnection: socket connection from /127.0.0.1:52823 to /127.0.0.1:52824" [_thread_blocked, id=12504, stack(0x00000045f4b00000,0x00000045f4c00000)]
  0x00000161e5830000 JavaThread "Stdin handler" [_thread_blocked, id=13892, stack(0x00000045f4c00000,0x00000045f4d00000)]
  0x00000161e5832000 JavaThread "Daemon client event forwarder" [_thread_blocked, id=8472, stack(0x00000045f4d00000,0x00000045f4e00000)]
  0x00000161e5832800 JavaThread "Cache worker for journal cache (C:\Users\Le Thanh Hang\.gradle\caches\journal-1)" [_thread_blocked, id=13268, stack(0x00000045f4e00000,0x00000045f4f00000)]
  0x00000161e582e800 JavaThread "File lock request listener" [_thread_in_native, id=14668, stack(0x00000045f4f00000,0x00000045f5000000)]
  0x00000161e582f800 JavaThread "Cache worker for file hash cache (C:\Users\Le Thanh Hang\.gradle\caches\7.3.3\fileHashes)" [_thread_blocked, id=10576, stack(0x00000045f5000000,0x00000045f5100000)]

Other Threads:
  0x00000161e2b77800 VMThread "VM Thread" [stack: 0x00000045f2900000,0x00000045f2a00000] [id=9328]
  0x00000161e35ce000 WatcherThread [stack: 0x00000045f3400000,0x00000045f3500000] [id=10800]
  0x00000161c7b71800 GCTaskThread "GC Thread#0" [stack: 0x00000045f2400000,0x00000045f2500000] [id=11096]
  0x00000161e4b0c800 GCTaskThread "GC Thread#1" [stack: 0x00000045f3900000,0x00000045f3a00000] [id=6364]
  0x00000161e55b2800 GCTaskThread "GC Thread#2" [stack: 0x00000045f3e00000,0x00000045f3f00000] [id=13700]
  0x00000161e57ac800 GCTaskThread "GC Thread#3" [stack: 0x00000045f3f00000,0x00000045f4000000] [id=17004]
  0x00000161e5543000 GCTaskThread "GC Thread#4" [stack: 0x00000045f4000000,0x00000045f4100000] [id=420]
  0x00000161e5601000 GCTaskThread "GC Thread#5" [stack: 0x00000045f4100000,0x00000045f4200000] [id=7920]
  0x00000161e655e000 GCTaskThread "GC Thread#6" [stack: 0x00000045f4200000,0x00000045f4300000] [id=12748]
  0x00000161e503d000 GCTaskThread "GC Thread#7" [stack: 0x00000045f4300000,0x00000045f4400000] [id=13612]
  0x00000161e5869000 GCTaskThread "GC Thread#8" [stack: 0x00000045f4400000,0x00000045f4500000] [id=16616]
  0x00000161e5f62000 GCTaskThread "GC Thread#9" [stack: 0x00000045f4500000,0x00000045f4600000] [id=12280]
  0x00000161e4692000 GCTaskThread "GC Thread#10" [stack: 0x00000045f4600000,0x00000045f4700000] [id=13124]
  0x00000161e4d3a800 GCTaskThread "GC Thread#11" [stack: 0x00000045f4700000,0x00000045f4800000] [id=5856]
  0x00000161e5c6a000 GCTaskThread "GC Thread#12" [stack: 0x00000045f5100000,0x00000045f5200000] [id=7040]
  0x00000161c7baa800 ConcurrentGCThread "G1 Main Marker" [stack: 0x00000045f2500000,0x00000045f2600000] [id=5136]
  0x00000161c7bac800 ConcurrentGCThread "G1 Conc#0" [stack: 0x00000045f2600000,0x00000045f2700000] [id=16892]
  0x00000161e5973800 ConcurrentGCThread "G1 Conc#1" [stack: 0x00000045f5200000,0x00000045f5300000] [id=13396]
  0x00000161e46fd800 ConcurrentGCThread "G1 Conc#2" [stack: 0x00000045f5300000,0x00000045f5400000] [id=12124]
  0x00000161e29e2800 ConcurrentGCThread "G1 Refine#0" [stack: 0x00000045f2700000,0x00000045f2800000] [id=1628]
  0x00000161e418f000 ConcurrentGCThread "G1 Refine#1" [stack: 0x00000045f4800000,0x00000045f4900000] [id=5436]
  0x00000161e29e3000 ConcurrentGCThread "G1 Young RemSet Sampling" [stack: 0x00000045f2800000,0x00000045f2900000] [id=6704]

Threads with active compile tasks:
C2 CompilerThread1   2275 2206   !   4       java.lang.ClassLoader::loadClass (122 bytes)

VM state:not at safepoint (normal execution)

VM Mutex/Monitor currently owned by a thread: None

Heap address: 0x0000000080000000, size: 2048 MB, Compressed Oops mode: 32-bit
Narrow klass base: 0x0000000000000000, Narrow klass shift: 3
Compressed class space size: 1073741824 Address: 0x0000000100000000

Heap:
 garbage-first heap   total 120832K, used 17067K [0x0000000080000000, 0x0000000100000000)
  region size 1024K, 3 young (3072K), 2 survivors (2048K)
 Metaspace       used 21448K, capacity 21926K, committed 22320K, reserved 1075200K
  class space    used 2649K, capacity 2828K, committed 2944K, reserved 1048576K
Heap Regions: E=young(eden), S=young(survivor), O=old, HS=humongous(starts), HC=humongous(continues), CS=collection set, F=free, A=archive, TAMS=top-at-mark-start (previous, next)
|   0|0x0000000080000000, 0x0000000080100000, 0x0000000080100000|100%| O|  |TAMS 0x0000000080100000, 0x0000000080100000| Untracked 
|   1|0x0000000080100000, 0x0000000080200000, 0x0000000080200000|100%| O|  |TAMS 0x0000000080200000, 0x0000000080200000| Untracked 
|   2|0x0000000080200000, 0x0000000080300000, 0x0000000080300000|100%| O|  |TAMS 0x0000000080300000, 0x0000000080300000| Untracked 
|   3|0x0000000080300000, 0x0000000080400000, 0x0000000080400000|100%|HS|  |TAMS 0x0000000080400000, 0x0000000080400000| Complete 
|   4|0x0000000080400000, 0x0000000080500000, 0x0000000080500000|100%|HC|  |TAMS 0x0000000080500000, 0x0000000080500000| Complete 
|   5|0x0000000080500000, 0x0000000080600000, 0x0000000080600000|100%|HC|  |TAMS 0x0000000080600000, 0x0000000080600000| Complete 
|   6|0x0000000080600000, 0x0000000080700000, 0x0000000080700000|100%| O|  |TAMS 0x0000000080700000, 0x0000000080700000| Untracked 
|   7|0x0000000080700000, 0x0000000080800000, 0x0000000080800000|100%| O|  |TAMS 0x0000000080800000, 0x0000000080800000| Untracked 
|   8|0x0000000080800000, 0x0000000080900000, 0x0000000080900000|100%| O|  |TAMS 0x0000000080900000, 0x0000000080900000| Untracked 
|   9|0x0000000080900000, 0x0000000080a00000, 0x0000000080a00000|100%| O|  |TAMS 0x0000000080a00000, 0x0000000080a00000| Untracked 
|  10|0x0000000080a00000, 0x0000000080b00000, 0x0000000080b00000|100%| O|  |TAMS 0x0000000080b00000, 0x0000000080b00000| Untracked 
|  11|0x0000000080b00000, 0x0000000080c00000, 0x0000000080c00000|100%| O|  |TAMS 0x0000000080c00000, 0x0000000080c00000| Untracked 
|  12|0x0000000080c00000, 0x0000000080d00000, 0x0000000080d00000|100%| O|  |TAMS 0x0000000080d00000, 0x0000000080d00000| Untracked 
|  13|0x0000000080d00000, 0x0000000080e00000, 0x0000000080e00000|100%| O|  |TAMS 0x0000000080e00000, 0x0000000080e00000| Untracked 
|  14|0x0000000080e00000, 0x0000000080f00000, 0x0000000080f00000|100%| O|  |TAMS 0x0000000080f00000, 0x0000000080f00000| Untracked 
|  15|0x0000000080f00000, 0x0000000080f0fc00, 0x0000000081000000|  6%| O|  |TAMS 0x0000000080f0fc00, 0x0000000080f0fc00| Untracked 
|  16|0x0000000081000000, 0x0000000081000000, 0x0000000081100000|  0%| F|  |TAMS 0x0000000081000000, 0x0000000081000000| Untracked 
|  17|0x0000000081100000, 0x0000000081100000, 0x0000000081200000|  0%| F|  |TAMS 0x0000000081100000, 0x0000000081100000| Untracked 
|  18|0x0000000081200000, 0x0000000081200000, 0x0000000081300000|  0%| F|  |TAMS 0x0000000081200000, 0x0000000081200000| Untracked 
|  19|0x0000000081300000, 0x0000000081300000, 0x0000000081400000|  0%| F|  |TAMS 0x0000000081300000, 0x0000000081300000| Untracked 
|  20|0x0000000081400000, 0x0000000081400000, 0x0000000081500000|  0%| F|  |TAMS 0x0000000081400000, 0x0000000081400000| Untracked 
|  21|0x0000000081500000, 0x0000000081500000, 0x0000000081600000|  0%| F|  |TAMS 0x0000000081500000, 0x0000000081500000| Untracked 
|  22|0x0000000081600000, 0x0000000081600000, 0x0000000081700000|  0%| F|  |TAMS 0x0000000081600000, 0x0000000081600000| Untracked 
|  23|0x0000000081700000, 0x0000000081700000, 0x0000000081800000|  0%| F|  |TAMS 0x0000000081700000, 0x0000000081700000| Untracked 
|  24|0x0000000081800000, 0x0000000081800000, 0x0000000081900000|  0%| F|  |TAMS 0x0000000081800000, 0x0000000081800000| Untracked 
|  25|0x0000000081900000, 0x0000000081900000, 0x0000000081a00000|  0%| F|  |TAMS 0x0000000081900000, 0x0000000081900000| Untracked 
|  26|0x0000000081a00000, 0x0000000081a00000, 0x0000000081b00000|  0%| F|  |TAMS 0x0000000081a00000, 0x0000000081a00000| Untracked 
|  27|0x0000000081b00000, 0x0000000081b00000, 0x0000000081c00000|  0%| F|  |TAMS 0x0000000081b00000, 0x0000000081b00000| Untracked 
|  28|0x0000000081c00000, 0x0000000081c00000, 0x0000000081d00000|  0%| F|  |TAMS 0x0000000081c00000, 0x0000000081c00000| Untracked 
|  29|0x0000000081d00000, 0x0000000081d00000, 0x0000000081e00000|  0%| F|  |TAMS 0x0000000081d00000, 0x0000000081d00000| Untracked 
|  30|0x0000000081e00000, 0x0000000081e00000, 0x0000000081f00000|  0%| F|  |TAMS 0x0000000081e00000, 0x0000000081e00000| Untracked 
|  31|0x0000000081f00000, 0x0000000081f00000, 0x0000000082000000|  0%| F|  |TAMS 0x0000000081f00000, 0x0000000081f00000| Untracked 
|  32|0x0000000082000000, 0x0000000082000000, 0x0000000082100000|  0%| F|  |TAMS 0x0000000082000000, 0x0000000082000000| Untracked 
|  33|0x0000000082100000, 0x0000000082100000, 0x0000000082200000|  0%| F|  |TAMS 0x0000000082100000, 0x0000000082100000| Untracked 
|  34|0x0000000082200000, 0x0000000082200000, 0x0000000082300000|  0%| F|  |TAMS 0x0000000082200000, 0x0000000082200000| Untracked 
|  35|0x0000000082300000, 0x0000000082300000, 0x0000000082400000|  0%| F|  |TAMS 0x0000000082300000, 0x0000000082300000| Untracked 
|  36|0x0000000082400000, 0x0000000082400000, 0x0000000082500000|  0%| F|  |TAMS 0x0000000082400000, 0x0000000082400000| Untracked 
|  37|0x0000000082500000, 0x0000000082500000, 0x0000000082600000|  0%| F|  |TAMS 0x0000000082500000, 0x0000000082500000| Untracked 
|  38|0x0000000082600000, 0x0000000082600000, 0x0000000082700000|  0%| F|  |TAMS 0x0000000082600000, 0x0000000082600000| Untracked 
|  39|0x0000000082700000, 0x0000000082700000, 0x0000000082800000|  0%| F|  |TAMS 0x0000000082700000, 0x0000000082700000| Untracked 
|  40|0x0000000082800000, 0x0000000082800000, 0x0000000082900000|  0%| F|  |TAMS 0x0000000082800000, 0x0000000082800000| Untracked 
|  41|0x0000000082900000, 0x0000000082900000, 0x0000000082a00000|  0%| F|  |TAMS 0x0000000082900000, 0x0000000082900000| Untracked 
|  42|0x0000000082a00000, 0x0000000082a00000, 0x0000000082b00000|  0%| F|  |TAMS 0x0000000082a00000, 0x0000000082a00000| Untracked 
|  43|0x0000000082b00000, 0x0000000082b00000, 0x0000000082c00000|  0%| F|  |TAMS 0x0000000082b00000, 0x0000000082b00000| Untracked 
|  44|0x0000000082c00000, 0x0000000082c00000, 0x0000000082d00000|  0%| F|  |TAMS 0x0000000082c00000, 0x0000000082c00000| Untracked 
|  45|0x0000000082d00000, 0x0000000082d00000, 0x0000000082e00000|  0%| F|  |TAMS 0x0000000082d00000, 0x0000000082d00000| Untracked 
|  46|0x0000000082e00000, 0x0000000082e00000, 0x0000000082f00000|  0%| F|  |TAMS 0x0000000082e00000, 0x0000000082e00000| Untracked 
|  47|0x0000000082f00000, 0x0000000082f00000, 0x0000000083000000|  0%| F|  |TAMS 0x0000000082f00000, 0x0000000082f00000| Untracked 
|  48|0x0000000083000000, 0x0000000083000000, 0x0000000083100000|  0%| F|  |TAMS 0x0000000083000000, 0x0000000083000000| Untracked 
|  49|0x0000000083100000, 0x0000000083100000, 0x0000000083200000|  0%| F|  |TAMS 0x0000000083100000, 0x0000000083100000| Untracked 
|  50|0x0000000083200000, 0x0000000083200000, 0x0000000083300000|  0%| F|  |TAMS 0x0000000083200000, 0x0000000083200000| Untracked 
|  51|0x0000000083300000, 0x0000000083300000, 0x0000000083400000|  0%| F|  |TAMS 0x0000000083300000, 0x0000000083300000| Untracked 
|  52|0x0000000083400000, 0x0000000083400000, 0x0000000083500000|  0%| F|  |TAMS 0x0000000083400000, 0x0000000083400000| Untracked 
|  53|0x0000000083500000, 0x0000000083500000, 0x0000000083600000|  0%| F|  |TAMS 0x0000000083500000, 0x0000000083500000| Untracked 
|  54|0x0000000083600000, 0x0000000083600000, 0x0000000083700000|  0%| F|  |TAMS 0x0000000083600000, 0x0000000083600000| Untracked 
|  55|0x0000000083700000, 0x0000000083700000, 0x0000000083800000|  0%| F|  |TAMS 0x0000000083700000, 0x0000000083700000| Untracked 
|  56|0x0000000083800000, 0x0000000083800000, 0x0000000083900000|  0%| F|  |TAMS 0x0000000083800000, 0x0000000083800000| Untracked 
|  57|0x0000000083900000, 0x0000000083900000, 0x0000000083a00000|  0%| F|  |TAMS 0x0000000083900000, 0x0000000083900000| Untracked 
|  58|0x0000000083a00000, 0x0000000083a00000, 0x0000000083b00000|  0%| F|  |TAMS 0x0000000083a00000, 0x0000000083a00000| Untracked 
|  59|0x0000000083b00000, 0x0000000083b00000, 0x0000000083c00000|  0%| F|  |TAMS 0x0000000083b00000, 0x0000000083b00000| Untracked 
|  60|0x0000000083c00000, 0x0000000083c00000, 0x0000000083d00000|  0%| F|  |TAMS 0x0000000083c00000, 0x0000000083c00000| Untracked 
|  61|0x0000000083d00000, 0x0000000083d00000, 0x0000000083e00000|  0%| F|  |TAMS 0x0000000083d00000, 0x0000000083d00000| Untracked 
|  62|0x0000000083e00000, 0x0000000083e00000, 0x0000000083f00000|  0%| F|  |TAMS 0x0000000083e00000, 0x0000000083e00000| Untracked 
|  63|0x0000000083f00000, 0x0000000083f00000, 0x0000000084000000|  0%| F|  |TAMS 0x0000000083f00000, 0x0000000083f00000| Untracked 
|  64|0x0000000084000000, 0x0000000084000000, 0x0000000084100000|  0%| F|  |TAMS 0x0000000084000000, 0x0000000084000000| Untracked 
|  65|0x0000000084100000, 0x0000000084100000, 0x0000000084200000|  0%| F|  |TAMS 0x0000000084100000, 0x0000000084100000| Untracked 
|  66|0x0000000084200000, 0x0000000084200000, 0x0000000084300000|  0%| F|  |TAMS 0x0000000084200000, 0x0000000084200000| Untracked 
|  67|0x0000000084300000, 0x0000000084300000, 0x0000000084400000|  0%| F|  |TAMS 0x0000000084300000, 0x0000000084300000| Untracked 
|  68|0x0000000084400000, 0x0000000084400000, 0x0000000084500000|  0%| F|  |TAMS 0x0000000084400000, 0x0000000084400000| Untracked 
|  69|0x0000000084500000, 0x0000000084500000, 0x0000000084600000|  0%| F|  |TAMS 0x0000000084500000, 0x0000000084500000| Untracked 
|  70|0x0000000084600000, 0x0000000084600000, 0x0000000084700000|  0%| F|  |TAMS 0x0000000084600000, 0x0000000084600000| Untracked 
|  71|0x0000000084700000, 0x0000000084700000, 0x0000000084800000|  0%| F|  |TAMS 0x0000000084700000, 0x0000000084700000| Untracked 
|  72|0x0000000084800000, 0x0000000084800000, 0x0000000084900000|  0%| F|  |TAMS 0x0000000084800000, 0x0000000084800000| Untracked 
|  73|0x0000000084900000, 0x0000000084900000, 0x0000000084a00000|  0%| F|  |TAMS 0x0000000084900000, 0x0000000084900000| Untracked 
|  74|0x0000000084a00000, 0x0000000084a00000, 0x0000000084b00000|  0%| F|  |TAMS 0x0000000084a00000, 0x0000000084a00000| Untracked 
|  75|0x0000000084b00000, 0x0000000084b00000, 0x0000000084c00000|  0%| F|  |TAMS 0x0000000084b00000, 0x0000000084b00000| Untracked 
|  76|0x0000000084c00000, 0x0000000084c00000, 0x0000000084d00000|  0%| F|  |TAMS 0x0000000084c00000, 0x0000000084c00000| Untracked 
|  77|0x0000000084d00000, 0x0000000084d00000, 0x0000000084e00000|  0%| F|  |TAMS 0x0000000084d00000, 0x0000000084d00000| Untracked 
|  78|0x0000000084e00000, 0x0000000084e00000, 0x0000000084f00000|  0%| F|  |TAMS 0x0000000084e00000, 0x0000000084e00000| Untracked 
|  79|0x0000000084f00000, 0x0000000084f00000, 0x0000000085000000|  0%| F|  |TAMS 0x0000000084f00000, 0x0000000084f00000| Untracked 
|  80|0x0000000085000000, 0x0000000085000000, 0x0000000085100000|  0%| F|  |TAMS 0x0000000085000000, 0x0000000085000000| Untracked 
|  81|0x0000000085100000, 0x0000000085100000, 0x0000000085200000|  0%| F|  |TAMS 0x0000000085100000, 0x0000000085100000| Untracked 
|  82|0x0000000085200000, 0x0000000085200000, 0x0000000085300000|  0%| F|  |TAMS 0x0000000085200000, 0x0000000085200000| Untracked 
|  83|0x0000000085300000, 0x0000000085300000, 0x0000000085400000|  0%| F|  |TAMS 0x0000000085300000, 0x0000000085300000| Untracked 
|  84|0x0000000085400000, 0x0000000085400000, 0x0000000085500000|  0%| F|  |TAMS 0x0000000085400000, 0x0000000085400000| Untracked 
|  85|0x0000000085500000, 0x0000000085500000, 0x0000000085600000|  0%| F|  |TAMS 0x0000000085500000, 0x0000000085500000| Untracked 
|  86|0x0000000085600000, 0x0000000085600000, 0x0000000085700000|  0%| F|  |TAMS 0x0000000085600000, 0x0000000085600000| Untracked 
|  87|0x0000000085700000, 0x0000000085700000, 0x0000000085800000|  0%| F|  |TAMS 0x0000000085700000, 0x0000000085700000| Untracked 
|  88|0x0000000085800000, 0x0000000085800000, 0x0000000085900000|  0%| F|  |TAMS 0x0000000085800000, 0x0000000085800000| Untracked 
|  89|0x0000000085900000, 0x0000000085900000, 0x0000000085a00000|  0%| F|  |TAMS 0x0000000085900000, 0x0000000085900000| Untracked 
|  90|0x0000000085a00000, 0x0000000085a00000, 0x0000000085b00000|  0%| F|  |TAMS 0x0000000085a00000, 0x0000000085a00000| Untracked 
|  91|0x0000000085b00000, 0x0000000085b00000, 0x0000000085c00000|  0%| F|  |TAMS 0x0000000085b00000, 0x0000000085b00000| Untracked 
|  92|0x0000000085c00000, 0x0000000085c00000, 0x0000000085d00000|  0%| F|  |TAMS 0x0000000085c00000, 0x0000000085c00000| Untracked 
|  93|0x0000000085d00000, 0x0000000085d00000, 0x0000000085e00000|  0%| F|  |TAMS 0x0000000085d00000, 0x0000000085d00000| Untracked 
|  94|0x0000000085e00000, 0x0000000085e00000, 0x0000000085f00000|  0%| F|  |TAMS 0x0000000085e00000, 0x0000000085e00000| Untracked 
|  95|0x0000000085f00000, 0x0000000085f00000, 0x0000000086000000|  0%| F|  |TAMS 0x0000000085f00000, 0x0000000085f00000| Untracked 
|  96|0x0000000086000000, 0x0000000086000000, 0x0000000086100000|  0%| F|  |TAMS 0x0000000086000000, 0x0000000086000000| Untracked 
|  97|0x0000000086100000, 0x0000000086100000, 0x0000000086200000|  0%| F|  |TAMS 0x0000000086100000, 0x0000000086100000| Untracked 
|  98|0x0000000086200000, 0x0000000086200000, 0x0000000086300000|  0%| F|  |TAMS 0x0000000086200000, 0x0000000086200000| Untracked 
|  99|0x0000000086300000, 0x0000000086300000, 0x0000000086400000|  0%| F|  |TAMS 0x0000000086300000, 0x0000000086300000| Untracked 
| 100|0x0000000086400000, 0x0000000086400000, 0x0000000086500000|  0%| F|  |TAMS 0x0000000086400000, 0x0000000086400000| Untracked 
| 101|0x0000000086500000, 0x0000000086500000, 0x0000000086600000|  0%| F|  |TAMS 0x0000000086500000, 0x0000000086500000| Untracked 
| 102|0x0000000086600000, 0x0000000086600000, 0x0000000086700000|  0%| F|  |TAMS 0x0000000086600000, 0x0000000086600000| Untracked 
| 103|0x0000000086700000, 0x0000000086700000, 0x0000000086800000|  0%| F|  |TAMS 0x0000000086700000, 0x0000000086700000| Untracked 
| 104|0x0000000086800000, 0x0000000086800000, 0x0000000086900000|  0%| F|  |TAMS 0x0000000086800000, 0x0000000086800000| Untracked 
| 105|0x0000000086900000, 0x0000000086900000, 0x0000000086a00000|  0%| F|  |TAMS 0x0000000086900000, 0x0000000086900000| Untracked 
| 106|0x0000000086a00000, 0x0000000086a00000, 0x0000000086b00000|  0%| F|  |TAMS 0x0000000086a00000, 0x0000000086a00000| Untracked 
| 107|0x0000000086b00000, 0x0000000086b00000, 0x0000000086c00000|  0%| F|  |TAMS 0x0000000086b00000, 0x0000000086b00000| Untracked 
| 108|0x0000000086c00000, 0x0000000086c00000, 0x0000000086d00000|  0%| F|  |TAMS 0x0000000086c00000, 0x0000000086c00000| Untracked 
| 109|0x0000000086d00000, 0x0000000086d00000, 0x0000000086e00000|  0%| F|  |TAMS 0x0000000086d00000, 0x0000000086d00000| Untracked 
| 110|0x0000000086e00000, 0x0000000086e00000, 0x0000000086f00000|  0%| F|  |TAMS 0x0000000086e00000, 0x0000000086e00000| Untracked 
| 111|0x0000000086f00000, 0x0000000086f9b380, 0x0000000087000000| 60%| S|CS|TAMS 0x0000000086f00000, 0x0000000086f00000| Complete 
| 112|0x0000000087000000, 0x0000000087100000, 0x0000000087100000|100%| S|CS|TAMS 0x0000000087000000, 0x0000000087000000| Complete 
| 113|0x0000000087100000, 0x0000000087100000, 0x0000000087200000|  0%| F|  |TAMS 0x0000000087100000, 0x0000000087100000| Untracked 
| 114|0x0000000087200000, 0x0000000087200000, 0x0000000087300000|  0%| F|  |TAMS 0x0000000087200000, 0x0000000087200000| Untracked 
| 115|0x0000000087300000, 0x0000000087300000, 0x0000000087400000|  0%| F|  |TAMS 0x0000000087300000, 0x0000000087300000| Untracked 
| 116|0x0000000087400000, 0x0000000087400000, 0x0000000087500000|  0%| F|  |TAMS 0x0000000087400000, 0x0000000087400000| Untracked 
| 117|0x0000000087500000, 0x0000000087600000, 0x0000000087600000|100%| E|  |TAMS 0x0000000087500000, 0x0000000087500000| Complete 

Card table byte_map: [0x00000161db2e0000,0x00000161db6e0000] _byte_map_base: 0x00000161daee0000

Marking Bits (Prev, Next): (CMBitMap*) 0x00000161c7ba1818, (CMBitMap*) 0x00000161c7ba1850
 Prev Bits: [0x00000161dbae0000, 0x00000161ddae0000)
 Next Bits: [0x00000161ddae0000, 0x00000161dfae0000)

Polling page: 0x00000161c7330000

Metaspace:

Usage:
  Non-class:     18.65 MB capacity,    18.37 MB ( 98%) used,   251.89 KB (  1%) free+waste,    36.19 KB ( <1%) overhead. 
      Class:      2.76 MB capacity,     2.59 MB ( 94%) used,   157.72 KB (  6%) free+waste,    17.81 KB ( <1%) overhead. 
       Both:     21.41 MB capacity,    20.96 MB ( 98%) used,   409.61 KB (  2%) free+waste,    54.00 KB ( <1%) overhead. 

Virtual space:
  Non-class space:       26.00 MB reserved,      18.92 MB ( 73%) committed 
      Class space:        1.00 GB reserved,       2.88 MB ( <1%) committed 
             Both:        1.03 GB reserved,      21.80 MB (  2%) committed 

Chunk freelists:
   Non-Class:  86.00 KB
       Class:  20.00 KB
        Both:  106.00 KB

MaxMetaspaceSize: 17179869184.00 GB
CompressedClassSpaceSize: 1.00 GB
Initial GC threshold: 20.80 MB
Current GC threshold: 36.33 MB
CDS: off

CodeHeap 'non-profiled nmethods': size=119168Kb used=1115Kb max_used=1115Kb free=118052Kb
 bounds [0x00000161d3200000, 0x00000161d3470000, 0x00000161da660000]
CodeHeap 'profiled nmethods': size=119168Kb used=4781Kb max_used=4781Kb free=114386Kb
 bounds [0x00000161cbda0000, 0x00000161cc250000, 0x00000161d3200000]
CodeHeap 'non-nmethods': size=7424Kb used=2904Kb max_used=2919Kb free=4520Kb
 bounds [0x00000161cb660000, 0x00000161cb940000, 0x00000161cbda0000]
 total_blobs=2702 nmethods=2219 adapters=392
 compilation: enabled
              stopped_count=0, restarted_count=0
 full_count=0

Compilation events (20 events):
Event: 2.234 Thread 0x00000161e340a000 2208       4       java.lang.StringLatin1::newString (17 bytes)
Event: 2.237 Thread 0x00000161e340a000 nmethod 2208 0x00000161d3315990 code [0x00000161d3315b40, 0x00000161d3315ef8]
Event: 2.241 Thread 0x00000161e340b000 2209       3       java.lang.invoke.InnerClassLambdaMetafactory::getLoadOpcode (25 bytes)
Event: 2.241 Thread 0x00000161e3bdc000 2210       3       java.lang.invoke.InnerClassLambdaMetafactory::getParameterSize (27 bytes)
Event: 2.241 Thread 0x00000161e3bdc000 nmethod 2210 0x00000161cc244610 code [0x00000161cc2447c0, 0x00000161cc244998]
Event: 2.241 Thread 0x00000161e340b000 nmethod 2209 0x00000161cc244a10 code [0x00000161cc244be0, 0x00000161cc244df8]
Event: 2.242 Thread 0x00000161e4706000 2212       3       sun.invoke.util.VerifyAccess::isTypeVisible (47 bytes)
Event: 2.242 Thread 0x00000161e4706000 nmethod 2212 0x00000161cc244f10 code [0x00000161cc245100, 0x00000161cc2454d8]
Event: 2.242 Thread 0x00000161e2b37000 2213       3       java.lang.ThreadLocal::get (38 bytes)
Event: 2.243 Thread 0x00000161e2b37000 nmethod 2213 0x00000161cc245710 code [0x00000161cc245900, 0x00000161cc245bc8]
Event: 2.245 Thread 0x00000161e3bdc000 2214       3       java.lang.String::substring (68 bytes)
Event: 2.245 Thread 0x00000161e3bdc000 nmethod 2214 0x00000161cc245d10 code [0x00000161cc245f60, 0x00000161cc246698]
Event: 2.253 Thread 0x00000161e340b000 2215       3       jdk.internal.org.objectweb.asm.ClassWriter::addType (103 bytes)
Event: 2.253 Thread 0x00000161e340b000 nmethod 2215 0x00000161cc246910 code [0x00000161cc246b20, 0x00000161cc2471e8]
Event: 2.253 Thread 0x00000161e340a000 2217       4       java.lang.Class::getName (18 bytes)
Event: 2.253 Thread 0x00000161e4706000 2216       3       sun.invoke.util.VerifyAccess::isMemberAccessible (313 bytes)
Event: 2.253 Thread 0x00000161e2b37000 2218       3       java.lang.invoke.LambdaFormEditor$Transform::<init> (17 bytes)
Event: 2.254 Thread 0x00000161e2b37000 nmethod 2218 0x00000161cc247410 code [0x00000161cc2475e0, 0x00000161cc2479b8]
Event: 2.254 Thread 0x00000161e340a000 nmethod 2217 0x00000161d3316690 code [0x00000161d3316820, 0x00000161d33168a8]
Event: 2.255 Thread 0x00000161e4706000 nmethod 2216 0x00000161cc247b10 code [0x00000161cc247fe0, 0x00000161cc24a188]

GC Heap History (6 events):
Event: 0.490 GC heap before
{Heap before GC invocations=0 (full 0):
 garbage-first heap   total 120832K, used 29696K [0x0000000080000000, 0x0000000100000000)
  region size 1024K, 24 young (24576K), 0 survivors (0K)
 Metaspace       used 9818K, capacity 10024K, committed 10112K, reserved 1058816K
  class space    used 1008K, capacity 1069K, committed 1152K, reserved 1048576K
}
Event: 0.497 GC heap after
{Heap after GC invocations=1 (full 0):
 garbage-first heap   total 120832K, used 9129K [0x0000000080000000, 0x0000000100000000)
  region size 1024K, 3 young (3072K), 3 survivors (3072K)
 Metaspace       used 9818K, capacity 10024K, committed 10112K, reserved 1058816K
  class space    used 1008K, capacity 1069K, committed 1152K, reserved 1048576K
}
Event: 1.921 GC heap before
{Heap before GC invocations=1 (full 0):
 garbage-first heap   total 120832K, used 77737K [0x0000000080000000, 0x0000000100000000)
  region size 1024K, 70 young (71680K), 3 survivors (3072K)
 Metaspace       used 16638K, capacity 17008K, committed 17152K, reserved 1064960K
  class space    used 1897K, capacity 2034K, committed 2048K, reserved 1048576K
}
Event: 1.925 GC heap after
{Heap after GC invocations=2 (full 0):
 garbage-first heap   total 120832K, used 15699K [0x0000000080000000, 0x0000000100000000)
  region size 1024K, 9 young (9216K), 9 survivors (9216K)
 Metaspace       used 16638K, capacity 17008K, committed 17152K, reserved 1064960K
  class space    used 1897K, capacity 2034K, committed 2048K, reserved 1048576K
}
Event: 2.217 GC heap before
{Heap before GC invocations=2 (full 0):
 garbage-first heap   total 120832K, used 52563K [0x0000000080000000, 0x0000000100000000)
  region size 1024K, 46 young (47104K), 9 survivors (9216K)
 Metaspace       used 20755K, capacity 21171K, committed 21296K, reserved 1069056K
  class space    used 2535K, capacity 2678K, committed 2688K, reserved 1048576K
}
Event: 2.226 GC heap after
{Heap after GC invocations=3 (full 0):
 garbage-first heap   total 120832K, used 17148K [0x0000000080000000, 0x0000000100000000)
  region size 1024K, 2 young (2048K), 2 survivors (2048K)
 Metaspace       used 20755K, capacity 21171K, committed 21296K, reserved 1069056K
  class space    used 2535K, capacity 2678K, committed 2688K, reserved 1048576K
}

Deoptimization events (20 events):
Event: 2.213 Thread 0x00000161e4fc9800 Uncommon trap: trap_request=0xffffff4d fr.pc=0x00000161d321da4c relative=0x0000000000000a2c
Event: 2.213 Thread 0x00000161e4fc9800 Uncommon trap: reason=unstable_if action=reinterpret pc=0x00000161d321da4c method=java.io.WinNTFileSystem.resolve(Ljava/lang/String;Ljava/lang/String;)Ljava/lang/String; @ 19 c2
Event: 2.213 Thread 0x00000161e4fc9800 DEOPT PACKING pc=0x00000161d321da4c sp=0x00000045f4afb550
Event: 2.213 Thread 0x00000161e4fc9800 DEOPT UNPACKING pc=0x00000161cb6aa1af sp=0x00000045f4afb4e8 mode 2
Event: 2.213 Thread 0x00000161e4fc9800 Uncommon trap: trap_request=0xffffffc6 fr.pc=0x00000161d3285e24 relative=0x0000000000000084
Event: 2.213 Thread 0x00000161e4fc9800 Uncommon trap: reason=bimorphic_or_optimized_type_check action=maybe_recompile pc=0x00000161d3285e24 method=java.util.AbstractList$Itr.hasNext()Z @ 8 c2
Event: 2.213 Thread 0x00000161e4fc9800 DEOPT PACKING pc=0x00000161d3285e24 sp=0x00000045f4afab20
Event: 2.213 Thread 0x00000161e4fc9800 DEOPT UNPACKING pc=0x00000161cb6aa1af sp=0x00000045f4afaab8 mode 2
Event: 2.213 Thread 0x00000161e4fc9800 Uncommon trap: trap_request=0xffffffc6 fr.pc=0x00000161d32861d4 relative=0x0000000000000114
Event: 2.213 Thread 0x00000161e4fc9800 Uncommon trap: reason=bimorphic_or_optimized_type_check action=maybe_recompile pc=0x00000161d32861d4 method=java.util.AbstractList$Itr.next()Ljava/lang/Object; @ 14 c2
Event: 2.213 Thread 0x00000161e4fc9800 DEOPT PACKING pc=0x00000161d32861d4 sp=0x00000045f4afab10
Event: 2.213 Thread 0x00000161e4fc9800 DEOPT UNPACKING pc=0x00000161cb6aa1af sp=0x00000045f4afaaa8 mode 2
Event: 2.214 Thread 0x00000161e4fc9800 Uncommon trap: trap_request=0xffffff4d fr.pc=0x00000161d32808fc relative=0x00000000000005bc
Event: 2.214 Thread 0x00000161e4fc9800 Uncommon trap: reason=unstable_if action=reinterpret pc=0x00000161d32808fc method=java.io.File.getName()Ljava/lang/String; @ 16 c2
Event: 2.214 Thread 0x00000161e4fc9800 DEOPT PACKING pc=0x00000161d32808fc sp=0x00000045f4afb4e0
Event: 2.214 Thread 0x00000161e4fc9800 DEOPT UNPACKING pc=0x00000161cb6aa1af sp=0x00000045f4afb4b0 mode 2
Event: 2.214 Thread 0x00000161e4fc9800 Uncommon trap: trap_request=0xffffff4d fr.pc=0x00000161d327d47c relative=0x000000000000043c
Event: 2.214 Thread 0x00000161e4fc9800 Uncommon trap: reason=unstable_if action=reinterpret pc=0x00000161d327d47c method=java.lang.String.substring(I)Ljava/lang/String; @ 34 c2
Event: 2.214 Thread 0x00000161e4fc9800 DEOPT PACKING pc=0x00000161d327d47c sp=0x00000045f4afb460
Event: 2.214 Thread 0x00000161e4fc9800 DEOPT UNPACKING pc=0x00000161cb6aa1af sp=0x00000045f4afb438 mode 2

Classes redefined (0 events):
No events

Internal exceptions (20 events):
Event: 0.160 Thread 0x00000161c7b5a800 Exception <a 'java/lang/NoSuchMethodError'{0x00000000872ad5d0}: 'int java.lang.invoke.DirectMethodHandle$Holder.invokeSpecialIFC(java.lang.Object, java.lang.Object, int)'> (0x00000000872ad5d0) thrown at [./src/hotspot/share/interpreter/linkResolver.cpp, line 773]
Event: 0.334 Thread 0x00000161c7b5a800 Exception <a 'java/lang/NoClassDefFoundError'{0x0000000086694660}: org/slf4j/impl/StaticMarkerBinder> (0x0000000086694660) thrown at [./src/hotspot/share/classfile/systemDictionary.cpp, line 220]
Event: 0.388 Thread 0x00000161c7b5a800 Exception <a 'java/lang/NoSuchMethodError'{0x00000000863b4f10}: 'java.lang.Object java.lang.invoke.DirectMethodHandle$Holder.invokeVirtual(java.lang.Object, java.lang.Object, java.lang.Object, java.lang.Object, java.lang.Object, java.lang.Object, java.lang.Object)'> (0x00000000863b4f10) thrown at [./src/hotspot/share/interpreter/linkResolver.cpp, line 773]
Event: 0.390 Thread 0x00000161c7b5a800 Exception <a 'java/lang/NoSuchMethodError'{0x00000000863c9b78}: 'java.lang.Object java.lang.invoke.Invokers$Holder.invoker(java.lang.Object, java.lang.Object, java.lang.Object)'> (0x00000000863c9b78) thrown at [./src/hotspot/share/interpreter/linkResolver.cpp, line 773]
Event: 0.393 Thread 0x00000161c7b5a800 Exception <a 'java/lang/NoSuchMethodError'{0x00000000863dabf0}: 'void java.lang.invoke.DelegatingMethodHandle$Holder.delegate(java.lang.Object, java.lang.Object, int, java.lang.Object)'> (0x00000000863dabf0) thrown at [./src/hotspot/share/interpreter/linkResolver.cpp, line 773]
Event: 0.850 Thread 0x00000161c7b5a800 Exception <a 'java/security/PrivilegedActionException'{0x0000000084d4f6c8}> (0x0000000084d4f6c8) thrown at [./src/hotspot/share/prims/jvm.cpp, line 1306]
Event: 0.850 Thread 0x00000161c7b5a800 Exception <a 'java/security/PrivilegedActionException'{0x0000000084d4fc40}> (0x0000000084d4fc40) thrown at [./src/hotspot/share/prims/jvm.cpp, line 1306]
Event: 1.028 Thread 0x00000161c7b5a800 Exception <a 'java/lang/NoSuchMethodError'{0x0000000083b13e98}: 'java.lang.Object java.lang.invoke.DirectMethodHandle$Holder.invokeStaticInit(java.lang.Object, java.lang.Object, java.lang.Object)'> (0x0000000083b13e98) thrown at [./src/hotspot/share/interpreter/linkResolver.cpp, line 773]
Event: 1.142 Thread 0x00000161c7b5a800 Exception <a 'java/lang/NoSuchMethodError'{0x0000000083577fc0}: 'java.lang.Object java.lang.invoke.DirectMethodHandle$Holder.invokeStaticInit(java.lang.Object, int, int, int, int)'> (0x0000000083577fc0) thrown at [./src/hotspot/share/interpreter/linkResolver.cpp, line 773]
Event: 1.425 Thread 0x00000161c7b5a800 Exception <a 'java/lang/NoSuchMethodError'{0x000000008345b6a8}: 'java.lang.Object java.lang.invoke.DirectMethodHandle$Holder.invokeStaticInit(java.lang.Object, java.lang.Object, int, int, int, int)'> (0x000000008345b6a8) thrown at [./src/hotspot/share/interpreter/linkResolver.cpp, line 773]
Event: 1.892 Thread 0x00000161c7b5a800 Exception <a 'java/io/IOException'{0x00000000832ce7c0}> (0x00000000832ce7c0) thrown at [./src/hotspot/share/prims/jni.cpp, line 615]
Event: 1.979 Thread 0x00000161e4fc9800 Exception <a 'java/lang/NoSuchMethodError'{0x0000000087142940}: 'long java.lang.invoke.DirectMethodHandle$Holder.invokeInterface(java.lang.Object, java.lang.Object)'> (0x0000000087142940) thrown at [./src/hotspot/share/interpreter/linkResolver.cpp, line 773]
Event: 1.980 Thread 0x00000161e4fc9800 Exception <a 'java/lang/NoSuchMethodError'{0x000000008714f9e0}: 'void java.lang.invoke.DelegatingMethodHandle$Holder.reinvoke_L(java.lang.Object, java.lang.Object, java.lang.Object, java.lang.Object, java.lang.Object, java.lang.Object, java.lang.Object)'> (0x000000008714f9e0) thrown at [./src/hotspot/share/interpreter/linkResolver.cpp, line 773]
Event: 2.159 Thread 0x00000161e4fc9800 Exception <a 'java/lang/NoSuchMethodError'{0x00000000856d4c08}: 'void java.lang.invoke.DirectMethodHandle$Holder.invokeStaticInit(java.lang.Object)'> (0x00000000856d4c08) thrown at [./src/hotspot/share/interpreter/linkResolver.cpp, line 773]
Event: 2.168 Thread 0x00000161e4fc9800 Exception <a 'java/lang/NoSuchMethodError'{0x0000000085583ca8}: 'java.lang.Object java.lang.invoke.DirectMethodHandle$Holder.invokeStatic(java.lang.Object, java.lang.Object, java.lang.Object, int)'> (0x0000000085583ca8) thrown at [./src/hotspot/share/interpreter/linkResolver.cpp, line 773]
Event: 2.168 Thread 0x00000161e4fc9800 Exception <a 'java/lang/NoSuchMethodError'{0x00000000855883c0}: 'java.lang.Object java.lang.invoke.DirectMethodHandle$Holder.invokeSpecial(java.lang.Object, java.lang.Object, java.lang.Object, java.lang.Object, int)'> (0x00000000855883c0) thrown at [./src/hotspot/share/interpreter/linkResolver.cpp, line 773]
Event: 2.168 Thread 0x00000161e4fc9800 Exception <a 'java/lang/NoSuchMethodError'{0x000000008558c2f8}: 'java.lang.Object java.lang.invoke.Invokers$Holder.linkToTargetMethod(java.lang.Object, java.lang.Object, int, java.lang.Object)'> (0x000000008558c2f8) thrown at [./src/hotspot/share/interpreter/linkResolver.cpp, line 773]
Event: 2.252 Thread 0x00000161e4fc9800 Exception <a 'java/lang/NoSuchMethodError'{0x00000000873b05d8}: 'int java.lang.invoke.DirectMethodHandle$Holder.invokeSpecialIFC(java.lang.Object, java.lang.Object, java.lang.Object, java.lang.Object)'> (0x00000000873b05d8) thrown at [./src/hotspot/share/interpreter/linkResolver.cpp, line 773]
Event: 2.254 Thread 0x00000161e4fc9800 Exception <a 'java/lang/NoSuchMethodError'{0x00000000873be820}: 'java.lang.Object java.lang.invoke.DirectMethodHandle$Holder.invokeInterface(java.lang.Object, java.lang.Object, java.lang.Object)'> (0x00000000873be820) thrown at [./src/hotspot/share/interpreter/linkResolver.cpp, line 773]
Event: 2.254 Thread 0x00000161e4fc9800 Exception <a 'java/lang/IncompatibleClassChangeError'{0x00000000873c1cf8}: Found class java.lang.Object, but interface was expected> (0x00000000873c1cf8) thrown at [./src/hotspot/share/interpreter/linkResolver.cpp, line 839]

Events (20 events):
Event: 2.261 loading class org/gradle/tooling/internal/provider/serialization/WellKnownClassLoaderRegistry$KnownClassLoaderSpec
Event: 2.261 loading class org/gradle/tooling/internal/provider/serialization/WellKnownClassLoaderRegistry$KnownClassLoaderSpec done
Event: 2.261 loading class org/gradle/tooling/internal/provider/serialization/SerializeMap
Event: 2.261 loading class org/gradle/tooling/internal/provider/serialization/SerializeMap done
Event: 2.261 loading class org/gradle/tooling/internal/provider/serialization/DeserializeMap
Event: 2.261 loading class org/gradle/tooling/internal/provider/serialization/DeserializeMap done
Event: 2.261 loading class org/gradle/tooling/internal/provider/serialization/ClassLoaderDetails
Event: 2.261 loading class org/gradle/tooling/internal/provider/serialization/ClassLoaderDetails done
Event: 2.261 loading class org/gradle/tooling/internal/provider/serialization/DefaultPayloadClassLoaderRegistry
Event: 2.261 loading class org/gradle/tooling/internal/provider/serialization/DefaultPayloadClassLoaderRegistry done
Event: 2.261 loading class org/gradle/tooling/internal/provider/serialization/DefaultPayloadClassLoaderRegistry$ClassLoaderToDetailsTransformer
Event: 2.261 loading class org/gradle/tooling/internal/provider/serialization/DefaultPayloadClassLoaderRegistry$ClassLoaderToDetailsTransformer done
Event: 2.262 loading class org/gradle/tooling/internal/provider/serialization/DefaultPayloadClassLoaderRegistry$DetailsToClassLoaderTransformer
Event: 2.262 loading class org/gradle/tooling/internal/provider/serialization/DefaultPayloadClassLoaderRegistry$DetailsToClassLoaderTransformer done
Event: 2.262 loading class org/gradle/composite/internal/DefaultBuildableCompositeBuildContext
Event: 2.262 loading class org/gradle/composite/internal/DefaultBuildableCompositeBuildContext done
Event: 2.262 loading class org/gradle/api/internal/artifacts/DefaultImmutableModuleIdentifierFactory
Event: 2.262 loading class org/gradle/api/internal/artifacts/DefaultImmutableModuleIdentifierFactory done
Event: 2.263 loading class org/gradle/internal/typeconversion/CrossBuildCachingNotationConverter
Event: 2.263 loading class org/gradle/internal/typeconversion/CrossBuildCachingNotationConverter done


Dynamic libraries:
0x00007ff6469a0000 - 0x00007ff6469aa000 	C:\Program Files\Android\Android Studio\jre\bin\java.exe
0x00007ffd62c10000 - 0x00007ffd62e24000 	C:\WINDOWS\SYSTEM32\ntdll.dll
0x00007ffd61c30000 - 0x00007ffd61cf2000 	C:\WINDOWS\System32\KERNEL32.DLL
0x00007ffd600e0000 - 0x00007ffd6047d000 	C:\WINDOWS\System32\KERNELBASE.dll
0x00007ffd608f0000 - 0x00007ffd60a01000 	C:\WINDOWS\System32\ucrtbase.dll
0x00007ffd44f10000 - 0x00007ffd44f29000 	C:\Program Files\Android\Android Studio\jre\bin\jli.dll
0x00007ffd36e70000 - 0x00007ffd36e87000 	C:\Program Files\Android\Android Studio\jre\bin\VCRUNTIME140.dll
0x00007ffd62510000 - 0x00007ffd626ba000 	C:\WINDOWS\System32\USER32.dll
0x00007ffd60540000 - 0x00007ffd60566000 	C:\WINDOWS\System32\win32u.dll
0x00007ffd44ac0000 - 0x00007ffd44d4e000 	C:\WINDOWS\WinSxS\amd64_microsoft.windows.common-controls_6595b64144ccf1df_6.0.22621.608_none_a9444ca7c10bb01d\COMCTL32.dll
0x00007ffd61920000 - 0x00007ffd61949000 	C:\WINDOWS\System32\GDI32.dll
0x00007ffd61a80000 - 0x00007ffd61b27000 	C:\WINDOWS\System32\msvcrt.dll
0x00007ffd607d0000 - 0x00007ffd608e2000 	C:\WINDOWS\System32\gdi32full.dll
0x00007ffd60040000 - 0x00007ffd600da000 	C:\WINDOWS\System32\msvcp_win.dll
0x00007ffd61950000 - 0x00007ffd61982000 	C:\WINDOWS\System32\IMM32.DLL
0x00007ffd22ff0000 - 0x00007ffd2308d000 	C:\Program Files\Android\Android Studio\jre\bin\msvcp140.dll
0x00007ffce66c0000 - 0x00007ffce71a5000 	C:\Program Files\Android\Android Studio\jre\bin\server\jvm.dll
0x00007ffd61d00000 - 0x00007ffd61dae000 	C:\WINDOWS\System32\ADVAPI32.dll
0x00007ffd61990000 - 0x00007ffd61a34000 	C:\WINDOWS\System32\sechost.dll
0x00007ffd60c30000 - 0x00007ffd60d45000 	C:\WINDOWS\System32\RPCRT4.dll
0x00007ffd618c0000 - 0x00007ffd618c8000 	C:\WINDOWS\System32\PSAPI.DLL
0x00007ffd58da0000 - 0x00007ffd58daa000 	C:\WINDOWS\SYSTEM32\VERSION.dll
0x00007ffd59460000 - 0x00007ffd59494000 	C:\WINDOWS\SYSTEM32\WINMM.dll
0x00007ffd5d420000 - 0x00007ffd5d429000 	C:\WINDOWS\SYSTEM32\WSOCK32.dll
0x00007ffd61780000 - 0x00007ffd617f1000 	C:\WINDOWS\System32\WS2_32.dll
0x00007ffd5f020000 - 0x00007ffd5f038000 	C:\WINDOWS\SYSTEM32\kernel.appcore.dll
0x00007ffd5b810000 - 0x00007ffd5b821000 	C:\Program Files\Android\Android Studio\jre\bin\verify.dll
0x00007ffd4b3d0000 - 0x00007ffd4b5fe000 	C:\WINDOWS\SYSTEM32\DBGHELP.DLL
0x00007ffd626e0000 - 0x00007ffd62a6a000 	C:\WINDOWS\System32\combase.dll
0x00007ffd62240000 - 0x00007ffd62317000 	C:\WINDOWS\System32\OLEAUT32.dll
0x00007ffd3f260000 - 0x00007ffd3f292000 	C:\WINDOWS\SYSTEM32\dbgcore.DLL
0x00007ffd60570000 - 0x00007ffd605eb000 	C:\WINDOWS\System32\bcryptPrimitives.dll
0x00007ffd49a30000 - 0x00007ffd49a59000 	C:\Program Files\Android\Android Studio\jre\bin\java.dll
0x00007ffd5d3e0000 - 0x00007ffd5d3eb000 	C:\Program Files\Android\Android Studio\jre\bin\jimage.dll
0x00007ffd5a7d0000 - 0x00007ffd5a7e8000 	C:\Program Files\Android\Android Studio\jre\bin\zip.dll
0x00007ffd60d50000 - 0x00007ffd61530000 	C:\WINDOWS\System32\SHELL32.dll
0x00007ffd5e030000 - 0x00007ffd5e8f5000 	C:\WINDOWS\SYSTEM32\windows.storage.dll
0x00007ffd5def0000 - 0x00007ffd5e02e000 	C:\WINDOWS\SYSTEM32\wintypes.dll
0x00007ffd61b30000 - 0x00007ffd61c21000 	C:\WINDOWS\System32\SHCORE.dll
0x00007ffd62a70000 - 0x00007ffd62ace000 	C:\WINDOWS\System32\shlwapi.dll
0x00007ffd5ff70000 - 0x00007ffd5ff91000 	C:\WINDOWS\SYSTEM32\profapi.dll
0x00007ffd53270000 - 0x00007ffd5328a000 	C:\Program Files\Android\Android Studio\jre\bin\net.dll
0x00007ffd59230000 - 0x00007ffd5935f000 	C:\WINDOWS\SYSTEM32\WINHTTP.dll
0x00007ffd5f4d0000 - 0x00007ffd5f539000 	C:\WINDOWS\system32\mswsock.dll
0x00007ffd49a10000 - 0x00007ffd49a24000 	C:\Program Files\Android\Android Studio\jre\bin\nio.dll
0x00007ffd46f40000 - 0x00007ffd46f67000 	C:\Users\Le Thanh Hang\.gradle\native\e1d6ef7f7dcc3fd88c89a11ec53ec762bb8ba0a96d01ffa2cd45eb1d1d8dd5c5\windows-amd64\native-platform.dll
0x00007ffcf6850000 - 0x00007ffcf6994000 	C:\Users\Le Thanh Hang\.gradle\native\5664cfc778a61ccfe75a443a1ab52a65af34e5dc3c78e0209fed803814484fcb\windows-amd64\native-platform-file-events.dll
0x00007ffd5d380000 - 0x00007ffd5d38a000 	C:\Program Files\Android\Android Studio\jre\bin\management.dll
0x00007ffd5b800000 - 0x00007ffd5b80d000 	C:\Program Files\Android\Android Studio\jre\bin\management_ext.dll
0x00007ffd5f700000 - 0x00007ffd5f71b000 	C:\WINDOWS\SYSTEM32\CRYPTSP.dll
0x00007ffd5efe0000 - 0x00007ffd5f015000 	C:\WINDOWS\system32\rsaenh.dll
0x00007ffd5f590000 - 0x00007ffd5f5b8000 	C:\WINDOWS\SYSTEM32\USERENV.dll
0x00007ffd5f960000 - 0x00007ffd5f988000 	C:\WINDOWS\SYSTEM32\bcrypt.dll
0x00007ffd5f720000 - 0x00007ffd5f72c000 	C:\WINDOWS\SYSTEM32\CRYPTBASE.dll
0x00007ffd5eb90000 - 0x00007ffd5ebbd000 	C:\WINDOWS\SYSTEM32\IPHLPAPI.DLL
0x00007ffd62230000 - 0x00007ffd62239000 	C:\WINDOWS\System32\NSI.dll
0x00007ffd59440000 - 0x00007ffd59459000 	C:\WINDOWS\SYSTEM32\dhcpcsvc6.DLL
0x00007ffd59210000 - 0x00007ffd5922f000 	C:\WINDOWS\SYSTEM32\dhcpcsvc.DLL
0x00007ffd5ebc0000 - 0x00007ffd5ecb2000 	C:\WINDOWS\SYSTEM32\DNSAPI.dll

dbghelp: loaded successfully - version: 4.0.5 - missing functions: none
symbol engine: initialized successfully - sym options: 0x614 - pdb path: .;C:\Program Files\Android\Android Studio\jre\bin;C:\WINDOWS\SYSTEM32;C:\WINDOWS\WinSxS\amd64_microsoft.windows.common-controls_6595b64144ccf1df_6.0.22621.608_none_a9444ca7c10bb01d;C:\Program Files\Android\Android Studio\jre\bin\server;C:\Users\Le Thanh Hang\.gradle\native\e1d6ef7f7dcc3fd88c89a11ec53ec762bb8ba0a96d01ffa2cd45eb1d1d8dd5c5\windows-amd64;C:\Users\Le Thanh Hang\.gradle\native\5664cfc778a61ccfe75a443a1ab52a65af34e5dc3c78e0209fed803814484fcb\windows-amd64

VM Arguments:
jvm_args: --add-opens=java.base/java.util=ALL-UNNAMED --add-opens=java.base/java.lang=ALL-UNNAMED --add-opens=java.base/java.lang.invoke=ALL-UNNAMED --add-opens=java.base/java.util=ALL-UNNAMED --add-opens=java.prefs/java.util.prefs=ALL-UNNAMED --add-opens=java.prefs/java.util.prefs=ALL-UNNAMED --add-opens=java.base/java.nio.charset=ALL-UNNAMED --add-opens=java.base/java.net=ALL-UNNAMED --add-opens=java.base/java.util.concurrent.atomic=ALL-UNNAMED -Xmx2048m -Dfile.encoding=UTF-8 -Duser.country=US -Duser.language=en -Duser.variant 
java_command: org.gradle.launcher.daemon.bootstrap.GradleDaemon 7.3.3
java_class_path (initial): C:\Users\Le Thanh Hang\.gradle\wrapper\dists\gradle-7.3.3-bin\6a41zxkdtcxs8rphpq6y0069z\gradle-7.3.3\lib\gradle-launcher-7.3.3.jar
Launcher Type: SUN_STANDARD

[Global flags]
     intx CICompilerCount                          = 12                                        {product} {ergonomic}
     uint ConcGCThreads                            = 3                                         {product} {ergonomic}
     uint G1ConcRefinementThreads                  = 13                                        {product} {ergonomic}
   size_t G1HeapRegionSize                         = 1048576                                   {product} {ergonomic}
    uintx GCDrainStackTargetSize                   = 64                                        {product} {ergonomic}
   size_t InitialHeapSize                          = 123731968                                 {product} {ergonomic}
   size_t MarkStackSize                            = 4194304                                   {product} {ergonomic}
   size_t MaxHeapSize                              = 2147483648                                {product} {command line}
   size_t MaxNewSize                               = 1287651328                                {product} {ergonomic}
   size_t MinHeapDeltaBytes                        = 1048576                                   {product} {ergonomic}
    uintx NonNMethodCodeHeapSize                   = 7594288                                {pd product} {ergonomic}
    uintx NonProfiledCodeHeapSize                  = 122031976                              {pd product} {ergonomic}
    uintx ProfiledCodeHeapSize                     = 122031976                              {pd product} {ergonomic}
    uintx ReservedCodeCacheSize                    = 251658240                              {pd product} {ergonomic}
     bool SegmentedCodeCache                       = true                                      {product} {ergonomic}
     bool UseCompressedClassPointers               = true                                 {lp64_product} {ergonomic}
     bool UseCompressedOops                        = true                                 {lp64_product} {ergonomic}
     bool UseG1GC                                  = true                                      {product} {ergonomic}
     bool UseLargePagesIndividualAllocation        = false                                  {pd product} {ergonomic}

Logging:
Log output configuration:
 #0: stdout all=warning uptime,level,tags
 #1: stderr all=off uptime,level,tags

Environment Variables:
PATH=C:\Program Files (x86)\VMware\VMware Workstation\bin\;C:\Python310\Scripts\;C:\Python310\;C:\Program Files\Eclipse Foundation\jdk-8.0.302.8-hotspot\bin;C:\windows\system32;C:\windows;C:\windows\System32\Wbem;C:\windows\System32\WindowsPowerShell\v1.0\;C:\windows\System32\OpenSSH\;C:\Program Files (x86)\NVIDIA Corporation\PhysX\Common;C:\Program Files\NVIDIA Corporation\NVIDIA NvDLISR;C:\Program Files\Microsoft SQL Server\130\Tools\Binn\;C:\Program Files\Microsoft SQL Server\Client SDK\ODBC\170\Tools\Binn\;C:\Program Files\Git\cmd;C:\Program Files\nodejs\;C:\ProgramData\chocolatey\bin;C:\WINDOWS\system32;C:\WINDOWS;C:\WINDOWS\System32\Wbem;C:\WINDOWS\System32\WindowsPowerShell\v1.0\;C:\WINDOWS\System32\OpenSSH\;C:\Program Files\dotnet\;C:\MinGW\bin;C:\Ruby31-x64\bin;C:\Users\Le Thanh Hang\AppData\Local\Microsoft\WindowsApps;C:\Users\Le Thanh Hang\AppData\Local\GitHubDesktop\bin;C:\Users\Le Thanh Hang\AppData\Roaming\npm;C:\Users\Le Thanh Hang\.dotnet\tools;C:\Users\Le Thanh Hang\AppData\Local\Programs\Microsoft VS Code\bin
USERNAME=Le Thanh Hang
OS=Windows_NT
PROCESSOR_IDENTIFIER=AMD64 Family 25 Model 80 Stepping 0, AuthenticAMD



---------------  S Y S T E M  ---------------

OS: Windows 10 , 64 bit Build 22621 (10.0.22621.755)
OS uptime: 0 days 12:59 hours
Hyper-V role detected

CPU:total 16 (initial active 16) (16 cores per cpu, 2 threads per core) family 25 model 80 stepping 0 microcode 0x0, cmov, cx8, fxsr, mmx, sse, sse2, sse3, ssse3, sse4.1, sse4.2, popcnt, avx, avx2, aes, clmul, erms, mmxext, 3dnowpref, lzcnt, sse4a, ht, tsc, tscinvbit, tscinv, bmi1, bmi2, adx, sha, fma

Memory: 4k page, system-wide physical 7523M (542M free)
TotalPageFile size 11619M (AvailPageFile size 4M)
current process WorkingSet (physical memory assigned to process): 201M, peak: 201M
current process commit charge ("private bytes"): 275M, peak: 275M

vm_info: OpenJDK 64-Bit Server VM (11.0.12+7-b1504.28-7817840) for windows-amd64 JRE (11.0.12+7-b1504.28-7817840), built on Oct 13 2021 22:12:33 by "builder" with MS VC++ 14.0 (VS2015)

END.
