#
# There is insufficient memory for the Java Runtime Environment to continue.
# Native memory allocation (malloc) failed to allocate 2228656 bytes for Chunk::new
# Possible reasons:
#   The system is out of physical RAM or swap space
#   The process is running with CompressedOops enabled, and the Java Heap may be blocking the growth of the native heap
# Possible solutions:
#   Reduce memory load on the system
#   Increase physical memory or swap space
#   Check if swap backing store is full
#   Decrease Java heap size (-Xmx/-Xms)
#   Decrease number of Java threads
#   Decrease Java thread stack sizes (-Xss)
#   Set larger code cache with -XX:ReservedCodeCacheSize=
#   JVM is running with Unscaled Compressed Oops mode in which the Java heap is
#     placed in the first 4GB address space. The Java Heap base address is the
#     maximum limit for the native heap growth. Please use -XX:HeapBaseMinAddress
#     to set the Java Heap base and to place the Java Heap above 4GB virtual address.
# This output file may be truncated or incomplete.
#
#  Out of Memory Error (./src/hotspot/share/memory/arena.cpp:197), pid=13028, tid=2636
#
# JRE version: OpenJDK Runtime Environment (11.0.12+7) (build 11.0.12+7-b1504.28-7817840)
# Java VM: OpenJDK 64-Bit Server VM (11.0.12+7-b1504.28-7817840, mixed mode, tiered, compressed oops, g1 gc, windows-amd64)
# No core dump will be written. Minidumps are not enabled by default on client versions of Windows
#

---------------  S U M M A R Y ------------

Command Line: --add-opens=java.base/java.util=ALL-UNNAMED --add-opens=java.base/java.lang=ALL-UNNAMED --add-opens=java.base/java.lang.invoke=ALL-UNNAMED --add-opens=java.base/java.util=ALL-UNNAMED --add-opens=java.prefs/java.util.prefs=ALL-UNNAMED --add-opens=java.prefs/java.util.prefs=ALL-UNNAMED --add-opens=java.base/java.nio.charset=ALL-UNNAMED --add-opens=java.base/java.net=ALL-UNNAMED --add-opens=java.base/java.util.concurrent.atomic=ALL-UNNAMED -Xmx2048m -Dfile.encoding=UTF-8 -Duser.country=US -Duser.language=en -Duser.variant org.gradle.launcher.daemon.bootstrap.GradleDaemon 7.3.3

Host: AMD Ryzen 7 5800H with Radeon Graphics         , 16 cores, 7G,  Windows 10 , 64 bit Build 22621 (10.0.22621.755)
Time: Wed Dec  7 11:00:05 2022 SE Asia Standard Time elapsed time: 9.489257 seconds (0d 0h 0m 9s)

---------------  T H R E A D  ---------------

Current thread (0x0000022156318000):  JavaThread "C2 CompilerThread0" daemon [_thread_in_native, id=2636, stack(0x000000ffc9200000,0x000000ffc9300000)]


Current CompileTask:
C2:   9489 7747   !   4       com.sun.beans.TypeResolver::resolve (261 bytes)

Stack: [0x000000ffc9200000,0x000000ffc9300000]
Native frames: (J=compiled Java code, j=interpreted, Vv=VM code, C=native code)
V  [jvm.dll+0x5fbcea]
V  [jvm.dll+0x731905]
V  [jvm.dll+0x732f1d]
V  [jvm.dll+0x7335d3]
V  [jvm.dll+0x247bf8]
V  [jvm.dll+0xc018c]
V  [jvm.dll+0xc06cc]
V  [jvm.dll+0x35b31d]
V  [jvm.dll+0x328803]
V  [jvm.dll+0x327cfa]
V  [jvm.dll+0x200602]
V  [jvm.dll+0x1ff794]
V  [jvm.dll+0x18868c]
V  [jvm.dll+0x20e0d7]
V  [jvm.dll+0x20c901]
V  [jvm.dll+0x6f9b7f]
V  [jvm.dll+0x6f26a5]
V  [jvm.dll+0x5fabf6]
C  [ucrtbase.dll+0x29363]
C  [KERNEL32.DLL+0x1244d]
C  [ntdll.dll+0x5dfb8]


---------------  P R O C E S S  ---------------

Threads class SMR info:
_java_thread_list=0x000002215df10390, length=190, elements={
0x000002213ab5b000, 0x0000022155ab9800, 0x0000022155aa6800, 0x0000022155ab5800,
0x0000022156313800, 0x0000022156316800, 0x0000022156318000, 0x000002215631b000,
0x0000022156327800, 0x0000022155a43800, 0x000002215646e000, 0x0000022156927000,
0x000002215727d000, 0x000002215853f800, 0x0000022157248800, 0x00000221566cd800,
0x00000221582eb000, 0x0000022158b49800, 0x0000022157cc1000, 0x0000022158472000,
0x0000022158fbe000, 0x0000022157918000, 0x00000221588a7000, 0x00000221588a8000,
0x00000221588a2800, 0x00000221588a4000, 0x0000022159a76000, 0x00000221588a3000,
0x0000022157036800, 0x00000221588a9000, 0x00000221588a4800, 0x00000221588a5800,
0x00000221588a6800, 0x00000221593eb800, 0x00000221593e7000, 0x00000221593e8800,
0x00000221593eb000, 0x00000221593ea000, 0x00000221593e6000, 0x00000221593ec800,
0x00000221593f3000, 0x00000221593ed800, 0x00000221593f4000, 0x00000221593ee000,
0x00000221593f4800, 0x00000221593f2800, 0x00000221593ef000, 0x00000221593f0000,
0x00000221593f0800, 0x000002215b47d000, 0x000002215b47c000, 0x000002215b47b000,
0x000002215b47e800, 0x000002215b47d800, 0x000002215b47a800, 0x000002215b479000,
0x000002215b47f800, 0x000002215b479800, 0x000002215b484000, 0x000002215b483800,
0x000002215b482800, 0x000002215b485000, 0x000002215b486000, 0x000002215b480000,
0x000002215b481000, 0x000002215b486800, 0x000002215b487800, 0x000002215b482000,
0x0000022159c12800, 0x0000022159c13800, 0x0000022159c0d800, 0x0000022159c11800,
0x0000022159c14000, 0x0000022159c0e800, 0x0000022159c11000, 0x0000022159c15000,
0x0000022159c0f000, 0x0000022159c16000, 0x0000022159c10000, 0x0000022159c16800,
0x0000022159c17800, 0x0000022159c18000, 0x0000022159c1a000, 0x0000022159c1c800,
0x0000022159c19000, 0x0000022159c1a800, 0x0000022159c1b800, 0x0000022158b4e000,
0x0000022158b4b000, 0x0000022158b50000, 0x0000022158b4c800, 0x0000022158b4a000,
0x0000022158b4f000, 0x0000022158b4d800, 0x0000022158b50800, 0x0000022158b4b800,
0x0000022158b52800, 0x0000022158b54000, 0x0000022158b51800, 0x0000022158b56800,
0x0000022158b59000, 0x0000022158b53000, 0x0000022158b55800, 0x0000022158b54800,
0x0000022158b57000, 0x0000022158b58000, 0x0000022159bee000, 0x0000022159beb800,
0x0000022159beb000, 0x0000022159be9000, 0x0000022159bed800, 0x0000022159bef800,
0x0000022159bea000, 0x0000022159bf0800, 0x0000022159bf2000, 0x0000022159bec800,
0x0000022159bef000, 0x0000022159bf1800, 0x0000022159bf3000, 0x0000022159bf4000,
0x0000022159bf4800, 0x0000022159bf7000, 0x0000022159bf5800, 0x0000022159bf6800,
0x0000022159bf8000, 0x00000221586ca000, 0x00000221586cb000, 0x00000221586c9800,
0x00000221586cc000, 0x00000221586cc800, 0x00000221586c8800, 0x00000221586cd800,
0x00000221586c7800, 0x00000221586ce800, 0x00000221586d4000, 0x00000221586d2800,
0x00000221586d0800, 0x00000221586d0000, 0x00000221586d1800, 0x00000221586d5000,
0x00000221586cf000, 0x00000221586d3000, 0x00000221586d5800, 0x00000221586d6800,
0x000002215b787000, 0x000002215b789800, 0x000002215b788000, 0x000002215b788800,
0x000002215b784000, 0x000002215b78a800, 0x000002215b784800, 0x000002215b78b000,
0x000002215b785800, 0x000002215b78c000, 0x000002215b786000, 0x000002215b792800,
0x000002215b78d000, 0x000002215b791800, 0x000002215b78f000, 0x000002215b790000,
0x000002215b78d800, 0x000002215b791000, 0x000002215b78e800, 0x000002215ddc2000,
0x000002215ddc4000, 0x000002215ddc5000, 0x000002215ddc0000, 0x000002215ddc3800,
0x000002215ddc6000, 0x000002215ddc1000, 0x000002215ddc2800, 0x000002215ddc6800,
0x000002215db98800, 0x000002215db9c000, 0x000002215db9b000, 0x000002215db9d800,
0x000002215db9e800, 0x000002215db9c800, 0x000002215db99800, 0x000002215db9f000,
0x000002215dba0000, 0x000002215db9a000, 0x000002215dba5800, 0x000002215dba3000,
0x000002215dba1800, 0x000002215dba2800, 0x000002215dba4000, 0x000002215dba5000,
0x000002215dba6800, 0x000002215dba0800
}

Java Threads: ( => current thread )
  0x000002213ab5b000 JavaThread "main" [_thread_blocked, id=15108, stack(0x000000ffc8600000,0x000000ffc8700000)]
  0x0000022155ab9800 JavaThread "Reference Handler" daemon [_thread_blocked, id=5520, stack(0x000000ffc8d00000,0x000000ffc8e00000)]
  0x0000022155aa6800 JavaThread "Finalizer" daemon [_thread_blocked, id=16684, stack(0x000000ffc8e00000,0x000000ffc8f00000)]
  0x0000022155ab5800 JavaThread "Signal Dispatcher" daemon [_thread_blocked, id=17156, stack(0x000000ffc8f00000,0x000000ffc9000000)]
  0x0000022156313800 JavaThread "Attach Listener" daemon [_thread_blocked, id=4004, stack(0x000000ffc9000000,0x000000ffc9100000)]
  0x0000022156316800 JavaThread "Service Thread" daemon [_thread_blocked, id=9116, stack(0x000000ffc9100000,0x000000ffc9200000)]
=>0x0000022156318000 JavaThread "C2 CompilerThread0" daemon [_thread_in_native, id=2636, stack(0x000000ffc9200000,0x000000ffc9300000)]
  0x000002215631b000 JavaThread "C1 CompilerThread0" daemon [_thread_blocked, id=15040, stack(0x000000ffc9300000,0x000000ffc9400000)]
  0x0000022156327800 JavaThread "Sweeper thread" daemon [_thread_blocked, id=11568, stack(0x000000ffc9400000,0x000000ffc9500000)]
  0x0000022155a43800 JavaThread "C1 CompilerThread1" daemon [_thread_blocked, id=15136, stack(0x000000ffc9500000,0x000000ffc9600000)]
  0x000002215646e000 JavaThread "Common-Cleaner" daemon [_thread_blocked, id=14580, stack(0x000000ffc9600000,0x000000ffc9700000)]
  0x0000022156927000 JavaThread "C1 CompilerThread2" daemon [_thread_blocked, id=6824, stack(0x000000ffc9a00000,0x000000ffc9b00000)]
  0x000002215727d000 JavaThread "C1 CompilerThread3" daemon [_thread_blocked, id=1736, stack(0x000000ffc9b00000,0x000000ffc9c00000)]
  0x000002215853f800 JavaThread "Daemon health stats" [_thread_blocked, id=7104, stack(0x000000ffc9d00000,0x000000ffc9e00000)]
  0x0000022157248800 JavaThread "Incoming local TCP Connector on port 52657" [_thread_in_native, id=4740, stack(0x000000ffc9800000,0x000000ffc9900000)]
  0x00000221566cd800 JavaThread "Daemon periodic checks" [_thread_blocked, id=11560, stack(0x000000ffc9900000,0x000000ffc9a00000)]
  0x00000221582eb000 JavaThread "Daemon" [_thread_blocked, id=8660, stack(0x000000ffc9e00000,0x000000ffc9f00000)]
  0x0000022158b49800 JavaThread "Handler for socket connection from /127.0.0.1:52657 to /127.0.0.1:52658" [_thread_in_native, id=14924, stack(0x000000ffc9f00000,0x000000ffca000000)]
  0x0000022157cc1000 JavaThread "Cancel handler" [_thread_blocked, id=16404, stack(0x000000ffcaa00000,0x000000ffcab00000)]
  0x0000022158472000 JavaThread "Daemon worker" [_thread_in_vm, id=7028, stack(0x000000ffcab00000,0x000000ffcac00000)]
  0x0000022158fbe000 JavaThread "Asynchronous log dispatcher for DefaultDaemonConnection: socket connection from /127.0.0.1:52657 to /127.0.0.1:52658" [_thread_blocked, id=1588, stack(0x000000ffcac00000,0x000000ffcad00000)]
  0x0000022157918000 JavaThread "Stdin handler" [_thread_blocked, id=7800, stack(0x000000ffcad00000,0x000000ffcae00000)]
  0x00000221588a7000 JavaThread "Daemon client event forwarder" [_thread_blocked, id=3344, stack(0x000000ffcae00000,0x000000ffcaf00000)]
  0x00000221588a8000 JavaThread "Cache worker for journal cache (C:\Users\Le Thanh Hang\.gradle\caches\journal-1)" [_thread_blocked, id=15888, stack(0x000000ffcaf00000,0x000000ffcb000000)]
  0x00000221588a2800 JavaThread "File lock request listener" [_thread_in_native, id=7436, stack(0x000000ffcb000000,0x000000ffcb100000)]
  0x00000221588a4000 JavaThread "Cache worker for file hash cache (C:\Users\Le Thanh Hang\.gradle\caches\7.3.3\fileHashes)" [_thread_blocked, id=7404, stack(0x000000ffcb100000,0x000000ffcb200000)]
  0x0000022159a76000 JavaThread "C2 CompilerThread1" daemon [_thread_in_native, id=6304, stack(0x000000ffcb500000,0x000000ffcb600000)]
  0x00000221588a3000 JavaThread "Cache worker for file hash cache (D:\NT118_PTUDDD\Lab\Lab6\Lab06_3\.gradle\7.3.3\fileHashes)" [_thread_blocked, id=8464, stack(0x000000ffcb600000,0x000000ffcb700000)]
  0x0000022157036800 JavaThread "C2 CompilerThread2" daemon [_thread_in_native, id=15204, stack(0x000000ffcb700000,0x000000ffcb800000)]
  0x00000221588a9000 JavaThread "File watcher server" daemon [_thread_in_native, id=4624, stack(0x000000ffcb800000,0x000000ffcb900000)]
  0x00000221588a4800 JavaThread "File watcher consumer" daemon [_thread_blocked, id=11948, stack(0x000000ffcb900000,0x000000ffcba00000)]
  0x00000221588a5800 JavaThread "Cache worker for checksums cache (D:\NT118_PTUDDD\Lab\Lab6\Lab06_3\.gradle\7.3.3\checksums)" [_thread_blocked, id=5888, stack(0x000000ffcba00000,0x000000ffcbb00000)]
  0x00000221588a6800 JavaThread "Cache worker for cache directory md-supplier (C:\Users\Le Thanh Hang\.gradle\caches\7.3.3\md-supplier)" [_thread_blocked, id=14296, stack(0x000000ffcbb00000,0x000000ffcbc00000)]
  0x00000221593eb800 JavaThread "Cache worker for cache directory md-rule (C:\Users\Le Thanh Hang\.gradle\caches\7.3.3\md-rule)" [_thread_blocked, id=7876, stack(0x000000ffcbc00000,0x000000ffcbd00000)]
  0x00000221593e7000 JavaThread "Cache worker for execution history cache (C:\Users\Le Thanh Hang\.gradle\caches\7.3.3\executionHistory)" [_thread_blocked, id=3556, stack(0x000000ffcbd00000,0x000000ffcbe00000)]
  0x00000221593e8800 JavaThread "jar transforms" [_thread_blocked, id=4124, stack(0x000000ffcbe00000,0x000000ffcbf00000)]
  0x00000221593eb000 JavaThread "Cache worker for file content cache (C:\Users\Le Thanh Hang\.gradle\caches\7.3.3\fileContent)" [_thread_blocked, id=9356, stack(0x000000ffcbf00000,0x000000ffcc000000)]
  0x00000221593ea000 JavaThread "jar transforms Thread 2" [_thread_blocked, id=8872, stack(0x000000ffcc000000,0x000000ffcc100000)]
  0x00000221593e6000 JavaThread "Cache worker for dependencies-accessors (D:\NT118_PTUDDD\Lab\Lab6\Lab06_3\.gradle\7.3.3\dependencies-accessors)" [_thread_blocked, id=8676, stack(0x000000ffcc100000,0x000000ffcc200000)]
  0x00000221593ec800 JavaThread "jar transforms Thread 3" [_thread_blocked, id=8456, stack(0x000000ffcc200000,0x000000ffcc300000)]
  0x00000221593f3000 JavaThread "Cache worker for Build Output Cleanup Cache (D:\NT118_PTUDDD\Lab\Lab6\Lab06_3\.gradle\buildOutputCleanup)" [_thread_blocked, id=10848, stack(0x000000ffcc300000,0x000000ffcc400000)]
  0x00000221593ed800 JavaThread "Unconstrained build operations" [_thread_blocked, id=17164, stack(0x000000ffcc400000,0x000000ffcc500000)]
  0x00000221593f4000 JavaThread "Unconstrained build operations Thread 2" [_thread_blocked, id=7508, stack(0x000000ffcc500000,0x000000ffcc600000)]
  0x00000221593ee000 JavaThread "Unconstrained build operations Thread 3" [_thread_blocked, id=12572, stack(0x000000ffcc600000,0x000000ffcc700000)]
  0x00000221593f4800 JavaThread "Unconstrained build operations Thread 4" [_thread_blocked, id=10516, stack(0x000000ffcc700000,0x000000ffcc800000)]
  0x00000221593f2800 JavaThread "Unconstrained build operations Thread 5" [_thread_blocked, id=3284, stack(0x000000ffcc800000,0x000000ffcc900000)]
  0x00000221593ef000 JavaThread "Unconstrained build operations Thread 6" [_thread_blocked, id=11920, stack(0x000000ffcc900000,0x000000ffcca00000)]
  0x00000221593f0000 JavaThread "Unconstrained build operations Thread 7" [_thread_blocked, id=9340, stack(0x000000ffcca00000,0x000000ffccb00000)]
  0x00000221593f0800 JavaThread "Unconstrained build operations Thread 8" [_thread_blocked, id=12924, stack(0x000000ffccb00000,0x000000ffccc00000)]
  0x000002215b47d000 JavaThread "Unconstrained build operations Thread 9" [_thread_blocked, id=13152, stack(0x000000ffccc00000,0x000000ffccd00000)]
  0x000002215b47c000 JavaThread "Unconstrained build operations Thread 10" [_thread_blocked, id=344, stack(0x000000ffccd00000,0x000000ffcce00000)]
  0x000002215b47b000 JavaThread "Unconstrained build operations Thread 11" [_thread_blocked, id=13536, stack(0x000000ffcce00000,0x000000ffccf00000)]
  0x000002215b47e800 JavaThread "Unconstrained build operations Thread 12" [_thread_blocked, id=5156, stack(0x000000ffccf00000,0x000000ffcd000000)]
  0x000002215b47d800 JavaThread "Unconstrained build operations Thread 13" [_thread_blocked, id=3508, stack(0x000000ffcd000000,0x000000ffcd100000)]
  0x000002215b47a800 JavaThread "Unconstrained build operations Thread 14" [_thread_blocked, id=9880, stack(0x000000ffcd100000,0x000000ffcd200000)]
  0x000002215b479000 JavaThread "Unconstrained build operations Thread 15" [_thread_blocked, id=13220, stack(0x000000ffcd200000,0x000000ffcd300000)]
  0x000002215b47f800 JavaThread "Unconstrained build operations Thread 16" [_thread_blocked, id=12692, stack(0x000000ffcd300000,0x000000ffcd400000)]
  0x000002215b479800 JavaThread "Unconstrained build operations Thread 17" [_thread_blocked, id=8236, stack(0x000000ffcd400000,0x000000ffcd500000)]
  0x000002215b484000 JavaThread "Unconstrained build operations Thread 18" [_thread_blocked, id=12540, stack(0x000000ffcd500000,0x000000ffcd600000)]
  0x000002215b483800 JavaThread "Unconstrained build operations Thread 19" [_thread_blocked, id=10328, stack(0x000000ffcd600000,0x000000ffcd700000)]
  0x000002215b482800 JavaThread "Unconstrained build operations Thread 20" [_thread_blocked, id=13416, stack(0x000000ffcd700000,0x000000ffcd800000)]
  0x000002215b485000 JavaThread "Unconstrained build operations Thread 21" [_thread_blocked, id=10500, stack(0x000000ffcd800000,0x000000ffcd900000)]
  0x000002215b486000 JavaThread "Unconstrained build operations Thread 22" [_thread_blocked, id=17092, stack(0x000000ffcd900000,0x000000ffcda00000)]
  0x000002215b480000 JavaThread "Unconstrained build operations Thread 23" [_thread_blocked, id=7856, stack(0x000000ffcda00000,0x000000ffcdb00000)]
  0x000002215b481000 JavaThread "Unconstrained build operations Thread 24" [_thread_blocked, id=8528, stack(0x000000ffcdb00000,0x000000ffcdc00000)]
  0x000002215b486800 JavaThread "Unconstrained build operations Thread 25" [_thread_blocked, id=9536, stack(0x000000ffcdc00000,0x000000ffcdd00000)]
  0x000002215b487800 JavaThread "Unconstrained build operations Thread 26" [_thread_blocked, id=17180, stack(0x000000ffcdd00000,0x000000ffcde00000)]
  0x000002215b482000 JavaThread "Unconstrained build operations Thread 27" [_thread_blocked, id=2464, stack(0x000000ffcde00000,0x000000ffcdf00000)]
  0x0000022159c12800 JavaThread "Unconstrained build operations Thread 28" [_thread_blocked, id=8424, stack(0x000000ffcdf00000,0x000000ffce000000)]
  0x0000022159c13800 JavaThread "Unconstrained build operations Thread 29" [_thread_blocked, id=2432, stack(0x000000ffce000000,0x000000ffce100000)]
  0x0000022159c0d800 JavaThread "Unconstrained build operations Thread 30" [_thread_blocked, id=3712, stack(0x000000ffce100000,0x000000ffce200000)]
  0x0000022159c11800 JavaThread "Unconstrained build operations Thread 31" [_thread_blocked, id=13604, stack(0x000000ffce200000,0x000000ffce300000)]
  0x0000022159c14000 JavaThread "Unconstrained build operations Thread 32" [_thread_blocked, id=7704, stack(0x000000ffce300000,0x000000ffce400000)]
  0x0000022159c0e800 JavaThread "Unconstrained build operations Thread 33" [_thread_blocked, id=2476, stack(0x000000ffce400000,0x000000ffce500000)]
  0x0000022159c11000 JavaThread "Unconstrained build operations Thread 34" [_thread_blocked, id=1920, stack(0x000000ffce500000,0x000000ffce600000)]
  0x0000022159c15000 JavaThread "Unconstrained build operations Thread 35" [_thread_blocked, id=9232, stack(0x000000ffce600000,0x000000ffce700000)]
  0x0000022159c0f000 JavaThread "Unconstrained build operations Thread 36" [_thread_blocked, id=11712, stack(0x000000ffce700000,0x000000ffce800000)]
  0x0000022159c16000 JavaThread "Unconstrained build operations Thread 37" [_thread_blocked, id=16388, stack(0x000000ffce800000,0x000000ffce900000)]
  0x0000022159c10000 JavaThread "Unconstrained build operations Thread 38" [_thread_blocked, id=12532, stack(0x000000ffce900000,0x000000ffcea00000)]
  0x0000022159c16800 JavaThread "Unconstrained build operations Thread 39" [_thread_blocked, id=12720, stack(0x000000ffcea00000,0x000000ffceb00000)]
  0x0000022159c17800 JavaThread "Unconstrained build operations Thread 40" [_thread_blocked, id=8336, stack(0x000000ffceb00000,0x000000ffcec00000)]
  0x0000022159c18000 JavaThread "Unconstrained build operations Thread 41" [_thread_blocked, id=9824, stack(0x000000ffcec00000,0x000000ffced00000)]
  0x0000022159c1a000 JavaThread "Unconstrained build operations Thread 42" [_thread_blocked, id=12676, stack(0x000000ffced00000,0x000000ffcee00000)]
  0x0000022159c1c800 JavaThread "Unconstrained build operations Thread 43" [_thread_blocked, id=5272, stack(0x000000ffcee00000,0x000000ffcef00000)]
  0x0000022159c19000 JavaThread "Unconstrained build operations Thread 44" [_thread_blocked, id=4032, stack(0x000000ffcef00000,0x000000ffcf000000)]
  0x0000022159c1a800 JavaThread "Unconstrained build operations Thread 45" [_thread_blocked, id=15276, stack(0x000000ffcf000000,0x000000ffcf100000)]
  0x0000022159c1b800 JavaThread "Unconstrained build operations Thread 46" [_thread_blocked, id=11000, stack(0x000000ffcf100000,0x000000ffcf200000)]
  0x0000022158b4e000 JavaThread "Unconstrained build operations Thread 47" [_thread_blocked, id=14676, stack(0x000000ffcf200000,0x000000ffcf300000)]
  0x0000022158b4b000 JavaThread "Unconstrained build operations Thread 48" [_thread_blocked, id=560, stack(0x000000ffcf300000,0x000000ffcf400000)]
  0x0000022158b50000 JavaThread "Unconstrained build operations Thread 49" [_thread_blocked, id=15328, stack(0x000000ffcf400000,0x000000ffcf500000)]
  0x0000022158b4c800 JavaThread "Unconstrained build operations Thread 50" [_thread_blocked, id=13400, stack(0x000000ffcf500000,0x000000ffcf600000)]
  0x0000022158b4a000 JavaThread "Unconstrained build operations Thread 51" [_thread_blocked, id=16668, stack(0x000000ffcf600000,0x000000ffcf700000)]
  0x0000022158b4f000 JavaThread "Unconstrained build operations Thread 52" [_thread_blocked, id=13008, stack(0x000000ffcf700000,0x000000ffcf800000)]
  0x0000022158b4d800 JavaThread "Unconstrained build operations Thread 53" [_thread_blocked, id=10268, stack(0x000000ffcf800000,0x000000ffcf900000)]
  0x0000022158b50800 JavaThread "Unconstrained build operations Thread 54" [_thread_blocked, id=14684, stack(0x000000ffcf900000,0x000000ffcfa00000)]
  0x0000022158b4b800 JavaThread "Unconstrained build operations Thread 55" [_thread_blocked, id=9956, stack(0x000000ffcfa00000,0x000000ffcfb00000)]
  0x0000022158b52800 JavaThread "Unconstrained build operations Thread 56" [_thread_blocked, id=1516, stack(0x000000ffcfb00000,0x000000ffcfc00000)]
  0x0000022158b54000 JavaThread "Unconstrained build operations Thread 57" [_thread_blocked, id=10796, stack(0x000000ffcfc00000,0x000000ffcfd00000)]
  0x0000022158b51800 JavaThread "Unconstrained build operations Thread 58" [_thread_blocked, id=7668, stack(0x000000ffcfd00000,0x000000ffcfe00000)]
  0x0000022158b56800 JavaThread "Unconstrained build operations Thread 59" [_thread_blocked, id=16792, stack(0x000000ffcfe00000,0x000000ffcff00000)]
  0x0000022158b59000 JavaThread "Unconstrained build operations Thread 60" [_thread_blocked, id=9844, stack(0x000000ffcff00000,0x000000ffd0000000)]
  0x0000022158b53000 JavaThread "Unconstrained build operations Thread 61" [_thread_blocked, id=12952, stack(0x000000ffd0000000,0x000000ffd0100000)]
  0x0000022158b55800 JavaThread "Unconstrained build operations Thread 62" [_thread_blocked, id=3036, stack(0x000000ffd0100000,0x000000ffd0200000)]
  0x0000022158b54800 JavaThread "Unconstrained build operations Thread 63" [_thread_blocked, id=6184, stack(0x000000ffd0200000,0x000000ffd0300000)]
  0x0000022158b57000 JavaThread "Unconstrained build operations Thread 64" [_thread_blocked, id=9408, stack(0x000000ffd0300000,0x000000ffd0400000)]
  0x0000022158b58000 JavaThread "Unconstrained build operations Thread 65" [_thread_blocked, id=5628, stack(0x000000ffd0400000,0x000000ffd0500000)]
  0x0000022159bee000 JavaThread "Unconstrained build operations Thread 66" [_thread_blocked, id=9888, stack(0x000000ffd0500000,0x000000ffd0600000)]
  0x0000022159beb800 JavaThread "Unconstrained build operations Thread 67" [_thread_blocked, id=4796, stack(0x000000ffd0600000,0x000000ffd0700000)]
  0x0000022159beb000 JavaThread "Unconstrained build operations Thread 68" [_thread_blocked, id=13668, stack(0x000000ffd0700000,0x000000ffd0800000)]
  0x0000022159be9000 JavaThread "Unconstrained build operations Thread 69" [_thread_blocked, id=15252, stack(0x000000ffd0800000,0x000000ffd0900000)]
  0x0000022159bed800 JavaThread "Unconstrained build operations Thread 70" [_thread_blocked, id=6072, stack(0x000000ffd0900000,0x000000ffd0a00000)]
  0x0000022159bef800 JavaThread "Unconstrained build operations Thread 71" [_thread_blocked, id=11136, stack(0x000000ffd0a00000,0x000000ffd0b00000)]
  0x0000022159bea000 JavaThread "Unconstrained build operations Thread 72" [_thread_blocked, id=13572, stack(0x000000ffd0b00000,0x000000ffd0c00000)]
  0x0000022159bf0800 JavaThread "Unconstrained build operations Thread 73" [_thread_blocked, id=13364, stack(0x000000ffd0c00000,0x000000ffd0d00000)]
  0x0000022159bf2000 JavaThread "Unconstrained build operations Thread 74" [_thread_blocked, id=7272, stack(0x000000ffd0d00000,0x000000ffd0e00000)]
  0x0000022159bec800 JavaThread "Unconstrained build operations Thread 75" [_thread_blocked, id=7992, stack(0x000000ffd0e00000,0x000000ffd0f00000)]
  0x0000022159bef000 JavaThread "Unconstrained build operations Thread 76" [_thread_blocked, id=15500, stack(0x000000ffd0f00000,0x000000ffd1000000)]
  0x0000022159bf1800 JavaThread "Unconstrained build operations Thread 77" [_thread_blocked, id=1068, stack(0x000000ffd1000000,0x000000ffd1100000)]
  0x0000022159bf3000 JavaThread "Unconstrained build operations Thread 78" [_thread_blocked, id=8480, stack(0x000000ffd1100000,0x000000ffd1200000)]
  0x0000022159bf4000 JavaThread "Unconstrained build operations Thread 79" [_thread_blocked, id=10104, stack(0x000000ffd1200000,0x000000ffd1300000)]
  0x0000022159bf4800 JavaThread "Unconstrained build operations Thread 80" [_thread_blocked, id=16624, stack(0x000000ffd1300000,0x000000ffd1400000)]
  0x0000022159bf7000 JavaThread "Unconstrained build operations Thread 81" [_thread_blocked, id=12088, stack(0x000000ffd1400000,0x000000ffd1500000)]
  0x0000022159bf5800 JavaThread "Unconstrained build operations Thread 82" [_thread_blocked, id=13120, stack(0x000000ffd1500000,0x000000ffd1600000)]
  0x0000022159bf6800 JavaThread "Unconstrained build operations Thread 83" [_thread_blocked, id=16672, stack(0x000000ffd1600000,0x000000ffd1700000)]
  0x0000022159bf8000 JavaThread "Unconstrained build operations Thread 84" [_thread_blocked, id=12344, stack(0x000000ffd1700000,0x000000ffd1800000)]
  0x00000221586ca000 JavaThread "Unconstrained build operations Thread 85" [_thread_blocked, id=14756, stack(0x000000ffd1800000,0x000000ffd1900000)]
  0x00000221586cb000 JavaThread "Unconstrained build operations Thread 86" [_thread_blocked, id=12544, stack(0x000000ffd1900000,0x000000ffd1a00000)]
  0x00000221586c9800 JavaThread "Unconstrained build operations Thread 87" [_thread_blocked, id=15800, stack(0x000000ffd1a00000,0x000000ffd1b00000)]
  0x00000221586cc000 JavaThread "Unconstrained build operations Thread 88" [_thread_blocked, id=16440, stack(0x000000ffd1b00000,0x000000ffd1c00000)]
  0x00000221586cc800 JavaThread "Unconstrained build operations Thread 89" [_thread_blocked, id=10940, stack(0x000000ffd1c00000,0x000000ffd1d00000)]
  0x00000221586c8800 JavaThread "Unconstrained build operations Thread 90" [_thread_blocked, id=4516, stack(0x000000ffd1d00000,0x000000ffd1e00000)]
  0x00000221586cd800 JavaThread "Unconstrained build operations Thread 91" [_thread_blocked, id=5532, stack(0x000000ffd1e00000,0x000000ffd1f00000)]
  0x00000221586c7800 JavaThread "Unconstrained build operations Thread 92" [_thread_blocked, id=5160, stack(0x000000ffd1f00000,0x000000ffd2000000)]
  0x00000221586ce800 JavaThread "Unconstrained build operations Thread 93" [_thread_blocked, id=15368, stack(0x000000ffd2000000,0x000000ffd2100000)]
  0x00000221586d4000 JavaThread "Unconstrained build operations Thread 94" [_thread_blocked, id=17188, stack(0x000000ffd2100000,0x000000ffd2200000)]
  0x00000221586d2800 JavaThread "Unconstrained build operations Thread 95" [_thread_blocked, id=8944, stack(0x000000ffd2200000,0x000000ffd2300000)]
  0x00000221586d0800 JavaThread "Unconstrained build operations Thread 96" [_thread_blocked, id=15272, stack(0x000000ffd2300000,0x000000ffd2400000)]
  0x00000221586d0000 JavaThread "Unconstrained build operations Thread 97" [_thread_blocked, id=17068, stack(0x000000ffd2400000,0x000000ffd2500000)]
  0x00000221586d1800 JavaThread "Unconstrained build operations Thread 98" [_thread_blocked, id=10680, stack(0x000000ffd2500000,0x000000ffd2600000)]
  0x00000221586d5000 JavaThread "Unconstrained build operations Thread 99" [_thread_blocked, id=9916, stack(0x000000ffd2600000,0x000000ffd2700000)]
  0x00000221586cf000 JavaThread "Unconstrained build operations Thread 100" [_thread_blocked, id=12712, stack(0x000000ffd2700000,0x000000ffd2800000)]
  0x00000221586d3000 JavaThread "Unconstrained build operations Thread 101" [_thread_blocked, id=11020, stack(0x000000ffd2800000,0x000000ffd2900000)]
  0x00000221586d5800 JavaThread "Unconstrained build operations Thread 102" [_thread_blocked, id=14780, stack(0x000000ffd2900000,0x000000ffd2a00000)]
  0x00000221586d6800 JavaThread "Unconstrained build operations Thread 103" [_thread_blocked, id=12972, stack(0x000000ffd2a00000,0x000000ffd2b00000)]
  0x000002215b787000 JavaThread "Unconstrained build operations Thread 104" [_thread_blocked, id=14808, stack(0x000000ffd2b00000,0x000000ffd2c00000)]
  0x000002215b789800 JavaThread "Unconstrained build operations Thread 105" [_thread_blocked, id=8980, stack(0x000000ffd2c00000,0x000000ffd2d00000)]
  0x000002215b788000 JavaThread "Unconstrained build operations Thread 106" [_thread_blocked, id=9656, stack(0x000000ffd2d00000,0x000000ffd2e00000)]
  0x000002215b788800 JavaThread "Unconstrained build operations Thread 107" [_thread_blocked, id=404, stack(0x000000ffd2e00000,0x000000ffd2f00000)]
  0x000002215b784000 JavaThread "Unconstrained build operations Thread 108" [_thread_blocked, id=9712, stack(0x000000ffd2f00000,0x000000ffd3000000)]
  0x000002215b78a800 JavaThread "Unconstrained build operations Thread 109" [_thread_blocked, id=2548, stack(0x000000ffd3000000,0x000000ffd3100000)]
  0x000002215b784800 JavaThread "Unconstrained build operations Thread 110" [_thread_blocked, id=13824, stack(0x000000ffd3100000,0x000000ffd3200000)]
  0x000002215b78b000 JavaThread "Unconstrained build operations Thread 111" [_thread_blocked, id=16436, stack(0x000000ffd3200000,0x000000ffd3300000)]
  0x000002215b785800 JavaThread "Unconstrained build operations Thread 112" [_thread_blocked, id=11728, stack(0x000000ffd3300000,0x000000ffd3400000)]
  0x000002215b78c000 JavaThread "Unconstrained build operations Thread 113" [_thread_blocked, id=15092, stack(0x000000ffd3400000,0x000000ffd3500000)]
  0x000002215b786000 JavaThread "Unconstrained build operations Thread 114" [_thread_blocked, id=16228, stack(0x000000ffd3500000,0x000000ffd3600000)]
  0x000002215b792800 JavaThread "Unconstrained build operations Thread 115" [_thread_blocked, id=12756, stack(0x000000ffd3600000,0x000000ffd3700000)]
  0x000002215b78d000 JavaThread "Unconstrained build operations Thread 116" [_thread_blocked, id=14048, stack(0x000000ffd3700000,0x000000ffd3800000)]
  0x000002215b791800 JavaThread "Unconstrained build operations Thread 117" [_thread_blocked, id=7852, stack(0x000000ffd3800000,0x000000ffd3900000)]
  0x000002215b78f000 JavaThread "Unconstrained build operations Thread 118" [_thread_blocked, id=4700, stack(0x000000ffd3900000,0x000000ffd3a00000)]
  0x000002215b790000 JavaThread "Unconstrained build operations Thread 119" [_thread_blocked, id=5720, stack(0x000000ffd3a00000,0x000000ffd3b00000)]
  0x000002215b78d800 JavaThread "Unconstrained build operations Thread 120" [_thread_blocked, id=9200, stack(0x000000ffd3b00000,0x000000ffd3c00000)]
  0x000002215b791000 JavaThread "Unconstrained build operations Thread 121" [_thread_blocked, id=1836, stack(0x000000ffd3c00000,0x000000ffd3d00000)]
  0x000002215b78e800 JavaThread "Unconstrained build operations Thread 122" [_thread_blocked, id=10352, stack(0x000000ffd3d00000,0x000000ffd3e00000)]
  0x000002215ddc2000 JavaThread "Unconstrained build operations Thread 123" [_thread_blocked, id=10244, stack(0x000000ffd3e00000,0x000000ffd3f00000)]
  0x000002215ddc4000 JavaThread "Unconstrained build operations Thread 124" [_thread_blocked, id=3788, stack(0x000000ffd3f00000,0x000000ffd4000000)]
  0x000002215ddc5000 JavaThread "Unconstrained build operations Thread 125" [_thread_blocked, id=15292, stack(0x000000ffd4000000,0x000000ffd4100000)]
  0x000002215ddc0000 JavaThread "Unconstrained build operations Thread 126" [_thread_blocked, id=14936, stack(0x000000ffd4100000,0x000000ffd4200000)]
  0x000002215ddc3800 JavaThread "Unconstrained build operations Thread 127" [_thread_blocked, id=8968, stack(0x000000ffd4200000,0x000000ffd4300000)]
  0x000002215ddc6000 JavaThread "Unconstrained build operations Thread 128" [_thread_blocked, id=10988, stack(0x000000ffd4300000,0x000000ffd4400000)]
  0x000002215ddc1000 JavaThread "Unconstrained build operations Thread 129" [_thread_blocked, id=16296, stack(0x000000ffd4400000,0x000000ffd4500000)]
  0x000002215ddc2800 JavaThread "Unconstrained build operations Thread 130" [_thread_blocked, id=8448, stack(0x000000ffd4500000,0x000000ffd4600000)]
  0x000002215ddc6800 JavaThread "Unconstrained build operations Thread 131" [_thread_blocked, id=11708, stack(0x000000ffd4600000,0x000000ffd4700000)]
  0x000002215db98800 JavaThread "Unconstrained build operations Thread 132" [_thread_blocked, id=16568, stack(0x000000ffd4700000,0x000000ffd4800000)]
  0x000002215db9c000 JavaThread "Unconstrained build operations Thread 133" [_thread_blocked, id=9196, stack(0x000000ffd4800000,0x000000ffd4900000)]
  0x000002215db9b000 JavaThread "Unconstrained build operations Thread 134" [_thread_blocked, id=12012, stack(0x000000ffd4900000,0x000000ffd4a00000)]
  0x000002215db9d800 JavaThread "Unconstrained build operations Thread 135" [_thread_blocked, id=10232, stack(0x000000ffd4a00000,0x000000ffd4b00000)]
  0x000002215db9e800 JavaThread "jar transforms Thread 4" [_thread_blocked, id=13000, stack(0x000000ffd4b00000,0x000000ffd4c00000)]
  0x000002215db9c800 JavaThread "jar transforms Thread 5" [_thread_blocked, id=16768, stack(0x000000ffd4c00000,0x000000ffd4d00000)]
  0x000002215db99800 JavaThread "jar transforms Thread 6" [_thread_blocked, id=7528, stack(0x000000ffd4d00000,0x000000ffd4e00000)]
  0x000002215db9f000 JavaThread "jar transforms Thread 7" [_thread_blocked, id=10332, stack(0x000000ffd4e00000,0x000000ffd4f00000)]
  0x000002215dba0000 JavaThread "jar transforms Thread 8" [_thread_blocked, id=7288, stack(0x000000ffd4f00000,0x000000ffd5000000)]
  0x000002215db9a000 JavaThread "jar transforms Thread 9" [_thread_blocked, id=8000, stack(0x000000ffd5000000,0x000000ffd5100000)]
  0x000002215dba5800 JavaThread "jar transforms Thread 10" [_thread_blocked, id=3996, stack(0x000000ffd5100000,0x000000ffd5200000)]
  0x000002215dba3000 JavaThread "jar transforms Thread 11" [_thread_blocked, id=13352, stack(0x000000ffd5200000,0x000000ffd5300000)]
  0x000002215dba1800 JavaThread "jar transforms Thread 12" [_thread_blocked, id=2484, stack(0x000000ffd5300000,0x000000ffd5400000)]
  0x000002215dba2800 JavaThread "jar transforms Thread 13" [_thread_blocked, id=10592, stack(0x000000ffd5400000,0x000000ffd5500000)]
  0x000002215dba4000 JavaThread "jar transforms Thread 14" [_thread_blocked, id=13372, stack(0x000000ffd5500000,0x000000ffd5600000)]
  0x000002215dba5000 JavaThread "jar transforms Thread 15" [_thread_blocked, id=8656, stack(0x000000ffd5600000,0x000000ffd5700000)]
  0x000002215dba6800 JavaThread "jar transforms Thread 16" [_thread_blocked, id=8648, stack(0x000000ffd5700000,0x000000ffd5800000)]
  0x000002215dba0800 JavaThread "Memory manager" [_thread_blocked, id=5388, stack(0x000000ffd5800000,0x000000ffd5900000)]

Other Threads:
  0x0000022155aa4000 VMThread "VM Thread" [stack: 0x000000ffc8c00000,0x000000ffc8d00000] [id=16700]
  0x0000022156482800 WatcherThread [stack: 0x000000ffc9700000,0x000000ffc9800000] [id=14172]
  0x000002213ab74000 GCTaskThread "GC Thread#0" [stack: 0x000000ffc8700000,0x000000ffc8800000] [id=15684]
  0x0000022157632800 GCTaskThread "GC Thread#1" [stack: 0x000000ffc9c00000,0x000000ffc9d00000] [id=17136]
  0x00000221570bf800 GCTaskThread "GC Thread#2" [stack: 0x000000ffca000000,0x000000ffca100000] [id=1464]
  0x0000022156cab000 GCTaskThread "GC Thread#3" [stack: 0x000000ffca100000,0x000000ffca200000] [id=12736]
  0x00000221588d4800 GCTaskThread "GC Thread#4" [stack: 0x000000ffca200000,0x000000ffca300000] [id=6560]
  0x00000221587a5000 GCTaskThread "GC Thread#5" [stack: 0x000000ffca300000,0x000000ffca400000] [id=17212]
  0x0000022158552800 GCTaskThread "GC Thread#6" [stack: 0x000000ffca400000,0x000000ffca500000] [id=8540]
  0x0000022158553000 GCTaskThread "GC Thread#7" [stack: 0x000000ffca500000,0x000000ffca600000] [id=2440]
  0x00000221589c0800 GCTaskThread "GC Thread#8" [stack: 0x000000ffca600000,0x000000ffca700000] [id=10308]
  0x00000221589c1800 GCTaskThread "GC Thread#9" [stack: 0x000000ffca700000,0x000000ffca800000] [id=5704]
  0x000002215775a800 GCTaskThread "GC Thread#10" [stack: 0x000000ffca800000,0x000000ffca900000] [id=15808]
  0x000002215775b000 GCTaskThread "GC Thread#11" [stack: 0x000000ffca900000,0x000000ffcaa00000] [id=12804]
  0x0000022159032800 GCTaskThread "GC Thread#12" [stack: 0x000000ffcb200000,0x000000ffcb300000] [id=7084]
  0x000002213abac000 ConcurrentGCThread "G1 Main Marker" [stack: 0x000000ffc8800000,0x000000ffc8900000] [id=15052]
  0x000002213abae000 ConcurrentGCThread "G1 Conc#0" [stack: 0x000000ffc8900000,0x000000ffc8a00000] [id=6620]
  0x0000022159031800 ConcurrentGCThread "G1 Conc#1" [stack: 0x000000ffcb300000,0x000000ffcb400000] [id=7676]
  0x0000022159030000 ConcurrentGCThread "G1 Conc#2" [stack: 0x000000ffcb400000,0x000000ffcb500000] [id=11872]
  0x000002213ac2d800 ConcurrentGCThread "G1 Refine#0" [stack: 0x000000ffc8a00000,0x000000ffc8b00000] [id=8128]
  0x00000221558f6800 ConcurrentGCThread "G1 Young RemSet Sampling" [stack: 0x000000ffc8b00000,0x000000ffc8c00000] [id=3428]

Threads with active compile tasks:
C2 CompilerThread0   9515 7747   !   4       com.sun.beans.TypeResolver::resolve (261 bytes)
C2 CompilerThread1   9515 7949       4       org.gradle.internal.reflect.ClassInspector::inspectClass (179 bytes)
C2 CompilerThread2   9515 7739       4       org.gradle.internal.instantiation.generator.AbstractClassGenerator::inspectType (560 bytes)

VM state:not at safepoint (normal execution)

VM Mutex/Monitor currently owned by a thread: None

Heap address: 0x0000000080000000, size: 2048 MB, Compressed Oops mode: 32-bit
Narrow klass base: 0x0000000000000000, Narrow klass shift: 3
Compressed class space size: 1073741824 Address: 0x0000000100000000

Heap:
 garbage-first heap   total 145408K, used 66255K [0x0000000080000000, 0x0000000100000000)
  region size 1024K, 18 young (18432K), 8 survivors (8192K)
 Metaspace       used 72392K, capacity 74050K, committed 74236K, reserved 1114112K
  class space    used 9395K, capacity 10021K, committed 10112K, reserved 1048576K
Heap Regions: E=young(eden), S=young(survivor), O=old, HS=humongous(starts), HC=humongous(continues), CS=collection set, F=free, A=archive, TAMS=top-at-mark-start (previous, next)
|   0|0x0000000080000000, 0x0000000080100000, 0x0000000080100000|100%| O|  |TAMS 0x0000000080100000, 0x0000000080000000| Untracked 
|   1|0x0000000080100000, 0x0000000080200000, 0x0000000080200000|100%| O|  |TAMS 0x0000000080200000, 0x0000000080100000| Untracked 
|   2|0x0000000080200000, 0x0000000080300000, 0x0000000080300000|100%| O|  |TAMS 0x0000000080300000, 0x0000000080200000| Untracked 
|   3|0x0000000080300000, 0x0000000080400000, 0x0000000080400000|100%|HS|  |TAMS 0x0000000080400000, 0x0000000080300000| Complete 
|   4|0x0000000080400000, 0x0000000080500000, 0x0000000080500000|100%|HC|  |TAMS 0x0000000080500000, 0x0000000080400000| Complete 
|   5|0x0000000080500000, 0x0000000080600000, 0x0000000080600000|100%|HC|  |TAMS 0x0000000080600000, 0x0000000080500000| Complete 
|   6|0x0000000080600000, 0x0000000080700000, 0x0000000080700000|100%| O|  |TAMS 0x0000000080700000, 0x0000000080600000| Untracked 
|   7|0x0000000080700000, 0x0000000080800000, 0x0000000080800000|100%| O|  |TAMS 0x0000000080800000, 0x0000000080700000| Untracked 
|   8|0x0000000080800000, 0x0000000080900000, 0x0000000080900000|100%| O|  |TAMS 0x0000000080900000, 0x0000000080800000| Untracked 
|   9|0x0000000080900000, 0x0000000080a00000, 0x0000000080a00000|100%| O|  |TAMS 0x0000000080a00000, 0x0000000080900000| Untracked 
|  10|0x0000000080a00000, 0x0000000080b00000, 0x0000000080b00000|100%| O|  |TAMS 0x0000000080b00000, 0x0000000080a00000| Untracked 
|  11|0x0000000080b00000, 0x0000000080c00000, 0x0000000080c00000|100%| O|  |TAMS 0x0000000080c00000, 0x0000000080b00000| Untracked 
|  12|0x0000000080c00000, 0x0000000080d00000, 0x0000000080d00000|100%| O|  |TAMS 0x0000000080d00000, 0x0000000080c00000| Untracked 
|  13|0x0000000080d00000, 0x0000000080e00000, 0x0000000080e00000|100%| O|  |TAMS 0x0000000080e00000, 0x0000000080d00000| Untracked 
|  14|0x0000000080e00000, 0x0000000080f00000, 0x0000000080f00000|100%| O|  |TAMS 0x0000000080f00000, 0x0000000080e00000| Untracked 
|  15|0x0000000080f00000, 0x0000000081000000, 0x0000000081000000|100%| O|  |TAMS 0x0000000081000000, 0x0000000080f00000| Untracked 
|  16|0x0000000081000000, 0x0000000081100000, 0x0000000081100000|100%| O|  |TAMS 0x0000000081100000, 0x0000000081000000| Untracked 
|  17|0x0000000081100000, 0x0000000081200000, 0x0000000081200000|100%|HS|  |TAMS 0x0000000081200000, 0x0000000081100000| Complete 
|  18|0x0000000081200000, 0x0000000081300000, 0x0000000081300000|100%| O|  |TAMS 0x0000000081300000, 0x0000000081200000| Untracked 
|  19|0x0000000081300000, 0x0000000081400000, 0x0000000081400000|100%| O|  |TAMS 0x0000000081400000, 0x0000000081300000| Untracked 
|  20|0x0000000081400000, 0x0000000081500000, 0x0000000081500000|100%| O|  |TAMS 0x0000000081500000, 0x0000000081400000| Untracked 
|  21|0x0000000081500000, 0x0000000081600000, 0x0000000081600000|100%| O|  |TAMS 0x0000000081600000, 0x0000000081500000| Untracked 
|  22|0x0000000081600000, 0x0000000081700000, 0x0000000081700000|100%| O|  |TAMS 0x0000000081700000, 0x0000000081600000| Untracked 
|  23|0x0000000081700000, 0x0000000081800000, 0x0000000081800000|100%| O|  |TAMS 0x0000000081800000, 0x0000000081700000| Untracked 
|  24|0x0000000081800000, 0x0000000081900000, 0x0000000081900000|100%| O|  |TAMS 0x0000000081900000, 0x0000000081800000| Untracked 
|  25|0x0000000081900000, 0x0000000081a00000, 0x0000000081a00000|100%| O|  |TAMS 0x0000000081a00000, 0x0000000081900000| Untracked 
|  26|0x0000000081a00000, 0x0000000081b00000, 0x0000000081b00000|100%| O|  |TAMS 0x0000000081b00000, 0x0000000081a00000| Untracked 
|  27|0x0000000081b00000, 0x0000000081c00000, 0x0000000081c00000|100%|HS|  |TAMS 0x0000000081c00000, 0x0000000081b00000| Complete 
|  28|0x0000000081c00000, 0x0000000081d00000, 0x0000000081d00000|100%|HS|  |TAMS 0x0000000081d00000, 0x0000000081c00000| Complete 
|  29|0x0000000081d00000, 0x0000000081e00000, 0x0000000081e00000|100%|HC|  |TAMS 0x0000000081e00000, 0x0000000081d00000| Complete 
|  30|0x0000000081e00000, 0x0000000081f00000, 0x0000000081f00000|100%| O|  |TAMS 0x0000000081f00000, 0x0000000081e00000| Untracked 
|  31|0x0000000081f00000, 0x0000000082000000, 0x0000000082000000|100%| O|  |TAMS 0x0000000082000000, 0x0000000081f00000| Untracked 
|  32|0x0000000082000000, 0x0000000082100000, 0x0000000082100000|100%| O|  |TAMS 0x0000000082100000, 0x0000000082000000| Untracked 
|  33|0x0000000082100000, 0x0000000082200000, 0x0000000082200000|100%| O|  |TAMS 0x0000000082200000, 0x0000000082100000| Untracked 
|  34|0x0000000082200000, 0x0000000082300000, 0x0000000082300000|100%| O|  |TAMS 0x0000000082300000, 0x0000000082200000| Untracked 
|  35|0x0000000082300000, 0x0000000082400000, 0x0000000082400000|100%| O|  |TAMS 0x0000000082400000, 0x0000000082300000| Untracked 
|  36|0x0000000082400000, 0x0000000082500000, 0x0000000082500000|100%| O|  |TAMS 0x0000000082500000, 0x0000000082400000| Untracked 
|  37|0x0000000082500000, 0x0000000082600000, 0x0000000082600000|100%| O|  |TAMS 0x0000000082600000, 0x0000000082500000| Untracked 
|  38|0x0000000082600000, 0x0000000082700000, 0x0000000082700000|100%| O|  |TAMS 0x0000000082700000, 0x0000000082600000| Untracked 
|  39|0x0000000082700000, 0x0000000082800000, 0x0000000082800000|100%| O|  |TAMS 0x0000000082800000, 0x0000000082700000| Untracked 
|  40|0x0000000082800000, 0x0000000082900000, 0x0000000082900000|100%| O|  |TAMS 0x0000000082900000, 0x0000000082800000| Untracked 
|  41|0x0000000082900000, 0x0000000082a00000, 0x0000000082a00000|100%| O|  |TAMS 0x0000000082a00000, 0x0000000082900000| Untracked 
|  42|0x0000000082a00000, 0x0000000082b00000, 0x0000000082b00000|100%| O|  |TAMS 0x0000000082abf200, 0x0000000082a00000| Untracked 
|  43|0x0000000082b00000, 0x0000000082b00000, 0x0000000082c00000|  0%| F|  |TAMS 0x0000000082b00000, 0x0000000082b00000| Untracked 
|  44|0x0000000082c00000, 0x0000000082d00000, 0x0000000082d00000|100%| O|  |TAMS 0x0000000082c00000, 0x0000000082c00000| Untracked 
|  45|0x0000000082d00000, 0x0000000082e00000, 0x0000000082e00000|100%| O|  |TAMS 0x0000000082d00000, 0x0000000082d00000| Untracked 
|  46|0x0000000082e00000, 0x0000000082f00000, 0x0000000082f00000|100%| O|  |TAMS 0x0000000082e00000, 0x0000000082e00000| Untracked 
|  47|0x0000000082f00000, 0x0000000083000000, 0x0000000083000000|100%| O|  |TAMS 0x0000000082f00000, 0x0000000082f00000| Untracked 
|  48|0x0000000083000000, 0x0000000083100000, 0x0000000083100000|100%| O|  |TAMS 0x0000000083000000, 0x0000000083000000| Untracked 
|  49|0x0000000083100000, 0x0000000083159200, 0x0000000083200000| 34%| O|  |TAMS 0x0000000083100000, 0x0000000083100000| Untracked 
|  50|0x0000000083200000, 0x0000000083200000, 0x0000000083300000|  0%| F|  |TAMS 0x0000000083200000, 0x0000000083200000| Untracked 
|  51|0x0000000083300000, 0x0000000083300000, 0x0000000083400000|  0%| F|  |TAMS 0x0000000083300000, 0x0000000083300000| Untracked 
|  52|0x0000000083400000, 0x0000000083400000, 0x0000000083500000|  0%| F|  |TAMS 0x0000000083400000, 0x0000000083400000| Untracked 
|  53|0x0000000083500000, 0x0000000083500000, 0x0000000083600000|  0%| F|  |TAMS 0x0000000083500000, 0x0000000083500000| Untracked 
|  54|0x0000000083600000, 0x0000000083600000, 0x0000000083700000|  0%| F|  |TAMS 0x0000000083600000, 0x0000000083600000| Untracked 
|  55|0x0000000083700000, 0x0000000083700000, 0x0000000083800000|  0%| F|  |TAMS 0x0000000083700000, 0x0000000083700000| Untracked 
|  56|0x0000000083800000, 0x0000000083800000, 0x0000000083900000|  0%| F|  |TAMS 0x0000000083800000, 0x0000000083800000| Untracked 
|  57|0x0000000083900000, 0x0000000083900000, 0x0000000083a00000|  0%| F|  |TAMS 0x0000000083900000, 0x0000000083900000| Untracked 
|  58|0x0000000083a00000, 0x0000000083a00000, 0x0000000083b00000|  0%| F|  |TAMS 0x0000000083a00000, 0x0000000083a00000| Untracked 
|  59|0x0000000083b00000, 0x0000000083b00000, 0x0000000083c00000|  0%| F|  |TAMS 0x0000000083b00000, 0x0000000083b00000| Untracked 
|  60|0x0000000083c00000, 0x0000000083c00000, 0x0000000083d00000|  0%| F|  |TAMS 0x0000000083c00000, 0x0000000083c00000| Untracked 
|  61|0x0000000083d00000, 0x0000000083d00000, 0x0000000083e00000|  0%| F|  |TAMS 0x0000000083d00000, 0x0000000083d00000| Untracked 
|  62|0x0000000083e00000, 0x0000000083e00000, 0x0000000083f00000|  0%| F|  |TAMS 0x0000000083e00000, 0x0000000083e00000| Untracked 
|  63|0x0000000083f00000, 0x0000000083f00000, 0x0000000084000000|  0%| F|  |TAMS 0x0000000083f00000, 0x0000000083f00000| Untracked 
|  64|0x0000000084000000, 0x0000000084000000, 0x0000000084100000|  0%| F|  |TAMS 0x0000000084000000, 0x0000000084000000| Untracked 
|  65|0x0000000084100000, 0x0000000084100000, 0x0000000084200000|  0%| F|  |TAMS 0x0000000084100000, 0x0000000084100000| Untracked 
|  66|0x0000000084200000, 0x0000000084200000, 0x0000000084300000|  0%| F|  |TAMS 0x0000000084200000, 0x0000000084200000| Untracked 
|  67|0x0000000084300000, 0x0000000084300000, 0x0000000084400000|  0%| F|  |TAMS 0x0000000084300000, 0x0000000084300000| Untracked 
|  68|0x0000000084400000, 0x0000000084400000, 0x0000000084500000|  0%| F|  |TAMS 0x0000000084400000, 0x0000000084400000| Untracked 
|  69|0x0000000084500000, 0x0000000084500000, 0x0000000084600000|  0%| F|  |TAMS 0x0000000084500000, 0x0000000084500000| Untracked 
|  70|0x0000000084600000, 0x0000000084600000, 0x0000000084700000|  0%| F|  |TAMS 0x0000000084600000, 0x0000000084600000| Untracked 
|  71|0x0000000084700000, 0x0000000084700000, 0x0000000084800000|  0%| F|  |TAMS 0x0000000084700000, 0x0000000084700000| Untracked 
|  72|0x0000000084800000, 0x0000000084800000, 0x0000000084900000|  0%| F|  |TAMS 0x0000000084800000, 0x0000000084800000| Untracked 
|  73|0x0000000084900000, 0x0000000084900000, 0x0000000084a00000|  0%| F|  |TAMS 0x0000000084900000, 0x0000000084900000| Untracked 
|  74|0x0000000084a00000, 0x0000000084a00000, 0x0000000084b00000|  0%| F|  |TAMS 0x0000000084a00000, 0x0000000084a00000| Untracked 
|  75|0x0000000084b00000, 0x0000000084b00000, 0x0000000084c00000|  0%| F|  |TAMS 0x0000000084b00000, 0x0000000084b00000| Untracked 
|  76|0x0000000084c00000, 0x0000000084c00000, 0x0000000084d00000|  0%| F|  |TAMS 0x0000000084c00000, 0x0000000084c00000| Untracked 
|  77|0x0000000084d00000, 0x0000000084d5aae0, 0x0000000084e00000| 35%| S|CS|TAMS 0x0000000084d00000, 0x0000000084d00000| Complete 
|  78|0x0000000084e00000, 0x0000000084f00000, 0x0000000084f00000|100%| S|CS|TAMS 0x0000000084e00000, 0x0000000084e00000| Complete 
|  79|0x0000000084f00000, 0x0000000085000000, 0x0000000085000000|100%| S|CS|TAMS 0x0000000084f00000, 0x0000000084f00000| Complete 
|  80|0x0000000085000000, 0x0000000085100000, 0x0000000085100000|100%| S|CS|TAMS 0x0000000085000000, 0x0000000085000000| Complete 
|  81|0x0000000085100000, 0x0000000085200000, 0x0000000085200000|100%| S|CS|TAMS 0x0000000085100000, 0x0000000085100000| Complete 
|  82|0x0000000085200000, 0x0000000085300000, 0x0000000085300000|100%| S|CS|TAMS 0x0000000085200000, 0x0000000085200000| Complete 
|  83|0x0000000085300000, 0x0000000085400000, 0x0000000085400000|100%| S|CS|TAMS 0x0000000085300000, 0x0000000085300000| Complete 
|  84|0x0000000085400000, 0x0000000085500000, 0x0000000085500000|100%| S|CS|TAMS 0x0000000085400000, 0x0000000085400000| Complete 
|  85|0x0000000085500000, 0x0000000085500000, 0x0000000085600000|  0%| F|  |TAMS 0x0000000085500000, 0x0000000085500000| Untracked 
|  86|0x0000000085600000, 0x0000000085600000, 0x0000000085700000|  0%| F|  |TAMS 0x0000000085600000, 0x0000000085600000| Untracked 
|  87|0x0000000085700000, 0x0000000085700000, 0x0000000085800000|  0%| F|  |TAMS 0x0000000085700000, 0x0000000085700000| Untracked 
|  88|0x0000000085800000, 0x0000000085800000, 0x0000000085900000|  0%| F|  |TAMS 0x0000000085800000, 0x0000000085800000| Untracked 
|  89|0x0000000085900000, 0x0000000085900000, 0x0000000085a00000|  0%| F|  |TAMS 0x0000000085900000, 0x0000000085900000| Untracked 
|  90|0x0000000085a00000, 0x0000000085a00000, 0x0000000085b00000|  0%| F|  |TAMS 0x0000000085a00000, 0x0000000085a00000| Untracked 
|  91|0x0000000085b00000, 0x0000000085b00000, 0x0000000085c00000|  0%| F|  |TAMS 0x0000000085b00000, 0x0000000085b00000| Untracked 
|  92|0x0000000085c00000, 0x0000000085c00000, 0x0000000085d00000|  0%| F|  |TAMS 0x0000000085c00000, 0x0000000085c00000| Untracked 
|  93|0x0000000085d00000, 0x0000000085d00000, 0x0000000085e00000|  0%| F|  |TAMS 0x0000000085d00000, 0x0000000085d00000| Untracked 
|  94|0x0000000085e00000, 0x0000000085e00000, 0x0000000085f00000|  0%| F|  |TAMS 0x0000000085e00000, 0x0000000085e00000| Untracked 
|  95|0x0000000085f00000, 0x0000000085f00000, 0x0000000086000000|  0%| F|  |TAMS 0x0000000085f00000, 0x0000000085f00000| Untracked 
|  96|0x0000000086000000, 0x0000000086000000, 0x0000000086100000|  0%| F|  |TAMS 0x0000000086000000, 0x0000000086000000| Untracked 
|  97|0x0000000086100000, 0x0000000086100000, 0x0000000086200000|  0%| F|  |TAMS 0x0000000086100000, 0x0000000086100000| Untracked 
|  98|0x0000000086200000, 0x0000000086200000, 0x0000000086300000|  0%| F|  |TAMS 0x0000000086200000, 0x0000000086200000| Untracked 
|  99|0x0000000086300000, 0x0000000086300000, 0x0000000086400000|  0%| F|  |TAMS 0x0000000086300000, 0x0000000086300000| Untracked 
| 100|0x0000000086400000, 0x0000000086400000, 0x0000000086500000|  0%| F|  |TAMS 0x0000000086400000, 0x0000000086400000| Untracked 
| 101|0x0000000086500000, 0x0000000086500000, 0x0000000086600000|  0%| F|  |TAMS 0x0000000086500000, 0x0000000086500000| Untracked 
| 102|0x0000000086600000, 0x0000000086600000, 0x0000000086700000|  0%| F|  |TAMS 0x0000000086600000, 0x0000000086600000| Untracked 
| 103|0x0000000086700000, 0x0000000086700000, 0x0000000086800000|  0%| F|  |TAMS 0x0000000086700000, 0x0000000086700000| Untracked 
| 104|0x0000000086800000, 0x0000000086800000, 0x0000000086900000|  0%| F|  |TAMS 0x0000000086800000, 0x0000000086800000| Untracked 
| 105|0x0000000086900000, 0x0000000086900000, 0x0000000086a00000|  0%| F|  |TAMS 0x0000000086900000, 0x0000000086900000| Untracked 
| 106|0x0000000086a00000, 0x0000000086a00000, 0x0000000086b00000|  0%| F|  |TAMS 0x0000000086a00000, 0x0000000086a00000| Untracked 
| 107|0x0000000086b00000, 0x0000000086b00000, 0x0000000086c00000|  0%| F|  |TAMS 0x0000000086b00000, 0x0000000086b00000| Untracked 
| 108|0x0000000086c00000, 0x0000000086c00000, 0x0000000086d00000|  0%| F|  |TAMS 0x0000000086c00000, 0x0000000086c00000| Untracked 
| 109|0x0000000086d00000, 0x0000000086d00000, 0x0000000086e00000|  0%| F|  |TAMS 0x0000000086d00000, 0x0000000086d00000| Untracked 
| 110|0x0000000086e00000, 0x0000000086e00000, 0x0000000086f00000|  0%| F|  |TAMS 0x0000000086e00000, 0x0000000086e00000| Untracked 
| 111|0x0000000086f00000, 0x0000000086f00000, 0x0000000087000000|  0%| F|  |TAMS 0x0000000086f00000, 0x0000000086f00000| Untracked 
| 112|0x0000000087000000, 0x0000000087000000, 0x0000000087100000|  0%| F|  |TAMS 0x0000000087000000, 0x0000000087000000| Untracked 
| 113|0x0000000087100000, 0x0000000087100000, 0x0000000087200000|  0%| F|  |TAMS 0x0000000087100000, 0x0000000087100000| Untracked 
| 114|0x0000000087200000, 0x0000000087200000, 0x0000000087300000|  0%| F|  |TAMS 0x0000000087200000, 0x0000000087200000| Untracked 
| 115|0x0000000087300000, 0x0000000087300000, 0x0000000087400000|  0%| F|  |TAMS 0x0000000087300000, 0x0000000087300000| Untracked 
| 116|0x0000000087400000, 0x0000000087400000, 0x0000000087500000|  0%| F|  |TAMS 0x0000000087400000, 0x0000000087400000| Untracked 
| 117|0x0000000087500000, 0x0000000087500000, 0x0000000087600000|  0%| F|  |TAMS 0x0000000087500000, 0x0000000087500000| Untracked 
| 118|0x0000000087600000, 0x0000000087600000, 0x0000000087700000|  0%| F|  |TAMS 0x0000000087600000, 0x0000000087600000| Untracked 
| 119|0x0000000087700000, 0x0000000087700000, 0x0000000087800000|  0%| F|  |TAMS 0x0000000087700000, 0x0000000087700000| Untracked 
| 120|0x0000000087800000, 0x0000000087800000, 0x0000000087900000|  0%| F|  |TAMS 0x0000000087800000, 0x0000000087800000| Untracked 
| 121|0x0000000087900000, 0x0000000087900000, 0x0000000087a00000|  0%| F|  |TAMS 0x0000000087900000, 0x0000000087900000| Untracked 
| 122|0x0000000087a00000, 0x0000000087a00000, 0x0000000087b00000|  0%| F|  |TAMS 0x0000000087a00000, 0x0000000087a00000| Untracked 
| 123|0x0000000087b00000, 0x0000000087b00000, 0x0000000087c00000|  0%| F|  |TAMS 0x0000000087b00000, 0x0000000087b00000| Untracked 
| 124|0x0000000087c00000, 0x0000000087c00000, 0x0000000087d00000|  0%| F|  |TAMS 0x0000000087c00000, 0x0000000087c00000| Untracked 
| 125|0x0000000087d00000, 0x0000000087d00000, 0x0000000087e00000|  0%| F|  |TAMS 0x0000000087d00000, 0x0000000087d00000| Untracked 
| 126|0x0000000087e00000, 0x0000000087e00000, 0x0000000087f00000|  0%| F|  |TAMS 0x0000000087e00000, 0x0000000087e00000| Untracked 
| 127|0x0000000087f00000, 0x0000000087f00000, 0x0000000088000000|  0%| F|  |TAMS 0x0000000087f00000, 0x0000000087f00000| Untracked 
| 128|0x0000000088000000, 0x0000000088000000, 0x0000000088100000|  0%| F|  |TAMS 0x0000000088000000, 0x0000000088000000| Untracked 
| 129|0x0000000088100000, 0x0000000088100000, 0x0000000088200000|  0%| F|  |TAMS 0x0000000088100000, 0x0000000088100000| Untracked 
| 130|0x0000000088200000, 0x0000000088200000, 0x0000000088300000|  0%| F|  |TAMS 0x0000000088200000, 0x0000000088200000| Untracked 
| 131|0x0000000088300000, 0x0000000088380800, 0x0000000088400000| 50%| E|  |TAMS 0x0000000088300000, 0x0000000088300000| Complete 
| 132|0x0000000088400000, 0x0000000088500000, 0x0000000088500000|100%| E|CS|TAMS 0x0000000088400000, 0x0000000088400000| Complete 
| 133|0x0000000088500000, 0x0000000088600000, 0x0000000088600000|100%| E|CS|TAMS 0x0000000088500000, 0x0000000088500000| Complete 
| 134|0x0000000088600000, 0x0000000088700000, 0x0000000088700000|100%| E|CS|TAMS 0x0000000088600000, 0x0000000088600000| Complete 
| 135|0x0000000088700000, 0x0000000088800000, 0x0000000088800000|100%| E|CS|TAMS 0x0000000088700000, 0x0000000088700000| Complete 
| 136|0x0000000088800000, 0x0000000088900000, 0x0000000088900000|100%| E|CS|TAMS 0x0000000088800000, 0x0000000088800000| Complete 
| 137|0x0000000088900000, 0x0000000088a00000, 0x0000000088a00000|100%| E|CS|TAMS 0x0000000088900000, 0x0000000088900000| Complete 
| 138|0x0000000088a00000, 0x0000000088b00000, 0x0000000088b00000|100%| E|CS|TAMS 0x0000000088a00000, 0x0000000088a00000| Complete 
| 139|0x0000000088b00000, 0x0000000088c00000, 0x0000000088c00000|100%| E|CS|TAMS 0x0000000088b00000, 0x0000000088b00000| Complete 
| 140|0x0000000088c00000, 0x0000000088d00000, 0x0000000088d00000|100%| E|CS|TAMS 0x0000000088c00000, 0x0000000088c00000| Complete 
| 141|0x0000000088d00000, 0x0000000088e00000, 0x0000000088e00000|100%| E|CS|TAMS 0x0000000088d00000, 0x0000000088d00000| Complete 

Card table byte_map: [0x000002214e2f0000,0x000002214e6f0000] _byte_map_base: 0x000002214def0000

Marking Bits (Prev, Next): (CMBitMap*) 0x000002213aba33d8, (CMBitMap*) 0x000002213aba3410
 Prev Bits: [0x000002214eaf0000, 0x0000022150af0000)
 Next Bits: [0x0000022150af0000, 0x0000022152af0000)

Polling page: 0x0000022138af0000

Metaspace:

Usage:
  Non-class:     62.53 MB capacity,    61.53 MB ( 98%) used,   843.27 KB (  1%) free+waste,   180.94 KB ( <1%) overhead. 
      Class:      9.79 MB capacity,     9.18 MB ( 94%) used,   540.92 KB (  5%) free+waste,    83.94 KB ( <1%) overhead. 
       Both:     72.31 MB capacity,    70.70 MB ( 98%) used,     1.35 MB (  2%) free+waste,   264.88 KB ( <1%) overhead. 

Virtual space:
  Non-class space:       64.00 MB reserved,      62.62 MB ( 98%) committed 
      Class space:        1.00 GB reserved,       9.88 MB ( <1%) committed 
             Both:        1.06 GB reserved,      72.50 MB (  7%) committed 

Chunk freelists:
   Non-Class:  31.00 KB
       Class:  0 bytes
        Both:  31.00 KB

MaxMetaspaceSize: 17179869184.00 GB
CompressedClassSpaceSize: 1.00 GB
Initial GC threshold: 20.80 MB
Current GC threshold: 106.45 MB
CDS: off

CodeHeap 'non-profiled nmethods': size=119168Kb used=4576Kb max_used=4576Kb free=114591Kb
 bounds [0x0000022146200000, 0x0000022146680000, 0x000002214d660000]
CodeHeap 'profiled nmethods': size=119168Kb used=17064Kb max_used=17064Kb free=102103Kb
 bounds [0x000002213eda0000, 0x000002213fe50000, 0x0000022146200000]
CodeHeap 'non-nmethods': size=7424Kb used=4043Kb max_used=4076Kb free=3380Kb
 bounds [0x000002213e660000, 0x000002213ea70000, 0x000002213eda0000]
 total_blobs=8794 nmethods=7929 adapters=774
 compilation: enabled
              stopped_count=0, restarted_count=0
 full_count=0

Compilation events (20 events):
Event: 9.461 Thread 0x000002215727d000 nmethod 7938 0x000002213fe37f90 code [0x000002213fe38140, 0x000002213fe38248]
Event: 9.463 Thread 0x0000022155a43800 nmethod 7934 0x000002213fe38310 code [0x000002213fe38760, 0x000002213fe3a368]
Event: 9.463 Thread 0x0000022159a76000 nmethod 7928 0x0000022146674b90 code [0x0000022146674d20, 0x0000022146675098]
Event: 9.463 Thread 0x0000022159a76000 7939       4       jdk.internal.org.objectweb.asm.ClassReader::<init> (257 bytes)
Event: 9.465 Thread 0x0000022156927000 7940       3       java.util.Optional::ifPresent (18 bytes)
Event: 9.466 Thread 0x0000022156927000 nmethod 7940 0x000002213fe3ad10 code [0x000002213fe3aec0, 0x000002213fe3b0c8]
Event: 9.470 Thread 0x000002215631b000 7941       3       org.gradle.api.internal.file.AbstractFileCollection::<init> (10 bytes)
Event: 9.470 Thread 0x000002215727d000 7942       3       java.io.WinNTFileSystem::isSlash (18 bytes)
Event: 9.470 Thread 0x000002215631b000 nmethod 7941 0x000002213fe3b190 code [0x000002213fe3b340, 0x000002213fe3b4f8]
Event: 9.470 Thread 0x000002215727d000 nmethod 7942 0x000002213fe3b590 code [0x000002213fe3b740, 0x000002213fe3b8d8]
Event: 9.470 Thread 0x0000022155a43800 7943 %     3       java.io.WinNTFileSystem::normalize @ 22 (143 bytes)
Event: 9.471 Thread 0x000002215727d000 7944       1       org.gradle.api.internal.provider.ValueSupplier$Present::isMissing (2 bytes)
Event: 9.471 Thread 0x000002215727d000 nmethod 7944 0x0000022146675210 code [0x00000221466753c0, 0x0000022146675478]
Event: 9.471 Thread 0x0000022155a43800 nmethod 7943% 0x000002213fe3b990 code [0x000002213fe3bc20, 0x000002213fe3c8f8]
Event: 9.474 Thread 0x0000022159a76000 nmethod 7939 0x0000022146675510 code [0x00000221466756e0, 0x0000022146675e08]
Event: 9.474 Thread 0x0000022159a76000 7931 %     4       org.objectweb.asm.ByteVector::encodeUtf8 @ 12 (337 bytes)
Event: 9.482 Thread 0x0000022159a76000 nmethod 7931% 0x0000022146676190 code [0x0000022146676380, 0x0000022146676968]
Event: 9.482 Thread 0x0000022159a76000 7945       4       org.gradle.internal.reflect.MutableClassDetails::property (41 bytes)
Event: 9.485 Thread 0x0000022156927000 7947       3       org.gradle.internal.instantiation.generator.AsmBackedClassGenerator$ClassBuilderImpl::putServiceRegistryOnStack (65 bytes)
Event: 9.485 Thread 0x0000022156927000 nmethod 7947 0x000002213fe3ce10 code [0x000002213fe3d040, 0x000002213fe3d678]

GC Heap History (20 events):
Event: 4.572 GC heap before
{Heap before GC invocations=5 (full 0):
 garbage-first heap   total 120832K, used 74168K [0x0000000080000000, 0x0000000100000000)
  region size 1024K, 58 young (59392K), 4 survivors (4096K)
 Metaspace       used 32224K, capacity 32978K, committed 33200K, reserved 1077248K
  class space    used 4279K, capacity 4562K, committed 4608K, reserved 1048576K
}
Event: 4.576 GC heap after
{Heap after GC invocations=6 (full 0):
 garbage-first heap   total 120832K, used 21053K [0x0000000080000000, 0x0000000100000000)
  region size 1024K, 6 young (6144K), 6 survivors (6144K)
 Metaspace       used 32224K, capacity 32978K, committed 33200K, reserved 1077248K
  class space    used 4279K, capacity 4562K, committed 4608K, reserved 1048576K
}
Event: 4.753 GC heap before
{Heap before GC invocations=6 (full 0):
 garbage-first heap   total 120832K, used 26173K [0x0000000080000000, 0x0000000100000000)
  region size 1024K, 12 young (12288K), 6 survivors (6144K)
 Metaspace       used 34845K, capacity 35630K, committed 35708K, reserved 1081344K
  class space    used 4486K, capacity 4807K, committed 4864K, reserved 1048576K
}
Event: 4.760 GC heap after
{Heap after GC invocations=7 (full 0):
 garbage-first heap   total 120832K, used 22161K [0x0000000080000000, 0x0000000100000000)
  region size 1024K, 6 young (6144K), 6 survivors (6144K)
 Metaspace       used 34845K, capacity 35630K, committed 35708K, reserved 1081344K
  class space    used 4486K, capacity 4807K, committed 4864K, reserved 1048576K
}
Event: 5.389 GC heap before
{Heap before GC invocations=8 (full 0):
 garbage-first heap   total 120832K, used 79505K [0x0000000080000000, 0x0000000100000000)
  region size 1024K, 59 young (60416K), 6 survivors (6144K)
 Metaspace       used 39544K, capacity 40474K, committed 40572K, reserved 1085440K
  class space    used 5025K, capacity 5353K, committed 5376K, reserved 1048576K
}
Event: 5.396 GC heap after
{Heap after GC invocations=9 (full 0):
 garbage-first heap   total 120832K, used 26724K [0x0000000080000000, 0x0000000100000000)
  region size 1024K, 8 young (8192K), 8 survivors (8192K)
 Metaspace       used 39544K, capacity 40474K, committed 40572K, reserved 1085440K
  class space    used 5025K, capacity 5353K, committed 5376K, reserved 1048576K
}
Event: 5.976 GC heap before
{Heap before GC invocations=9 (full 0):
 garbage-first heap   total 120832K, used 82020K [0x0000000080000000, 0x0000000100000000)
  region size 1024K, 61 young (62464K), 8 survivors (8192K)
 Metaspace       used 44544K, capacity 45564K, committed 45692K, reserved 1089536K
  class space    used 5684K, capacity 6057K, committed 6144K, reserved 1048576K
}
Event: 5.981 GC heap after
{Heap after GC invocations=10 (full 0):
 garbage-first heap   total 120832K, used 29110K [0x0000000080000000, 0x0000000100000000)
  region size 1024K, 3 young (3072K), 3 survivors (3072K)
 Metaspace       used 44544K, capacity 45564K, committed 45692K, reserved 1089536K
  class space    used 5684K, capacity 6057K, committed 6144K, reserved 1048576K
}
Event: 6.543 GC heap before
{Heap before GC invocations=10 (full 0):
 garbage-first heap   total 120832K, used 84406K [0x0000000080000000, 0x0000000100000000)
  region size 1024K, 57 young (58368K), 3 survivors (3072K)
 Metaspace       used 48282K, capacity 49525K, committed 49532K, reserved 1091584K
  class space    used 6187K, capacity 6654K, committed 6656K, reserved 1048576K
}
Event: 6.546 GC heap after
{Heap after GC invocations=11 (full 0):
 garbage-first heap   total 120832K, used 30989K [0x0000000080000000, 0x0000000100000000)
  region size 1024K, 5 young (5120K), 5 survivors (5120K)
 Metaspace       used 48282K, capacity 49525K, committed 49532K, reserved 1091584K
  class space    used 6187K, capacity 6654K, committed 6656K, reserved 1048576K
}
Event: 7.282 GC heap before
{Heap before GC invocations=11 (full 0):
 garbage-first heap   total 120832K, used 90381K [0x0000000080000000, 0x0000000100000000)
  region size 1024K, 60 young (61440K), 5 survivors (5120K)
 Metaspace       used 51856K, capacity 53170K, committed 53372K, reserved 1095680K
  class space    used 6608K, capacity 7127K, committed 7168K, reserved 1048576K
}
Event: 7.287 GC heap after
{Heap after GC invocations=12 (full 0):
 garbage-first heap   total 120832K, used 42958K [0x0000000080000000, 0x0000000100000000)
  region size 1024K, 8 young (8192K), 8 survivors (8192K)
 Metaspace       used 51856K, capacity 53170K, committed 53372K, reserved 1095680K
  class space    used 6608K, capacity 7127K, committed 7168K, reserved 1048576K
}
Event: 7.839 GC heap before
{Heap before GC invocations=12 (full 0):
 garbage-first heap   total 120832K, used 89038K [0x0000000080000000, 0x0000000100000000)
  region size 1024K, 54 young (55296K), 8 survivors (8192K)
 Metaspace       used 58453K, capacity 59833K, committed 59900K, reserved 1101824K
  class space    used 7428K, capacity 7998K, committed 8064K, reserved 1048576K
}
Event: 7.847 GC heap after
{Heap after GC invocations=13 (full 0):
 garbage-first heap   total 120832K, used 45820K [0x0000000080000000, 0x0000000100000000)
  region size 1024K, 2 young (2048K), 2 survivors (2048K)
 Metaspace       used 58453K, capacity 59833K, committed 59900K, reserved 1101824K
  class space    used 7428K, capacity 7998K, committed 8064K, reserved 1048576K
}
Event: 8.292 GC heap before
{Heap before GC invocations=14 (full 0):
 garbage-first heap   total 120832K, used 91900K [0x0000000080000000, 0x0000000100000000)
  region size 1024K, 48 young (49152K), 2 survivors (2048K)
 Metaspace       used 63600K, capacity 65120K, committed 65404K, reserved 1105920K
  class space    used 8025K, capacity 8582K, committed 8704K, reserved 1048576K
}
Event: 8.297 GC heap after
{Heap after GC invocations=15 (full 0):
 garbage-first heap   total 145408K, used 49702K [0x0000000080000000, 0x0000000100000000)
  region size 1024K, 6 young (6144K), 6 survivors (6144K)
 Metaspace       used 63600K, capacity 65120K, committed 65404K, reserved 1105920K
  class space    used 8025K, capacity 8582K, committed 8704K, reserved 1048576K
}
Event: 8.647 GC heap before
{Heap before GC invocations=16 (full 0):
 garbage-first heap   total 145408K, used 103974K [0x0000000080000000, 0x0000000100000000)
  region size 1024K, 59 young (60416K), 6 survivors (6144K)
 Metaspace       used 65684K, capacity 67244K, committed 67580K, reserved 1107968K
  class space    used 8337K, capacity 8961K, committed 9088K, reserved 1048576K
}
Event: 8.653 GC heap after
{Heap after GC invocations=17 (full 0):
 garbage-first heap   total 145408K, used 53441K [0x0000000080000000, 0x0000000100000000)
  region size 1024K, 4 young (4096K), 4 survivors (4096K)
 Metaspace       used 65684K, capacity 67244K, committed 67580K, reserved 1107968K
  class space    used 8337K, capacity 8961K, committed 9088K, reserved 1048576K
}
Event: 9.383 GC heap before
{Heap before GC invocations=17 (full 0):
 garbage-first heap   total 145408K, used 107713K [0x0000000080000000, 0x0000000100000000)
  region size 1024K, 57 young (58368K), 4 survivors (4096K)
 Metaspace       used 71522K, capacity 73194K, committed 73340K, reserved 1112064K
  class space    used 9272K, capacity 9931K, committed 9984K, reserved 1048576K
}
Event: 9.388 GC heap after
{Heap after GC invocations=18 (full 0):
 garbage-first heap   total 145408K, used 57039K [0x0000000080000000, 0x0000000100000000)
  region size 1024K, 8 young (8192K), 8 survivors (8192K)
 Metaspace       used 71522K, capacity 73194K, committed 73340K, reserved 1112064K
  class space    used 9272K, capacity 9931K, committed 9984K, reserved 1048576K
}

Deoptimization events (20 events):
Event: 9.360 Thread 0x0000022158472000 DEOPT PACKING pc=0x000002214649b478 sp=0x000000ffcabf9340
Event: 9.360 Thread 0x0000022158472000 DEOPT UNPACKING pc=0x000002213e6aa1af sp=0x000000ffcabf9308 mode 2
Event: 9.401 Thread 0x0000022158472000 Uncommon trap: trap_request=0xffffff4d fr.pc=0x000002214646f428 relative=0x00000000000000c8
Event: 9.401 Thread 0x0000022158472000 Uncommon trap: reason=unstable_if action=reinterpret pc=0x000002214646f428 method=java.io.WinNTFileSystem.normalize(Ljava/lang/String;)Ljava/lang/String; @ 74 c2
Event: 9.401 Thread 0x0000022158472000 DEOPT PACKING pc=0x000002214646f428 sp=0x000000ffcabf98a0
Event: 9.401 Thread 0x0000022158472000 DEOPT UNPACKING pc=0x000002213e6aa1af sp=0x000000ffcabf9818 mode 2
Event: 9.401 Thread 0x0000022158472000 Uncommon trap: trap_request=0xffffff4d fr.pc=0x0000022146455494 relative=0x00000000000013d4
Event: 9.401 Thread 0x0000022158472000 Uncommon trap: reason=unstable_if action=reinterpret pc=0x0000022146455494 method=java.io.WinNTFileSystem.normalize(Ljava/lang/String;II)Ljava/lang/String; @ 100 c2
Event: 9.401 Thread 0x0000022158472000 DEOPT PACKING pc=0x0000022146455494 sp=0x000000ffcabf9780
Event: 9.401 Thread 0x0000022158472000 DEOPT UNPACKING pc=0x000002213e6aa1af sp=0x000000ffcabf9778 mode 2
Event: 9.419 Thread 0x0000022158472000 Uncommon trap: trap_request=0xffffff4d fr.pc=0x000002214622a880 relative=0x0000000000000060
Event: 9.419 Thread 0x0000022158472000 Uncommon trap: reason=unstable_if action=reinterpret pc=0x000002214622a880 method=java.io.WinNTFileSystem.isSlash(C)Z @ 9 c2
Event: 9.419 Thread 0x0000022158472000 DEOPT PACKING pc=0x000002214622a880 sp=0x000000ffcabf9260
Event: 9.419 Thread 0x0000022158472000 DEOPT UNPACKING pc=0x000002213e6aa1af sp=0x000000ffcabf91e8 mode 2
Event: 9.434 Thread 0x0000022158472000 Uncommon trap: trap_request=0xffffffde fr.pc=0x00000221465d4ba8 relative=0x0000000000002c88
Event: 9.434 Thread 0x0000022158472000 Uncommon trap: reason=class_check action=maybe_recompile pc=0x00000221465d4ba8 method=java.util.TreeMap.put(Ljava/lang/Object;Ljava/lang/Object;)Ljava/lang/Object; @ 127 c2
Event: 9.434 Thread 0x0000022158472000 DEOPT PACKING pc=0x00000221465d4ba8 sp=0x000000ffcabfae20
Event: 9.434 Thread 0x0000022158472000 DEOPT UNPACKING pc=0x000002213e6aa1af sp=0x000000ffcabfadd0 mode 2
Event: 9.462 Thread 0x0000022158472000 DEOPT PACKING pc=0x000002213fbe58a7 sp=0x000000ffcabf9330
Event: 9.462 Thread 0x0000022158472000 DEOPT UNPACKING pc=0x000002213e6aa95e sp=0x000000ffcabf87e0 mode 0

Classes redefined (0 events):
No events

Internal exceptions (20 events):
Event: 8.663 Thread 0x0000022158472000 Exception <a 'java/lang/ClassNotFoundException'{0x0000000088c3a190}: com/android/build/gradle/internal/CompileOptions$AgpDecorated_DecoratedBeanInfo> (0x0000000088c3a190) thrown at [./src/hotspot/share/classfile/systemDictionary.cpp, line 231]
Event: 8.664 Thread 0x0000022158472000 Exception <a 'java/lang/ClassNotFoundException'{0x0000000088c55b90}: com/android/build/gradle/internal/CompileOptions$AgpDecoratedBeanInfo> (0x0000000088c55b90) thrown at [./src/hotspot/share/classfile/systemDictionary.cpp, line 231]
Event: 8.664 Thread 0x0000022158472000 Exception <a 'java/lang/ClassNotFoundException'{0x0000000088c6f740}: com/android/build/gradle/internal/CompileOptionsBeanInfo> (0x0000000088c6f740) thrown at [./src/hotspot/share/classfile/systemDictionary.cpp, line 231]
Event: 8.665 Thread 0x0000022158472000 Exception <a 'java/lang/ClassNotFoundException'{0x0000000088c89b20}: com/android/build/gradle/internal/CompileOptionsCustomizer> (0x0000000088c89b20) thrown at [./src/hotspot/share/classfile/systemDictionary.cpp, line 231]
Event: 8.665 Thread 0x0000022158472000 Exception <a 'java/lang/ClassNotFoundException'{0x0000000088cb11d8}: com/android/build/gradle/internal/CompileOptions$AgpDecoratedCustomizer> (0x0000000088cb11d8) thrown at [./src/hotspot/share/classfile/systemDictionary.cpp, line 231]
Event: 8.666 Thread 0x0000022158472000 Exception <a 'java/lang/ClassNotFoundException'{0x0000000088cdbdf8}: com/android/build/gradle/internal/CompileOptions$AgpDecorated_DecoratedCustomizer> (0x0000000088cdbdf8) thrown at [./src/hotspot/share/classfile/systemDictionary.cpp, line 231]
Event: 8.671 Thread 0x0000022158472000 Exception <a 'java/lang/ClassNotFoundException'{0x0000000088b9bdc8}: org/gradle/api/internal/artifacts/dsl/dependencies/DefaultDependencyHandler_DecoratedBeanInfo> (0x0000000088b9bdc8) thrown at [./src/hotspot/share/classfile/systemDictionary.cpp, line 231]
Event: 8.672 Thread 0x0000022158472000 Exception <a 'java/lang/ClassNotFoundException'{0x0000000088be4e90}: org/gradle/api/internal/artifacts/dsl/dependencies/DefaultDependencyHandlerBeanInfo> (0x0000000088be4e90) thrown at [./src/hotspot/share/classfile/systemDictionary.cpp, line 231]
Event: 8.673 Thread 0x0000022158472000 Exception <a 'java/lang/ClassNotFoundException'{0x0000000088a2de78}: org/gradle/api/internal/artifacts/dsl/dependencies/DefaultDependencyHandlerCustomizer> (0x0000000088a2de78) thrown at [./src/hotspot/share/classfile/systemDictionary.cpp, line 231]
Event: 8.674 Thread 0x0000022158472000 Exception <a 'java/lang/ClassNotFoundException'{0x0000000088a9ded0}: org/gradle/api/internal/artifacts/dsl/dependencies/DefaultDependencyHandler_DecoratedCustomizer> (0x0000000088a9ded0) thrown at [./src/hotspot/share/classfile/systemDictionary.cpp, line 231]
Event: 8.845 Thread 0x0000022158472000 Implicit null exception at 0x00000221464cb0fe to 0x00000221464cb288
Event: 9.296 Thread 0x0000022158472000 Exception <a 'java/lang/ClassNotFoundException'{0x0000000085fbeb88}: com/android/build/gradle/internal/api/ApkVariantOutputImpl_DecoratedBeanInfo> (0x0000000085fbeb88) thrown at [./src/hotspot/share/classfile/systemDictionary.cpp, line 231]
Event: 9.297 Thread 0x0000022158472000 Exception <a 'java/lang/ClassNotFoundException'{0x0000000085fd93b8}: com/android/build/gradle/internal/api/ApkVariantOutputImplBeanInfo> (0x0000000085fd93b8) thrown at [./src/hotspot/share/classfile/systemDictionary.cpp, line 231]
Event: 9.297 Thread 0x0000022158472000 Exception <a 'java/lang/ClassNotFoundException'{0x0000000085ff4428}: com/android/build/gradle/internal/api/BaseVariantOutputImplBeanInfo> (0x0000000085ff4428) thrown at [./src/hotspot/share/classfile/systemDictionary.cpp, line 231]
Event: 9.297 Thread 0x0000022158472000 Exception <a 'java/lang/ClassNotFoundException'{0x0000000085e0f9b0}: com/android/build/gradle/internal/api/BaseVariantOutputImplCustomizer> (0x0000000085e0f9b0) thrown at [./src/hotspot/share/classfile/systemDictionary.cpp, line 231]
Event: 9.299 Thread 0x0000022158472000 Exception <a 'java/lang/ClassNotFoundException'{0x0000000085e3d120}: com/android/build/gradle/internal/api/ApkVariantOutputImplCustomizer> (0x0000000085e3d120) thrown at [./src/hotspot/share/classfile/systemDictionary.cpp, line 231]
Event: 9.299 Thread 0x0000022158472000 Exception <a 'java/lang/ClassNotFoundException'{0x0000000085e67108}: com/android/build/gradle/internal/api/ApkVariantOutputImpl_DecoratedCustomizer> (0x0000000085e67108) thrown at [./src/hotspot/share/classfile/systemDictionary.cpp, line 231]
Event: 9.311 Thread 0x0000022158472000 Exception <a 'java/lang/NoClassDefFoundError'{0x0000000085dd26f0}: org/jetbrains/kotlin/gradle/plugin/KotlinBasePluginWrapper> (0x0000000085dd26f0) thrown at [./src/hotspot/share/classfile/systemDictionary.cpp, line 220]
Event: 9.360 Thread 0x0000022158472000 Implicit null exception at 0x0000022146499caf to 0x000002214649a418
Event: 9.360 Thread 0x0000022158472000 Implicit null exception at 0x000002214649ad15 to 0x000002214649b460

Events (20 events):
Event: 9.478 loading class org/gradle/api/tasks/compile/ProviderAwareCompilerDaemonForkOptions
Event: 9.478 loading class org/gradle/api/tasks/compile/ProviderAwareCompilerDaemonForkOptions done
Event: 9.479 loading class org/gradle/api/tasks/compile/BaseForkOptions
Event: 9.479 loading class org/gradle/api/tasks/compile/BaseForkOptions done
Event: 9.479 loading class org/gradle/api/internal/tasks/compile/incremental/recomp/JavaRecompilationSpecProvider
Event: 9.479 loading class org/gradle/api/internal/tasks/compile/incremental/recomp/JavaRecompilationSpecProvider done
Event: 9.480 loading class org/gradle/api/internal/tasks/compile/incremental/recomp/AbstractRecompilationSpecProvider
Event: 9.480 loading class org/gradle/api/internal/tasks/compile/incremental/recomp/AbstractRecompilationSpecProvider done
Event: 9.481 loading class org/gradle/jvm/toolchain/JavaCompiler
Event: 9.481 loading class org/gradle/jvm/toolchain/JavaCompiler done
Event: 9.486 loading class org/gradle/api/tasks/compile/AbstractCompile$BackwardCompatibilityOutputDirectoryConvention
Event: 9.486 loading class org/gradle/api/tasks/compile/AbstractCompile$BackwardCompatibilityOutputDirectoryConvention done
Event: 9.487 loading class org/gradle/api/file/FileTree
Event: 9.487 loading class org/gradle/api/file/FileTree done
Event: 9.487 loading class org/gradle/api/file/FileTree
Event: 9.487 loading class org/gradle/api/file/FileTree done
Event: 9.487 loading class org/gradle/api/tasks/compile/JavaCompile
Event: 9.487 loading class org/gradle/api/tasks/compile/JavaCompile done
Event: 9.488 loading class org/gradle/api/tasks/compile/DebugOptions
Event: 9.488 loading class org/gradle/api/tasks/compile/DebugOptions done


Dynamic libraries:
0x00007ff6469a0000 - 0x00007ff6469aa000 	C:\Program Files\Android\Android Studio\jre\bin\java.exe
0x00007ffd62c10000 - 0x00007ffd62e24000 	C:\WINDOWS\SYSTEM32\ntdll.dll
0x00007ffd61c30000 - 0x00007ffd61cf2000 	C:\WINDOWS\System32\KERNEL32.DLL
0x00007ffd600e0000 - 0x00007ffd6047d000 	C:\WINDOWS\System32\KERNELBASE.dll
0x00007ffd608f0000 - 0x00007ffd60a01000 	C:\WINDOWS\System32\ucrtbase.dll
0x00007ffd47340000 - 0x00007ffd47359000 	C:\Program Files\Android\Android Studio\jre\bin\jli.dll
0x00007ffd44f10000 - 0x00007ffd44f27000 	C:\Program Files\Android\Android Studio\jre\bin\VCRUNTIME140.dll
0x00007ffd62510000 - 0x00007ffd626ba000 	C:\WINDOWS\System32\USER32.dll
0x00007ffd60540000 - 0x00007ffd60566000 	C:\WINDOWS\System32\win32u.dll
0x00007ffd44ac0000 - 0x00007ffd44d4e000 	C:\WINDOWS\WinSxS\amd64_microsoft.windows.common-controls_6595b64144ccf1df_6.0.22621.608_none_a9444ca7c10bb01d\COMCTL32.dll
0x00007ffd61920000 - 0x00007ffd61949000 	C:\WINDOWS\System32\GDI32.dll
0x00007ffd607d0000 - 0x00007ffd608e2000 	C:\WINDOWS\System32\gdi32full.dll
0x00007ffd61a80000 - 0x00007ffd61b27000 	C:\WINDOWS\System32\msvcrt.dll
0x00007ffd60040000 - 0x00007ffd600da000 	C:\WINDOWS\System32\msvcp_win.dll
0x00007ffd61950000 - 0x00007ffd61982000 	C:\WINDOWS\System32\IMM32.DLL
0x00007ffd22ff0000 - 0x00007ffd2308d000 	C:\Program Files\Android\Android Studio\jre\bin\msvcp140.dll
0x00007ffce66c0000 - 0x00007ffce71a5000 	C:\Program Files\Android\Android Studio\jre\bin\server\jvm.dll
0x00007ffd61d00000 - 0x00007ffd61dae000 	C:\WINDOWS\System32\ADVAPI32.dll
0x00007ffd61990000 - 0x00007ffd61a34000 	C:\WINDOWS\System32\sechost.dll
0x00007ffd60c30000 - 0x00007ffd60d45000 	C:\WINDOWS\System32\RPCRT4.dll
0x00007ffd618c0000 - 0x00007ffd618c8000 	C:\WINDOWS\System32\PSAPI.DLL
0x00007ffd5d420000 - 0x00007ffd5d429000 	C:\WINDOWS\SYSTEM32\WSOCK32.dll
0x00007ffd59460000 - 0x00007ffd59494000 	C:\WINDOWS\SYSTEM32\WINMM.dll
0x00007ffd58da0000 - 0x00007ffd58daa000 	C:\WINDOWS\SYSTEM32\VERSION.dll
0x00007ffd61780000 - 0x00007ffd617f1000 	C:\WINDOWS\System32\WS2_32.dll
0x00007ffd5f020000 - 0x00007ffd5f038000 	C:\WINDOWS\SYSTEM32\kernel.appcore.dll
0x00007ffd5b810000 - 0x00007ffd5b821000 	C:\Program Files\Android\Android Studio\jre\bin\verify.dll
0x00007ffd4b3d0000 - 0x00007ffd4b5fe000 	C:\WINDOWS\SYSTEM32\DBGHELP.DLL
0x00007ffd626e0000 - 0x00007ffd62a6a000 	C:\WINDOWS\System32\combase.dll
0x00007ffd62240000 - 0x00007ffd62317000 	C:\WINDOWS\System32\OLEAUT32.dll
0x00007ffd3f260000 - 0x00007ffd3f292000 	C:\WINDOWS\SYSTEM32\dbgcore.DLL
0x00007ffd60570000 - 0x00007ffd605eb000 	C:\WINDOWS\System32\bcryptPrimitives.dll
0x00007ffd49a30000 - 0x00007ffd49a59000 	C:\Program Files\Android\Android Studio\jre\bin\java.dll
0x00007ffd5d3e0000 - 0x00007ffd5d3eb000 	C:\Program Files\Android\Android Studio\jre\bin\jimage.dll
0x00007ffd5a7d0000 - 0x00007ffd5a7e8000 	C:\Program Files\Android\Android Studio\jre\bin\zip.dll
0x00007ffd60d50000 - 0x00007ffd61530000 	C:\WINDOWS\System32\SHELL32.dll
0x00007ffd5e030000 - 0x00007ffd5e8f5000 	C:\WINDOWS\SYSTEM32\windows.storage.dll
0x00007ffd5def0000 - 0x00007ffd5e02e000 	C:\WINDOWS\SYSTEM32\wintypes.dll
0x00007ffd61b30000 - 0x00007ffd61c21000 	C:\WINDOWS\System32\SHCORE.dll
0x00007ffd62a70000 - 0x00007ffd62ace000 	C:\WINDOWS\System32\shlwapi.dll
0x00007ffd5ff70000 - 0x00007ffd5ff91000 	C:\WINDOWS\SYSTEM32\profapi.dll
0x00007ffd53270000 - 0x00007ffd5328a000 	C:\Program Files\Android\Android Studio\jre\bin\net.dll
0x00007ffd59230000 - 0x00007ffd5935f000 	C:\WINDOWS\SYSTEM32\WINHTTP.dll
0x00007ffd5f4d0000 - 0x00007ffd5f539000 	C:\WINDOWS\system32\mswsock.dll
0x00007ffd49a10000 - 0x00007ffd49a24000 	C:\Program Files\Android\Android Studio\jre\bin\nio.dll
0x00007ffd46f40000 - 0x00007ffd46f67000 	C:\Users\Le Thanh Hang\.gradle\native\e1d6ef7f7dcc3fd88c89a11ec53ec762bb8ba0a96d01ffa2cd45eb1d1d8dd5c5\windows-amd64\native-platform.dll
0x00007ffcf6850000 - 0x00007ffcf6994000 	C:\Users\Le Thanh Hang\.gradle\native\5664cfc778a61ccfe75a443a1ab52a65af34e5dc3c78e0209fed803814484fcb\windows-amd64\native-platform-file-events.dll
0x00007ffd5d380000 - 0x00007ffd5d38a000 	C:\Program Files\Android\Android Studio\jre\bin\management.dll
0x00007ffd5b800000 - 0x00007ffd5b80d000 	C:\Program Files\Android\Android Studio\jre\bin\management_ext.dll
0x00007ffd5f700000 - 0x00007ffd5f71b000 	C:\WINDOWS\SYSTEM32\CRYPTSP.dll
0x00007ffd5efe0000 - 0x00007ffd5f015000 	C:\WINDOWS\system32\rsaenh.dll
0x00007ffd5f590000 - 0x00007ffd5f5b8000 	C:\WINDOWS\SYSTEM32\USERENV.dll
0x00007ffd5f960000 - 0x00007ffd5f988000 	C:\WINDOWS\SYSTEM32\bcrypt.dll
0x00007ffd5f720000 - 0x00007ffd5f72c000 	C:\WINDOWS\SYSTEM32\CRYPTBASE.dll
0x00007ffd5eb90000 - 0x00007ffd5ebbd000 	C:\WINDOWS\SYSTEM32\IPHLPAPI.DLL
0x00007ffd62230000 - 0x00007ffd62239000 	C:\WINDOWS\System32\NSI.dll
0x00007ffd59440000 - 0x00007ffd59459000 	C:\WINDOWS\SYSTEM32\dhcpcsvc6.DLL
0x00007ffd59210000 - 0x00007ffd5922f000 	C:\WINDOWS\SYSTEM32\dhcpcsvc.DLL
0x00007ffd5ebc0000 - 0x00007ffd5ecb2000 	C:\WINDOWS\SYSTEM32\DNSAPI.dll

dbghelp: loaded successfully - version: 4.0.5 - missing functions: none
symbol engine: initialized successfully - sym options: 0x614 - pdb path: .;C:\Program Files\Android\Android Studio\jre\bin;C:\WINDOWS\SYSTEM32;C:\WINDOWS\WinSxS\amd64_microsoft.windows.common-controls_6595b64144ccf1df_6.0.22621.608_none_a9444ca7c10bb01d;C:\Program Files\Android\Android Studio\jre\bin\server;C:\Users\Le Thanh Hang\.gradle\native\e1d6ef7f7dcc3fd88c89a11ec53ec762bb8ba0a96d01ffa2cd45eb1d1d8dd5c5\windows-amd64;C:\Users\Le Thanh Hang\.gradle\native\5664cfc778a61ccfe75a443a1ab52a65af34e5dc3c78e0209fed803814484fcb\windows-amd64

VM Arguments:
jvm_args: --add-opens=java.base/java.util=ALL-UNNAMED --add-opens=java.base/java.lang=ALL-UNNAMED --add-opens=java.base/java.lang.invoke=ALL-UNNAMED --add-opens=java.base/java.util=ALL-UNNAMED --add-opens=java.prefs/java.util.prefs=ALL-UNNAMED --add-opens=java.prefs/java.util.prefs=ALL-UNNAMED --add-opens=java.base/java.nio.charset=ALL-UNNAMED --add-opens=java.base/java.net=ALL-UNNAMED --add-opens=java.base/java.util.concurrent.atomic=ALL-UNNAMED -Xmx2048m -Dfile.encoding=UTF-8 -Duser.country=US -Duser.language=en -Duser.variant 
java_command: org.gradle.launcher.daemon.bootstrap.GradleDaemon 7.3.3
java_class_path (initial): C:\Users\Le Thanh Hang\.gradle\wrapper\dists\gradle-7.3.3-bin\6a41zxkdtcxs8rphpq6y0069z\gradle-7.3.3\lib\gradle-launcher-7.3.3.jar
Launcher Type: SUN_STANDARD

[Global flags]
     intx CICompilerCount                          = 12                                        {product} {ergonomic}
     uint ConcGCThreads                            = 3                                         {product} {ergonomic}
     uint G1ConcRefinementThreads                  = 13                                        {product} {ergonomic}
   size_t G1HeapRegionSize                         = 1048576                                   {product} {ergonomic}
    uintx GCDrainStackTargetSize                   = 64                                        {product} {ergonomic}
   size_t InitialHeapSize                          = 123731968                                 {product} {ergonomic}
   size_t MarkStackSize                            = 4194304                                   {product} {ergonomic}
   size_t MaxHeapSize                              = 2147483648                                {product} {command line}
   size_t MaxNewSize                               = 1287651328                                {product} {ergonomic}
   size_t MinHeapDeltaBytes                        = 1048576                                   {product} {ergonomic}
    uintx NonNMethodCodeHeapSize                   = 7594288                                {pd product} {ergonomic}
    uintx NonProfiledCodeHeapSize                  = 122031976                              {pd product} {ergonomic}
    uintx ProfiledCodeHeapSize                     = 122031976                              {pd product} {ergonomic}
    uintx ReservedCodeCacheSize                    = 251658240                              {pd product} {ergonomic}
     bool SegmentedCodeCache                       = true                                      {product} {ergonomic}
     bool UseCompressedClassPointers               = true                                 {lp64_product} {ergonomic}
     bool UseCompressedOops                        = true                                 {lp64_product} {ergonomic}
     bool UseG1GC                                  = true                                      {product} {ergonomic}
     bool UseLargePagesIndividualAllocation        = false                                  {pd product} {ergonomic}

Logging:
Log output configuration:
 #0: stdout all=warning uptime,level,tags
 #1: stderr all=off uptime,level,tags

Environment Variables:
PATH=C:\Program Files (x86)\VMware\VMware Workstation\bin\;C:\Python310\Scripts\;C:\Python310\;C:\Program Files\Eclipse Foundation\jdk-8.0.302.8-hotspot\bin;C:\windows\system32;C:\windows;C:\windows\System32\Wbem;C:\windows\System32\WindowsPowerShell\v1.0\;C:\windows\System32\OpenSSH\;C:\Program Files (x86)\NVIDIA Corporation\PhysX\Common;C:\Program Files\NVIDIA Corporation\NVIDIA NvDLISR;C:\Program Files\Microsoft SQL Server\130\Tools\Binn\;C:\Program Files\Microsoft SQL Server\Client SDK\ODBC\170\Tools\Binn\;C:\Program Files\Git\cmd;C:\Program Files\nodejs\;C:\ProgramData\chocolatey\bin;C:\WINDOWS\system32;C:\WINDOWS;C:\WINDOWS\System32\Wbem;C:\WINDOWS\System32\WindowsPowerShell\v1.0\;C:\WINDOWS\System32\OpenSSH\;C:\Program Files\dotnet\;C:\MinGW\bin;C:\Ruby31-x64\bin;C:\Users\Le Thanh Hang\AppData\Local\Microsoft\WindowsApps;C:\Users\Le Thanh Hang\AppData\Local\GitHubDesktop\bin;C:\Users\Le Thanh Hang\AppData\Roaming\npm;C:\Users\Le Thanh Hang\.dotnet\tools;C:\Users\Le Thanh Hang\AppData\Local\Programs\Microsoft VS Code\bin
USERNAME=Le Thanh Hang
OS=Windows_NT
PROCESSOR_IDENTIFIER=AMD64 Family 25 Model 80 Stepping 0, AuthenticAMD



---------------  S Y S T E M  ---------------

OS: Windows 10 , 64 bit Build 22621 (10.0.22621.755)
OS uptime: 0 days 12:58 hours
Hyper-V role detected

CPU:total 16 (initial active 16) (16 cores per cpu, 2 threads per core) family 25 model 80 stepping 0 microcode 0x0, cmov, cx8, fxsr, mmx, sse, sse2, sse3, ssse3, sse4.1, sse4.2, popcnt, avx, avx2, aes, clmul, erms, mmxext, 3dnowpref, lzcnt, sse4a, ht, tsc, tscinvbit, tscinv, bmi1, bmi2, adx, sha, fma

Memory: 4k page, system-wide physical 7523M (496M free)
TotalPageFile size 11619M (AvailPageFile size 5M)
current process WorkingSet (physical memory assigned to process): 385M, peak: 386M
current process commit charge ("private bytes"): 438M, peak: 440M

vm_info: OpenJDK 64-Bit Server VM (11.0.12+7-b1504.28-7817840) for windows-amd64 JRE (11.0.12+7-b1504.28-7817840), built on Oct 13 2021 22:12:33 by "builder" with MS VC++ 14.0 (VS2015)

END.
