#
# There is insufficient memory for the Java Runtime Environment to continue.
# Native memory allocation (malloc) failed to allocate 1092016 bytes for Chunk::new
# Possible reasons:
#   The system is out of physical RAM or swap space
#   The process is running with CompressedOops enabled, and the Java Heap may be blocking the growth of the native heap
# Possible solutions:
#   Reduce memory load on the system
#   Increase physical memory or swap space
#   Check if swap backing store is full
#   Decrease Java heap size (-Xmx/-Xms)
#   Decrease number of Java threads
#   Decrease Java thread stack sizes (-Xss)
#   Set larger code cache with -XX:ReservedCodeCacheSize=
#   JVM is running with Unscaled Compressed Oops mode in which the Java heap is
#     placed in the first 4GB address space. The Java Heap base address is the
#     maximum limit for the native heap growth. Please use -XX:HeapBaseMinAddress
#     to set the Java Heap base and to place the Java Heap above 4GB virtual address.
# This output file may be truncated or incomplete.
#
#  Out of Memory Error (./src/hotspot/share/memory/arena.cpp:197), pid=10424, tid=15828
#
# JRE version: OpenJDK Runtime Environment (11.0.12+7) (build 11.0.12+7-b1504.28-7817840)
# Java VM: OpenJDK 64-Bit Server VM (11.0.12+7-b1504.28-7817840, mixed mode, tiered, compressed oops, g1 gc, windows-amd64)
# No core dump will be written. Minidumps are not enabled by default on client versions of Windows
#

---------------  S U M M A R Y ------------

Command Line: --add-opens=java.base/java.util=ALL-UNNAMED --add-opens=java.base/java.lang=ALL-UNNAMED --add-opens=java.base/java.lang.invoke=ALL-UNNAMED --add-opens=java.base/java.util=ALL-UNNAMED --add-opens=java.prefs/java.util.prefs=ALL-UNNAMED --add-opens=java.prefs/java.util.prefs=ALL-UNNAMED --add-opens=java.base/java.nio.charset=ALL-UNNAMED --add-opens=java.base/java.net=ALL-UNNAMED --add-opens=java.base/java.util.concurrent.atomic=ALL-UNNAMED -Xmx2048m -Dfile.encoding=UTF-8 -Duser.country=US -Duser.language=en -Duser.variant org.gradle.launcher.daemon.bootstrap.GradleDaemon 7.3.3

Host: AMD Ryzen 7 5800H with Radeon Graphics         , 16 cores, 7G,  Windows 10 , 64 bit Build 22621 (10.0.22621.755)
Time: Wed Dec  7 11:00:38 2022 SE Asia Standard Time elapsed time: 2.629555 seconds (0d 0h 0m 2s)

---------------  T H R E A D  ---------------

Current thread (0x0000021a7f1e9000):  JavaThread "C2 CompilerThread0" daemon [_thread_in_native, id=15828, stack(0x0000007aa2700000,0x0000007aa2800000)]


Current CompileTask:
C2:   2629 2257       4       java.net.URLClassLoader$1::run (5 bytes)

Stack: [0x0000007aa2700000,0x0000007aa2800000]
Native frames: (J=compiled Java code, j=interpreted, Vv=VM code, C=native code)
V  [jvm.dll+0x5fbcea]
V  [jvm.dll+0x731905]
V  [jvm.dll+0x732f1d]
V  [jvm.dll+0x7335d3]
V  [jvm.dll+0x247bf8]
V  [jvm.dll+0xc018c]
V  [jvm.dll+0xc06cc]
V  [jvm.dll+0x35b2db]
V  [jvm.dll+0x19cebc]
V  [jvm.dll+0x20070e]
V  [jvm.dll+0x1ff794]
V  [jvm.dll+0x18868c]
V  [jvm.dll+0x20e0d7]
V  [jvm.dll+0x20c901]
V  [jvm.dll+0x6f9b7f]
V  [jvm.dll+0x6f26a5]
V  [jvm.dll+0x5fabf6]
C  [ucrtbase.dll+0x29363]
C  [KERNEL32.DLL+0x1244d]
C  [ntdll.dll+0x5dfb8]


---------------  P R O C E S S  ---------------

Threads class SMR info:
_java_thread_list=0x0000021a1195b020, length=28, elements={
0x0000021a70a3c800, 0x0000021a7f191800, 0x0000021a7f192000, 0x0000021a7f1e2800,
0x0000021a7f1e4800, 0x0000021a7f1e8000, 0x0000021a7f1e9000, 0x0000021a7f1ea000,
0x0000021a7f1ee800, 0x0000021a7e907000, 0x0000021a7f337800, 0x0000021a0f28c800,
0x0000021a0f347800, 0x0000021a7f425000, 0x0000021a110bd800, 0x0000021a10d05800,
0x0000021a10d00000, 0x0000021a1062f800, 0x0000021a0fa18000, 0x0000021a0fd26800,
0x0000021a1038f800, 0x0000021a1173a000, 0x0000021a11705000, 0x0000021a11707800,
0x0000021a11702000, 0x0000021a11703800, 0x0000021a11702800, 0x0000021a11704800
}

Java Threads: ( => current thread )
  0x0000021a70a3c800 JavaThread "main" [_thread_blocked, id=17008, stack(0x0000007aa1b00000,0x0000007aa1c00000)]
  0x0000021a7f191800 JavaThread "Reference Handler" daemon [_thread_blocked, id=11964, stack(0x0000007aa2200000,0x0000007aa2300000)]
  0x0000021a7f192000 JavaThread "Finalizer" daemon [_thread_blocked, id=14748, stack(0x0000007aa2300000,0x0000007aa2400000)]
  0x0000021a7f1e2800 JavaThread "Signal Dispatcher" daemon [_thread_blocked, id=6112, stack(0x0000007aa2400000,0x0000007aa2500000)]
  0x0000021a7f1e4800 JavaThread "Attach Listener" daemon [_thread_blocked, id=16796, stack(0x0000007aa2500000,0x0000007aa2600000)]
  0x0000021a7f1e8000 JavaThread "Service Thread" daemon [_thread_blocked, id=16104, stack(0x0000007aa2600000,0x0000007aa2700000)]
=>0x0000021a7f1e9000 JavaThread "C2 CompilerThread0" daemon [_thread_in_native, id=15828, stack(0x0000007aa2700000,0x0000007aa2800000)]
  0x0000021a7f1ea000 JavaThread "C1 CompilerThread0" daemon [_thread_blocked, id=9240, stack(0x0000007aa2800000,0x0000007aa2900000)]
  0x0000021a7f1ee800 JavaThread "Sweeper thread" daemon [_thread_blocked, id=8432, stack(0x0000007aa2900000,0x0000007aa2a00000)]
  0x0000021a7e907000 JavaThread "C1 CompilerThread1" daemon [_thread_blocked, id=10280, stack(0x0000007aa2a00000,0x0000007aa2b00000)]
  0x0000021a7f337800 JavaThread "Common-Cleaner" daemon [_thread_blocked, id=7392, stack(0x0000007aa2b00000,0x0000007aa2c00000)]
  0x0000021a0f28c800 JavaThread "C1 CompilerThread2" daemon [_thread_blocked, id=9324, stack(0x0000007aa2f00000,0x0000007aa3000000)]
  0x0000021a0f347800 JavaThread "C1 CompilerThread3" daemon [_thread_blocked, id=15580, stack(0x0000007aa3000000,0x0000007aa3100000)]
  0x0000021a7f425000 JavaThread "Daemon health stats" [_thread_blocked, id=5216, stack(0x0000007aa2e00000,0x0000007aa2f00000)]
  0x0000021a110bd800 JavaThread "C2 CompilerThread1" daemon [_thread_in_vm, id=7972, stack(0x0000007aa2d00000,0x0000007aa2e00000)]
  0x0000021a10d05800 JavaThread "Incoming local TCP Connector on port 52809" [_thread_in_native, id=7352, stack(0x0000007aa3200000,0x0000007aa3300000)]
  0x0000021a10d00000 JavaThread "Daemon periodic checks" [_thread_blocked, id=13504, stack(0x0000007aa3300000,0x0000007aa3400000)]
  0x0000021a1062f800 JavaThread "Daemon" [_thread_blocked, id=11648, stack(0x0000007aa3400000,0x0000007aa3500000)]
  0x0000021a0fa18000 JavaThread "Handler for socket connection from /127.0.0.1:52809 to /127.0.0.1:52810" [_thread_in_native, id=12108, stack(0x0000007aa3500000,0x0000007aa3600000)]
  0x0000021a0fd26800 JavaThread "Cancel handler" [_thread_blocked, id=332, stack(0x0000007aa4000000,0x0000007aa4100000)]
  0x0000021a1038f800 JavaThread "Daemon worker" [_thread_in_Java, id=756, stack(0x0000007aa4100000,0x0000007aa4200000)]
  0x0000021a1173a000 JavaThread "Asynchronous log dispatcher for DefaultDaemonConnection: socket connection from /127.0.0.1:52809 to /127.0.0.1:52810" [_thread_blocked, id=9056, stack(0x0000007aa4200000,0x0000007aa4300000)]
  0x0000021a11705000 JavaThread "Stdin handler" [_thread_blocked, id=14404, stack(0x0000007aa4300000,0x0000007aa4400000)]
  0x0000021a11707800 JavaThread "Daemon client event forwarder" [_thread_blocked, id=16120, stack(0x0000007aa4400000,0x0000007aa4500000)]
  0x0000021a11702000 JavaThread "Cache worker for journal cache (C:\Users\Le Thanh Hang\.gradle\caches\journal-1)" [_thread_blocked, id=7324, stack(0x0000007aa4500000,0x0000007aa4600000)]
  0x0000021a11703800 JavaThread "File lock request listener" [_thread_in_native, id=9976, stack(0x0000007aa4600000,0x0000007aa4700000)]
  0x0000021a11702800 JavaThread "Cache worker for file hash cache (C:\Users\Le Thanh Hang\.gradle\caches\7.3.3\fileHashes)" [_thread_blocked, id=12688, stack(0x0000007aa4700000,0x0000007aa4800000)]
  0x0000021a11704800 JavaThread "Cache worker for file hash cache (D:\NT118_PTUDDD\Lab\Lab6\Lab06_3\.gradle\7.3.3\fileHashes)" [_thread_blocked, id=8264, stack(0x0000007aa4b00000,0x0000007aa4c00000)]

Other Threads:
  0x0000021a7e969800 VMThread "VM Thread" [stack: 0x0000007aa2100000,0x0000007aa2200000] [id=16316]
  0x0000021a7f41c000 WatcherThread [stack: 0x0000007aa2c00000,0x0000007aa2d00000] [id=12856]
  0x0000021a70a54800 GCTaskThread "GC Thread#0" [stack: 0x0000007aa1c00000,0x0000007aa1d00000] [id=16716]
  0x0000021a0f3ce800 GCTaskThread "GC Thread#1" [stack: 0x0000007aa3100000,0x0000007aa3200000] [id=2488]
  0x0000021a105ab000 GCTaskThread "GC Thread#2" [stack: 0x0000007aa3600000,0x0000007aa3700000] [id=15836]
  0x0000021a105ac000 GCTaskThread "GC Thread#3" [stack: 0x0000007aa3700000,0x0000007aa3800000] [id=8764]
  0x0000021a107ca000 GCTaskThread "GC Thread#4" [stack: 0x0000007aa3800000,0x0000007aa3900000] [id=7756]
  0x0000021a107cb000 GCTaskThread "GC Thread#5" [stack: 0x0000007aa3900000,0x0000007aa3a00000] [id=11344]
  0x0000021a10d55000 GCTaskThread "GC Thread#6" [stack: 0x0000007aa3a00000,0x0000007aa3b00000] [id=15340]
  0x0000021a10d55800 GCTaskThread "GC Thread#7" [stack: 0x0000007aa3b00000,0x0000007aa3c00000] [id=15764]
  0x0000021a118cc800 GCTaskThread "GC Thread#8" [stack: 0x0000007aa3c00000,0x0000007aa3d00000] [id=1608]
  0x0000021a118cd000 GCTaskThread "GC Thread#9" [stack: 0x0000007aa3d00000,0x0000007aa3e00000] [id=10320]
  0x0000021a1177b000 GCTaskThread "GC Thread#10" [stack: 0x0000007aa3e00000,0x0000007aa3f00000] [id=10048]
  0x0000021a1177b800 GCTaskThread "GC Thread#11" [stack: 0x0000007aa3f00000,0x0000007aa4000000] [id=5736]
  0x0000021a0f690000 GCTaskThread "GC Thread#12" [stack: 0x0000007aa4800000,0x0000007aa4900000] [id=6256]
  0x0000021a70a8d800 ConcurrentGCThread "G1 Main Marker" [stack: 0x0000007aa1d00000,0x0000007aa1e00000] [id=12932]
  0x0000021a70a8f800 ConcurrentGCThread "G1 Conc#0" [stack: 0x0000007aa1e00000,0x0000007aa1f00000] [id=9908]
  0x0000021a10ae4800 ConcurrentGCThread "G1 Conc#1" [stack: 0x0000007aa4900000,0x0000007aa4a00000] [id=14800]
  0x0000021a113fc800 ConcurrentGCThread "G1 Conc#2" [stack: 0x0000007aa4a00000,0x0000007aa4b00000] [id=11472]
  0x0000021a7e7b2800 ConcurrentGCThread "G1 Refine#0" [stack: 0x0000007aa1f00000,0x0000007aa2000000] [id=9192]
  0x0000021a7e7b3800 ConcurrentGCThread "G1 Young RemSet Sampling" [stack: 0x0000007aa2000000,0x0000007aa2100000] [id=9932]

Threads with active compile tasks:
C2 CompilerThread0   2640 2257       4       java.net.URLClassLoader$1::run (5 bytes)
C2 CompilerThread1   2640 2379   !   4       java.net.URLClassLoader$1::run (63 bytes)

VM state:not at safepoint (normal execution)

VM Mutex/Monitor currently owned by a thread: None

Heap address: 0x0000000080000000, size: 2048 MB, Compressed Oops mode: 32-bit
Narrow klass base: 0x0000000000000000, Narrow klass shift: 3
Compressed class space size: 1073741824 Address: 0x0000000100000000

Heap:
 garbage-first heap   total 120832K, used 56974K [0x0000000080000000, 0x0000000100000000)
  region size 1024K, 42 young (43008K), 2 survivors (2048K)
 Metaspace       used 24857K, capacity 25456K, committed 25728K, reserved 1071104K
  class space    used 3163K, capacity 3386K, committed 3456K, reserved 1048576K
Heap Regions: E=young(eden), S=young(survivor), O=old, HS=humongous(starts), HC=humongous(continues), CS=collection set, F=free, A=archive, TAMS=top-at-mark-start (previous, next)
|   0|0x0000000080000000, 0x0000000080100000, 0x0000000080100000|100%| O|  |TAMS 0x0000000080100000, 0x0000000080000000| Untracked 
|   1|0x0000000080100000, 0x0000000080200000, 0x0000000080200000|100%| O|  |TAMS 0x0000000080200000, 0x0000000080100000| Untracked 
|   2|0x0000000080200000, 0x0000000080300000, 0x0000000080300000|100%| O|  |TAMS 0x0000000080300000, 0x0000000080200000| Untracked 
|   3|0x0000000080300000, 0x0000000080400000, 0x0000000080400000|100%|HS|  |TAMS 0x0000000080400000, 0x0000000080300000| Complete 
|   4|0x0000000080400000, 0x0000000080500000, 0x0000000080500000|100%|HC|  |TAMS 0x0000000080500000, 0x0000000080400000| Complete 
|   5|0x0000000080500000, 0x0000000080600000, 0x0000000080600000|100%|HC|  |TAMS 0x0000000080600000, 0x0000000080500000| Complete 
|   6|0x0000000080600000, 0x0000000080700000, 0x0000000080700000|100%| O|  |TAMS 0x0000000080700000, 0x0000000080600000| Untracked 
|   7|0x0000000080700000, 0x0000000080800000, 0x0000000080800000|100%| O|  |TAMS 0x0000000080800000, 0x0000000080700000| Untracked 
|   8|0x0000000080800000, 0x0000000080900000, 0x0000000080900000|100%| O|  |TAMS 0x0000000080900000, 0x0000000080800000| Untracked 
|   9|0x0000000080900000, 0x0000000080a00000, 0x0000000080a00000|100%| O|  |TAMS 0x0000000080a00000, 0x0000000080900000| Untracked 
|  10|0x0000000080a00000, 0x0000000080b00000, 0x0000000080b00000|100%| O|  |TAMS 0x0000000080b00000, 0x0000000080a00000| Untracked 
|  11|0x0000000080b00000, 0x0000000080c00000, 0x0000000080c00000|100%| O|  |TAMS 0x0000000080c00000, 0x0000000080b00000| Untracked 
|  12|0x0000000080c00000, 0x0000000080d00000, 0x0000000080d00000|100%| O|  |TAMS 0x0000000080d00000, 0x0000000080c00000| Untracked 
|  13|0x0000000080d00000, 0x0000000080e00000, 0x0000000080e00000|100%| O|  |TAMS 0x0000000080e00000, 0x0000000080d00000| Untracked 
|  14|0x0000000080e00000, 0x0000000080ee4200, 0x0000000080f00000| 89%| O|  |TAMS 0x0000000080ee4200, 0x0000000080e00000| Untracked 
|  15|0x0000000080f00000, 0x0000000080f00000, 0x0000000081000000|  0%| F|  |TAMS 0x0000000080f00000, 0x0000000080f00000| Untracked 
|  16|0x0000000081000000, 0x0000000081000000, 0x0000000081100000|  0%| F|  |TAMS 0x0000000081000000, 0x0000000081000000| Untracked 
|  17|0x0000000081100000, 0x0000000081100000, 0x0000000081200000|  0%| F|  |TAMS 0x0000000081100000, 0x0000000081100000| Untracked 
|  18|0x0000000081200000, 0x0000000081200000, 0x0000000081300000|  0%| F|  |TAMS 0x0000000081200000, 0x0000000081200000| Untracked 
|  19|0x0000000081300000, 0x0000000081300000, 0x0000000081400000|  0%| F|  |TAMS 0x0000000081300000, 0x0000000081300000| Untracked 
|  20|0x0000000081400000, 0x0000000081400000, 0x0000000081500000|  0%| F|  |TAMS 0x0000000081400000, 0x0000000081400000| Untracked 
|  21|0x0000000081500000, 0x0000000081500000, 0x0000000081600000|  0%| F|  |TAMS 0x0000000081500000, 0x0000000081500000| Untracked 
|  22|0x0000000081600000, 0x0000000081600000, 0x0000000081700000|  0%| F|  |TAMS 0x0000000081600000, 0x0000000081600000| Untracked 
|  23|0x0000000081700000, 0x0000000081700000, 0x0000000081800000|  0%| F|  |TAMS 0x0000000081700000, 0x0000000081700000| Untracked 
|  24|0x0000000081800000, 0x0000000081800000, 0x0000000081900000|  0%| F|  |TAMS 0x0000000081800000, 0x0000000081800000| Untracked 
|  25|0x0000000081900000, 0x0000000081900000, 0x0000000081a00000|  0%| F|  |TAMS 0x0000000081900000, 0x0000000081900000| Untracked 
|  26|0x0000000081a00000, 0x0000000081a00000, 0x0000000081b00000|  0%| F|  |TAMS 0x0000000081a00000, 0x0000000081a00000| Untracked 
|  27|0x0000000081b00000, 0x0000000081b00000, 0x0000000081c00000|  0%| F|  |TAMS 0x0000000081b00000, 0x0000000081b00000| Untracked 
|  28|0x0000000081c00000, 0x0000000081c00000, 0x0000000081d00000|  0%| F|  |TAMS 0x0000000081c00000, 0x0000000081c00000| Untracked 
|  29|0x0000000081d00000, 0x0000000081d00000, 0x0000000081e00000|  0%| F|  |TAMS 0x0000000081d00000, 0x0000000081d00000| Untracked 
|  30|0x0000000081e00000, 0x0000000081e00000, 0x0000000081f00000|  0%| F|  |TAMS 0x0000000081e00000, 0x0000000081e00000| Untracked 
|  31|0x0000000081f00000, 0x0000000081f00000, 0x0000000082000000|  0%| F|  |TAMS 0x0000000081f00000, 0x0000000081f00000| Untracked 
|  32|0x0000000082000000, 0x0000000082000000, 0x0000000082100000|  0%| F|  |TAMS 0x0000000082000000, 0x0000000082000000| Untracked 
|  33|0x0000000082100000, 0x0000000082100000, 0x0000000082200000|  0%| F|  |TAMS 0x0000000082100000, 0x0000000082100000| Untracked 
|  34|0x0000000082200000, 0x0000000082200000, 0x0000000082300000|  0%| F|  |TAMS 0x0000000082200000, 0x0000000082200000| Untracked 
|  35|0x0000000082300000, 0x0000000082300000, 0x0000000082400000|  0%| F|  |TAMS 0x0000000082300000, 0x0000000082300000| Untracked 
|  36|0x0000000082400000, 0x0000000082400000, 0x0000000082500000|  0%| F|  |TAMS 0x0000000082400000, 0x0000000082400000| Untracked 
|  37|0x0000000082500000, 0x0000000082500000, 0x0000000082600000|  0%| F|  |TAMS 0x0000000082500000, 0x0000000082500000| Untracked 
|  38|0x0000000082600000, 0x0000000082600000, 0x0000000082700000|  0%| F|  |TAMS 0x0000000082600000, 0x0000000082600000| Untracked 
|  39|0x0000000082700000, 0x0000000082700000, 0x0000000082800000|  0%| F|  |TAMS 0x0000000082700000, 0x0000000082700000| Untracked 
|  40|0x0000000082800000, 0x0000000082800000, 0x0000000082900000|  0%| F|  |TAMS 0x0000000082800000, 0x0000000082800000| Untracked 
|  41|0x0000000082900000, 0x0000000082900000, 0x0000000082a00000|  0%| F|  |TAMS 0x0000000082900000, 0x0000000082900000| Untracked 
|  42|0x0000000082a00000, 0x0000000082a00000, 0x0000000082b00000|  0%| F|  |TAMS 0x0000000082a00000, 0x0000000082a00000| Untracked 
|  43|0x0000000082b00000, 0x0000000082b00000, 0x0000000082c00000|  0%| F|  |TAMS 0x0000000082b00000, 0x0000000082b00000| Untracked 
|  44|0x0000000082c00000, 0x0000000082c00000, 0x0000000082d00000|  0%| F|  |TAMS 0x0000000082c00000, 0x0000000082c00000| Untracked 
|  45|0x0000000082d00000, 0x0000000082d00000, 0x0000000082e00000|  0%| F|  |TAMS 0x0000000082d00000, 0x0000000082d00000| Untracked 
|  46|0x0000000082e00000, 0x0000000082e00000, 0x0000000082f00000|  0%| F|  |TAMS 0x0000000082e00000, 0x0000000082e00000| Untracked 
|  47|0x0000000082f00000, 0x0000000082f00000, 0x0000000083000000|  0%| F|  |TAMS 0x0000000082f00000, 0x0000000082f00000| Untracked 
|  48|0x0000000083000000, 0x0000000083000000, 0x0000000083100000|  0%| F|  |TAMS 0x0000000083000000, 0x0000000083000000| Untracked 
|  49|0x0000000083100000, 0x0000000083100000, 0x0000000083200000|  0%| F|  |TAMS 0x0000000083100000, 0x0000000083100000| Untracked 
|  50|0x0000000083200000, 0x0000000083200000, 0x0000000083300000|  0%| F|  |TAMS 0x0000000083200000, 0x0000000083200000| Untracked 
|  51|0x0000000083300000, 0x0000000083300000, 0x0000000083400000|  0%| F|  |TAMS 0x0000000083300000, 0x0000000083300000| Untracked 
|  52|0x0000000083400000, 0x0000000083400000, 0x0000000083500000|  0%| F|  |TAMS 0x0000000083400000, 0x0000000083400000| Untracked 
|  53|0x0000000083500000, 0x0000000083500000, 0x0000000083600000|  0%| F|  |TAMS 0x0000000083500000, 0x0000000083500000| Untracked 
|  54|0x0000000083600000, 0x0000000083600000, 0x0000000083700000|  0%| F|  |TAMS 0x0000000083600000, 0x0000000083600000| Untracked 
|  55|0x0000000083700000, 0x0000000083700000, 0x0000000083800000|  0%| F|  |TAMS 0x0000000083700000, 0x0000000083700000| Untracked 
|  56|0x0000000083800000, 0x0000000083800000, 0x0000000083900000|  0%| F|  |TAMS 0x0000000083800000, 0x0000000083800000| Untracked 
|  57|0x0000000083900000, 0x0000000083900000, 0x0000000083a00000|  0%| F|  |TAMS 0x0000000083900000, 0x0000000083900000| Untracked 
|  58|0x0000000083a00000, 0x0000000083a00000, 0x0000000083b00000|  0%| F|  |TAMS 0x0000000083a00000, 0x0000000083a00000| Untracked 
|  59|0x0000000083b00000, 0x0000000083b00000, 0x0000000083c00000|  0%| F|  |TAMS 0x0000000083b00000, 0x0000000083b00000| Untracked 
|  60|0x0000000083c00000, 0x0000000083c00000, 0x0000000083d00000|  0%| F|  |TAMS 0x0000000083c00000, 0x0000000083c00000| Untracked 
|  61|0x0000000083d00000, 0x0000000083d00000, 0x0000000083e00000|  0%| F|  |TAMS 0x0000000083d00000, 0x0000000083d00000| Untracked 
|  62|0x0000000083e00000, 0x0000000083e00000, 0x0000000083f00000|  0%| F|  |TAMS 0x0000000083e00000, 0x0000000083e00000| Untracked 
|  63|0x0000000083f00000, 0x0000000083f00000, 0x0000000084000000|  0%| F|  |TAMS 0x0000000083f00000, 0x0000000083f00000| Untracked 
|  64|0x0000000084000000, 0x0000000084000000, 0x0000000084100000|  0%| F|  |TAMS 0x0000000084000000, 0x0000000084000000| Untracked 
|  65|0x0000000084100000, 0x0000000084100000, 0x0000000084200000|  0%| F|  |TAMS 0x0000000084100000, 0x0000000084100000| Untracked 
|  66|0x0000000084200000, 0x0000000084200000, 0x0000000084300000|  0%| F|  |TAMS 0x0000000084200000, 0x0000000084200000| Untracked 
|  67|0x0000000084300000, 0x0000000084300000, 0x0000000084400000|  0%| F|  |TAMS 0x0000000084300000, 0x0000000084300000| Untracked 
|  68|0x0000000084400000, 0x0000000084400000, 0x0000000084500000|  0%| F|  |TAMS 0x0000000084400000, 0x0000000084400000| Untracked 
|  69|0x0000000084500000, 0x0000000084500000, 0x0000000084600000|  0%| F|  |TAMS 0x0000000084500000, 0x0000000084500000| Untracked 
|  70|0x0000000084600000, 0x0000000084600000, 0x0000000084700000|  0%| F|  |TAMS 0x0000000084600000, 0x0000000084600000| Untracked 
|  71|0x0000000084700000, 0x0000000084700000, 0x0000000084800000|  0%| F|  |TAMS 0x0000000084700000, 0x0000000084700000| Untracked 
|  72|0x0000000084800000, 0x0000000084800000, 0x0000000084900000|  0%| F|  |TAMS 0x0000000084800000, 0x0000000084800000| Untracked 
|  73|0x0000000084900000, 0x0000000084900000, 0x0000000084a00000|  0%| F|  |TAMS 0x0000000084900000, 0x0000000084900000| Untracked 
|  74|0x0000000084a00000, 0x0000000084a00000, 0x0000000084b00000|  0%| F|  |TAMS 0x0000000084a00000, 0x0000000084a00000| Untracked 
|  75|0x0000000084b00000, 0x0000000084b00000, 0x0000000084c00000|  0%| F|  |TAMS 0x0000000084b00000, 0x0000000084b00000| Untracked 
|  76|0x0000000084c00000, 0x0000000084d00000, 0x0000000084d00000|100%| E|  |TAMS 0x0000000084c00000, 0x0000000084c00000| Complete 
|  77|0x0000000084d00000, 0x0000000084e00000, 0x0000000084e00000|100%| E|CS|TAMS 0x0000000084d00000, 0x0000000084d00000| Complete 
|  78|0x0000000084e00000, 0x0000000084f00000, 0x0000000084f00000|100%| E|CS|TAMS 0x0000000084e00000, 0x0000000084e00000| Complete 
|  79|0x0000000084f00000, 0x0000000084fbf9d8, 0x0000000085000000| 74%| S|CS|TAMS 0x0000000084f00000, 0x0000000084f00000| Complete 
|  80|0x0000000085000000, 0x0000000085100000, 0x0000000085100000|100%| S|CS|TAMS 0x0000000085000000, 0x0000000085000000| Complete 
|  81|0x0000000085100000, 0x0000000085200000, 0x0000000085200000|100%| E|CS|TAMS 0x0000000085100000, 0x0000000085100000| Complete 
|  82|0x0000000085200000, 0x0000000085300000, 0x0000000085300000|100%| E|CS|TAMS 0x0000000085200000, 0x0000000085200000| Complete 
|  83|0x0000000085300000, 0x0000000085400000, 0x0000000085400000|100%| E|CS|TAMS 0x0000000085300000, 0x0000000085300000| Complete 
|  84|0x0000000085400000, 0x0000000085500000, 0x0000000085500000|100%| E|CS|TAMS 0x0000000085400000, 0x0000000085400000| Complete 
|  85|0x0000000085500000, 0x0000000085600000, 0x0000000085600000|100%| E|CS|TAMS 0x0000000085500000, 0x0000000085500000| Complete 
|  86|0x0000000085600000, 0x0000000085700000, 0x0000000085700000|100%| E|CS|TAMS 0x0000000085600000, 0x0000000085600000| Complete 
|  87|0x0000000085700000, 0x0000000085800000, 0x0000000085800000|100%| E|CS|TAMS 0x0000000085700000, 0x0000000085700000| Complete 
|  88|0x0000000085800000, 0x0000000085900000, 0x0000000085900000|100%| E|CS|TAMS 0x0000000085800000, 0x0000000085800000| Complete 
|  89|0x0000000085900000, 0x0000000085a00000, 0x0000000085a00000|100%| E|CS|TAMS 0x0000000085900000, 0x0000000085900000| Complete 
|  90|0x0000000085a00000, 0x0000000085b00000, 0x0000000085b00000|100%| E|CS|TAMS 0x0000000085a00000, 0x0000000085a00000| Complete 
|  91|0x0000000085b00000, 0x0000000085c00000, 0x0000000085c00000|100%| E|CS|TAMS 0x0000000085b00000, 0x0000000085b00000| Complete 
|  92|0x0000000085c00000, 0x0000000085d00000, 0x0000000085d00000|100%| E|CS|TAMS 0x0000000085c00000, 0x0000000085c00000| Complete 
|  93|0x0000000085d00000, 0x0000000085e00000, 0x0000000085e00000|100%| E|CS|TAMS 0x0000000085d00000, 0x0000000085d00000| Complete 
|  94|0x0000000085e00000, 0x0000000085f00000, 0x0000000085f00000|100%| E|CS|TAMS 0x0000000085e00000, 0x0000000085e00000| Complete 
|  95|0x0000000085f00000, 0x0000000086000000, 0x0000000086000000|100%| E|CS|TAMS 0x0000000085f00000, 0x0000000085f00000| Complete 
|  96|0x0000000086000000, 0x0000000086100000, 0x0000000086100000|100%| E|CS|TAMS 0x0000000086000000, 0x0000000086000000| Complete 
|  97|0x0000000086100000, 0x0000000086200000, 0x0000000086200000|100%| E|CS|TAMS 0x0000000086100000, 0x0000000086100000| Complete 
|  98|0x0000000086200000, 0x0000000086300000, 0x0000000086300000|100%| E|CS|TAMS 0x0000000086200000, 0x0000000086200000| Complete 
|  99|0x0000000086300000, 0x0000000086400000, 0x0000000086400000|100%| E|CS|TAMS 0x0000000086300000, 0x0000000086300000| Complete 
| 100|0x0000000086400000, 0x0000000086500000, 0x0000000086500000|100%| E|CS|TAMS 0x0000000086400000, 0x0000000086400000| Complete 
| 101|0x0000000086500000, 0x0000000086600000, 0x0000000086600000|100%| E|CS|TAMS 0x0000000086500000, 0x0000000086500000| Complete 
| 102|0x0000000086600000, 0x0000000086700000, 0x0000000086700000|100%| E|CS|TAMS 0x0000000086600000, 0x0000000086600000| Complete 
| 103|0x0000000086700000, 0x0000000086800000, 0x0000000086800000|100%| E|CS|TAMS 0x0000000086700000, 0x0000000086700000| Complete 
| 104|0x0000000086800000, 0x0000000086900000, 0x0000000086900000|100%| E|CS|TAMS 0x0000000086800000, 0x0000000086800000| Complete 
| 105|0x0000000086900000, 0x0000000086a00000, 0x0000000086a00000|100%| E|CS|TAMS 0x0000000086900000, 0x0000000086900000| Complete 
| 106|0x0000000086a00000, 0x0000000086b00000, 0x0000000086b00000|100%| E|CS|TAMS 0x0000000086a00000, 0x0000000086a00000| Complete 
| 107|0x0000000086b00000, 0x0000000086c00000, 0x0000000086c00000|100%| E|CS|TAMS 0x0000000086b00000, 0x0000000086b00000| Complete 
| 108|0x0000000086c00000, 0x0000000086d00000, 0x0000000086d00000|100%| E|CS|TAMS 0x0000000086c00000, 0x0000000086c00000| Complete 
| 109|0x0000000086d00000, 0x0000000086e00000, 0x0000000086e00000|100%| E|CS|TAMS 0x0000000086d00000, 0x0000000086d00000| Complete 
| 110|0x0000000086e00000, 0x0000000086f00000, 0x0000000086f00000|100%| E|CS|TAMS 0x0000000086e00000, 0x0000000086e00000| Complete 
| 111|0x0000000086f00000, 0x0000000087000000, 0x0000000087000000|100%| E|CS|TAMS 0x0000000086f00000, 0x0000000086f00000| Complete 
| 112|0x0000000087000000, 0x0000000087100000, 0x0000000087100000|100%| E|CS|TAMS 0x0000000087000000, 0x0000000087000000| Complete 
| 113|0x0000000087100000, 0x0000000087200000, 0x0000000087200000|100%| E|CS|TAMS 0x0000000087100000, 0x0000000087100000| Complete 
| 114|0x0000000087200000, 0x0000000087300000, 0x0000000087300000|100%| E|CS|TAMS 0x0000000087200000, 0x0000000087200000| Complete 
| 115|0x0000000087300000, 0x0000000087400000, 0x0000000087400000|100%| E|CS|TAMS 0x0000000087300000, 0x0000000087300000| Complete 
| 116|0x0000000087400000, 0x0000000087500000, 0x0000000087500000|100%| E|CS|TAMS 0x0000000087400000, 0x0000000087400000| Complete 
| 117|0x0000000087500000, 0x0000000087600000, 0x0000000087600000|100%| E|CS|TAMS 0x0000000087500000, 0x0000000087500000| Complete 

Card table byte_map: [0x0000021a770e0000,0x0000021a774e0000] _byte_map_base: 0x0000021a76ce0000

Marking Bits (Prev, Next): (CMBitMap*) 0x0000021a70a84b10, (CMBitMap*) 0x0000021a70a84ad8
 Prev Bits: [0x0000021a798e0000, 0x0000021a7b8e0000)
 Next Bits: [0x0000021a778e0000, 0x0000021a798e0000)

Polling page: 0x0000021a70b10000

Metaspace:

Usage:
  Non-class:     21.55 MB capacity,    21.20 MB ( 98%) used,   315.74 KB (  1%) free+waste,    44.00 KB ( <1%) overhead. 
      Class:      3.31 MB capacity,     3.09 MB ( 94%) used,   196.97 KB (  6%) free+waste,    21.69 KB ( <1%) overhead. 
       Both:     24.86 MB capacity,    24.29 MB ( 98%) used,   512.71 KB (  2%) free+waste,    65.69 KB ( <1%) overhead. 

Virtual space:
  Non-class space:       22.00 MB reserved,      21.75 MB ( 99%) committed 
      Class space:        1.00 GB reserved,       3.38 MB ( <1%) committed 
             Both:        1.02 GB reserved,      25.13 MB (  2%) committed 

Chunk freelists:
   Non-Class:  10.00 KB
       Class:  6.00 KB
        Both:  16.00 KB

MaxMetaspaceSize: 17179869184.00 GB
CompressedClassSpaceSize: 1.00 GB
Initial GC threshold: 20.80 MB
Current GC threshold: 35.20 MB
CDS: off

CodeHeap 'non-profiled nmethods': size=119168Kb used=1195Kb max_used=1195Kb free=117972Kb
 bounds [0x0000021a07ba0000, 0x0000021a07e10000, 0x0000021a0f000000]
CodeHeap 'profiled nmethods': size=119168Kb used=5119Kb max_used=5119Kb free=114048Kb
 bounds [0x0000021a00740000, 0x0000021a00c40000, 0x0000021a07ba0000]
CodeHeap 'non-nmethods': size=7424Kb used=2916Kb max_used=2941Kb free=4507Kb
 bounds [0x0000021a00000000, 0x0000021a002e0000, 0x0000021a00740000]
 total_blobs=2875 nmethods=2376 adapters=408
 compilation: enabled
              stopped_count=0, restarted_count=0
 full_count=0

Compilation events (20 events):
Event: 2.621 Thread 0x0000021a7e907000 nmethod 2367 0x0000021a00c3ab10 code [0x0000021a00c3ace0, 0x0000021a00c3aef8]
Event: 2.621 Thread 0x0000021a7e907000 2369       3       java.util.concurrent.locks.ReentrantLock$Sync::nonfairTryAcquire (67 bytes)
Event: 2.621 Thread 0x0000021a0f347800 nmethod 2368 0x0000021a00c3b010 code [0x0000021a00c3b1e0, 0x0000021a00c3b458]
Event: 2.621 Thread 0x0000021a7e907000 nmethod 2369 0x0000021a00c3b590 code [0x0000021a00c3b7e0, 0x0000021a00c3c0c8]
Event: 2.622 Thread 0x0000021a110bd800 2370       4       java.util.Arrays::copyOf (40 bytes)
Event: 2.622 Thread 0x0000021a0f28c800 2371       3       jdk.internal.org.objectweb.asm.Frame::pop (53 bytes)
Event: 2.622 Thread 0x0000021a7f1ea000 2372       3       java.util.Arrays::fill (28 bytes)
Event: 2.623 Thread 0x0000021a7f1ea000 nmethod 2372 0x0000021a00c3c410 code [0x0000021a00c3c5e0, 0x0000021a00c3c968]
Event: 2.623 Thread 0x0000021a0f28c800 nmethod 2371 0x0000021a00c3cb10 code [0x0000021a00c3cd60, 0x0000021a00c3d498]
Event: 2.625 Thread 0x0000021a110bd800 nmethod 2370 0x0000021a07cca190 code [0x0000021a07cca340, 0x0000021a07cca778]
Event: 2.625 Thread 0x0000021a110bd800 2373       4       java.nio.Buffer::limit (65 bytes)
Event: 2.626 Thread 0x0000021a110bd800 nmethod 2373 0x0000021a07ccaa10 code [0x0000021a07ccaba0, 0x0000021a07ccac78]
Event: 2.627 Thread 0x0000021a0f347800 2374       3       java.net.URLConnection::<init> (62 bytes)
Event: 2.627 Thread 0x0000021a7e907000 2375       3       java.net.URLConnection::getDefaultUseCaches (30 bytes)
Event: 2.627 Thread 0x0000021a7f1ea000 2376       3       java.io.Reader::<init> (27 bytes)
Event: 2.627 Thread 0x0000021a7f1ea000 nmethod 2376 0x0000021a00c3d790 code [0x0000021a00c3d960, 0x0000021a00c3dc48]
Event: 2.627 Thread 0x0000021a7e907000 nmethod 2375 0x0000021a00c3dd90 code [0x0000021a00c3dfa0, 0x0000021a00c3e448]
Event: 2.627 Thread 0x0000021a0f347800 nmethod 2374 0x0000021a00c3e610 code [0x0000021a00c3e840, 0x0000021a00c3ef08]
Event: 2.627 Thread 0x0000021a0f28c800 2377       3       java.util.concurrent.ConcurrentHashMap::tableSizeFor (32 bytes)
Event: 2.627 Thread 0x0000021a0f28c800 nmethod 2377 0x0000021a00c3f110 code [0x0000021a00c3f2e0, 0x0000021a00c3f4c8]

GC Heap History (6 events):
Event: 0.506 GC heap before
{Heap before GC invocations=0 (full 0):
 garbage-first heap   total 120832K, used 29696K [0x0000000080000000, 0x0000000100000000)
  region size 1024K, 24 young (24576K), 0 survivors (0K)
 Metaspace       used 9879K, capacity 10092K, committed 10368K, reserved 1058816K
  class space    used 1018K, capacity 1069K, committed 1152K, reserved 1048576K
}
Event: 0.512 GC heap after
{Heap after GC invocations=1 (full 0):
 garbage-first heap   total 120832K, used 8912K [0x0000000080000000, 0x0000000100000000)
  region size 1024K, 3 young (3072K), 3 survivors (3072K)
 Metaspace       used 9879K, capacity 10092K, committed 10368K, reserved 1058816K
  class space    used 1018K, capacity 1069K, committed 1152K, reserved 1048576K
}
Event: 2.012 GC heap before
{Heap before GC invocations=1 (full 0):
 garbage-first heap   total 120832K, used 77520K [0x0000000080000000, 0x0000000100000000)
  region size 1024K, 70 young (71680K), 3 survivors (3072K)
 Metaspace       used 16642K, capacity 17012K, committed 17152K, reserved 1064960K
  class space    used 1899K, capacity 2034K, committed 2048K, reserved 1048576K
}
Event: 2.044 GC heap after
{Heap after GC invocations=2 (full 0):
 garbage-first heap   total 120832K, used 15317K [0x0000000080000000, 0x0000000100000000)
  region size 1024K, 9 young (9216K), 9 survivors (9216K)
 Metaspace       used 16642K, capacity 17012K, committed 17152K, reserved 1064960K
  class space    used 1899K, capacity 2034K, committed 2048K, reserved 1048576K
}
Event: 2.347 GC heap before
{Heap before GC invocations=2 (full 0):
 garbage-first heap   total 120832K, used 52181K [0x0000000080000000, 0x0000000100000000)
  region size 1024K, 46 young (47104K), 9 survivors (9216K)
 Metaspace       used 20771K, capacity 21175K, committed 21296K, reserved 1069056K
  class space    used 2535K, capacity 2678K, committed 2688K, reserved 1048576K
}
Event: 2.353 GC heap after
{Heap after GC invocations=3 (full 0):
 garbage-first heap   total 120832K, used 17038K [0x0000000080000000, 0x0000000100000000)
  region size 1024K, 2 young (2048K), 2 survivors (2048K)
 Metaspace       used 20771K, capacity 21175K, committed 21296K, reserved 1069056K
  class space    used 2535K, capacity 2678K, committed 2688K, reserved 1048576K
}

Deoptimization events (20 events):
Event: 2.344 Thread 0x0000021a1038f800 DEOPT PACKING pc=0x0000021a07c18a7c sp=0x0000007aa41fac80
Event: 2.344 Thread 0x0000021a1038f800 DEOPT UNPACKING pc=0x0000021a0004a1af sp=0x0000007aa41fac58 mode 2
Event: 2.423 Thread 0x0000021a1038f800 Uncommon trap: trap_request=0xffffff4d fr.pc=0x0000021a07ca4418 relative=0x0000000000000398
Event: 2.423 Thread 0x0000021a1038f800 Uncommon trap: reason=unstable_if action=reinterpret pc=0x0000021a07ca4418 method=jdk.internal.org.objectweb.asm.Type.getArgumentsAndReturnSizes(Ljava/lang/String;)I @ 88 c2
Event: 2.423 Thread 0x0000021a1038f800 DEOPT PACKING pc=0x0000021a07ca4418 sp=0x0000007aa41f9270
Event: 2.423 Thread 0x0000021a1038f800 DEOPT UNPACKING pc=0x0000021a0004a1af sp=0x0000007aa41f91f8 mode 2
Event: 2.427 Thread 0x0000021a1038f800 Uncommon trap: trap_request=0xffffffcc fr.pc=0x0000021a07cab8e8 relative=0x00000000000002a8
Event: 2.427 Thread 0x0000021a1038f800 Uncommon trap: reason=intrinsic_or_type_checked_inlining action=make_not_entrant pc=0x0000021a07cab8e8 method=java.util.Arrays.copyOf([Ljava/lang/Object;ILjava/lang/Class;)[Ljava/lang/Object; @ 35 c2
Event: 2.427 Thread 0x0000021a1038f800 DEOPT PACKING pc=0x0000021a07cab8e8 sp=0x0000007aa41fb360
Event: 2.427 Thread 0x0000021a1038f800 DEOPT UNPACKING pc=0x0000021a0004a1af sp=0x0000007aa41fb2f0 mode 2
Event: 2.555 Thread 0x0000021a1038f800 Uncommon trap: trap_request=0xffffff4d fr.pc=0x0000021a07bf48fc relative=0x000000000000023c
Event: 2.555 Thread 0x0000021a1038f800 Uncommon trap: reason=unstable_if action=reinterpret pc=0x0000021a07bf48fc method=java.util.concurrent.ConcurrentHashMap.get(Ljava/lang/Object;)Ljava/lang/Object; @ 76 c2
Event: 2.555 Thread 0x0000021a1038f800 DEOPT PACKING pc=0x0000021a07bf48fc sp=0x0000007aa41f93e0
Event: 2.555 Thread 0x0000021a1038f800 DEOPT UNPACKING pc=0x0000021a0004a1af sp=0x0000007aa41f9348 mode 2
Event: 2.560 Thread 0x0000021a1038f800 DEOPT PACKING pc=0x0000021a00b9fdd5 sp=0x0000007aa41f9650
Event: 2.560 Thread 0x0000021a1038f800 DEOPT UNPACKING pc=0x0000021a0004a95e sp=0x0000007aa41f8b70 mode 0
Event: 2.562 Thread 0x0000021a1038f800 DEOPT PACKING pc=0x0000021a00b9fdd5 sp=0x0000007aa41fa510
Event: 2.562 Thread 0x0000021a1038f800 DEOPT UNPACKING pc=0x0000021a0004a95e sp=0x0000007aa41f9a30 mode 0
Event: 2.567 Thread 0x0000021a1038f800 DEOPT PACKING pc=0x0000021a00b9fdd5 sp=0x0000007aa41f97f0
Event: 2.567 Thread 0x0000021a1038f800 DEOPT UNPACKING pc=0x0000021a0004a95e sp=0x0000007aa41f8d10 mode 0

Classes redefined (0 events):
No events

Internal exceptions (20 events):
Event: 0.825 Thread 0x0000021a70a3c800 Exception <a 'java/security/PrivilegedActionException'{0x0000000084dd3430}> (0x0000000084dd3430) thrown at [./src/hotspot/share/prims/jvm.cpp, line 1306]
Event: 0.825 Thread 0x0000021a70a3c800 Exception <a 'java/security/PrivilegedActionException'{0x0000000084dd39a8}> (0x0000000084dd39a8) thrown at [./src/hotspot/share/prims/jvm.cpp, line 1306]
Event: 1.096 Thread 0x0000021a70a3c800 Exception <a 'java/lang/NoSuchMethodError'{0x0000000083b99100}: 'java.lang.Object java.lang.invoke.DirectMethodHandle$Holder.invokeStaticInit(java.lang.Object, java.lang.Object, java.lang.Object)'> (0x0000000083b99100) thrown at [./src/hotspot/share/interpreter/linkResolver.cpp, line 773]
Event: 1.196 Thread 0x0000021a70a3c800 Exception <a 'java/lang/NoSuchMethodError'{0x00000000835fed70}: 'java.lang.Object java.lang.invoke.DirectMethodHandle$Holder.invokeStaticInit(java.lang.Object, int, int, int, int)'> (0x00000000835fed70) thrown at [./src/hotspot/share/interpreter/linkResolver.cpp, line 773]
Event: 1.510 Thread 0x0000021a70a3c800 Exception <a 'java/lang/NoSuchMethodError'{0x00000000834e3850}: 'java.lang.Object java.lang.invoke.DirectMethodHandle$Holder.invokeStaticInit(java.lang.Object, java.lang.Object, int, int, int, int)'> (0x00000000834e3850) thrown at [./src/hotspot/share/interpreter/linkResolver.cpp, line 773]
Event: 1.975 Thread 0x0000021a70a3c800 Exception <a 'java/io/IOException'{0x00000000832eb818}> (0x00000000832eb818) thrown at [./src/hotspot/share/prims/jni.cpp, line 615]
Event: 2.099 Thread 0x0000021a1038f800 Exception <a 'java/lang/NoSuchMethodError'{0x000000008713eb78}: 'long java.lang.invoke.DirectMethodHandle$Holder.invokeInterface(java.lang.Object, java.lang.Object)'> (0x000000008713eb78) thrown at [./src/hotspot/share/interpreter/linkResolver.cpp, line 773]
Event: 2.099 Thread 0x0000021a1038f800 Exception <a 'java/lang/NoSuchMethodError'{0x000000008714bc18}: 'void java.lang.invoke.DelegatingMethodHandle$Holder.reinvoke_L(java.lang.Object, java.lang.Object, java.lang.Object, java.lang.Object, java.lang.Object, java.lang.Object, java.lang.Object)'> (0x000000008714bc18) thrown at [./src/hotspot/share/interpreter/linkResolver.cpp, line 773]
Event: 2.288 Thread 0x0000021a1038f800 Exception <a 'java/lang/NoSuchMethodError'{0x0000000085672980}: 'void java.lang.invoke.DirectMethodHandle$Holder.invokeStaticInit(java.lang.Object)'> (0x0000000085672980) thrown at [./src/hotspot/share/interpreter/linkResolver.cpp, line 773]
Event: 2.298 Thread 0x0000021a1038f800 Exception <a 'java/lang/NoSuchMethodError'{0x0000000085520540}: 'java.lang.Object java.lang.invoke.DirectMethodHandle$Holder.invokeStatic(java.lang.Object, java.lang.Object, java.lang.Object, int)'> (0x0000000085520540) thrown at [./src/hotspot/share/interpreter/linkResolver.cpp, line 773]
Event: 2.299 Thread 0x0000021a1038f800 Exception <a 'java/lang/NoSuchMethodError'{0x0000000085524c58}: 'java.lang.Object java.lang.invoke.DirectMethodHandle$Holder.invokeSpecial(java.lang.Object, java.lang.Object, java.lang.Object, java.lang.Object, int)'> (0x0000000085524c58) thrown at [./src/hotspot/share/interpreter/linkResolver.cpp, line 773]
Event: 2.299 Thread 0x0000021a1038f800 Exception <a 'java/lang/NoSuchMethodError'{0x0000000085528b90}: 'java.lang.Object java.lang.invoke.Invokers$Holder.linkToTargetMethod(java.lang.Object, java.lang.Object, int, java.lang.Object)'> (0x0000000085528b90) thrown at [./src/hotspot/share/interpreter/linkResolver.cpp, line 773]
Event: 2.384 Thread 0x0000021a1038f800 Exception <a 'java/lang/NoSuchMethodError'{0x00000000873cb5a0}: 'int java.lang.invoke.DirectMethodHandle$Holder.invokeSpecialIFC(java.lang.Object, java.lang.Object, java.lang.Object, java.lang.Object)'> (0x00000000873cb5a0) thrown at [./src/hotspot/share/interpreter/linkResolver.cpp, line 773]
Event: 2.386 Thread 0x0000021a1038f800 Exception <a 'java/lang/NoSuchMethodError'{0x00000000873d9558}: 'java.lang.Object java.lang.invoke.DirectMethodHandle$Holder.invokeInterface(java.lang.Object, java.lang.Object, java.lang.Object)'> (0x00000000873d9558) thrown at [./src/hotspot/share/interpreter/linkResolver.cpp, line 773]
Event: 2.386 Thread 0x0000021a1038f800 Exception <a 'java/lang/IncompatibleClassChangeError'{0x00000000873dca30}: Found class java.lang.Object, but interface was expected> (0x00000000873dca30) thrown at [./src/hotspot/share/interpreter/linkResolver.cpp, line 839]
Event: 2.474 Thread 0x0000021a1038f800 Exception <a 'java/lang/NoSuchMethodError'{0x0000000086766798}: 'java.lang.Object java.lang.invoke.DirectMethodHandle$Holder.invokeSpecial(java.lang.Object, java.lang.Object, java.lang.Object, java.lang.Object, java.lang.Object, java.lang.Object, java.lang.Object, java.lang.Object, java.lang.Object)'> (0x0000000086766798) thrown at [./src/hotspot/share/interpreter/linkResolver.cpp, line 773]
Event: 2.516 Thread 0x0000021a1038f800 Exception <a 'java/lang/NoSuchMethodError'{0x0000000085ee2900}: 'java.lang.Object java.lang.invoke.DirectMethodHandle$Holder.invokeVirtual(java.lang.Object, java.lang.Object, java.lang.Object, java.lang.Object)'> (0x0000000085ee2900) thrown at [./src/hotspot/share/interpreter/linkResolver.cpp, line 773]
Event: 2.577 Thread 0x0000021a1038f800 Exception <a 'java/lang/NoSuchMethodError'{0x00000000857adf70}: 'void java.lang.invoke.DirectMethodHandle$Holder.invokeSpecial(java.lang.Object, java.lang.Object, java.lang.Object, java.lang.Object, java.lang.Object, java.lang.Object)'> (0x00000000857adf70) thrown at [./src/hotspot/share/interpreter/linkResolver.cpp, line 773]
Event: 2.586 Thread 0x0000021a1038f800 Exception <a 'java/lang/NoSuchMethodError'{0x000000008561d6f0}: 'void java.lang.invoke.DirectMethodHandle$Holder.invokeSpecial(java.lang.Object, java.lang.Object, java.lang.Object, java.lang.Object, java.lang.Object, java.lang.Object, java.lang.Object)'> (0x000000008561d6f0) thrown at [./src/hotspot/share/interpreter/linkResolver.cpp, line 773]
Event: 2.586 Thread 0x0000021a1038f800 Exception <a 'java/lang/NoSuchMethodError'{0x0000000085625be0}: 'java.lang.Object java.lang.invoke.Invokers$Holder.linkToTargetMethod(java.lang.Object, java.lang.Object, java.lang.Object, java.lang.Object, java.lang.Object, java.lang.Object)'> (0x0000000085625be0) thrown at [./src/hotspot/share/interpreter/linkResolver.cpp, line 773]

Events (20 events):
Event: 2.626 Executing VM operation: RevokeBias
Event: 2.626 Executing VM operation: RevokeBias done
Event: 2.626 Executing VM operation: RevokeBias
Event: 2.626 Executing VM operation: RevokeBias done
Event: 2.627 loading class org/gradle/kotlin/dsl/tooling/builders/BuildSrcClassPathModeConfigurationAction
Event: 2.627 loading class org/gradle/kotlin/dsl/tooling/builders/BuildSrcClassPathModeConfigurationAction done
Event: 2.628 loading class kotlin/jvm/internal/PropertyReference0
Event: 2.628 loading class kotlin/jvm/internal/PropertyReference0 done
Event: 2.628 loading class kotlin/reflect/KProperty0
Event: 2.628 loading class kotlin/reflect/KProperty0 done
Event: 2.628 loading class kotlin/reflect/KProperty
Event: 2.628 loading class kotlin/reflect/KProperty done
Event: 2.628 loading class kotlin/reflect/KCallable
Event: 2.628 loading class kotlin/reflect/KCallable done
Event: 2.628 loading class kotlin/reflect/KAnnotatedElement
Event: 2.628 loading class kotlin/reflect/KAnnotatedElement done
Event: 2.628 loading class kotlin/jvm/internal/PropertyReference
Event: 2.628 loading class kotlin/jvm/internal/PropertyReference done
Event: 2.628 loading class kotlin/jvm/internal/CallableReference
Event: 2.628 loading class kotlin/jvm/internal/CallableReference done


Dynamic libraries:
0x00007ff6469a0000 - 0x00007ff6469aa000 	C:\Program Files\Android\Android Studio\jre\bin\java.exe
0x00007ffd62c10000 - 0x00007ffd62e24000 	C:\WINDOWS\SYSTEM32\ntdll.dll
0x00007ffd61c30000 - 0x00007ffd61cf2000 	C:\WINDOWS\System32\KERNEL32.DLL
0x00007ffd600e0000 - 0x00007ffd6047d000 	C:\WINDOWS\System32\KERNELBASE.dll
0x00007ffd608f0000 - 0x00007ffd60a01000 	C:\WINDOWS\System32\ucrtbase.dll
0x00007ffd44f10000 - 0x00007ffd44f27000 	C:\Program Files\Android\Android Studio\jre\bin\VCRUNTIME140.dll
0x00007ffd36e70000 - 0x00007ffd36e89000 	C:\Program Files\Android\Android Studio\jre\bin\jli.dll
0x00007ffd62510000 - 0x00007ffd626ba000 	C:\WINDOWS\System32\USER32.dll
0x00007ffd44ac0000 - 0x00007ffd44d4e000 	C:\WINDOWS\WinSxS\amd64_microsoft.windows.common-controls_6595b64144ccf1df_6.0.22621.608_none_a9444ca7c10bb01d\COMCTL32.dll
0x00007ffd60540000 - 0x00007ffd60566000 	C:\WINDOWS\System32\win32u.dll
0x00007ffd61a80000 - 0x00007ffd61b27000 	C:\WINDOWS\System32\msvcrt.dll
0x00007ffd61920000 - 0x00007ffd61949000 	C:\WINDOWS\System32\GDI32.dll
0x00007ffd607d0000 - 0x00007ffd608e2000 	C:\WINDOWS\System32\gdi32full.dll
0x00007ffd60040000 - 0x00007ffd600da000 	C:\WINDOWS\System32\msvcp_win.dll
0x00007ffd61950000 - 0x00007ffd61982000 	C:\WINDOWS\System32\IMM32.DLL
0x00007ffd22ff0000 - 0x00007ffd2308d000 	C:\Program Files\Android\Android Studio\jre\bin\msvcp140.dll
0x00007ffce66c0000 - 0x00007ffce71a5000 	C:\Program Files\Android\Android Studio\jre\bin\server\jvm.dll
0x00007ffd61d00000 - 0x00007ffd61dae000 	C:\WINDOWS\System32\ADVAPI32.dll
0x00007ffd61990000 - 0x00007ffd61a34000 	C:\WINDOWS\System32\sechost.dll
0x00007ffd60c30000 - 0x00007ffd60d45000 	C:\WINDOWS\System32\RPCRT4.dll
0x00007ffd618c0000 - 0x00007ffd618c8000 	C:\WINDOWS\System32\PSAPI.DLL
0x00007ffd5d420000 - 0x00007ffd5d429000 	C:\WINDOWS\SYSTEM32\WSOCK32.dll
0x00007ffd59460000 - 0x00007ffd59494000 	C:\WINDOWS\SYSTEM32\WINMM.dll
0x00007ffd58da0000 - 0x00007ffd58daa000 	C:\WINDOWS\SYSTEM32\VERSION.dll
0x00007ffd61780000 - 0x00007ffd617f1000 	C:\WINDOWS\System32\WS2_32.dll
0x00007ffd5f020000 - 0x00007ffd5f038000 	C:\WINDOWS\SYSTEM32\kernel.appcore.dll
0x00007ffd5b810000 - 0x00007ffd5b821000 	C:\Program Files\Android\Android Studio\jre\bin\verify.dll
0x00007ffd4b3d0000 - 0x00007ffd4b5fe000 	C:\WINDOWS\SYSTEM32\DBGHELP.DLL
0x00007ffd626e0000 - 0x00007ffd62a6a000 	C:\WINDOWS\System32\combase.dll
0x00007ffd62240000 - 0x00007ffd62317000 	C:\WINDOWS\System32\OLEAUT32.dll
0x00007ffd3f260000 - 0x00007ffd3f292000 	C:\WINDOWS\SYSTEM32\dbgcore.DLL
0x00007ffd60570000 - 0x00007ffd605eb000 	C:\WINDOWS\System32\bcryptPrimitives.dll
0x00007ffd49a30000 - 0x00007ffd49a59000 	C:\Program Files\Android\Android Studio\jre\bin\java.dll
0x00007ffd5d3e0000 - 0x00007ffd5d3eb000 	C:\Program Files\Android\Android Studio\jre\bin\jimage.dll
0x00007ffd5a7d0000 - 0x00007ffd5a7e8000 	C:\Program Files\Android\Android Studio\jre\bin\zip.dll
0x00007ffd60d50000 - 0x00007ffd61530000 	C:\WINDOWS\System32\SHELL32.dll
0x00007ffd5e030000 - 0x00007ffd5e8f5000 	C:\WINDOWS\SYSTEM32\windows.storage.dll
0x00007ffd5def0000 - 0x00007ffd5e02e000 	C:\WINDOWS\SYSTEM32\wintypes.dll
0x00007ffd61b30000 - 0x00007ffd61c21000 	C:\WINDOWS\System32\SHCORE.dll
0x00007ffd62a70000 - 0x00007ffd62ace000 	C:\WINDOWS\System32\shlwapi.dll
0x00007ffd5ff70000 - 0x00007ffd5ff91000 	C:\WINDOWS\SYSTEM32\profapi.dll
0x00007ffd53270000 - 0x00007ffd5328a000 	C:\Program Files\Android\Android Studio\jre\bin\net.dll
0x00007ffd59230000 - 0x00007ffd5935f000 	C:\WINDOWS\SYSTEM32\WINHTTP.dll
0x00007ffd5f4d0000 - 0x00007ffd5f539000 	C:\WINDOWS\system32\mswsock.dll
0x00007ffd49a10000 - 0x00007ffd49a24000 	C:\Program Files\Android\Android Studio\jre\bin\nio.dll
0x00007ffd46f40000 - 0x00007ffd46f67000 	C:\Users\Le Thanh Hang\.gradle\native\e1d6ef7f7dcc3fd88c89a11ec53ec762bb8ba0a96d01ffa2cd45eb1d1d8dd5c5\windows-amd64\native-platform.dll
0x00007ffcf6850000 - 0x00007ffcf6994000 	C:\Users\Le Thanh Hang\.gradle\native\5664cfc778a61ccfe75a443a1ab52a65af34e5dc3c78e0209fed803814484fcb\windows-amd64\native-platform-file-events.dll
0x00007ffd5d380000 - 0x00007ffd5d38a000 	C:\Program Files\Android\Android Studio\jre\bin\management.dll
0x00007ffd5b800000 - 0x00007ffd5b80d000 	C:\Program Files\Android\Android Studio\jre\bin\management_ext.dll
0x00007ffd5f700000 - 0x00007ffd5f71b000 	C:\WINDOWS\SYSTEM32\CRYPTSP.dll
0x00007ffd5efe0000 - 0x00007ffd5f015000 	C:\WINDOWS\system32\rsaenh.dll
0x00007ffd5f590000 - 0x00007ffd5f5b8000 	C:\WINDOWS\SYSTEM32\USERENV.dll
0x00007ffd5f960000 - 0x00007ffd5f988000 	C:\WINDOWS\SYSTEM32\bcrypt.dll
0x00007ffd5f720000 - 0x00007ffd5f72c000 	C:\WINDOWS\SYSTEM32\CRYPTBASE.dll
0x00007ffd5eb90000 - 0x00007ffd5ebbd000 	C:\WINDOWS\SYSTEM32\IPHLPAPI.DLL
0x00007ffd62230000 - 0x00007ffd62239000 	C:\WINDOWS\System32\NSI.dll
0x00007ffd59440000 - 0x00007ffd59459000 	C:\WINDOWS\SYSTEM32\dhcpcsvc6.DLL
0x00007ffd59210000 - 0x00007ffd5922f000 	C:\WINDOWS\SYSTEM32\dhcpcsvc.DLL
0x00007ffd5ebc0000 - 0x00007ffd5ecb2000 	C:\WINDOWS\SYSTEM32\DNSAPI.dll

dbghelp: loaded successfully - version: 4.0.5 - missing functions: none
symbol engine: initialized successfully - sym options: 0x614 - pdb path: .;C:\Program Files\Android\Android Studio\jre\bin;C:\WINDOWS\SYSTEM32;C:\WINDOWS\WinSxS\amd64_microsoft.windows.common-controls_6595b64144ccf1df_6.0.22621.608_none_a9444ca7c10bb01d;C:\Program Files\Android\Android Studio\jre\bin\server;C:\Users\Le Thanh Hang\.gradle\native\e1d6ef7f7dcc3fd88c89a11ec53ec762bb8ba0a96d01ffa2cd45eb1d1d8dd5c5\windows-amd64;C:\Users\Le Thanh Hang\.gradle\native\5664cfc778a61ccfe75a443a1ab52a65af34e5dc3c78e0209fed803814484fcb\windows-amd64

VM Arguments:
jvm_args: --add-opens=java.base/java.util=ALL-UNNAMED --add-opens=java.base/java.lang=ALL-UNNAMED --add-opens=java.base/java.lang.invoke=ALL-UNNAMED --add-opens=java.base/java.util=ALL-UNNAMED --add-opens=java.prefs/java.util.prefs=ALL-UNNAMED --add-opens=java.prefs/java.util.prefs=ALL-UNNAMED --add-opens=java.base/java.nio.charset=ALL-UNNAMED --add-opens=java.base/java.net=ALL-UNNAMED --add-opens=java.base/java.util.concurrent.atomic=ALL-UNNAMED -Xmx2048m -Dfile.encoding=UTF-8 -Duser.country=US -Duser.language=en -Duser.variant 
java_command: org.gradle.launcher.daemon.bootstrap.GradleDaemon 7.3.3
java_class_path (initial): C:\Users\Le Thanh Hang\.gradle\wrapper\dists\gradle-7.3.3-bin\6a41zxkdtcxs8rphpq6y0069z\gradle-7.3.3\lib\gradle-launcher-7.3.3.jar
Launcher Type: SUN_STANDARD

[Global flags]
     intx CICompilerCount                          = 12                                        {product} {ergonomic}
     uint ConcGCThreads                            = 3                                         {product} {ergonomic}
     uint G1ConcRefinementThreads                  = 13                                        {product} {ergonomic}
   size_t G1HeapRegionSize                         = 1048576                                   {product} {ergonomic}
    uintx GCDrainStackTargetSize                   = 64                                        {product} {ergonomic}
   size_t InitialHeapSize                          = 123731968                                 {product} {ergonomic}
   size_t MarkStackSize                            = 4194304                                   {product} {ergonomic}
   size_t MaxHeapSize                              = 2147483648                                {product} {command line}
   size_t MaxNewSize                               = 1287651328                                {product} {ergonomic}
   size_t MinHeapDeltaBytes                        = 1048576                                   {product} {ergonomic}
    uintx NonNMethodCodeHeapSize                   = 7594288                                {pd product} {ergonomic}
    uintx NonProfiledCodeHeapSize                  = 122031976                              {pd product} {ergonomic}
    uintx ProfiledCodeHeapSize                     = 122031976                              {pd product} {ergonomic}
    uintx ReservedCodeCacheSize                    = 251658240                              {pd product} {ergonomic}
     bool SegmentedCodeCache                       = true                                      {product} {ergonomic}
     bool UseCompressedClassPointers               = true                                 {lp64_product} {ergonomic}
     bool UseCompressedOops                        = true                                 {lp64_product} {ergonomic}
     bool UseG1GC                                  = true                                      {product} {ergonomic}
     bool UseLargePagesIndividualAllocation        = false                                  {pd product} {ergonomic}

Logging:
Log output configuration:
 #0: stdout all=warning uptime,level,tags
 #1: stderr all=off uptime,level,tags

Environment Variables:
PATH=C:\Program Files (x86)\VMware\VMware Workstation\bin\;C:\Python310\Scripts\;C:\Python310\;C:\Program Files\Eclipse Foundation\jdk-8.0.302.8-hotspot\bin;C:\windows\system32;C:\windows;C:\windows\System32\Wbem;C:\windows\System32\WindowsPowerShell\v1.0\;C:\windows\System32\OpenSSH\;C:\Program Files (x86)\NVIDIA Corporation\PhysX\Common;C:\Program Files\NVIDIA Corporation\NVIDIA NvDLISR;C:\Program Files\Microsoft SQL Server\130\Tools\Binn\;C:\Program Files\Microsoft SQL Server\Client SDK\ODBC\170\Tools\Binn\;C:\Program Files\Git\cmd;C:\Program Files\nodejs\;C:\ProgramData\chocolatey\bin;C:\WINDOWS\system32;C:\WINDOWS;C:\WINDOWS\System32\Wbem;C:\WINDOWS\System32\WindowsPowerShell\v1.0\;C:\WINDOWS\System32\OpenSSH\;C:\Program Files\dotnet\;C:\MinGW\bin;C:\Ruby31-x64\bin;C:\Users\Le Thanh Hang\AppData\Local\Microsoft\WindowsApps;C:\Users\Le Thanh Hang\AppData\Local\GitHubDesktop\bin;C:\Users\Le Thanh Hang\AppData\Roaming\npm;C:\Users\Le Thanh Hang\.dotnet\tools;C:\Users\Le Thanh Hang\AppData\Local\Programs\Microsoft VS Code\bin
USERNAME=Le Thanh Hang
OS=Windows_NT
PROCESSOR_IDENTIFIER=AMD64 Family 25 Model 80 Stepping 0, AuthenticAMD



---------------  S Y S T E M  ---------------

OS: Windows 10 , 64 bit Build 22621 (10.0.22621.755)
OS uptime: 0 days 12:59 hours
Hyper-V role detected

CPU:total 16 (initial active 16) (16 cores per cpu, 2 threads per core) family 25 model 80 stepping 0 microcode 0x0, cmov, cx8, fxsr, mmx, sse, sse2, sse3, ssse3, sse4.1, sse4.2, popcnt, avx, avx2, aes, clmul, erms, mmxext, 3dnowpref, lzcnt, sse4a, ht, tsc, tscinvbit, tscinv, bmi1, bmi2, adx, sha, fma

Memory: 4k page, system-wide physical 7523M (525M free)
TotalPageFile size 11619M (AvailPageFile size 5M)
current process WorkingSet (physical memory assigned to process): 214M, peak: 215M
current process commit charge ("private bytes"): 287M, peak: 289M

vm_info: OpenJDK 64-Bit Server VM (11.0.12+7-b1504.28-7817840) for windows-amd64 JRE (11.0.12+7-b1504.28-7817840), built on Oct 13 2021 22:12:33 by "builder" with MS VC++ 14.0 (VS2015)

END.
