#
# There is insufficient memory for the Java Runtime Environment to continue.
# Native memory allocation (malloc) failed to allocate 2036176 bytes for Chunk::new
# Possible reasons:
#   The system is out of physical RAM or swap space
#   The process is running with CompressedOops enabled, and the Java Heap may be blocking the growth of the native heap
# Possible solutions:
#   Reduce memory load on the system
#   Increase physical memory or swap space
#   Check if swap backing store is full
#   Decrease Java heap size (-Xmx/-Xms)
#   Decrease number of Java threads
#   Decrease Java thread stack sizes (-Xss)
#   Set larger code cache with -XX:ReservedCodeCacheSize=
#   JVM is running with Unscaled Compressed Oops mode in which the Java heap is
#     placed in the first 4GB address space. The Java Heap base address is the
#     maximum limit for the native heap growth. Please use -XX:HeapBaseMinAddress
#     to set the Java Heap base and to place the Java Heap above 4GB virtual address.
# This output file may be truncated or incomplete.
#
#  Out of Memory Error (./src/hotspot/share/memory/arena.cpp:197), pid=10596, tid=6984
#
# JRE version: OpenJDK Runtime Environment (11.0.12+7) (build 11.0.12+7-b1504.28-7817840)
# Java VM: OpenJDK 64-Bit Server VM (11.0.12+7-b1504.28-7817840, mixed mode, tiered, compressed oops, g1 gc, windows-amd64)
# No core dump will be written. Minidumps are not enabled by default on client versions of Windows
#

---------------  S U M M A R Y ------------

Command Line: --add-opens=java.base/java.util=ALL-UNNAMED --add-opens=java.base/java.lang=ALL-UNNAMED --add-opens=java.base/java.lang.invoke=ALL-UNNAMED --add-opens=java.base/java.util=ALL-UNNAMED --add-opens=java.prefs/java.util.prefs=ALL-UNNAMED --add-opens=java.prefs/java.util.prefs=ALL-UNNAMED --add-opens=java.base/java.nio.charset=ALL-UNNAMED --add-opens=java.base/java.net=ALL-UNNAMED --add-opens=java.base/java.util.concurrent.atomic=ALL-UNNAMED -Xmx2048m -Dfile.encoding=UTF-8 -Duser.country=US -Duser.language=en -Duser.variant org.gradle.launcher.daemon.bootstrap.GradleDaemon 7.3.3

Host: AMD Ryzen 7 5800H with Radeon Graphics         , 16 cores, 7G,  Windows 10 , 64 bit Build 22621 (10.0.22621.755)
Time: Wed Nov 16 08:30:05 2022 SE Asia Standard Time elapsed time: 382.396747 seconds (0d 0h 6m 22s)

---------------  T H R E A D  ---------------

Current thread (0x0000022271125000):  JavaThread "C2 CompilerThread0" daemon [_thread_in_native, id=6984, stack(0x0000004f46100000,0x0000004f46200000)]


Current CompileTask:
C2: 382396 14580 %     4       com.google.gson.stream.JsonWriter::string @ 37 (169 bytes)

Stack: [0x0000004f46100000,0x0000004f46200000]
Native frames: (J=compiled Java code, j=interpreted, Vv=VM code, C=native code)
V  [jvm.dll+0x5fbcea]
V  [jvm.dll+0x731905]
V  [jvm.dll+0x732f1d]
V  [jvm.dll+0x7335d3]
V  [jvm.dll+0x247bf8]
V  [jvm.dll+0xc018c]
V  [jvm.dll+0xc06cc]
V  [jvm.dll+0x35b2db]
V  [jvm.dll+0x328803]
V  [jvm.dll+0x327cfa]
V  [jvm.dll+0x200602]
V  [jvm.dll+0x1ff794]
V  [jvm.dll+0x18868c]
V  [jvm.dll+0x20e0d7]
V  [jvm.dll+0x20c901]
V  [jvm.dll+0x6f9b7f]
V  [jvm.dll+0x6f26a5]
V  [jvm.dll+0x5fabf6]
C  [ucrtbase.dll+0x29363]
C  [KERNEL32.DLL+0x1244d]
C  [ntdll.dll+0x5dfb8]


---------------  P R O C E S S  ---------------

Threads class SMR info:
_java_thread_list=0x000002227713e0b0, length=230, elements={
0x00000222537ae000, 0x000002227088e800, 0x000002227089c800, 0x000002227111e800,
0x0000022271120800, 0x0000022271124000, 0x0000022271125000, 0x0000022271128800,
0x000002227112b800, 0x000002227129e000, 0x00000222732bf000, 0x0000022273dce000,
0x0000022272bb7800, 0x0000022273785000, 0x0000022273788000, 0x0000022273783000,
0x0000022273786800, 0x0000022273789000, 0x0000022274b28000, 0x0000022274b29800,
0x0000022274b24000, 0x0000022274b2b000, 0x0000022274b26800, 0x0000022279854800,
0x0000022279858800, 0x0000022279856800, 0x0000022279857800, 0x0000022279856000,
0x000002227985b000, 0x000002227985a000, 0x0000022279859000, 0x0000022279855000,
0x000002227985b800, 0x000002227985c800, 0x00000222763f8000, 0x00000222763f9000,
0x00000222763f9800, 0x000002227baeb000, 0x000002227baec800, 0x000002227bae8800,
0x000002227baeb800, 0x000002227baed800, 0x000002227bae9000, 0x000002227baea000,
0x000002227baf1800, 0x000002227baef800, 0x000002227baf2000, 0x000002227baf3000,
0x000002227baf4000, 0x000002227baee000, 0x000002227baf4800, 0x000002227baef000,
0x000002227bafa800, 0x000002227baf7000, 0x000002227baf8000, 0x000002227baf8800,
0x000002227baf9800, 0x000002227bafb000, 0x000002227baf5800, 0x000002227bafc000,
0x000002227baf6800, 0x000002227baff000, 0x000002227bb00000, 0x000002227bb01000,
0x000002227bafe800, 0x000002227bb02800, 0x000002227bb01800, 0x000002227bafd000,
0x000002227bb03800, 0x000002227bafd800, 0x000002227bb04000, 0x000002227bb05000,
0x000002227bb06000, 0x000002227bb06800, 0x000002227bb07800, 0x00000222763fb000,
0x00000222763fc000, 0x00000222763f6800, 0x0000022276400000, 0x0000022276402800,
0x0000022276401000, 0x00000222763fd800, 0x00000222763fd000, 0x0000022276404000,
0x0000022276403800, 0x00000222763fe800, 0x0000022276405000, 0x0000022276401800,
0x00000222763ff800, 0x0000022276407800, 0x000002227640b800, 0x0000022276409000,
0x0000022276408800, 0x000002227640a000, 0x0000022276406000, 0x000002227640c800,
0x0000022276406800, 0x000002227640d000, 0x0000022276410800, 0x000002227640e000,
0x000002227640f000, 0x000002227640f800, 0x000002227640a800, 0x0000022276411000,
0x0000022276415800, 0x0000022276414800, 0x0000022276413000, 0x0000022276413800,
0x0000022276412000, 0x0000022274b23000, 0x0000022274b27000, 0x0000022274b21800,
0x0000022274b2d000, 0x0000022274b2c000, 0x0000022274b2d800, 0x0000022274b2e800,
0x0000022274b2f800, 0x0000022274b30000, 0x0000022279853800, 0x0000022279852800,
0x000002227984e800, 0x0000022279851000, 0x0000022279850000, 0x0000022279852000,
0x000002227984d800, 0x000002227984f800, 0x0000022273784000, 0x0000022273782800,
0x0000022273785800, 0x0000022273787800, 0x00000222771df800, 0x00000222771dc000,
0x00000222771db800, 0x00000222771de800, 0x00000222771dd000, 0x00000222771de000,
0x00000222771e0000, 0x00000222771da800, 0x00000222771e2800, 0x00000222771e3800,
0x00000222771e2000, 0x00000222771e4800, 0x00000222771e1000, 0x00000222771e8800,
0x00000222771e7000, 0x00000222771e5000, 0x00000222771e9000, 0x00000222771e6000,
0x00000222771e7800, 0x0000022279c1b800, 0x0000022279c1f000, 0x0000022279c1c800,
0x0000022279c1d800, 0x0000022279c1f800, 0x0000022279c20800, 0x0000022279c1e000,
0x0000022279c1b000, 0x0000022279c24000, 0x0000022279c22000, 0x0000022279c27000,
0x0000022279c24800, 0x0000022279c25800, 0x0000022279c23000, 0x0000022279c21800,
0x0000022279c26000, 0x0000022279c28000, 0x0000022279c29800, 0x0000022279c28800,
0x0000022273934000, 0x0000022273933000, 0x0000022273936800, 0x0000022273931800,
0x0000022273935000, 0x0000022273935800, 0x0000022273931000, 0x0000022273937800,
0x0000022273938000, 0x0000022273932800, 0x000002227393c000, 0x000002227393a800,
0x000002227393d000, 0x000002227393e000, 0x000002227393b800, 0x000002227393e800,
0x0000022273939000, 0x000002227393f800, 0x000002227393a000, 0x0000022273940800,
0x0000022273942800, 0x0000022273944800, 0x0000022273945000, 0x0000022273942000,
0x0000022273943800, 0x0000022273946000, 0x0000022273947000, 0x0000022273941000,
0x000002227394b000, 0x0000022273947800, 0x0000022273948800, 0x000002227394f000,
0x000002227394e000, 0x000002227394b800, 0x000002227394c800, 0x0000022273949800,
0x000002227394d800, 0x0000022273950000, 0x000002227394a000, 0x0000022271419000,
0x000002227141a000, 0x0000022271418000, 0x000002227141c000, 0x000002227141a800,
0x000002227141b800, 0x000002227141d000, 0x0000022271417800, 0x000002227141e000,
0x0000022271422000, 0x0000022271421000, 0x0000022271420800, 0x0000022271423000,
0x000002227141e800, 0x0000022271423800, 0x0000022271424800, 0x000002227141f800,
0x0000022271427000, 0x0000022271429800, 0x000002227142a000, 0x0000022271427800,
0x0000022271428800, 0x000002227142b000
}

Java Threads: ( => current thread )
  0x00000222537ae000 JavaThread "main" [_thread_blocked, id=9648, stack(0x0000004f45500000,0x0000004f45600000)]
  0x000002227088e800 JavaThread "Reference Handler" daemon [_thread_blocked, id=5080, stack(0x0000004f45c00000,0x0000004f45d00000)]
  0x000002227089c800 JavaThread "Finalizer" daemon [_thread_blocked, id=9900, stack(0x0000004f45d00000,0x0000004f45e00000)]
  0x000002227111e800 JavaThread "Signal Dispatcher" daemon [_thread_blocked, id=8576, stack(0x0000004f45e00000,0x0000004f45f00000)]
  0x0000022271120800 JavaThread "Attach Listener" daemon [_thread_blocked, id=14092, stack(0x0000004f45f00000,0x0000004f46000000)]
  0x0000022271124000 JavaThread "Service Thread" daemon [_thread_blocked, id=9704, stack(0x0000004f46000000,0x0000004f46100000)]
=>0x0000022271125000 JavaThread "C2 CompilerThread0" daemon [_thread_in_native, id=6984, stack(0x0000004f46100000,0x0000004f46200000)]
  0x0000022271128800 JavaThread "C1 CompilerThread0" daemon [_thread_in_vm, id=2836, stack(0x0000004f46200000,0x0000004f46300000)]
  0x000002227112b800 JavaThread "Sweeper thread" daemon [_thread_blocked, id=3468, stack(0x0000004f46300000,0x0000004f46400000)]
  0x000002227129e000 JavaThread "Common-Cleaner" daemon [_thread_blocked, id=10844, stack(0x0000004f46500000,0x0000004f46600000)]
  0x00000222732bf000 JavaThread "Daemon health stats" [_thread_blocked, id=15432, stack(0x0000004f46c00000,0x0000004f46d00000)]
  0x0000022273dce000 JavaThread "Incoming local TCP Connector on port 59351" [_thread_in_native, id=9860, stack(0x0000004f46700000,0x0000004f46800000)]
  0x0000022272bb7800 JavaThread "Daemon periodic checks" [_thread_blocked, id=5472, stack(0x0000004f46800000,0x0000004f46900000)]
  0x0000022273785000 JavaThread "Cache worker for journal cache (C:\Users\Le Thanh Hang\.gradle\caches\journal-1)" [_thread_blocked, id=14272, stack(0x0000004f47e00000,0x0000004f47f00000)]
  0x0000022273788000 JavaThread "File lock request listener" [_thread_in_native, id=4844, stack(0x0000004f47f00000,0x0000004f48000000)]
  0x0000022273783000 JavaThread "Cache worker for file hash cache (C:\Users\Le Thanh Hang\.gradle\caches\7.3.3\fileHashes)" [_thread_blocked, id=4984, stack(0x0000004f48000000,0x0000004f48100000)]
  0x0000022273786800 JavaThread "File watcher server" daemon [_thread_in_native, id=14268, stack(0x0000004f48700000,0x0000004f48800000)]
  0x0000022273789000 JavaThread "File watcher consumer" daemon [_thread_blocked, id=8008, stack(0x0000004f48800000,0x0000004f48900000)]
  0x0000022274b28000 JavaThread "Cache worker for execution history cache (C:\Users\Le Thanh Hang\.gradle\caches\7.3.3\executionHistory)" [_thread_blocked, id=2148, stack(0x0000004f48c00000,0x0000004f48d00000)]
  0x0000022274b29800 JavaThread "jar transforms" [_thread_blocked, id=12896, stack(0x0000004f48f00000,0x0000004f49000000)]
  0x0000022274b24000 JavaThread "Cache worker for file content cache (C:\Users\Le Thanh Hang\.gradle\caches\7.3.3\fileContent)" [_thread_blocked, id=2648, stack(0x0000004f49000000,0x0000004f49100000)]
  0x0000022274b2b000 JavaThread "jar transforms Thread 2" [_thread_blocked, id=3800, stack(0x0000004f49100000,0x0000004f49200000)]
  0x0000022274b26800 JavaThread "jar transforms Thread 3" [_thread_blocked, id=16356, stack(0x0000004f49300000,0x0000004f49400000)]
  0x0000022279854800 JavaThread "jar transforms Thread 4" [_thread_blocked, id=15508, stack(0x0000004f51b00000,0x0000004f51c00000)]
  0x0000022279858800 JavaThread "jar transforms Thread 5" [_thread_blocked, id=15300, stack(0x0000004f51c00000,0x0000004f51d00000)]
  0x0000022279856800 JavaThread "jar transforms Thread 6" [_thread_blocked, id=12004, stack(0x0000004f51d00000,0x0000004f51e00000)]
  0x0000022279857800 JavaThread "jar transforms Thread 7" [_thread_blocked, id=11308, stack(0x0000004f51e00000,0x0000004f51f00000)]
  0x0000022279856000 JavaThread "jar transforms Thread 8" [_thread_blocked, id=15880, stack(0x0000004f51f00000,0x0000004f52000000)]
  0x000002227985b000 JavaThread "jar transforms Thread 9" [_thread_blocked, id=7744, stack(0x0000004f52000000,0x0000004f52100000)]
  0x000002227985a000 JavaThread "jar transforms Thread 10" [_thread_blocked, id=5832, stack(0x0000004f52100000,0x0000004f52200000)]
  0x0000022279859000 JavaThread "jar transforms Thread 11" [_thread_blocked, id=9252, stack(0x0000004f52200000,0x0000004f52300000)]
  0x0000022279855000 JavaThread "jar transforms Thread 12" [_thread_blocked, id=7424, stack(0x0000004f52300000,0x0000004f52400000)]
  0x000002227985b800 JavaThread "jar transforms Thread 13" [_thread_blocked, id=12868, stack(0x0000004f52400000,0x0000004f52500000)]
  0x000002227985c800 JavaThread "jar transforms Thread 14" [_thread_blocked, id=9484, stack(0x0000004f52500000,0x0000004f52600000)]
  0x00000222763f8000 JavaThread "jar transforms Thread 15" [_thread_blocked, id=11784, stack(0x0000004f52600000,0x0000004f52700000)]
  0x00000222763f9000 JavaThread "jar transforms Thread 16" [_thread_blocked, id=4712, stack(0x0000004f52700000,0x0000004f52800000)]
  0x00000222763f9800 JavaThread "Memory manager" [_thread_blocked, id=11436, stack(0x0000004f48d00000,0x0000004f48e00000)]
  0x000002227baeb000 JavaThread "Daemon Thread 3" [_thread_blocked, id=4864, stack(0x0000004f45200000,0x0000004f45300000)]
  0x000002227baec800 JavaThread "Handler for socket connection from /127.0.0.1:59351 to /127.0.0.1:61454" [_thread_in_native, id=12800, stack(0x0000004f45300000,0x0000004f45400000)]
  0x000002227bae8800 JavaThread "Cancel handler" [_thread_blocked, id=2828, stack(0x0000004f45400000,0x0000004f45500000)]
  0x000002227baeb800 JavaThread "C1 CompilerThread1" daemon [_thread_in_native, id=15940, stack(0x0000004f46400000,0x0000004f46500000)]
  0x000002227baed800 JavaThread "Daemon worker Thread 3" [_thread_blocked, id=7984, stack(0x0000004f46900000,0x0000004f46a00000)]
  0x000002227bae9000 JavaThread "Asynchronous log dispatcher for DefaultDaemonConnection: socket connection from /127.0.0.1:59351 to /127.0.0.1:61454" [_thread_blocked, id=14580, stack(0x0000004f46a00000,0x0000004f46b00000)]
  0x000002227baea000 JavaThread "Stdin handler" [_thread_blocked, id=2984, stack(0x0000004f46d00000,0x0000004f46e00000)]
  0x000002227baf1800 JavaThread "Daemon client event forwarder" [_thread_blocked, id=7160, stack(0x0000004f46e00000,0x0000004f46f00000)]
  0x000002227baef800 JavaThread "Cache worker for file hash cache (D:\NT118_PTUDDD\Lab\Lab02\Bai04\.gradle\7.3.3\fileHashes)" [_thread_blocked, id=10360, stack(0x0000004f47900000,0x0000004f47a00000)]
  0x000002227baf2000 JavaThread "Cache worker for checksums cache (D:\NT118_PTUDDD\Lab\Lab02\Bai04\.gradle\7.3.3\checksums)" [_thread_blocked, id=13668, stack(0x0000004f47a00000,0x0000004f47b00000)]
  0x000002227baf3000 JavaThread "Cache worker for cache directory md-supplier (C:\Users\Le Thanh Hang\.gradle\caches\7.3.3\md-supplier)" [_thread_blocked, id=10368, stack(0x0000004f47b00000,0x0000004f47c00000)]
  0x000002227baf4000 JavaThread "Cache worker for cache directory md-rule (C:\Users\Le Thanh Hang\.gradle\caches\7.3.3\md-rule)" [_thread_blocked, id=16248, stack(0x0000004f47c00000,0x0000004f47d00000)]
  0x000002227baee000 JavaThread "Cache worker for dependencies-accessors (D:\NT118_PTUDDD\Lab\Lab02\Bai04\.gradle\7.3.3\dependencies-accessors)" [_thread_blocked, id=7304, stack(0x0000004f47d00000,0x0000004f47e00000)]
  0x000002227baf4800 JavaThread "Cache worker for Build Output Cleanup Cache (D:\NT118_PTUDDD\Lab\Lab02\Bai04\.gradle\buildOutputCleanup)" [_thread_blocked, id=6432, stack(0x0000004f48400000,0x0000004f48500000)]
  0x000002227baef000 JavaThread "Unconstrained build operations" [_thread_blocked, id=8908, stack(0x0000004f48600000,0x0000004f48700000)]
  0x000002227bafa800 JavaThread "Unconstrained build operations Thread 2" [_thread_blocked, id=15484, stack(0x0000004f48b00000,0x0000004f48c00000)]
  0x000002227baf7000 JavaThread "Unconstrained build operations Thread 3" [_thread_blocked, id=6692, stack(0x0000004f48e00000,0x0000004f48f00000)]
  0x000002227baf8000 JavaThread "Unconstrained build operations Thread 4" [_thread_blocked, id=11400, stack(0x0000004f49200000,0x0000004f49300000)]
  0x000002227baf8800 JavaThread "Unconstrained build operations Thread 5" [_thread_blocked, id=7008, stack(0x0000004f49400000,0x0000004f49500000)]
  0x000002227baf9800 JavaThread "Unconstrained build operations Thread 6" [_thread_blocked, id=1276, stack(0x0000004f49500000,0x0000004f49600000)]
  0x000002227bafb000 JavaThread "Unconstrained build operations Thread 7" [_thread_blocked, id=11796, stack(0x0000004f49600000,0x0000004f49700000)]
  0x000002227baf5800 JavaThread "Unconstrained build operations Thread 8" [_thread_blocked, id=5876, stack(0x0000004f49700000,0x0000004f49800000)]
  0x000002227bafc000 JavaThread "Unconstrained build operations Thread 9" [_thread_blocked, id=1804, stack(0x0000004f49800000,0x0000004f49900000)]
  0x000002227baf6800 JavaThread "Unconstrained build operations Thread 10" [_thread_blocked, id=9444, stack(0x0000004f49900000,0x0000004f49a00000)]
  0x000002227baff000 JavaThread "Unconstrained build operations Thread 11" [_thread_blocked, id=8512, stack(0x0000004f49a00000,0x0000004f49b00000)]
  0x000002227bb00000 JavaThread "Unconstrained build operations Thread 12" [_thread_blocked, id=7356, stack(0x0000004f49b00000,0x0000004f49c00000)]
  0x000002227bb01000 JavaThread "Unconstrained build operations Thread 13" [_thread_blocked, id=10304, stack(0x0000004f49c00000,0x0000004f49d00000)]
  0x000002227bafe800 JavaThread "Unconstrained build operations Thread 14" [_thread_blocked, id=6680, stack(0x0000004f49d00000,0x0000004f49e00000)]
  0x000002227bb02800 JavaThread "Unconstrained build operations Thread 15" [_thread_blocked, id=15220, stack(0x0000004f49e00000,0x0000004f49f00000)]
  0x000002227bb01800 JavaThread "Unconstrained build operations Thread 16" [_thread_blocked, id=8884, stack(0x0000004f49f00000,0x0000004f4a000000)]
  0x000002227bafd000 JavaThread "Unconstrained build operations Thread 17" [_thread_blocked, id=13568, stack(0x0000004f4a000000,0x0000004f4a100000)]
  0x000002227bb03800 JavaThread "Unconstrained build operations Thread 18" [_thread_blocked, id=3288, stack(0x0000004f4a100000,0x0000004f4a200000)]
  0x000002227bafd800 JavaThread "Unconstrained build operations Thread 19" [_thread_blocked, id=12444, stack(0x0000004f4a200000,0x0000004f4a300000)]
  0x000002227bb04000 JavaThread "Unconstrained build operations Thread 20" [_thread_blocked, id=7948, stack(0x0000004f4a300000,0x0000004f4a400000)]
  0x000002227bb05000 JavaThread "Unconstrained build operations Thread 21" [_thread_blocked, id=4072, stack(0x0000004f4a400000,0x0000004f4a500000)]
  0x000002227bb06000 JavaThread "Unconstrained build operations Thread 22" [_thread_blocked, id=15436, stack(0x0000004f4a500000,0x0000004f4a600000)]
  0x000002227bb06800 JavaThread "Unconstrained build operations Thread 23" [_thread_blocked, id=13164, stack(0x0000004f4a600000,0x0000004f4a700000)]
  0x000002227bb07800 JavaThread "Unconstrained build operations Thread 24" [_thread_blocked, id=12472, stack(0x0000004f4a700000,0x0000004f4a800000)]
  0x00000222763fb000 JavaThread "Unconstrained build operations Thread 25" [_thread_blocked, id=3680, stack(0x0000004f4a800000,0x0000004f4a900000)]
  0x00000222763fc000 JavaThread "Unconstrained build operations Thread 26" [_thread_blocked, id=7432, stack(0x0000004f4a900000,0x0000004f4aa00000)]
  0x00000222763f6800 JavaThread "Unconstrained build operations Thread 27" [_thread_blocked, id=13208, stack(0x0000004f4aa00000,0x0000004f4ab00000)]
  0x0000022276400000 JavaThread "Unconstrained build operations Thread 28" [_thread_blocked, id=9196, stack(0x0000004f4ab00000,0x0000004f4ac00000)]
  0x0000022276402800 JavaThread "Unconstrained build operations Thread 29" [_thread_blocked, id=2824, stack(0x0000004f4ac00000,0x0000004f4ad00000)]
  0x0000022276401000 JavaThread "Unconstrained build operations Thread 30" [_thread_blocked, id=9052, stack(0x0000004f4ad00000,0x0000004f4ae00000)]
  0x00000222763fd800 JavaThread "Unconstrained build operations Thread 31" [_thread_blocked, id=1040, stack(0x0000004f4ae00000,0x0000004f4af00000)]
  0x00000222763fd000 JavaThread "Unconstrained build operations Thread 32" [_thread_blocked, id=7940, stack(0x0000004f4af00000,0x0000004f4b000000)]
  0x0000022276404000 JavaThread "Unconstrained build operations Thread 33" [_thread_blocked, id=10128, stack(0x0000004f4b000000,0x0000004f4b100000)]
  0x0000022276403800 JavaThread "Unconstrained build operations Thread 34" [_thread_blocked, id=14508, stack(0x0000004f4b100000,0x0000004f4b200000)]
  0x00000222763fe800 JavaThread "Unconstrained build operations Thread 35" [_thread_blocked, id=8180, stack(0x0000004f4b200000,0x0000004f4b300000)]
  0x0000022276405000 JavaThread "Unconstrained build operations Thread 36" [_thread_blocked, id=13300, stack(0x0000004f4b300000,0x0000004f4b400000)]
  0x0000022276401800 JavaThread "Unconstrained build operations Thread 37" [_thread_blocked, id=12952, stack(0x0000004f4b400000,0x0000004f4b500000)]
  0x00000222763ff800 JavaThread "Unconstrained build operations Thread 38" [_thread_blocked, id=9964, stack(0x0000004f4b500000,0x0000004f4b600000)]
  0x0000022276407800 JavaThread "Unconstrained build operations Thread 39" [_thread_blocked, id=10700, stack(0x0000004f4b600000,0x0000004f4b700000)]
  0x000002227640b800 JavaThread "Unconstrained build operations Thread 40" [_thread_blocked, id=13176, stack(0x0000004f4b700000,0x0000004f4b800000)]
  0x0000022276409000 JavaThread "Unconstrained build operations Thread 41" [_thread_blocked, id=13044, stack(0x0000004f4b800000,0x0000004f4b900000)]
  0x0000022276408800 JavaThread "Unconstrained build operations Thread 42" [_thread_blocked, id=13360, stack(0x0000004f4b900000,0x0000004f4ba00000)]
  0x000002227640a000 JavaThread "Unconstrained build operations Thread 43" [_thread_blocked, id=2816, stack(0x0000004f4ba00000,0x0000004f4bb00000)]
  0x0000022276406000 JavaThread "Unconstrained build operations Thread 44" [_thread_blocked, id=15856, stack(0x0000004f4bb00000,0x0000004f4bc00000)]
  0x000002227640c800 JavaThread "Unconstrained build operations Thread 45" [_thread_blocked, id=14660, stack(0x0000004f4bc00000,0x0000004f4bd00000)]
  0x0000022276406800 JavaThread "Unconstrained build operations Thread 46" [_thread_blocked, id=1584, stack(0x0000004f4bd00000,0x0000004f4be00000)]
  0x000002227640d000 JavaThread "Unconstrained build operations Thread 47" [_thread_blocked, id=4456, stack(0x0000004f4be00000,0x0000004f4bf00000)]
  0x0000022276410800 JavaThread "Unconstrained build operations Thread 48" [_thread_blocked, id=12016, stack(0x0000004f4bf00000,0x0000004f4c000000)]
  0x000002227640e000 JavaThread "Unconstrained build operations Thread 49" [_thread_blocked, id=4696, stack(0x0000004f4c000000,0x0000004f4c100000)]
  0x000002227640f000 JavaThread "Unconstrained build operations Thread 50" [_thread_blocked, id=8012, stack(0x0000004f4c100000,0x0000004f4c200000)]
  0x000002227640f800 JavaThread "Unconstrained build operations Thread 51" [_thread_blocked, id=8436, stack(0x0000004f4c200000,0x0000004f4c300000)]
  0x000002227640a800 JavaThread "Unconstrained build operations Thread 52" [_thread_blocked, id=14392, stack(0x0000004f4c300000,0x0000004f4c400000)]
  0x0000022276411000 JavaThread "Unconstrained build operations Thread 53" [_thread_blocked, id=15272, stack(0x0000004f4c400000,0x0000004f4c500000)]
  0x0000022276415800 JavaThread "Unconstrained build operations Thread 54" [_thread_blocked, id=6316, stack(0x0000004f4c500000,0x0000004f4c600000)]
  0x0000022276414800 JavaThread "Unconstrained build operations Thread 55" [_thread_blocked, id=8860, stack(0x0000004f4c600000,0x0000004f4c700000)]
  0x0000022276413000 JavaThread "Unconstrained build operations Thread 56" [_thread_blocked, id=12956, stack(0x0000004f4c700000,0x0000004f4c800000)]
  0x0000022276413800 JavaThread "Unconstrained build operations Thread 57" [_thread_blocked, id=9072, stack(0x0000004f4c800000,0x0000004f4c900000)]
  0x0000022276412000 JavaThread "Unconstrained build operations Thread 58" [_thread_blocked, id=15624, stack(0x0000004f4c900000,0x0000004f4ca00000)]
  0x0000022274b23000 JavaThread "Unconstrained build operations Thread 59" [_thread_blocked, id=14168, stack(0x0000004f4ca00000,0x0000004f4cb00000)]
  0x0000022274b27000 JavaThread "Unconstrained build operations Thread 60" [_thread_blocked, id=12020, stack(0x0000004f4cb00000,0x0000004f4cc00000)]
  0x0000022274b21800 JavaThread "Unconstrained build operations Thread 61" [_thread_blocked, id=5388, stack(0x0000004f4cc00000,0x0000004f4cd00000)]
  0x0000022274b2d000 JavaThread "Unconstrained build operations Thread 62" [_thread_blocked, id=7656, stack(0x0000004f4cd00000,0x0000004f4ce00000)]
  0x0000022274b2c000 JavaThread "Unconstrained build operations Thread 63" [_thread_blocked, id=2920, stack(0x0000004f4ce00000,0x0000004f4cf00000)]
  0x0000022274b2d800 JavaThread "Unconstrained build operations Thread 64" [_thread_blocked, id=15144, stack(0x0000004f4cf00000,0x0000004f4d000000)]
  0x0000022274b2e800 JavaThread "Unconstrained build operations Thread 65" [_thread_blocked, id=6640, stack(0x0000004f4d000000,0x0000004f4d100000)]
  0x0000022274b2f800 JavaThread "Unconstrained build operations Thread 66" [_thread_blocked, id=5936, stack(0x0000004f4d100000,0x0000004f4d200000)]
  0x0000022274b30000 JavaThread "Unconstrained build operations Thread 67" [_thread_blocked, id=12632, stack(0x0000004f4d200000,0x0000004f4d300000)]
  0x0000022279853800 JavaThread "Unconstrained build operations Thread 68" [_thread_blocked, id=8804, stack(0x0000004f4d300000,0x0000004f4d400000)]
  0x0000022279852800 JavaThread "Unconstrained build operations Thread 69" [_thread_blocked, id=15532, stack(0x0000004f4d400000,0x0000004f4d500000)]
  0x000002227984e800 JavaThread "Unconstrained build operations Thread 70" [_thread_blocked, id=13912, stack(0x0000004f4d500000,0x0000004f4d600000)]
  0x0000022279851000 JavaThread "Unconstrained build operations Thread 71" [_thread_blocked, id=9480, stack(0x0000004f4d600000,0x0000004f4d700000)]
  0x0000022279850000 JavaThread "Unconstrained build operations Thread 72" [_thread_blocked, id=11076, stack(0x0000004f4d700000,0x0000004f4d800000)]
  0x0000022279852000 JavaThread "Unconstrained build operations Thread 73" [_thread_blocked, id=14372, stack(0x0000004f4d800000,0x0000004f4d900000)]
  0x000002227984d800 JavaThread "Unconstrained build operations Thread 74" [_thread_blocked, id=3000, stack(0x0000004f4d900000,0x0000004f4da00000)]
  0x000002227984f800 JavaThread "Unconstrained build operations Thread 75" [_thread_blocked, id=15616, stack(0x0000004f4da00000,0x0000004f4db00000)]
  0x0000022273784000 JavaThread "Unconstrained build operations Thread 76" [_thread_blocked, id=14276, stack(0x0000004f4db00000,0x0000004f4dc00000)]
  0x0000022273782800 JavaThread "Unconstrained build operations Thread 77" [_thread_blocked, id=14240, stack(0x0000004f4dc00000,0x0000004f4dd00000)]
  0x0000022273785800 JavaThread "Unconstrained build operations Thread 78" [_thread_blocked, id=7860, stack(0x0000004f4dd00000,0x0000004f4de00000)]
  0x0000022273787800 JavaThread "Unconstrained build operations Thread 79" [_thread_blocked, id=8668, stack(0x0000004f4de00000,0x0000004f4df00000)]
  0x00000222771df800 JavaThread "Unconstrained build operations Thread 80" [_thread_blocked, id=2512, stack(0x0000004f4df00000,0x0000004f4e000000)]
  0x00000222771dc000 JavaThread "Unconstrained build operations Thread 81" [_thread_blocked, id=12440, stack(0x0000004f4e000000,0x0000004f4e100000)]
  0x00000222771db800 JavaThread "Unconstrained build operations Thread 82" [_thread_blocked, id=11488, stack(0x0000004f4e100000,0x0000004f4e200000)]
  0x00000222771de800 JavaThread "Unconstrained build operations Thread 83" [_thread_blocked, id=13688, stack(0x0000004f4e200000,0x0000004f4e300000)]
  0x00000222771dd000 JavaThread "Unconstrained build operations Thread 84" [_thread_blocked, id=16260, stack(0x0000004f4e300000,0x0000004f4e400000)]
  0x00000222771de000 JavaThread "Unconstrained build operations Thread 85" [_thread_blocked, id=1856, stack(0x0000004f4e400000,0x0000004f4e500000)]
  0x00000222771e0000 JavaThread "Unconstrained build operations Thread 86" [_thread_blocked, id=13188, stack(0x0000004f4e500000,0x0000004f4e600000)]
  0x00000222771da800 JavaThread "Unconstrained build operations Thread 87" [_thread_blocked, id=8768, stack(0x0000004f4e600000,0x0000004f4e700000)]
  0x00000222771e2800 JavaThread "Unconstrained build operations Thread 88" [_thread_blocked, id=10064, stack(0x0000004f4e700000,0x0000004f4e800000)]
  0x00000222771e3800 JavaThread "Unconstrained build operations Thread 89" [_thread_blocked, id=7972, stack(0x0000004f4e800000,0x0000004f4e900000)]
  0x00000222771e2000 JavaThread "Unconstrained build operations Thread 90" [_thread_blocked, id=9932, stack(0x0000004f4e900000,0x0000004f4ea00000)]
  0x00000222771e4800 JavaThread "Unconstrained build operations Thread 91" [_thread_blocked, id=16060, stack(0x0000004f4ea00000,0x0000004f4eb00000)]
  0x00000222771e1000 JavaThread "Unconstrained build operations Thread 92" [_thread_blocked, id=4852, stack(0x0000004f4eb00000,0x0000004f4ec00000)]
  0x00000222771e8800 JavaThread "Unconstrained build operations Thread 93" [_thread_blocked, id=7640, stack(0x0000004f4ec00000,0x0000004f4ed00000)]
  0x00000222771e7000 JavaThread "Unconstrained build operations Thread 94" [_thread_blocked, id=14032, stack(0x0000004f4ed00000,0x0000004f4ee00000)]
  0x00000222771e5000 JavaThread "Unconstrained build operations Thread 95" [_thread_blocked, id=7632, stack(0x0000004f4ee00000,0x0000004f4ef00000)]
  0x00000222771e9000 JavaThread "Unconstrained build operations Thread 96" [_thread_blocked, id=13624, stack(0x0000004f4ef00000,0x0000004f4f000000)]
  0x00000222771e6000 JavaThread "Unconstrained build operations Thread 97" [_thread_blocked, id=15884, stack(0x0000004f4f000000,0x0000004f4f100000)]
  0x00000222771e7800 JavaThread "Unconstrained build operations Thread 98" [_thread_blocked, id=16040, stack(0x0000004f4f100000,0x0000004f4f200000)]
  0x0000022279c1b800 JavaThread "Unconstrained build operations Thread 99" [_thread_blocked, id=4996, stack(0x0000004f4f200000,0x0000004f4f300000)]
  0x0000022279c1f000 JavaThread "Unconstrained build operations Thread 100" [_thread_blocked, id=13964, stack(0x0000004f4f300000,0x0000004f4f400000)]
  0x0000022279c1c800 JavaThread "Unconstrained build operations Thread 101" [_thread_blocked, id=10332, stack(0x0000004f4f400000,0x0000004f4f500000)]
  0x0000022279c1d800 JavaThread "Unconstrained build operations Thread 102" [_thread_blocked, id=5812, stack(0x0000004f4f500000,0x0000004f4f600000)]
  0x0000022279c1f800 JavaThread "Unconstrained build operations Thread 103" [_thread_blocked, id=8324, stack(0x0000004f4f600000,0x0000004f4f700000)]
  0x0000022279c20800 JavaThread "Unconstrained build operations Thread 104" [_thread_blocked, id=12656, stack(0x0000004f4f700000,0x0000004f4f800000)]
  0x0000022279c1e000 JavaThread "Unconstrained build operations Thread 105" [_thread_blocked, id=16280, stack(0x0000004f4f800000,0x0000004f4f900000)]
  0x0000022279c1b000 JavaThread "Unconstrained build operations Thread 106" [_thread_blocked, id=8076, stack(0x0000004f4f900000,0x0000004f4fa00000)]
  0x0000022279c24000 JavaThread "Unconstrained build operations Thread 107" [_thread_blocked, id=2436, stack(0x0000004f4fa00000,0x0000004f4fb00000)]
  0x0000022279c22000 JavaThread "Unconstrained build operations Thread 108" [_thread_blocked, id=11756, stack(0x0000004f4fb00000,0x0000004f4fc00000)]
  0x0000022279c27000 JavaThread "Unconstrained build operations Thread 109" [_thread_blocked, id=9208, stack(0x0000004f4fc00000,0x0000004f4fd00000)]
  0x0000022279c24800 JavaThread "Unconstrained build operations Thread 110" [_thread_blocked, id=10372, stack(0x0000004f4fd00000,0x0000004f4fe00000)]
  0x0000022279c25800 JavaThread "Unconstrained build operations Thread 111" [_thread_blocked, id=1008, stack(0x0000004f4fe00000,0x0000004f4ff00000)]
  0x0000022279c23000 JavaThread "Unconstrained build operations Thread 112" [_thread_blocked, id=10276, stack(0x0000004f4ff00000,0x0000004f50000000)]
  0x0000022279c21800 JavaThread "Unconstrained build operations Thread 113" [_thread_blocked, id=10688, stack(0x0000004f50000000,0x0000004f50100000)]
  0x0000022279c26000 JavaThread "Unconstrained build operations Thread 114" [_thread_blocked, id=7824, stack(0x0000004f50100000,0x0000004f50200000)]
  0x0000022279c28000 JavaThread "Unconstrained build operations Thread 115" [_thread_blocked, id=11624, stack(0x0000004f50200000,0x0000004f50300000)]
  0x0000022279c29800 JavaThread "Unconstrained build operations Thread 116" [_thread_blocked, id=14412, stack(0x0000004f50300000,0x0000004f50400000)]
  0x0000022279c28800 JavaThread "Unconstrained build operations Thread 117" [_thread_blocked, id=8936, stack(0x0000004f50400000,0x0000004f50500000)]
  0x0000022273934000 JavaThread "Unconstrained build operations Thread 118" [_thread_blocked, id=10100, stack(0x0000004f50500000,0x0000004f50600000)]
  0x0000022273933000 JavaThread "Unconstrained build operations Thread 119" [_thread_blocked, id=1512, stack(0x0000004f50600000,0x0000004f50700000)]
  0x0000022273936800 JavaThread "Unconstrained build operations Thread 120" [_thread_blocked, id=284, stack(0x0000004f50700000,0x0000004f50800000)]
  0x0000022273931800 JavaThread "Unconstrained build operations Thread 121" [_thread_blocked, id=6088, stack(0x0000004f50800000,0x0000004f50900000)]
  0x0000022273935000 JavaThread "Unconstrained build operations Thread 122" [_thread_blocked, id=1972, stack(0x0000004f50900000,0x0000004f50a00000)]
  0x0000022273935800 JavaThread "Unconstrained build operations Thread 123" [_thread_blocked, id=11108, stack(0x0000004f50a00000,0x0000004f50b00000)]
  0x0000022273931000 JavaThread "Unconstrained build operations Thread 124" [_thread_blocked, id=13636, stack(0x0000004f50b00000,0x0000004f50c00000)]
  0x0000022273937800 JavaThread "Unconstrained build operations Thread 125" [_thread_blocked, id=14332, stack(0x0000004f50c00000,0x0000004f50d00000)]
  0x0000022273938000 JavaThread "Unconstrained build operations Thread 126" [_thread_blocked, id=12416, stack(0x0000004f50d00000,0x0000004f50e00000)]
  0x0000022273932800 JavaThread "Unconstrained build operations Thread 127" [_thread_blocked, id=10404, stack(0x0000004f50e00000,0x0000004f50f00000)]
  0x000002227393c000 JavaThread "Unconstrained build operations Thread 128" [_thread_blocked, id=14756, stack(0x0000004f50f00000,0x0000004f51000000)]
  0x000002227393a800 JavaThread "Unconstrained build operations Thread 129" [_thread_blocked, id=3816, stack(0x0000004f51000000,0x0000004f51100000)]
  0x000002227393d000 JavaThread "Unconstrained build operations Thread 130" [_thread_blocked, id=9036, stack(0x0000004f51100000,0x0000004f51200000)]
  0x000002227393e000 JavaThread "Unconstrained build operations Thread 131" [_thread_blocked, id=14020, stack(0x0000004f51200000,0x0000004f51300000)]
  0x000002227393b800 JavaThread "Unconstrained build operations Thread 132" [_thread_blocked, id=3032, stack(0x0000004f51300000,0x0000004f51400000)]
  0x000002227393e800 JavaThread "Unconstrained build operations Thread 133" [_thread_blocked, id=7020, stack(0x0000004f51400000,0x0000004f51500000)]
  0x0000022273939000 JavaThread "Unconstrained build operations Thread 134" [_thread_blocked, id=13812, stack(0x0000004f51500000,0x0000004f51600000)]
  0x000002227393f800 JavaThread "Unconstrained build operations Thread 135" [_thread_blocked, id=10560, stack(0x0000004f51600000,0x0000004f51700000)]
  0x000002227393a000 JavaThread "build event listener" [_thread_blocked, id=8720, stack(0x0000004f51700000,0x0000004f51800000)]
  0x0000022273940800 JavaThread "Execution worker for ':'" [_thread_blocked, id=16136, stack(0x0000004f51800000,0x0000004f51900000)]
  0x0000022273942800 JavaThread "Execution worker for ':' Thread 2" [_thread_blocked, id=8420, stack(0x0000004f51900000,0x0000004f51a00000)]
  0x0000022273944800 JavaThread "Execution worker for ':' Thread 3" [_thread_blocked, id=5688, stack(0x0000004f51a00000,0x0000004f51b00000)]
  0x0000022273945000 JavaThread "Execution worker for ':' Thread 4" [_thread_blocked, id=1220, stack(0x0000004f52800000,0x0000004f52900000)]
  0x0000022273942000 JavaThread "Execution worker for ':' Thread 5" [_thread_blocked, id=7032, stack(0x0000004f52900000,0x0000004f52a00000)]
  0x0000022273943800 JavaThread "Execution worker for ':' Thread 6" [_thread_blocked, id=13236, stack(0x0000004f52a00000,0x0000004f52b00000)]
  0x0000022273946000 JavaThread "Execution worker for ':' Thread 7" [_thread_blocked, id=11928, stack(0x0000004f52b00000,0x0000004f52c00000)]
  0x0000022273947000 JavaThread "Execution worker for ':' Thread 8" [_thread_blocked, id=12180, stack(0x0000004f52c00000,0x0000004f52d00000)]
  0x0000022273941000 JavaThread "Execution worker for ':' Thread 9" [_thread_blocked, id=2020, stack(0x0000004f52d00000,0x0000004f52e00000)]
  0x000002227394b000 JavaThread "Execution worker for ':' Thread 10" [_thread_blocked, id=12932, stack(0x0000004f52e00000,0x0000004f52f00000)]
  0x0000022273947800 JavaThread "Execution worker for ':' Thread 11" [_thread_blocked, id=5452, stack(0x0000004f52f00000,0x0000004f53000000)]
  0x0000022273948800 JavaThread "Execution worker for ':' Thread 12" [_thread_blocked, id=7528, stack(0x0000004f53000000,0x0000004f53100000)]
  0x000002227394f000 JavaThread "Cache worker for execution history cache (D:\NT118_PTUDDD\Lab\Lab02\Bai04\.gradle\7.3.3\executionHistory)" [_thread_blocked, id=9748, stack(0x0000004f53100000,0x0000004f53200000)]
  0x000002227394e000 JavaThread "Execution worker for ':' Thread 13" [_thread_blocked, id=9456, stack(0x0000004f53200000,0x0000004f53300000)]
  0x000002227394b800 JavaThread "Execution worker for ':' Thread 14" [_thread_blocked, id=15944, stack(0x0000004f53300000,0x0000004f53400000)]
  0x000002227394c800 JavaThread "Execution worker for ':' Thread 15" [_thread_blocked, id=13592, stack(0x0000004f53400000,0x0000004f53500000)]
  0x0000022273949800 JavaThread "Unconstrained build operations Thread 136" [_thread_blocked, id=13288, stack(0x0000004f53500000,0x0000004f53600000)]
  0x000002227394d800 JavaThread "Unconstrained build operations Thread 137" [_thread_blocked, id=10228, stack(0x0000004f53600000,0x0000004f53700000)]
  0x0000022273950000 JavaThread "Unconstrained build operations Thread 138" [_thread_blocked, id=12584, stack(0x0000004f53700000,0x0000004f53800000)]
  0x000002227394a000 JavaThread "Unconstrained build operations Thread 139" [_thread_blocked, id=12132, stack(0x0000004f53800000,0x0000004f53900000)]
  0x0000022271419000 JavaThread "Unconstrained build operations Thread 140" [_thread_blocked, id=7336, stack(0x0000004f53900000,0x0000004f53a00000)]
  0x000002227141a000 JavaThread "Unconstrained build operations Thread 141" [_thread_blocked, id=14492, stack(0x0000004f53a00000,0x0000004f53b00000)]
  0x0000022271418000 JavaThread "Unconstrained build operations Thread 142" [_thread_blocked, id=6600, stack(0x0000004f53b00000,0x0000004f53c00000)]
  0x000002227141c000 JavaThread "Unconstrained build operations Thread 143" [_thread_blocked, id=5576, stack(0x0000004f53c00000,0x0000004f53d00000)]
  0x000002227141a800 JavaThread "Unconstrained build operations Thread 144" [_thread_blocked, id=13384, stack(0x0000004f53d00000,0x0000004f53e00000)]
  0x000002227141b800 JavaThread "Unconstrained build operations Thread 145" [_thread_blocked, id=13628, stack(0x0000004f53e00000,0x0000004f53f00000)]
  0x000002227141d000 JavaThread "Unconstrained build operations Thread 146" [_thread_blocked, id=10168, stack(0x0000004f53f00000,0x0000004f54000000)]
  0x0000022271417800 JavaThread "Unconstrained build operations Thread 147" [_thread_blocked, id=12764, stack(0x0000004f54000000,0x0000004f54100000)]
  0x000002227141e000 JavaThread "Unconstrained build operations Thread 148" [_thread_blocked, id=11452, stack(0x0000004f54100000,0x0000004f54200000)]
  0x0000022271422000 JavaThread "Unconstrained build operations Thread 149" [_thread_blocked, id=5560, stack(0x0000004f54200000,0x0000004f54300000)]
  0x0000022271421000 JavaThread "Unconstrained build operations Thread 150" [_thread_blocked, id=15404, stack(0x0000004f54300000,0x0000004f54400000)]
  0x0000022271420800 JavaThread "Unconstrained build operations Thread 151" [_thread_blocked, id=12256, stack(0x0000004f54400000,0x0000004f54500000)]
  0x0000022271423000 JavaThread "Unconstrained build operations Thread 152" [_thread_blocked, id=9088, stack(0x0000004f54500000,0x0000004f54600000)]
  0x000002227141e800 JavaThread "Unconstrained build operations Thread 153" [_thread_blocked, id=10216, stack(0x0000004f54600000,0x0000004f54700000)]
  0x0000022271423800 JavaThread "Unconstrained build operations Thread 154" [_thread_blocked, id=5996, stack(0x0000004f54700000,0x0000004f54800000)]
  0x0000022271424800 JavaThread "Unconstrained build operations Thread 155" [_thread_blocked, id=12128, stack(0x0000004f54800000,0x0000004f54900000)]
  0x000002227141f800 JavaThread "Unconstrained build operations Thread 156" [_thread_blocked, id=14440, stack(0x0000004f54900000,0x0000004f54a00000)]
  0x0000022271427000 JavaThread "Unconstrained build operations Thread 157" [_thread_blocked, id=14048, stack(0x0000004f54a00000,0x0000004f54b00000)]
  0x0000022271429800 JavaThread "Unconstrained build operations Thread 158" [_thread_blocked, id=7616, stack(0x0000004f54b00000,0x0000004f54c00000)]
  0x000002227142a000 JavaThread "Unconstrained build operations Thread 159" [_thread_blocked, id=11304, stack(0x0000004f54c00000,0x0000004f54d00000)]
  0x0000022271427800 JavaThread "Unconstrained build operations Thread 160" [_thread_blocked, id=9532, stack(0x0000004f54d00000,0x0000004f54e00000)]
  0x0000022271428800 JavaThread "WorkerExecutor Queue" [_thread_blocked, id=9568, stack(0x0000004f54e00000,0x0000004f54f00000)]
  0x000002227142b000 JavaThread "WorkerExecutor Queue Thread 2" [_thread_blocked, id=9372, stack(0x0000004f55000000,0x0000004f55100000)]

Other Threads:
  0x00000222710d5000 VMThread "VM Thread" [stack: 0x0000004f45b00000,0x0000004f45c00000] [id=14552]
  0x00000222712e0000 WatcherThread [stack: 0x0000004f46600000,0x0000004f46700000] [id=3840]
  0x0000022255945000 GCTaskThread "GC Thread#0" [stack: 0x0000004f45600000,0x0000004f45700000] [id=13824]
  0x00000222723d5000 GCTaskThread "GC Thread#1" [stack: 0x0000004f46b00000,0x0000004f46c00000] [id=6744]
  0x00000222742a6000 GCTaskThread "GC Thread#2" [stack: 0x0000004f46f00000,0x0000004f47000000] [id=2916]
  0x0000022274492000 GCTaskThread "GC Thread#3" [stack: 0x0000004f47000000,0x0000004f47100000] [id=13940]
  0x0000022274241800 GCTaskThread "GC Thread#4" [stack: 0x0000004f47100000,0x0000004f47200000] [id=6344]
  0x0000022274763800 GCTaskThread "GC Thread#5" [stack: 0x0000004f47200000,0x0000004f47300000] [id=14668]
  0x00000222741df000 GCTaskThread "GC Thread#6" [stack: 0x0000004f47300000,0x0000004f47400000] [id=11020]
  0x0000022272c21800 GCTaskThread "GC Thread#7" [stack: 0x0000004f47400000,0x0000004f47500000] [id=5488]
  0x000002227347d800 GCTaskThread "GC Thread#8" [stack: 0x0000004f47500000,0x0000004f47600000] [id=8216]
  0x0000022272b48800 GCTaskThread "GC Thread#9" [stack: 0x0000004f47600000,0x0000004f47700000] [id=5480]
  0x0000022272b49000 GCTaskThread "GC Thread#10" [stack: 0x0000004f47700000,0x0000004f47800000] [id=1196]
  0x0000022272c69000 GCTaskThread "GC Thread#11" [stack: 0x0000004f47800000,0x0000004f47900000] [id=14684]
  0x0000022273379800 GCTaskThread "GC Thread#12" [stack: 0x0000004f48100000,0x0000004f48200000] [id=4128]
  0x0000022255979000 ConcurrentGCThread "G1 Main Marker" [stack: 0x0000004f45700000,0x0000004f45800000] [id=8572]
  0x000002225597b000 ConcurrentGCThread "G1 Conc#0" [stack: 0x0000004f45800000,0x0000004f45900000] [id=10412]
  0x00000222729d7000 ConcurrentGCThread "G1 Conc#1" [stack: 0x0000004f48200000,0x0000004f48300000] [id=11364]
  0x00000222738be800 ConcurrentGCThread "G1 Conc#2" [stack: 0x0000004f48300000,0x0000004f48400000] [id=9928]
  0x00000222706fa800 ConcurrentGCThread "G1 Refine#0" [stack: 0x0000004f45900000,0x0000004f45a00000] [id=11600]
  0x0000022278244800 ConcurrentGCThread "G1 Refine#1" [stack: 0x0000004f48500000,0x0000004f48600000] [id=10624]
  0x000002227506e000 ConcurrentGCThread "G1 Refine#2" [stack: 0x0000004f48900000,0x0000004f48a00000] [id=12568]
  0x000002227456d000 ConcurrentGCThread "G1 Refine#3" [stack: 0x0000004f48a00000,0x0000004f48b00000] [id=14028]
  0x00000222706fd800 ConcurrentGCThread "G1 Young RemSet Sampling" [stack: 0x0000004f45a00000,0x0000004f45b00000] [id=12748]

Threads with active compile tasks:
C2 CompilerThread0 382436 14580 %     4       com.google.gson.stream.JsonWriter::string @ 37 (169 bytes)
C1 CompilerThread0 382436 14852       2       com.android.ide.common.symbols.Symbol::<init> (5 bytes)
C1 CompilerThread1 382436 14850       2       com.android.ide.common.symbols.Symbol$AttributeSymbolImpl::<init> (52 bytes)

VM state:not at safepoint (normal execution)

VM Mutex/Monitor currently owned by a thread: None

Heap address: 0x0000000080000000, size: 2048 MB, Compressed Oops mode: 32-bit
Narrow klass base: 0x0000000000000000, Narrow klass shift: 3
Compressed class space size: 1073741824 Address: 0x0000000100000000

Heap:
 garbage-first heap   total 145408K, used 106569K [0x0000000080000000, 0x0000000100000000)
  region size 1024K, 3 young (3072K), 2 survivors (2048K)
 Metaspace       used 90080K, capacity 92617K, committed 92912K, reserved 1130496K
  class space    used 11437K, capacity 12363K, committed 12440K, reserved 1048576K
Heap Regions: E=young(eden), S=young(survivor), O=old, HS=humongous(starts), HC=humongous(continues), CS=collection set, F=free, A=archive, TAMS=top-at-mark-start (previous, next)
|   0|0x0000000080000000, 0x0000000080100000, 0x0000000080100000|100%| O|  |TAMS 0x0000000080100000, 0x0000000080100000| Untracked 
|   1|0x0000000080100000, 0x0000000080200000, 0x0000000080200000|100%| O|  |TAMS 0x0000000080200000, 0x0000000080200000| Untracked 
|   2|0x0000000080200000, 0x0000000080300000, 0x0000000080300000|100%| O|  |TAMS 0x0000000080300000, 0x0000000080300000| Untracked 
|   3|0x0000000080300000, 0x0000000080400000, 0x0000000080400000|100%|HS|  |TAMS 0x0000000080400000, 0x0000000080400000| Complete 
|   4|0x0000000080400000, 0x0000000080500000, 0x0000000080500000|100%|HC|  |TAMS 0x0000000080500000, 0x0000000080500000| Complete 
|   5|0x0000000080500000, 0x0000000080600000, 0x0000000080600000|100%|HC|  |TAMS 0x0000000080600000, 0x0000000080600000| Complete 
|   6|0x0000000080600000, 0x0000000080700000, 0x0000000080700000|100%| O|  |TAMS 0x0000000080700000, 0x0000000080700000| Untracked 
|   7|0x0000000080700000, 0x0000000080700000, 0x0000000080800000|  0%| F|  |TAMS 0x0000000080700000, 0x0000000080700000| Untracked 
|   8|0x0000000080800000, 0x0000000080900000, 0x0000000080900000|100%| O|  |TAMS 0x0000000080900000, 0x0000000080900000| Untracked 
|   9|0x0000000080900000, 0x0000000080a00000, 0x0000000080a00000|100%| O|  |TAMS 0x0000000080a00000, 0x0000000080a00000| Untracked 
|  10|0x0000000080a00000, 0x0000000080b00000, 0x0000000080b00000|100%| O|  |TAMS 0x0000000080b00000, 0x0000000080b00000| Untracked 
|  11|0x0000000080b00000, 0x0000000080c00000, 0x0000000080c00000|100%| O|  |TAMS 0x0000000080c00000, 0x0000000080c00000| Untracked 
|  12|0x0000000080c00000, 0x0000000080d00000, 0x0000000080d00000|100%| O|  |TAMS 0x0000000080d00000, 0x0000000080d00000| Untracked 
|  13|0x0000000080d00000, 0x0000000080e00000, 0x0000000080e00000|100%| O|  |TAMS 0x0000000080e00000, 0x0000000080e00000| Untracked 
|  14|0x0000000080e00000, 0x0000000080f00000, 0x0000000080f00000|100%| O|  |TAMS 0x0000000080f00000, 0x0000000080f00000| Untracked 
|  15|0x0000000080f00000, 0x0000000081000000, 0x0000000081000000|100%| O|  |TAMS 0x0000000081000000, 0x0000000081000000| Untracked 
|  16|0x0000000081000000, 0x0000000081100000, 0x0000000081100000|100%| O|  |TAMS 0x0000000081100000, 0x0000000081100000| Untracked 
|  17|0x0000000081100000, 0x0000000081200000, 0x0000000081200000|100%| O|  |TAMS 0x0000000081200000, 0x0000000081200000| Untracked 
|  18|0x0000000081200000, 0x0000000081200000, 0x0000000081300000|  0%| F|  |TAMS 0x0000000081200000, 0x0000000081200000| Untracked 
|  19|0x0000000081300000, 0x0000000081400000, 0x0000000081400000|100%| O|  |TAMS 0x0000000081400000, 0x0000000081400000| Untracked 
|  20|0x0000000081400000, 0x0000000081500000, 0x0000000081500000|100%| O|  |TAMS 0x0000000081500000, 0x0000000081500000| Untracked 
|  21|0x0000000081500000, 0x0000000081600000, 0x0000000081600000|100%| O|  |TAMS 0x0000000081600000, 0x0000000081600000| Untracked 
|  22|0x0000000081600000, 0x0000000081700000, 0x0000000081700000|100%| O|  |TAMS 0x0000000081700000, 0x0000000081700000| Untracked 
|  23|0x0000000081700000, 0x0000000081800000, 0x0000000081800000|100%|HS|  |TAMS 0x0000000081800000, 0x0000000081800000| Complete 
|  24|0x0000000081800000, 0x0000000081900000, 0x0000000081900000|100%| O|  |TAMS 0x0000000081900000, 0x0000000081900000| Untracked 
|  25|0x0000000081900000, 0x0000000081a00000, 0x0000000081a00000|100%| O|  |TAMS 0x0000000081a00000, 0x0000000081a00000| Untracked 
|  26|0x0000000081a00000, 0x0000000081b00000, 0x0000000081b00000|100%| O|  |TAMS 0x0000000081b00000, 0x0000000081b00000| Untracked 
|  27|0x0000000081b00000, 0x0000000081c00000, 0x0000000081c00000|100%|HS|  |TAMS 0x0000000081c00000, 0x0000000081c00000| Complete 
|  28|0x0000000081c00000, 0x0000000081d00000, 0x0000000081d00000|100%| O|  |TAMS 0x0000000081d00000, 0x0000000081d00000| Untracked 
|  29|0x0000000081d00000, 0x0000000081e00000, 0x0000000081e00000|100%| O|  |TAMS 0x0000000081e00000, 0x0000000081e00000| Untracked 
|  30|0x0000000081e00000, 0x0000000081f00000, 0x0000000081f00000|100%| O|  |TAMS 0x0000000081f00000, 0x0000000081f00000| Untracked 
|  31|0x0000000081f00000, 0x0000000081f00000, 0x0000000082000000|  0%| F|  |TAMS 0x0000000081f00000, 0x0000000081f00000| Untracked 
|  32|0x0000000082000000, 0x0000000082100000, 0x0000000082100000|100%|HS|  |TAMS 0x0000000082100000, 0x0000000082100000| Complete 
|  33|0x0000000082100000, 0x0000000082200000, 0x0000000082200000|100%|HC|  |TAMS 0x0000000082200000, 0x0000000082200000| Complete 
|  34|0x0000000082200000, 0x0000000082300000, 0x0000000082300000|100%| O|  |TAMS 0x0000000082300000, 0x0000000082300000| Untracked 
|  35|0x0000000082300000, 0x0000000082400000, 0x0000000082400000|100%| O|  |TAMS 0x0000000082400000, 0x0000000082400000| Untracked 
|  36|0x0000000082400000, 0x0000000082500000, 0x0000000082500000|100%| O|  |TAMS 0x0000000082500000, 0x0000000082500000| Untracked 
|  37|0x0000000082500000, 0x0000000082600000, 0x0000000082600000|100%| O|  |TAMS 0x0000000082600000, 0x0000000082600000| Untracked 
|  38|0x0000000082600000, 0x0000000082700000, 0x0000000082700000|100%| O|  |TAMS 0x0000000082700000, 0x0000000082700000| Untracked 
|  39|0x0000000082700000, 0x0000000082800000, 0x0000000082800000|100%| O|  |TAMS 0x0000000082800000, 0x0000000082800000| Untracked 
|  40|0x0000000082800000, 0x0000000082900000, 0x0000000082900000|100%| O|  |TAMS 0x0000000082900000, 0x0000000082900000| Untracked 
|  41|0x0000000082900000, 0x0000000082a00000, 0x0000000082a00000|100%| O|  |TAMS 0x0000000082a00000, 0x0000000082a00000| Untracked 
|  42|0x0000000082a00000, 0x0000000082b00000, 0x0000000082b00000|100%| O|  |TAMS 0x0000000082b00000, 0x0000000082b00000| Untracked 
|  43|0x0000000082b00000, 0x0000000082c00000, 0x0000000082c00000|100%| O|  |TAMS 0x0000000082c00000, 0x0000000082c00000| Untracked 
|  44|0x0000000082c00000, 0x0000000082d00000, 0x0000000082d00000|100%| O|  |TAMS 0x0000000082d00000, 0x0000000082d00000| Untracked 
|  45|0x0000000082d00000, 0x0000000082e00000, 0x0000000082e00000|100%| O|  |TAMS 0x0000000082e00000, 0x0000000082e00000| Untracked 
|  46|0x0000000082e00000, 0x0000000082f00000, 0x0000000082f00000|100%| O|  |TAMS 0x0000000082f00000, 0x0000000082f00000| Untracked 
|  47|0x0000000082f00000, 0x0000000083000000, 0x0000000083000000|100%| O|  |TAMS 0x0000000083000000, 0x0000000083000000| Untracked 
|  48|0x0000000083000000, 0x0000000083100000, 0x0000000083100000|100%| O|  |TAMS 0x0000000083100000, 0x0000000083100000| Untracked 
|  49|0x0000000083100000, 0x0000000083200000, 0x0000000083200000|100%| O|  |TAMS 0x0000000083200000, 0x0000000083200000| Untracked 
|  50|0x0000000083200000, 0x0000000083300000, 0x0000000083300000|100%| O|  |TAMS 0x0000000083300000, 0x0000000083300000| Untracked 
|  51|0x0000000083300000, 0x0000000083400000, 0x0000000083400000|100%| O|  |TAMS 0x0000000083400000, 0x0000000083400000| Untracked 
|  52|0x0000000083400000, 0x0000000083500000, 0x0000000083500000|100%| O|  |TAMS 0x0000000083500000, 0x0000000083500000| Untracked 
|  53|0x0000000083500000, 0x0000000083600000, 0x0000000083600000|100%| O|  |TAMS 0x0000000083600000, 0x0000000083600000| Untracked 
|  54|0x0000000083600000, 0x0000000083700000, 0x0000000083700000|100%| O|  |TAMS 0x0000000083700000, 0x0000000083700000| Untracked 
|  55|0x0000000083700000, 0x0000000083800000, 0x0000000083800000|100%| O|  |TAMS 0x0000000083800000, 0x0000000083800000| Untracked 
|  56|0x0000000083800000, 0x0000000083900000, 0x0000000083900000|100%| O|  |TAMS 0x0000000083900000, 0x0000000083900000| Untracked 
|  57|0x0000000083900000, 0x0000000083a00000, 0x0000000083a00000|100%| O|  |TAMS 0x0000000083a00000, 0x0000000083a00000| Untracked 
|  58|0x0000000083a00000, 0x0000000083b00000, 0x0000000083b00000|100%| O|  |TAMS 0x0000000083b00000, 0x0000000083b00000| Untracked 
|  59|0x0000000083b00000, 0x0000000083c00000, 0x0000000083c00000|100%| O|  |TAMS 0x0000000083c00000, 0x0000000083c00000| Untracked 
|  60|0x0000000083c00000, 0x0000000083d00000, 0x0000000083d00000|100%| O|  |TAMS 0x0000000083d00000, 0x0000000083d00000| Untracked 
|  61|0x0000000083d00000, 0x0000000083d00000, 0x0000000083e00000|  0%| F|  |TAMS 0x0000000083d00000, 0x0000000083d00000| Untracked 
|  62|0x0000000083e00000, 0x0000000083f00000, 0x0000000083f00000|100%| O|  |TAMS 0x0000000083f00000, 0x0000000083f00000| Untracked 
|  63|0x0000000083f00000, 0x0000000084000000, 0x0000000084000000|100%| O|  |TAMS 0x0000000084000000, 0x0000000084000000| Untracked 
|  64|0x0000000084000000, 0x0000000084100000, 0x0000000084100000|100%| O|  |TAMS 0x0000000084100000, 0x0000000084100000| Untracked 
|  65|0x0000000084100000, 0x0000000084200000, 0x0000000084200000|100%| O|  |TAMS 0x0000000084200000, 0x0000000084200000| Untracked 
|  66|0x0000000084200000, 0x0000000084300000, 0x0000000084300000|100%| O|  |TAMS 0x0000000084300000, 0x0000000084300000| Untracked 
|  67|0x0000000084300000, 0x0000000084400000, 0x0000000084400000|100%| O|  |TAMS 0x0000000084400000, 0x0000000084400000| Untracked 
|  68|0x0000000084400000, 0x0000000084500000, 0x0000000084500000|100%| O|  |TAMS 0x0000000084500000, 0x0000000084500000| Untracked 
|  69|0x0000000084500000, 0x0000000084600000, 0x0000000084600000|100%| O|  |TAMS 0x0000000084600000, 0x0000000084600000| Untracked 
|  70|0x0000000084600000, 0x0000000084700000, 0x0000000084700000|100%| O|  |TAMS 0x0000000084700000, 0x0000000084700000| Untracked 
|  71|0x0000000084700000, 0x0000000084800000, 0x0000000084800000|100%| O|  |TAMS 0x0000000084800000, 0x0000000084800000| Untracked 
|  72|0x0000000084800000, 0x0000000084900000, 0x0000000084900000|100%| O|  |TAMS 0x0000000084900000, 0x0000000084900000| Untracked 
|  73|0x0000000084900000, 0x0000000084900000, 0x0000000084a00000|  0%| F|  |TAMS 0x0000000084900000, 0x0000000084900000| Untracked 
|  74|0x0000000084a00000, 0x0000000084b00000, 0x0000000084b00000|100%| O|  |TAMS 0x0000000084b00000, 0x0000000084b00000| Untracked 
|  75|0x0000000084b00000, 0x0000000084c00000, 0x0000000084c00000|100%| O|  |TAMS 0x0000000084c00000, 0x0000000084c00000| Untracked 
|  76|0x0000000084c00000, 0x0000000084d00000, 0x0000000084d00000|100%| O|  |TAMS 0x0000000084d00000, 0x0000000084d00000| Untracked 
|  77|0x0000000084d00000, 0x0000000084e00000, 0x0000000084e00000|100%| O|  |TAMS 0x0000000084e00000, 0x0000000084e00000| Untracked 
|  78|0x0000000084e00000, 0x0000000084f00000, 0x0000000084f00000|100%| O|  |TAMS 0x0000000084f00000, 0x0000000084f00000| Untracked 
|  79|0x0000000084f00000, 0x0000000085000000, 0x0000000085000000|100%| O|  |TAMS 0x0000000085000000, 0x0000000085000000| Untracked 
|  80|0x0000000085000000, 0x0000000085000000, 0x0000000085100000|  0%| F|  |TAMS 0x0000000085000000, 0x0000000085000000| Untracked 
|  81|0x0000000085100000, 0x0000000085200000, 0x0000000085200000|100%| O|  |TAMS 0x0000000085200000, 0x0000000085200000| Untracked 
|  82|0x0000000085200000, 0x0000000085300000, 0x0000000085300000|100%| O|  |TAMS 0x0000000085300000, 0x0000000085300000| Untracked 
|  83|0x0000000085300000, 0x0000000085400000, 0x0000000085400000|100%| O|  |TAMS 0x0000000085400000, 0x0000000085400000| Untracked 
|  84|0x0000000085400000, 0x0000000085500000, 0x0000000085500000|100%| O|  |TAMS 0x0000000085500000, 0x0000000085500000| Untracked 
|  85|0x0000000085500000, 0x0000000085600000, 0x0000000085600000|100%| O|  |TAMS 0x0000000085600000, 0x0000000085600000| Untracked 
|  86|0x0000000085600000, 0x0000000085700000, 0x0000000085700000|100%| O|  |TAMS 0x00000000856dfa00, 0x0000000085700000| Untracked 
|  87|0x0000000085700000, 0x0000000085800000, 0x0000000085800000|100%| O|  |TAMS 0x0000000085800000, 0x0000000085800000| Untracked 
|  88|0x0000000085800000, 0x0000000085900000, 0x0000000085900000|100%| O|  |TAMS 0x0000000085900000, 0x0000000085900000| Untracked 
|  89|0x0000000085900000, 0x0000000085a00000, 0x0000000085a00000|100%| O|  |TAMS 0x0000000085a00000, 0x0000000085a00000| Untracked 
|  90|0x0000000085a00000, 0x0000000085b00000, 0x0000000085b00000|100%| O|  |TAMS 0x0000000085b00000, 0x0000000085b00000| Untracked 
|  91|0x0000000085b00000, 0x0000000085c00000, 0x0000000085c00000|100%| O|  |TAMS 0x0000000085c00000, 0x0000000085c00000| Untracked 
|  92|0x0000000085c00000, 0x0000000085d00000, 0x0000000085d00000|100%| O|  |TAMS 0x0000000085d00000, 0x0000000085d00000| Untracked 
|  93|0x0000000085d00000, 0x0000000085e00000, 0x0000000085e00000|100%| O|  |TAMS 0x0000000085e00000, 0x0000000085e00000| Untracked 
|  94|0x0000000085e00000, 0x0000000085f00000, 0x0000000085f00000|100%| O|  |TAMS 0x0000000085f00000, 0x0000000085f00000| Untracked 
|  95|0x0000000085f00000, 0x0000000086000000, 0x0000000086000000|100%| O|  |TAMS 0x0000000086000000, 0x0000000086000000| Untracked 
|  96|0x0000000086000000, 0x0000000086100000, 0x0000000086100000|100%| O|  |TAMS 0x0000000086100000, 0x0000000086100000| Untracked 
|  97|0x0000000086100000, 0x0000000086200000, 0x0000000086200000|100%| O|  |TAMS 0x0000000086200000, 0x0000000086200000| Untracked 
|  98|0x0000000086200000, 0x0000000086300000, 0x0000000086300000|100%| O|  |TAMS 0x0000000086200000, 0x0000000086300000| Untracked 
|  99|0x0000000086300000, 0x0000000086400000, 0x0000000086400000|100%| O|  |TAMS 0x0000000086300000, 0x0000000086400000| Untracked 
| 100|0x0000000086400000, 0x0000000086500000, 0x0000000086500000|100%| O|  |TAMS 0x0000000086400000, 0x0000000086500000| Untracked 
| 101|0x0000000086500000, 0x0000000086600000, 0x0000000086600000|100%| O|  |TAMS 0x0000000086500000, 0x0000000086600000| Untracked 
| 102|0x0000000086600000, 0x0000000086700000, 0x0000000086700000|100%| O|  |TAMS 0x0000000086600000, 0x0000000086700000| Untracked 
| 103|0x0000000086700000, 0x0000000086800000, 0x0000000086800000|100%| O|  |TAMS 0x0000000086700000, 0x0000000086800000| Untracked 
| 104|0x0000000086800000, 0x0000000086900000, 0x0000000086900000|100%| O|  |TAMS 0x0000000086900000, 0x0000000086900000| Untracked 
| 105|0x0000000086900000, 0x0000000086a00000, 0x0000000086a00000|100%| O|  |TAMS 0x0000000086a00000, 0x0000000086a00000| Untracked 
| 106|0x0000000086a00000, 0x0000000086b00000, 0x0000000086b00000|100%| O|  |TAMS 0x0000000086b00000, 0x0000000086b00000| Untracked 
| 107|0x0000000086b00000, 0x0000000086c00000, 0x0000000086c00000|100%| O|  |TAMS 0x0000000086b00000, 0x0000000086c00000| Untracked 
| 108|0x0000000086c00000, 0x0000000086cfce00, 0x0000000086d00000| 98%| O|  |TAMS 0x0000000086c00000, 0x0000000086cfce00| Untracked 
| 109|0x0000000086d00000, 0x0000000086d00000, 0x0000000086e00000|  0%| F|  |TAMS 0x0000000086d00000, 0x0000000086d00000| Untracked 
| 110|0x0000000086e00000, 0x0000000086e00000, 0x0000000086f00000|  0%| F|  |TAMS 0x0000000086e00000, 0x0000000086e00000| Untracked 
| 111|0x0000000086f00000, 0x0000000086f00000, 0x0000000087000000|  0%| F|  |TAMS 0x0000000086f00000, 0x0000000086f00000| Untracked 
| 112|0x0000000087000000, 0x0000000087000000, 0x0000000087100000|  0%| F|  |TAMS 0x0000000087000000, 0x0000000087000000| Untracked 
| 113|0x0000000087100000, 0x0000000087100000, 0x0000000087200000|  0%| F|  |TAMS 0x0000000087100000, 0x0000000087100000| Untracked 
| 114|0x0000000087200000, 0x0000000087200000, 0x0000000087300000|  0%| F|  |TAMS 0x0000000087200000, 0x0000000087200000| Untracked 
| 115|0x0000000087300000, 0x0000000087300000, 0x0000000087400000|  0%| F|  |TAMS 0x0000000087300000, 0x0000000087300000| Untracked 
| 116|0x0000000087400000, 0x0000000087400000, 0x0000000087500000|  0%| F|  |TAMS 0x0000000087400000, 0x0000000087400000| Untracked 
| 117|0x0000000087500000, 0x0000000087500000, 0x0000000087600000|  0%| F|  |TAMS 0x0000000087500000, 0x0000000087500000| Untracked 
| 118|0x0000000087600000, 0x0000000087600000, 0x0000000087700000|  0%| F|  |TAMS 0x0000000087600000, 0x0000000087600000| Untracked 
| 119|0x0000000087700000, 0x0000000087700000, 0x0000000087800000|  0%| F|  |TAMS 0x0000000087700000, 0x0000000087700000| Untracked 
| 120|0x0000000087800000, 0x0000000087800000, 0x0000000087900000|  0%| F|  |TAMS 0x0000000087800000, 0x0000000087800000| Untracked 
| 121|0x0000000087900000, 0x0000000087900000, 0x0000000087a00000|  0%| F|  |TAMS 0x0000000087900000, 0x0000000087900000| Untracked 
| 122|0x0000000087a00000, 0x0000000087a00000, 0x0000000087b00000|  0%| F|  |TAMS 0x0000000087a00000, 0x0000000087a00000| Untracked 
| 123|0x0000000087b00000, 0x0000000087b00000, 0x0000000087c00000|  0%| F|  |TAMS 0x0000000087b00000, 0x0000000087b00000| Untracked 
| 124|0x0000000087c00000, 0x0000000087c00000, 0x0000000087d00000|  0%| F|  |TAMS 0x0000000087c00000, 0x0000000087c00000| Untracked 
| 125|0x0000000087d00000, 0x0000000087d00000, 0x0000000087e00000|  0%| F|  |TAMS 0x0000000087d00000, 0x0000000087d00000| Untracked 
| 126|0x0000000087e00000, 0x0000000087e158d0, 0x0000000087f00000|  8%| S|CS|TAMS 0x0000000087e00000, 0x0000000087e00000| Complete 
| 127|0x0000000087f00000, 0x0000000088000000, 0x0000000088000000|100%| S|CS|TAMS 0x0000000087f00000, 0x0000000087f00000| Complete 
| 128|0x0000000088000000, 0x0000000088000000, 0x0000000088100000|  0%| F|  |TAMS 0x0000000088000000, 0x0000000088000000| Untracked 
| 129|0x0000000088100000, 0x0000000088100000, 0x0000000088200000|  0%| F|  |TAMS 0x0000000088100000, 0x0000000088100000| Untracked 
| 130|0x0000000088200000, 0x0000000088200000, 0x0000000088300000|  0%| F|  |TAMS 0x0000000088200000, 0x0000000088200000| Untracked 
| 131|0x0000000088300000, 0x0000000088300000, 0x0000000088400000|  0%| F|  |TAMS 0x0000000088300000, 0x0000000088300000| Untracked 
| 132|0x0000000088400000, 0x0000000088400000, 0x0000000088500000|  0%| F|  |TAMS 0x0000000088400000, 0x0000000088400000| Untracked 
| 133|0x0000000088500000, 0x0000000088500000, 0x0000000088600000|  0%| F|  |TAMS 0x0000000088500000, 0x0000000088500000| Untracked 
| 134|0x0000000088600000, 0x0000000088600000, 0x0000000088700000|  0%| F|  |TAMS 0x0000000088600000, 0x0000000088600000| Untracked 
| 135|0x0000000088700000, 0x0000000088700000, 0x0000000088800000|  0%| F|  |TAMS 0x0000000088700000, 0x0000000088700000| Untracked 
| 136|0x0000000088800000, 0x0000000088800000, 0x0000000088900000|  0%| F|  |TAMS 0x0000000088800000, 0x0000000088800000| Untracked 
| 137|0x0000000088900000, 0x0000000088900000, 0x0000000088a00000|  0%| F|  |TAMS 0x0000000088900000, 0x0000000088900000| Untracked 
| 138|0x0000000088a00000, 0x0000000088a00000, 0x0000000088b00000|  0%| F|  |TAMS 0x0000000088a00000, 0x0000000088a00000| Untracked 
| 139|0x0000000088b00000, 0x0000000088b00000, 0x0000000088c00000|  0%| F|  |TAMS 0x0000000088b00000, 0x0000000088b00000| Untracked 
| 140|0x0000000088c00000, 0x0000000088d00000, 0x0000000088d00000|100%| E|  |TAMS 0x0000000088c00000, 0x0000000088c00000| Complete 
| 141|0x0000000088d00000, 0x0000000088e00000, 0x0000000088e00000|100%| E|CS|TAMS 0x0000000088d00000, 0x0000000088d00000| Complete 

Card table byte_map: [0x00000222690c0000,0x00000222694c0000] _byte_map_base: 0x0000022268cc0000

Marking Bits (Prev, Next): (CMBitMap*) 0x0000022255970388, (CMBitMap*) 0x00000222559703c0
 Prev Bits: [0x00000222698c0000, 0x000002226b8c0000)
 Next Bits: [0x000002226b8c0000, 0x000002226d8c0000)

Polling page: 0x0000022253890000

Metaspace:

Usage:
  Non-class:     78.37 MB capacity,    76.84 MB ( 98%) used,     1.26 MB (  2%) free+waste,   283.19 KB ( <1%) overhead. 
      Class:     12.07 MB capacity,    11.17 MB ( 93%) used,   797.94 KB (  6%) free+waste,   124.69 KB (  1%) overhead. 
       Both:     90.45 MB capacity,    88.01 MB ( 97%) used,     2.04 MB (  2%) free+waste,   407.88 KB ( <1%) overhead. 

Virtual space:
  Non-class space:       80.00 MB reserved,      78.59 MB ( 98%) committed 
      Class space:        1.00 GB reserved,      12.15 MB (  1%) committed 
             Both:        1.08 GB reserved,      90.73 MB (  8%) committed 

Chunk freelists:
   Non-Class:  26.00 KB
       Class:  21.00 KB
        Both:  47.00 KB

MaxMetaspaceSize: 17179869184.00 GB
CompressedClassSpaceSize: 1.00 GB
Initial GC threshold: 20.80 MB
Current GC threshold: 147.06 MB
CDS: off

CodeHeap 'non-profiled nmethods': size=119168Kb used=7752Kb max_used=7752Kb free=111416Kb
 bounds [0x0000022260fd0000, 0x0000022261770000, 0x0000022268430000]
CodeHeap 'profiled nmethods': size=119168Kb used=32374Kb max_used=32374Kb free=86794Kb
 bounds [0x0000022259b70000, 0x000002225bb10000, 0x0000022260fd0000]
CodeHeap 'non-nmethods': size=7424Kb used=2946Kb max_used=4129Kb free=4477Kb
 bounds [0x0000022259430000, 0x0000022259850000, 0x0000022259b70000]
 total_blobs=15391 nmethods=14493 adapters=808
 compilation: enabled
              stopped_count=0, restarted_count=0
 full_count=0

Compilation events (20 events):
Event: 382.394 Thread 0x000002227baeb800 nmethod 14791 0x000002226175db10 code [0x000002226175dcc0, 0x000002226175dd78]
Event: 382.394 Thread 0x000002227baeb800 14792       1       org.gradle.StartParameter::isRerunTasks (5 bytes)
Event: 382.394 Thread 0x000002227baeb800 nmethod 14792 0x000002226175de10 code [0x000002226175dfc0, 0x000002226175e078]
Event: 382.394 Thread 0x0000022271128800 nmethod 14793 0x000002225bae9710 code [0x000002225bae99a0, 0x000002225baea008]
Event: 382.394 Thread 0x000002227baeb800 14795       1       org.gradle.api.internal.changedetection.TaskExecutionMode::getRebuildReason (5 bytes)
Event: 382.394 Thread 0x0000022271128800 14796       1       org.gradle.api.internal.tasks.execution.DefaultTaskExecutionContext::getValidationContext (5 bytes)
Event: 382.394 Thread 0x000002227baeb800 nmethod 14795 0x000002226175e110 code [0x000002226175e2c0, 0x000002226175e378]
Event: 382.394 Thread 0x0000022271128800 nmethod 14796 0x000002226175e410 code [0x000002226175e5c0, 0x000002226175e678]
Event: 382.394 Thread 0x000002227baeb800 14797       1       org.gradle.internal.execution.impl.DefaultExecutionEngine$1::withValidationContext (6 bytes)
Event: 382.394 Thread 0x0000022271128800 14798       1       org.gradle.api.internal.tasks.execution.TaskExecution::access$200 (5 bytes)
Event: 382.395 Thread 0x0000022271128800 nmethod 14798 0x000002226175e710 code [0x000002226175e8c0, 0x000002226175e958]
Event: 382.395 Thread 0x000002227baeb800 nmethod 14797 0x000002226175ea10 code [0x000002226175ebc0, 0x000002226175ecb8]
Event: 382.395 Thread 0x000002227baeb800 14799       1       org.gradle.api.internal.tasks.execution.TaskExecution::access$300 (5 bytes)
Event: 382.395 Thread 0x0000022271128800 14800       1       org.gradle.api.internal.tasks.properties.DefaultTaskProperties::getInputFiles (5 bytes)
Event: 382.395 Thread 0x000002227baeb800 nmethod 14799 0x000002226175ed10 code [0x000002226175eec0, 0x000002226175ef58]
Event: 382.395 Thread 0x0000022271128800 nmethod 14800 0x000002226175f010 code [0x000002226175f1c0, 0x000002226175f278]
Event: 382.395 Thread 0x0000022271128800 14802       1       org.gradle.api.internal.tasks.properties.DefaultTaskProperties::hasSourceFiles (5 bytes)
Event: 382.395 Thread 0x000002227baeb800 14801       1       org.gradle.api.internal.tasks.properties.DefaultTaskProperties::getSourceFiles (5 bytes)
Event: 382.395 Thread 0x0000022271128800 nmethod 14802 0x000002226175f310 code [0x000002226175f4c0, 0x000002226175f578]
Event: 382.395 Thread 0x000002227baeb800 nmethod 14801 0x000002226175f610 code [0x000002226175f7c0, 0x000002226175f878]

GC Heap History (20 events):
Event: 381.095 GC heap before
{Heap before GC invocations=36 (full 0):
 garbage-first heap   total 145408K, used 95662K [0x0000000080000000, 0x0000000100000000)
  region size 1024K, 7 young (7168K), 3 survivors (3072K)
 Metaspace       used 85187K, capacity 87548K, committed 87792K, reserved 1126400K
  class space    used 10941K, capacity 11830K, committed 11928K, reserved 1048576K
}
Event: 381.105 GC heap after
{Heap after GC invocations=37 (full 0):
 garbage-first heap   total 145408K, used 83993K [0x0000000080000000, 0x0000000100000000)
  region size 1024K, 1 young (1024K), 1 survivors (1024K)
 Metaspace       used 85187K, capacity 87548K, committed 87792K, reserved 1126400K
  class space    used 10941K, capacity 11830K, committed 11928K, reserved 1048576K
}
Event: 381.372 GC heap before
{Heap before GC invocations=37 (full 0):
 garbage-first heap   total 145408K, used 105497K [0x0000000080000000, 0x0000000100000000)
  region size 1024K, 24 young (24576K), 1 survivors (1024K)
 Metaspace       used 86231K, capacity 88639K, committed 88944K, reserved 1126400K
  class space    used 11013K, capacity 11923K, committed 12056K, reserved 1048576K
}
Event: 381.386 GC heap after
{Heap after GC invocations=38 (full 0):
 garbage-first heap   total 145408K, used 87184K [0x0000000080000000, 0x0000000100000000)
  region size 1024K, 4 young (4096K), 4 survivors (4096K)
 Metaspace       used 86231K, capacity 88639K, committed 88944K, reserved 1126400K
  class space    used 11013K, capacity 11923K, committed 12056K, reserved 1048576K
}
Event: 381.710 GC heap before
{Heap before GC invocations=39 (full 0):
 garbage-first heap   total 145408K, used 118928K [0x0000000080000000, 0x0000000100000000)
  region size 1024K, 34 young (34816K), 4 survivors (4096K)
 Metaspace       used 87464K, capacity 89809K, committed 90096K, reserved 1128448K
  class space    used 11152K, capacity 12039K, committed 12184K, reserved 1048576K
}
Event: 381.721 GC heap after
{Heap after GC invocations=40 (full 0):
 garbage-first heap   total 145408K, used 100325K [0x0000000080000000, 0x0000000100000000)
  region size 1024K, 5 young (5120K), 5 survivors (5120K)
 Metaspace       used 87464K, capacity 89809K, committed 90096K, reserved 1128448K
  class space    used 11152K, capacity 12039K, committed 12184K, reserved 1048576K
}
Event: 381.727 GC heap before
{Heap before GC invocations=40 (full 0):
 garbage-first heap   total 145408K, used 102373K [0x0000000080000000, 0x0000000100000000)
  region size 1024K, 7 young (7168K), 5 survivors (5120K)
 Metaspace       used 87464K, capacity 89809K, committed 90096K, reserved 1128448K
  class space    used 11152K, capacity 12039K, committed 12184K, reserved 1048576K
}
Event: 381.736 GC heap after
{Heap after GC invocations=41 (full 0):
 garbage-first heap   total 145408K, used 96797K [0x0000000080000000, 0x0000000100000000)
  region size 1024K, 1 young (1024K), 1 survivors (1024K)
 Metaspace       used 87464K, capacity 89809K, committed 90096K, reserved 1128448K
  class space    used 11152K, capacity 12039K, committed 12184K, reserved 1048576K
}
Event: 381.839 GC heap before
{Heap before GC invocations=41 (full 0):
 garbage-first heap   total 145408K, used 104989K [0x0000000080000000, 0x0000000100000000)
  region size 1024K, 11 young (11264K), 1 survivors (1024K)
 Metaspace       used 87655K, capacity 89969K, committed 90096K, reserved 1128448K
  class space    used 11164K, capacity 12071K, committed 12184K, reserved 1048576K
}
Event: 381.843 GC heap after
{Heap after GC invocations=42 (full 0):
 garbage-first heap   total 145408K, used 101356K [0x0000000080000000, 0x0000000100000000)
  region size 1024K, 3 young (3072K), 3 survivors (3072K)
 Metaspace       used 87655K, capacity 89969K, committed 90096K, reserved 1128448K
  class space    used 11164K, capacity 12071K, committed 12184K, reserved 1048576K
}
Event: 381.966 GC heap before
{Heap before GC invocations=43 (full 0):
 garbage-first heap   total 145408K, used 123884K [0x0000000080000000, 0x0000000100000000)
  region size 1024K, 17 young (17408K), 3 survivors (3072K)
 Metaspace       used 87720K, capacity 90036K, committed 90352K, reserved 1128448K
  class space    used 11170K, capacity 12072K, committed 12184K, reserved 1048576K
}
Event: 381.969 GC heap after
{Heap after GC invocations=44 (full 0):
 garbage-first heap   total 145408K, used 104451K [0x0000000080000000, 0x0000000100000000)
  region size 1024K, 2 young (2048K), 2 survivors (2048K)
 Metaspace       used 87720K, capacity 90036K, committed 90352K, reserved 1128448K
  class space    used 11170K, capacity 12072K, committed 12184K, reserved 1048576K
}
Event: 381.991 GC heap before
{Heap before GC invocations=44 (full 0):
 garbage-first heap   total 145408K, used 109571K [0x0000000080000000, 0x0000000100000000)
  region size 1024K, 7 young (7168K), 2 survivors (2048K)
 Metaspace       used 87720K, capacity 90036K, committed 90352K, reserved 1128448K
  class space    used 11170K, capacity 12072K, committed 12184K, reserved 1048576K
}
Event: 381.995 GC heap after
{Heap after GC invocations=45 (full 0):
 garbage-first heap   total 145408K, used 103619K [0x0000000080000000, 0x0000000100000000)
  region size 1024K, 1 young (1024K), 1 survivors (1024K)
 Metaspace       used 87720K, capacity 90036K, committed 90352K, reserved 1128448K
  class space    used 11170K, capacity 12072K, committed 12184K, reserved 1048576K
}
Event: 382.115 GC heap before
{Heap before GC invocations=45 (full 0):
 garbage-first heap   total 145408K, used 117955K [0x0000000080000000, 0x0000000100000000)
  region size 1024K, 15 young (15360K), 1 survivors (1024K)
 Metaspace       used 87800K, capacity 90116K, committed 90352K, reserved 1128448K
  class space    used 11178K, capacity 12075K, committed 12184K, reserved 1048576K
}
Event: 382.122 GC heap after
{Heap after GC invocations=46 (full 0):
 garbage-first heap   total 145408K, used 107390K [0x0000000080000000, 0x0000000100000000)
  region size 1024K, 2 young (2048K), 2 survivors (2048K)
 Metaspace       used 87800K, capacity 90116K, committed 90352K, reserved 1128448K
  class space    used 11178K, capacity 12075K, committed 12184K, reserved 1048576K
}
Event: 382.317 GC heap before
{Heap before GC invocations=47 (full 0):
 garbage-first heap   total 145408K, used 135038K [0x0000000080000000, 0x0000000100000000)
  region size 1024K, 15 young (15360K), 2 survivors (2048K)
 Metaspace       used 88579K, capacity 91005K, committed 91120K, reserved 1128448K
  class space    used 11259K, capacity 12150K, committed 12184K, reserved 1048576K
}
Event: 382.322 GC heap after
{Heap after GC invocations=48 (full 0):
 garbage-first heap   total 145408K, used 107856K [0x0000000080000000, 0x0000000100000000)
  region size 1024K, 2 young (2048K), 2 survivors (2048K)
 Metaspace       used 88579K, capacity 91005K, committed 91120K, reserved 1128448K
  class space    used 11259K, capacity 12150K, committed 12184K, reserved 1048576K
}
Event: 382.361 GC heap before
{Heap before GC invocations=48 (full 0):
 garbage-first heap   total 145408K, used 112976K [0x0000000080000000, 0x0000000100000000)
  region size 1024K, 7 young (7168K), 2 survivors (2048K)
 Metaspace       used 89140K, capacity 91640K, committed 91760K, reserved 1128448K
  class space    used 11323K, capacity 12230K, committed 12312K, reserved 1048576K
}
Event: 382.369 GC heap after
{Heap after GC invocations=49 (full 0):
 garbage-first heap   total 145408K, used 106030K [0x0000000080000000, 0x0000000100000000)
  region size 1024K, 1 young (1024K), 1 survivors (1024K)
 Metaspace       used 89140K, capacity 91640K, committed 91760K, reserved 1128448K
  class space    used 11323K, capacity 12230K, committed 12312K, reserved 1048576K
}

Deoptimization events (20 events):
Event: 382.312 Thread 0x0000022273789000 DEOPT PACKING pc=0x00000222616639d4 sp=0x0000004f488ff360
Event: 382.312 Thread 0x0000022273789000 DEOPT UNPACKING pc=0x000002225947a1af sp=0x0000004f488ff2b0 mode 2
Event: 382.312 Thread 0x0000022273789000 Uncommon trap: trap_request=0xffffff4d fr.pc=0x000002226155653c relative=0x000000000000025c
Event: 382.312 Thread 0x0000022273789000 Uncommon trap: reason=unstable_if action=reinterpret pc=0x000002226155653c method=org.gradle.internal.file.FileHierarchySet$Node.isChildOfOrThis(Ljava/lang/String;I)Z @ 35 c2
Event: 382.312 Thread 0x0000022273789000 DEOPT PACKING pc=0x000002226155653c sp=0x0000004f488ff300
Event: 382.312 Thread 0x0000022273789000 DEOPT UNPACKING pc=0x000002225947a1af sp=0x0000004f488ff2a0 mode 2
Event: 382.314 Thread 0x0000022273948800 DEOPT PACKING pc=0x000002225ba57aa7 sp=0x0000004f530fa020
Event: 382.314 Thread 0x0000022273948800 DEOPT UNPACKING pc=0x000002225947a95e sp=0x0000004f530f9598 mode 0
Event: 382.343 Thread 0x000002227394f000 Uncommon trap: trap_request=0xffffff4d fr.pc=0x000002226166f998 relative=0x0000000000000238
Event: 382.343 Thread 0x000002227394f000 Uncommon trap: reason=unstable_if action=reinterpret pc=0x000002226166f998 method=com.esotericsoftware.kryo.io.Output.writeString(Ljava/lang/CharSequence;)V @ 50 c2
Event: 382.343 Thread 0x000002227394f000 DEOPT PACKING pc=0x000002226166f998 sp=0x0000004f531fdc60
Event: 382.343 Thread 0x000002227394f000 DEOPT UNPACKING pc=0x000002225947a1af sp=0x0000004f531fdb88 mode 2
Event: 382.345 Thread 0x000002227394f000 Uncommon trap: trap_request=0xffffff4d fr.pc=0x00000222616fdcbc relative=0x000000000000075c
Event: 382.345 Thread 0x000002227394f000 Uncommon trap: reason=unstable_if action=reinterpret pc=0x00000222616fdcbc method=com.esotericsoftware.kryo.io.Output.writeVarLong(JZ)I @ 55 c2
Event: 382.345 Thread 0x000002227394f000 DEOPT PACKING pc=0x00000222616fdcbc sp=0x0000004f531fd8a0
Event: 382.345 Thread 0x000002227394f000 DEOPT UNPACKING pc=0x000002225947a1af sp=0x0000004f531fd870 mode 2
Event: 382.372 Thread 0x0000022273948800 Uncommon trap: trap_request=0xffffffde fr.pc=0x0000022261687560 relative=0x00000000000099a0
Event: 382.373 Thread 0x0000022273948800 Uncommon trap: reason=class_check action=maybe_recompile pc=0x0000022261687560 method=java.io.ObjectOutputStream.writeObject0(Ljava/lang/Object;Z)V @ 482 c2
Event: 382.373 Thread 0x0000022273948800 DEOPT PACKING pc=0x0000022261687560 sp=0x0000004f530f9fb0
Event: 382.373 Thread 0x0000022273948800 DEOPT UNPACKING pc=0x000002225947a1af sp=0x0000004f530f9fa8 mode 2

Classes redefined (0 events):
No events

Internal exceptions (20 events):
Event: 245.908 Thread 0x000002227baec800 Exception <a 'sun/nio/fs/WindowsException'{0x0000000088317fb8}> (0x0000000088317fb8) thrown at [./src/hotspot/share/prims/jni.cpp, line 615]
Event: 245.916 Thread 0x000002227baec800 Exception <a 'sun/nio/fs/WindowsException'{0x00000000883b52a8}> (0x00000000883b52a8) thrown at [./src/hotspot/share/prims/jni.cpp, line 615]
Event: 245.916 Thread 0x000002227baec800 Exception <a 'sun/nio/fs/WindowsException'{0x00000000883b6650}> (0x00000000883b6650) thrown at [./src/hotspot/share/prims/jni.cpp, line 615]
Event: 245.917 Thread 0x000002227baec800 Exception <a 'sun/nio/fs/WindowsException'{0x00000000883b7cf8}> (0x00000000883b7cf8) thrown at [./src/hotspot/share/prims/jni.cpp, line 615]
Event: 245.917 Thread 0x000002227baec800 Exception <a 'sun/nio/fs/WindowsException'{0x00000000883b90f0}> (0x00000000883b90f0) thrown at [./src/hotspot/share/prims/jni.cpp, line 615]
Event: 246.229 Thread 0x000002227baec800 Exception <a 'sun/nio/fs/WindowsException'{0x0000000088da2150}> (0x0000000088da2150) thrown at [./src/hotspot/share/prims/jni.cpp, line 615]
Event: 246.229 Thread 0x000002227baec800 Exception <a 'sun/nio/fs/WindowsException'{0x0000000088da22a8}> (0x0000000088da22a8) thrown at [./src/hotspot/share/prims/jni.cpp, line 615]
Event: 246.230 Thread 0x000002227baec800 Exception <a 'sun/nio/fs/WindowsException'{0x0000000088da3be8}> (0x0000000088da3be8) thrown at [./src/hotspot/share/prims/jni.cpp, line 615]
Event: 381.114 Thread 0x000002227baed800 Exception <a 'sun/nio/fs/WindowsException'{0x0000000088defc70}> (0x0000000088defc70) thrown at [./src/hotspot/share/prims/jni.cpp, line 615]
Event: 381.154 Thread 0x000002227baed800 Exception <a 'java/lang/NoClassDefFoundError'{0x000000008883f058}: org/jetbrains/kotlin/gradle/plugin/KotlinBasePluginWrapper> (0x000000008883f058) thrown at [./src/hotspot/share/oops/constantPool.cpp, line 775]
Event: 381.169 Thread 0x000002227baed800 Exception <a 'sun/nio/fs/WindowsException'{0x000000008879d1d0}> (0x000000008879d1d0) thrown at [./src/hotspot/share/prims/jni.cpp, line 615]
Event: 381.182 Thread 0x000002227baed800 Exception <a 'sun/nio/fs/WindowsException'{0x00000000886418d0}> (0x00000000886418d0) thrown at [./src/hotspot/share/prims/jni.cpp, line 615]
Event: 381.182 Thread 0x000002227baed800 Exception <a 'sun/nio/fs/WindowsException'{0x0000000088642c78}> (0x0000000088642c78) thrown at [./src/hotspot/share/prims/jni.cpp, line 615]
Event: 381.182 Thread 0x000002227baed800 Exception <a 'sun/nio/fs/WindowsException'{0x0000000088644070}> (0x0000000088644070) thrown at [./src/hotspot/share/prims/jni.cpp, line 615]
Event: 381.183 Thread 0x000002227baed800 Exception <a 'sun/nio/fs/WindowsException'{0x0000000088645468}> (0x0000000088645468) thrown at [./src/hotspot/share/prims/jni.cpp, line 615]
Event: 381.499 Thread 0x0000022273940800 Implicit null exception at 0x000002226131ce04 to 0x000002226131cffc
Event: 382.244 Thread 0x0000022273940800 Exception <a 'java/lang/NoSuchMethodError'{0x00000000888a7688}: <clinit>> (0x00000000888a7688) thrown at [./src/hotspot/share/prims/jni.cpp, line 1365]
Event: 382.253 Thread 0x0000022273940800 Exception <a 'java/lang/NoSuchMethodError'{0x000000008861bb68}: <clinit>> (0x000000008861bb68) thrown at [./src/hotspot/share/prims/jni.cpp, line 1365]
Event: 382.341 Thread 0x0000022273948800 Exception <a 'java/lang/NoSuchMethodError'{0x0000000088b31e30}: 'java.lang.Object java.lang.invoke.DirectMethodHandle$Holder.newInvokeSpecial(java.lang.Object, java.lang.Object, java.lang.Object, java.lang.Object)'> (0x0000000088b31e30) thrown at [./src/hotspot/share/interpreter/linkResolver.cpp, line 773]
Event: 382.348 Thread 0x000002227baf1800 Exception <a 'java/lang/NoSuchMethodError'{0x0000000088a6f558}: <clinit>> (0x0000000088a6f558) thrown at [./src/hotspot/share/prims/jni.cpp, line 1365]

Events (20 events):
Event: 382.393 loading class com/google/common/collect/MapMakerInternalMap$InternalEntryHelper
Event: 382.393 loading class com/google/common/collect/MapMakerInternalMap$InternalEntryHelper done
Event: 382.393 loading class org/codehaus/stax2/validation/ValidatorPair
Event: 382.393 loading class org/codehaus/stax2/validation/ValidatorPair done
Event: 382.393 loading class com/google/common/collect/MapMakerInternalMap$1
Event: 382.393 loading class com/google/common/collect/MapMakerInternalMap$1 done
Event: 382.393 loading class com/ctc/wstx/util/BaseNsContext
Event: 382.393 loading class com/ctc/wstx/util/BaseNsContext done
Event: 382.394 loading class com/google/common/collect/MapMakerInternalMap$InternalEntry
Event: 382.394 loading class com/google/common/collect/MapMakerInternalMap$InternalEntry done
Event: 382.394 loading class com/google/common/collect/MapMakerInternalMap$Strength
Event: 382.394 loading class com/google/common/collect/MapMakerInternalMap$Strength done
Event: 382.394 loading class com/ctc/wstx/util/EmptyNamespaceContext
Event: 382.394 loading class com/ctc/wstx/util/EmptyNamespaceContext done
Event: 382.394 loading class com/google/common/collect/MapMakerInternalMap$Strength$1
Event: 382.394 loading class com/google/common/collect/MapMakerInternalMap$Strength$1 done
Event: 382.395 loading class com/google/common/collect/MapMakerInternalMap$Strength$2
Event: 382.395 loading class com/google/common/collect/MapMakerInternalMap$Strength$2 done
Event: 382.395 loading class com/ctc/wstx/sr/CompactNsContext
Event: 382.395 loading class com/ctc/wstx/sr/CompactNsContext done


Dynamic libraries:
0x00007ff72ea20000 - 0x00007ff72ea2a000 	C:\Program Files\Android\Android Studio\jre\bin\java.exe
0x00007ffae1a50000 - 0x00007ffae1c64000 	C:\WINDOWS\SYSTEM32\ntdll.dll
0x00007ffae0030000 - 0x00007ffae00f2000 	C:\WINDOWS\System32\KERNEL32.DLL
0x00007ffadee80000 - 0x00007ffadf21d000 	C:\WINDOWS\System32\KERNELBASE.dll
0x00007ffadf370000 - 0x00007ffadf481000 	C:\WINDOWS\System32\ucrtbase.dll
0x00007ffac77e0000 - 0x00007ffac77f9000 	C:\Program Files\Android\Android Studio\jre\bin\jli.dll
0x00007ffab9780000 - 0x00007ffab9797000 	C:\Program Files\Android\Android Studio\jre\bin\VCRUNTIME140.dll
0x00007ffae0800000 - 0x00007ffae09aa000 	C:\WINDOWS\System32\USER32.dll
0x00007ffadf220000 - 0x00007ffadf246000 	C:\WINDOWS\System32\win32u.dll
0x00007ffac3400000 - 0x00007ffac368e000 	C:\WINDOWS\WinSxS\amd64_microsoft.windows.common-controls_6595b64144ccf1df_6.0.22621.608_none_a9444ca7c10bb01d\COMCTL32.dll
0x00007ffae0ef0000 - 0x00007ffae0f19000 	C:\WINDOWS\System32\GDI32.dll
0x00007ffae0f20000 - 0x00007ffae0fc7000 	C:\WINDOWS\System32\msvcrt.dll
0x00007ffadf250000 - 0x00007ffadf362000 	C:\WINDOWS\System32\gdi32full.dll
0x00007ffadf670000 - 0x00007ffadf70a000 	C:\WINDOWS\System32\msvcp_win.dll
0x00007ffae0100000 - 0x00007ffae0132000 	C:\WINDOWS\System32\IMM32.DLL
0x00007ffaa36d0000 - 0x00007ffaa376d000 	C:\Program Files\Android\Android Studio\jre\bin\msvcp140.dll
0x00007ffa9f330000 - 0x00007ffa9fe15000 	C:\Program Files\Android\Android Studio\jre\bin\server\jvm.dll
0x00007ffae04b0000 - 0x00007ffae055e000 	C:\WINDOWS\System32\ADVAPI32.dll
0x00007ffae1960000 - 0x00007ffae1a04000 	C:\WINDOWS\System32\sechost.dll
0x00007ffadf9d0000 - 0x00007ffadfae5000 	C:\WINDOWS\System32\RPCRT4.dll
0x00007ffae0140000 - 0x00007ffae0148000 	C:\WINDOWS\System32\PSAPI.DLL
0x00007ffad7f70000 - 0x00007ffad7fa4000 	C:\WINDOWS\SYSTEM32\WINMM.dll
0x00007ffadc320000 - 0x00007ffadc329000 	C:\WINDOWS\SYSTEM32\WSOCK32.dll
0x00007ffad7860000 - 0x00007ffad786a000 	C:\WINDOWS\SYSTEM32\VERSION.dll
0x00007ffae03a0000 - 0x00007ffae0411000 	C:\WINDOWS\System32\WS2_32.dll
0x00007ffadde60000 - 0x00007ffadde78000 	C:\WINDOWS\SYSTEM32\kernel.appcore.dll
0x00007ffadc290000 - 0x00007ffadc2a1000 	C:\Program Files\Android\Android Studio\jre\bin\verify.dll
0x00007ffaca770000 - 0x00007ffaca99e000 	C:\WINDOWS\SYSTEM32\DBGHELP.DLL
0x00007ffae0b60000 - 0x00007ffae0eea000 	C:\WINDOWS\System32\combase.dll
0x00007ffae0720000 - 0x00007ffae07f7000 	C:\WINDOWS\System32\OLEAUT32.dll
0x00007ffabae10000 - 0x00007ffabae42000 	C:\WINDOWS\SYSTEM32\dbgcore.DLL
0x00007ffadf7d0000 - 0x00007ffadf84b000 	C:\WINDOWS\System32\bcryptPrimitives.dll
0x00007ffad8360000 - 0x00007ffad8389000 	C:\Program Files\Android\Android Studio\jre\bin\java.dll
0x00007ffadc300000 - 0x00007ffadc30b000 	C:\Program Files\Android\Android Studio\jre\bin\jimage.dll
0x00007ffadc270000 - 0x00007ffadc288000 	C:\Program Files\Android\Android Studio\jre\bin\zip.dll
0x00007ffae0fd0000 - 0x00007ffae17b0000 	C:\WINDOWS\System32\SHELL32.dll
0x00007ffadce70000 - 0x00007ffadd735000 	C:\WINDOWS\SYSTEM32\windows.storage.dll
0x00007ffadcd30000 - 0x00007ffadce6e000 	C:\WINDOWS\SYSTEM32\wintypes.dll
0x00007ffadf8d0000 - 0x00007ffadf9c1000 	C:\WINDOWS\System32\SHCORE.dll
0x00007ffae0340000 - 0x00007ffae039e000 	C:\WINDOWS\System32\shlwapi.dll
0x00007ffadedb0000 - 0x00007ffadedd1000 	C:\WINDOWS\SYSTEM32\profapi.dll
0x00007ffada270000 - 0x00007ffada28a000 	C:\Program Files\Android\Android Studio\jre\bin\net.dll
0x00007ffad7c00000 - 0x00007ffad7d2f000 	C:\WINDOWS\SYSTEM32\WINHTTP.dll
0x00007ffade310000 - 0x00007ffade379000 	C:\WINDOWS\system32\mswsock.dll
0x00007ffad83c0000 - 0x00007ffad83d4000 	C:\Program Files\Android\Android Studio\jre\bin\nio.dll
0x00007ffab4f90000 - 0x00007ffab4fb7000 	C:\Users\Le Thanh Hang\.gradle\native\e1d6ef7f7dcc3fd88c89a11ec53ec762bb8ba0a96d01ffa2cd45eb1d1d8dd5c5\windows-amd64\native-platform.dll
0x00007ffaa2030000 - 0x00007ffaa2174000 	C:\Users\Le Thanh Hang\.gradle\native\5664cfc778a61ccfe75a443a1ab52a65af34e5dc3c78e0209fed803814484fcb\windows-amd64\native-platform-file-events.dll
0x00007ffada5e0000 - 0x00007ffada5ea000 	C:\Program Files\Android\Android Studio\jre\bin\management.dll
0x00007ffad9fe0000 - 0x00007ffad9fed000 	C:\Program Files\Android\Android Studio\jre\bin\management_ext.dll
0x00007ffade530000 - 0x00007ffade54b000 	C:\WINDOWS\SYSTEM32\CRYPTSP.dll
0x00007ffadde20000 - 0x00007ffadde55000 	C:\WINDOWS\system32\rsaenh.dll
0x00007ffade3d0000 - 0x00007ffade3f8000 	C:\WINDOWS\SYSTEM32\USERENV.dll
0x00007ffade7a0000 - 0x00007ffade7c8000 	C:\WINDOWS\SYSTEM32\bcrypt.dll
0x00007ffade550000 - 0x00007ffade55c000 	C:\WINDOWS\SYSTEM32\CRYPTBASE.dll
0x00007ffadd9d0000 - 0x00007ffadd9fd000 	C:\WINDOWS\SYSTEM32\IPHLPAPI.DLL
0x00007ffae04a0000 - 0x00007ffae04a9000 	C:\WINDOWS\System32\NSI.dll
0x00007ffad7ea0000 - 0x00007ffad7eb9000 	C:\WINDOWS\SYSTEM32\dhcpcsvc6.DLL
0x00007ffad7b20000 - 0x00007ffad7b3f000 	C:\WINDOWS\SYSTEM32\dhcpcsvc.DLL
0x00007ffadda00000 - 0x00007ffaddaf2000 	C:\WINDOWS\SYSTEM32\DNSAPI.dll
0x00007ffadded0000 - 0x00007ffaddf04000 	C:\WINDOWS\SYSTEM32\ntmarta.dll

dbghelp: loaded successfully - version: 4.0.5 - missing functions: none
symbol engine: initialized successfully - sym options: 0x614 - pdb path: .;C:\Program Files\Android\Android Studio\jre\bin;C:\WINDOWS\SYSTEM32;C:\WINDOWS\WinSxS\amd64_microsoft.windows.common-controls_6595b64144ccf1df_6.0.22621.608_none_a9444ca7c10bb01d;C:\Program Files\Android\Android Studio\jre\bin\server;C:\Users\Le Thanh Hang\.gradle\native\e1d6ef7f7dcc3fd88c89a11ec53ec762bb8ba0a96d01ffa2cd45eb1d1d8dd5c5\windows-amd64;C:\Users\Le Thanh Hang\.gradle\native\5664cfc778a61ccfe75a443a1ab52a65af34e5dc3c78e0209fed803814484fcb\windows-amd64

VM Arguments:
jvm_args: --add-opens=java.base/java.util=ALL-UNNAMED --add-opens=java.base/java.lang=ALL-UNNAMED --add-opens=java.base/java.lang.invoke=ALL-UNNAMED --add-opens=java.base/java.util=ALL-UNNAMED --add-opens=java.prefs/java.util.prefs=ALL-UNNAMED --add-opens=java.prefs/java.util.prefs=ALL-UNNAMED --add-opens=java.base/java.nio.charset=ALL-UNNAMED --add-opens=java.base/java.net=ALL-UNNAMED --add-opens=java.base/java.util.concurrent.atomic=ALL-UNNAMED -Xmx2048m -Dfile.encoding=UTF-8 -Duser.country=US -Duser.language=en -Duser.variant 
java_command: org.gradle.launcher.daemon.bootstrap.GradleDaemon 7.3.3
java_class_path (initial): C:\Users\Le Thanh Hang\.gradle\wrapper\dists\gradle-7.3.3-bin\6a41zxkdtcxs8rphpq6y0069z\gradle-7.3.3\lib\gradle-launcher-7.3.3.jar
Launcher Type: SUN_STANDARD

[Global flags]
     intx CICompilerCount                          = 12                                        {product} {ergonomic}
     uint ConcGCThreads                            = 3                                         {product} {ergonomic}
     uint G1ConcRefinementThreads                  = 13                                        {product} {ergonomic}
   size_t G1HeapRegionSize                         = 1048576                                   {product} {ergonomic}
    uintx GCDrainStackTargetSize                   = 64                                        {product} {ergonomic}
   size_t InitialHeapSize                          = 123731968                                 {product} {ergonomic}
   size_t MarkStackSize                            = 4194304                                   {product} {ergonomic}
   size_t MaxHeapSize                              = 2147483648                                {product} {command line}
   size_t MaxNewSize                               = 1287651328                                {product} {ergonomic}
   size_t MinHeapDeltaBytes                        = 1048576                                   {product} {ergonomic}
    uintx NonNMethodCodeHeapSize                   = 7594288                                {pd product} {ergonomic}
    uintx NonProfiledCodeHeapSize                  = 122031976                              {pd product} {ergonomic}
    uintx ProfiledCodeHeapSize                     = 122031976                              {pd product} {ergonomic}
    uintx ReservedCodeCacheSize                    = 251658240                              {pd product} {ergonomic}
     bool SegmentedCodeCache                       = true                                      {product} {ergonomic}
     bool UseCompressedClassPointers               = true                                 {lp64_product} {ergonomic}
     bool UseCompressedOops                        = true                                 {lp64_product} {ergonomic}
     bool UseG1GC                                  = true                                      {product} {ergonomic}
     bool UseLargePagesIndividualAllocation        = false                                  {pd product} {ergonomic}

Logging:
Log output configuration:
 #0: stdout all=warning uptime,level,tags
 #1: stderr all=off uptime,level,tags

Environment Variables:
PATH=C:\Program Files (x86)\VMware\VMware Workstation\bin\;C:\Python310\Scripts\;C:\Python310\;C:\Program Files\Eclipse Foundation\jdk-8.0.302.8-hotspot\bin;C:\windows\system32;C:\windows;C:\windows\System32\Wbem;C:\windows\System32\WindowsPowerShell\v1.0\;C:\windows\System32\OpenSSH\;C:\Program Files (x86)\NVIDIA Corporation\PhysX\Common;C:\Program Files\NVIDIA Corporation\NVIDIA NvDLISR;C:\Program Files\Microsoft SQL Server\130\Tools\Binn\;C:\Program Files\Microsoft SQL Server\Client SDK\ODBC\170\Tools\Binn\;C:\Program Files\Git\cmd;C:\Program Files\nodejs\;C:\ProgramData\chocolatey\bin;;C:\WINDOWS\system32;C:\WINDOWS;C:\WINDOWS\System32\Wbem;C:\WINDOWS\System32\WindowsPowerShell\v1.0\;C:\WINDOWS\System32\OpenSSH\;C:\Program Files\dotnet\;C:\Ruby31-x64\bin;C:\Users\Le Thanh Hang\AppData\Local\Microsoft\WindowsApps;C:\Users\Le Thanh Hang\AppData\Local\GitHubDesktop\bin;C:\Users\Le Thanh Hang\AppData\Roaming\npm;C:\Users\Le Thanh Hang\.dotnet\tools
USERNAME=Le Thanh Hang
OS=Windows_NT
PROCESSOR_IDENTIFIER=AMD64 Family 25 Model 80 Stepping 0, AuthenticAMD



---------------  S Y S T E M  ---------------

OS: Windows 10 , 64 bit Build 22621 (10.0.22621.755)
OS uptime: 0 days 16:18 hours
Hyper-V role detected

CPU:total 16 (initial active 16) (16 cores per cpu, 2 threads per core) family 25 model 80 stepping 0 microcode 0x0, cmov, cx8, fxsr, mmx, sse, sse2, sse3, ssse3, sse4.1, sse4.2, popcnt, avx, avx2, aes, clmul, erms, mmxext, 3dnowpref, lzcnt, sse4a, ht, tsc, tscinvbit, tscinv, bmi1, bmi2, adx, sha, fma

Memory: 4k page, system-wide physical 7523M (158M free)
TotalPageFile size 11619M (AvailPageFile size 0M)
current process WorkingSet (physical memory assigned to process): 368M, peak: 427M
current process commit charge ("private bytes"): 481M, peak: 482M

vm_info: OpenJDK 64-Bit Server VM (11.0.12+7-b1504.28-7817840) for windows-amd64 JRE (11.0.12+7-b1504.28-7817840), built on Oct 13 2021 22:12:33 by "builder" with MS VC++ 14.0 (VS2015)

END.
