#
# There is insufficient memory for the Java Runtime Environment to continue.
# Native memory allocation (malloc) failed to allocate 1865936 bytes for Chunk::new
# Possible reasons:
#   The system is out of physical RAM or swap space
#   The process is running with CompressedOops enabled, and the Java Heap may be blocking the growth of the native heap
# Possible solutions:
#   Reduce memory load on the system
#   Increase physical memory or swap space
#   Check if swap backing store is full
#   Decrease Java heap size (-Xmx/-Xms)
#   Decrease number of Java threads
#   Decrease Java thread stack sizes (-Xss)
#   Set larger code cache with -XX:ReservedCodeCacheSize=
#   JVM is running with Unscaled Compressed Oops mode in which the Java heap is
#     placed in the first 4GB address space. The Java Heap base address is the
#     maximum limit for the native heap growth. Please use -XX:HeapBaseMinAddress
#     to set the Java Heap base and to place the Java Heap above 4GB virtual address.
# This output file may be truncated or incomplete.
#
#  Out of Memory Error (./src/hotspot/share/memory/arena.cpp:197), pid=1552, tid=15756
#
# JRE version: OpenJDK Runtime Environment (11.0.12+7) (build 11.0.12+7-b1504.28-7817840)
# Java VM: OpenJDK 64-Bit Server VM (11.0.12+7-b1504.28-7817840, mixed mode, tiered, compressed oops, g1 gc, windows-amd64)
# No core dump will be written. Minidumps are not enabled by default on client versions of Windows
#

---------------  S U M M A R Y ------------

Command Line: --add-opens=java.base/java.util=ALL-UNNAMED --add-opens=java.base/java.lang=ALL-UNNAMED --add-opens=java.base/java.lang.invoke=ALL-UNNAMED --add-opens=java.base/java.util=ALL-UNNAMED --add-opens=java.prefs/java.util.prefs=ALL-UNNAMED --add-opens=java.prefs/java.util.prefs=ALL-UNNAMED --add-opens=java.base/java.nio.charset=ALL-UNNAMED --add-opens=java.base/java.net=ALL-UNNAMED --add-opens=java.base/java.util.concurrent.atomic=ALL-UNNAMED -Xmx2048m -Dfile.encoding=UTF-8 -Duser.country=US -Duser.language=en -Duser.variant org.gradle.launcher.daemon.bootstrap.GradleDaemon 7.3.3

Host: AMD Ryzen 7 5800H with Radeon Graphics         , 16 cores, 7G,  Windows 10 , 64 bit Build 22621 (10.0.22621.963)
Time: Tue Dec 20 22:31:45 2022 SE Asia Standard Time elapsed time: 4.410556 seconds (0d 0h 0m 4s)

---------------  T H R E A D  ---------------

Current thread (0x000001fcbce8c000):  JavaThread "C2 CompilerThread1" daemon [_thread_in_native, id=15756, stack(0x00000059ca400000,0x00000059ca500000)]


Current CompileTask:
C2:   4410 5240       4       java.lang.invoke.MethodType::makeImpl (108 bytes)

Stack: [0x00000059ca400000,0x00000059ca500000]
Native frames: (J=compiled Java code, j=interpreted, Vv=VM code, C=native code)
V  [jvm.dll+0x5fbcea]
V  [jvm.dll+0x731905]
V  [jvm.dll+0x732f1d]
V  [jvm.dll+0x7335d3]
V  [jvm.dll+0x247bf8]
V  [jvm.dll+0xc018c]
V  [jvm.dll+0xc06cc]
V  [jvm.dll+0x35b2db]
V  [jvm.dll+0x328803]
V  [jvm.dll+0x327cfa]
V  [jvm.dll+0x200602]
V  [jvm.dll+0x1ff794]
V  [jvm.dll+0x18868c]
V  [jvm.dll+0x20e0d7]
V  [jvm.dll+0x20c901]
V  [jvm.dll+0x6f9b7f]
V  [jvm.dll+0x6f26a5]
V  [jvm.dll+0x5fabf6]
C  [ucrtbase.dll+0x29363]
C  [KERNEL32.DLL+0x126bd]
C  [ntdll.dll+0x5dfb8]


---------------  P R O C E S S  ---------------

Threads class SMR info:
_java_thread_list=0x000001fcc40f2650, length=51, elements={
0x000001fc9f19c000, 0x000001fcbc8f2800, 0x000001fcbc8f3000, 0x000001fcbc0d1000,
0x000001fcbc0d3800, 0x000001fcbc0d6800, 0x000001fcbc0e0000, 0x000001fcbc94e800,
0x000001fcbc950000, 0x000001fcbca72000, 0x000001fcbcaa8000, 0x000001fcbd83d000,
0x000001fcbd702800, 0x000001fcbe2be000, 0x000001fcbce8c000, 0x000001fcbfa57000,
0x000001fcbef67000, 0x000001fcbf203000, 0x000001fcbd6e1000, 0x000001fcbd906000,
0x000001fcbe554000, 0x000001fcbf9eb800, 0x000001fcbf371000, 0x000001fcbedd0800,
0x000001fcbedd1800, 0x000001fcbedd2800, 0x000001fcbedcf000, 0x000001fcbedd3000,
0x000001fcbedce800, 0x000001fcbedd5000, 0x000001fcbd84f000, 0x000001fcbd84b000,
0x000001fcbd84a000, 0x000001fcbd852800, 0x000001fcbd857800, 0x000001fcbd855000,
0x000001fcbd851800, 0x000001fcbd858000, 0x000001fcbd859000, 0x000001fcc1e6a800,
0x000001fcc1e6f000, 0x000001fcc1e6f800, 0x000001fcc1e6e000, 0x000001fcc1e6b800,
0x000001fcc1e6c800, 0x000001fcc1e6d000, 0x000001fcc1e6a000, 0x000001fcc1e72000,
0x000001fcc1e74800, 0x000001fcc1e76000, 0x000001fcc1e70800
}

Java Threads: ( => current thread )
  0x000001fc9f19c000 JavaThread "main" [_thread_blocked, id=2984, stack(0x00000059c9200000,0x00000059c9300000)]
  0x000001fcbc8f2800 JavaThread "Reference Handler" daemon [_thread_blocked, id=7720, stack(0x00000059c9900000,0x00000059c9a00000)]
  0x000001fcbc8f3000 JavaThread "Finalizer" daemon [_thread_blocked, id=6304, stack(0x00000059c9a00000,0x00000059c9b00000)]
  0x000001fcbc0d1000 JavaThread "Signal Dispatcher" daemon [_thread_blocked, id=3556, stack(0x00000059c9b00000,0x00000059c9c00000)]
  0x000001fcbc0d3800 JavaThread "Attach Listener" daemon [_thread_blocked, id=11180, stack(0x00000059c9c00000,0x00000059c9d00000)]
  0x000001fcbc0d6800 JavaThread "Service Thread" daemon [_thread_blocked, id=4424, stack(0x00000059c9d00000,0x00000059c9e00000)]
  0x000001fcbc0e0000 JavaThread "C2 CompilerThread0" daemon [_thread_blocked, id=12248, stack(0x00000059c9e00000,0x00000059c9f00000)]
  0x000001fcbc94e800 JavaThread "C1 CompilerThread0" daemon [_thread_blocked, id=13592, stack(0x00000059c9f00000,0x00000059ca000000)]
  0x000001fcbc950000 JavaThread "Sweeper thread" daemon [_thread_blocked, id=4156, stack(0x00000059ca000000,0x00000059ca100000)]
  0x000001fcbca72000 JavaThread "C1 CompilerThread1" daemon [_thread_blocked, id=11168, stack(0x00000059ca100000,0x00000059ca200000)]
  0x000001fcbcaa8000 JavaThread "Common-Cleaner" daemon [_thread_blocked, id=14660, stack(0x00000059ca200000,0x00000059ca300000)]
  0x000001fcbd83d000 JavaThread "C1 CompilerThread2" daemon [_thread_blocked, id=15508, stack(0x00000059ca600000,0x00000059ca700000)]
  0x000001fcbd702800 JavaThread "C1 CompilerThread3" daemon [_thread_blocked, id=324, stack(0x00000059ca700000,0x00000059ca800000)]
  0x000001fcbe2be000 JavaThread "Daemon health stats" [_thread_blocked, id=7552, stack(0x00000059ca900000,0x00000059caa00000)]
=>0x000001fcbce8c000 JavaThread "C2 CompilerThread1" daemon [_thread_in_native, id=15756, stack(0x00000059ca400000,0x00000059ca500000)]
  0x000001fcbfa57000 JavaThread "Incoming local TCP Connector on port 54455" [_thread_in_native, id=2024, stack(0x00000059ca500000,0x00000059ca600000)]
  0x000001fcbef67000 JavaThread "Daemon periodic checks" [_thread_blocked, id=5872, stack(0x00000059caa00000,0x00000059cab00000)]
  0x000001fcbf203000 JavaThread "Daemon" [_thread_blocked, id=5008, stack(0x00000059cab00000,0x00000059cac00000)]
  0x000001fcbd6e1000 JavaThread "Handler for socket connection from /127.0.0.1:54455 to /127.0.0.1:54456" [_thread_in_native, id=11432, stack(0x00000059cb400000,0x00000059cb500000)]
  0x000001fcbd906000 JavaThread "Cancel handler" [_thread_blocked, id=10340, stack(0x00000059cb500000,0x00000059cb600000)]
  0x000001fcbe554000 JavaThread "Daemon worker" [_thread_blocked, id=3628, stack(0x00000059cb600000,0x00000059cb700000)]
  0x000001fcbf9eb800 JavaThread "Asynchronous log dispatcher for DefaultDaemonConnection: socket connection from /127.0.0.1:54455 to /127.0.0.1:54456" [_thread_blocked, id=6600, stack(0x00000059cb700000,0x00000059cb800000)]
  0x000001fcbf371000 JavaThread "Stdin handler" [_thread_blocked, id=7816, stack(0x00000059cb800000,0x00000059cb900000)]
  0x000001fcbedd0800 JavaThread "Daemon client event forwarder" [_thread_blocked, id=10400, stack(0x00000059cb900000,0x00000059cba00000)]
  0x000001fcbedd1800 JavaThread "Cache worker for journal cache (C:\Users\Le Thanh Hang\.gradle\caches\journal-1)" [_thread_blocked, id=7908, stack(0x00000059cba00000,0x00000059cbb00000)]
  0x000001fcbedd2800 JavaThread "File lock request listener" [_thread_in_native, id=15824, stack(0x00000059cbb00000,0x00000059cbc00000)]
  0x000001fcbedcf000 JavaThread "Cache worker for file hash cache (C:\Users\Le Thanh Hang\.gradle\caches\7.3.3\fileHashes)" [_thread_blocked, id=9000, stack(0x00000059cbc00000,0x00000059cbd00000)]
  0x000001fcbedd3000 JavaThread "C2 CompilerThread2" daemon [_thread_blocked, id=7916, stack(0x00000059cc300000,0x00000059cc400000)]
  0x000001fcbedce800 JavaThread "File watcher server" daemon [_thread_in_native, id=9988, stack(0x00000059cc400000,0x00000059cc500000)]
  0x000001fcbedd5000 JavaThread "File watcher consumer" daemon [_thread_blocked, id=10684, stack(0x00000059cc500000,0x00000059cc600000)]
  0x000001fcbd84f000 JavaThread "Cache worker for execution history cache (C:\Users\Le Thanh Hang\.gradle\caches\7.3.3\executionHistory)" [_thread_blocked, id=14772, stack(0x00000059cc900000,0x00000059cca00000)]
  0x000001fcbd84b000 JavaThread "jar transforms" [_thread_blocked, id=2500, stack(0x00000059cca00000,0x00000059ccb00000)]
  0x000001fcbd84a000 JavaThread "Cache worker for file content cache (C:\Users\Le Thanh Hang\.gradle\caches\7.3.3\fileContent)" [_thread_blocked, id=10432, stack(0x00000059ccb00000,0x00000059ccc00000)]
  0x000001fcbd852800 JavaThread "jar transforms Thread 2" [_thread_blocked, id=12956, stack(0x00000059ccc00000,0x00000059ccd00000)]
  0x000001fcbd857800 JavaThread "jar transforms Thread 3" [_thread_blocked, id=15740, stack(0x00000059cce00000,0x00000059ccf00000)]
  0x000001fcbd855000 JavaThread "Unconstrained build operations" [_thread_blocked, id=13972, stack(0x00000059cd000000,0x00000059cd100000)]
  0x000001fcbd851800 JavaThread "Unconstrained build operations Thread 2" [_thread_blocked, id=4380, stack(0x00000059cd100000,0x00000059cd200000)]
  0x000001fcbd858000 JavaThread "Unconstrained build operations Thread 3" [_thread_blocked, id=9224, stack(0x00000059cd200000,0x00000059cd300000)]
  0x000001fcbd859000 JavaThread "Unconstrained build operations Thread 4" [_thread_blocked, id=14212, stack(0x00000059cd300000,0x00000059cd400000)]
  0x000001fcc1e6a800 JavaThread "Unconstrained build operations Thread 5" [_thread_blocked, id=11868, stack(0x00000059cd400000,0x00000059cd500000)]
  0x000001fcc1e6f000 JavaThread "Unconstrained build operations Thread 6" [_thread_blocked, id=11440, stack(0x00000059cd500000,0x00000059cd600000)]
  0x000001fcc1e6f800 JavaThread "Unconstrained build operations Thread 7" [_thread_blocked, id=15336, stack(0x00000059cd600000,0x00000059cd700000)]
  0x000001fcc1e6e000 JavaThread "Unconstrained build operations Thread 8" [_thread_blocked, id=15396, stack(0x00000059cd700000,0x00000059cd800000)]
  0x000001fcc1e6b800 JavaThread "Unconstrained build operations Thread 9" [_thread_blocked, id=13656, stack(0x00000059cd800000,0x00000059cd900000)]
  0x000001fcc1e6c800 JavaThread "Unconstrained build operations Thread 10" [_thread_blocked, id=2120, stack(0x00000059cd900000,0x00000059cda00000)]
  0x000001fcc1e6d000 JavaThread "Unconstrained build operations Thread 11" [_thread_blocked, id=2420, stack(0x00000059cda00000,0x00000059cdb00000)]
  0x000001fcc1e6a000 JavaThread "Unconstrained build operations Thread 12" [_thread_blocked, id=8344, stack(0x00000059cdb00000,0x00000059cdc00000)]
  0x000001fcc1e72000 JavaThread "Unconstrained build operations Thread 13" [_thread_blocked, id=6404, stack(0x00000059cdc00000,0x00000059cdd00000)]
  0x000001fcc1e74800 JavaThread "Unconstrained build operations Thread 14" [_thread_blocked, id=9252, stack(0x00000059cdd00000,0x00000059cde00000)]
  0x000001fcc1e76000 JavaThread "Unconstrained build operations Thread 15" [_thread_blocked, id=7036, stack(0x00000059cde00000,0x00000059cdf00000)]
  0x000001fcc1e70800 JavaThread "Unconstrained build operations Thread 16" [_thread_blocked, id=15488, stack(0x00000059cdf00000,0x00000059ce000000)]

Other Threads:
  0x000001fcbc0c2800 VMThread "VM Thread" [stack: 0x00000059c9800000,0x00000059c9900000] [id=15744]
  0x000001fcbcb16800 WatcherThread [stack: 0x00000059ca300000,0x00000059ca400000] [id=15304]
  0x000001fc9f1b5800 GCTaskThread "GC Thread#0" [stack: 0x00000059c9300000,0x00000059c9400000] [id=10500]
  0x000001fcbcf9b800 GCTaskThread "GC Thread#1" [stack: 0x00000059ca800000,0x00000059ca900000] [id=7684]
  0x000001fcbe193800 GCTaskThread "GC Thread#2" [stack: 0x00000059cac00000,0x00000059cad00000] [id=15780]
  0x000001fcbe194800 GCTaskThread "GC Thread#3" [stack: 0x00000059cad00000,0x00000059cae00000] [id=8240]
  0x000001fcbf16f000 GCTaskThread "GC Thread#4" [stack: 0x00000059cae00000,0x00000059caf00000] [id=6352]
  0x000001fcbf170000 GCTaskThread "GC Thread#5" [stack: 0x00000059caf00000,0x00000059cb000000] [id=15864]
  0x000001fcbdd20800 GCTaskThread "GC Thread#6" [stack: 0x00000059cb000000,0x00000059cb100000] [id=5456]
  0x000001fcbdd21800 GCTaskThread "GC Thread#7" [stack: 0x00000059cb100000,0x00000059cb200000] [id=15708]
  0x000001fcbe44b000 GCTaskThread "GC Thread#8" [stack: 0x00000059cb200000,0x00000059cb300000] [id=13216]
  0x000001fcbf9f6800 GCTaskThread "GC Thread#9" [stack: 0x00000059cb300000,0x00000059cb400000] [id=8760]
  0x000001fcbf9f7000 GCTaskThread "GC Thread#10" [stack: 0x00000059cbd00000,0x00000059cbe00000] [id=16056]
  0x000001fcbf9f4000 GCTaskThread "GC Thread#11" [stack: 0x00000059cbe00000,0x00000059cbf00000] [id=15712]
  0x000001fcbf9f8000 GCTaskThread "GC Thread#12" [stack: 0x00000059cbf00000,0x00000059cc000000] [id=8196]
  0x000001fc9f1ea000 ConcurrentGCThread "G1 Main Marker" [stack: 0x00000059c9400000,0x00000059c9500000] [id=12424]
  0x000001fc9f1ec000 ConcurrentGCThread "G1 Conc#0" [stack: 0x00000059c9500000,0x00000059c9600000] [id=14160]
  0x000001fcbf9fa000 ConcurrentGCThread "G1 Conc#1" [stack: 0x00000059cc000000,0x00000059cc100000] [id=2604]
  0x000001fcbf9fa800 ConcurrentGCThread "G1 Conc#2" [stack: 0x00000059cc100000,0x00000059cc200000] [id=11812]
  0x000001fc9f26d800 ConcurrentGCThread "G1 Refine#0" [stack: 0x00000059c9600000,0x00000059c9700000] [id=16172]
  0x000001fcbbf13800 ConcurrentGCThread "G1 Young RemSet Sampling" [stack: 0x00000059c9700000,0x00000059c9800000] [id=4576]

Threads with active compile tasks:
C2 CompilerThread1   4430 5240       4       java.lang.invoke.MethodType::makeImpl (108 bytes)

VM state:not at safepoint (normal execution)

VM Mutex/Monitor currently owned by a thread: None

OutOfMemory and StackOverflow Exception counts:
OutOfMemoryError java_heap_errors=1
LinkageErrors=84

Heap address: 0x0000000080000000, size: 2048 MB, Compressed Oops mode: 32-bit
Narrow klass base: 0x0000000000000000, Narrow klass shift: 3
Compressed class space size: 1073741824 Address: 0x0000000100000000

Heap:
 garbage-first heap   total 145408K, used 84611K [0x0000000080000000, 0x0000000100000000)
  region size 1024K, 59 young (60416K), 4 survivors (4096K)
 Metaspace       used 48816K, capacity 50122K, committed 50172K, reserved 1093632K
  class space    used 6248K, capacity 6741K, committed 6784K, reserved 1048576K
Heap Regions: E=young(eden), S=young(survivor), O=old, HS=humongous(starts), HC=humongous(continues), CS=collection set, F=free, A=archive, TAMS=top-at-mark-start (previous, next)
|   0|0x0000000080000000, 0x0000000080100000, 0x0000000080100000|100%| O|  |TAMS 0x0000000080100000, 0x0000000080000000| Untracked 
|   1|0x0000000080100000, 0x0000000080200000, 0x0000000080200000|100%| O|  |TAMS 0x0000000080200000, 0x0000000080100000| Untracked 
|   2|0x0000000080200000, 0x0000000080300000, 0x0000000080300000|100%| O|  |TAMS 0x0000000080300000, 0x0000000080200000| Untracked 
|   3|0x0000000080300000, 0x0000000080400000, 0x0000000080400000|100%|HS|  |TAMS 0x0000000080400000, 0x0000000080300000| Complete 
|   4|0x0000000080400000, 0x0000000080500000, 0x0000000080500000|100%|HC|  |TAMS 0x0000000080500000, 0x0000000080400000| Complete 
|   5|0x0000000080500000, 0x0000000080600000, 0x0000000080600000|100%|HC|  |TAMS 0x0000000080600000, 0x0000000080500000| Complete 
|   6|0x0000000080600000, 0x0000000080700000, 0x0000000080700000|100%| O|  |TAMS 0x0000000080700000, 0x0000000080600000| Untracked 
|   7|0x0000000080700000, 0x0000000080800000, 0x0000000080800000|100%| O|  |TAMS 0x0000000080800000, 0x0000000080700000| Untracked 
|   8|0x0000000080800000, 0x0000000080900000, 0x0000000080900000|100%| O|  |TAMS 0x0000000080900000, 0x0000000080800000| Untracked 
|   9|0x0000000080900000, 0x0000000080a00000, 0x0000000080a00000|100%| O|  |TAMS 0x0000000080a00000, 0x0000000080900000| Untracked 
|  10|0x0000000080a00000, 0x0000000080b00000, 0x0000000080b00000|100%| O|  |TAMS 0x0000000080b00000, 0x0000000080a00000| Untracked 
|  11|0x0000000080b00000, 0x0000000080c00000, 0x0000000080c00000|100%| O|  |TAMS 0x0000000080c00000, 0x0000000080b00000| Untracked 
|  12|0x0000000080c00000, 0x0000000080d00000, 0x0000000080d00000|100%| O|  |TAMS 0x0000000080d00000, 0x0000000080c00000| Untracked 
|  13|0x0000000080d00000, 0x0000000080e00000, 0x0000000080e00000|100%| O|  |TAMS 0x0000000080e00000, 0x0000000080d00000| Untracked 
|  14|0x0000000080e00000, 0x0000000080f00000, 0x0000000080f00000|100%| O|  |TAMS 0x0000000080f00000, 0x0000000080e00000| Untracked 
|  15|0x0000000080f00000, 0x0000000081000000, 0x0000000081000000|100%| O|  |TAMS 0x0000000081000000, 0x0000000080f00000| Untracked 
|  16|0x0000000081000000, 0x0000000081100000, 0x0000000081100000|100%| O|  |TAMS 0x0000000081100000, 0x0000000081000000| Untracked 
|  17|0x0000000081100000, 0x0000000081200000, 0x0000000081200000|100%| O|  |TAMS 0x0000000081200000, 0x0000000081100000| Untracked 
|  18|0x0000000081200000, 0x0000000081300000, 0x0000000081300000|100%| O|  |TAMS 0x0000000081291200, 0x0000000081200000| Untracked 
|  19|0x0000000081300000, 0x0000000081300000, 0x0000000081400000|  0%| F|  |TAMS 0x0000000081300000, 0x0000000081300000| Untracked 
|  20|0x0000000081400000, 0x0000000081500000, 0x0000000081500000|100%| O|  |TAMS 0x0000000081400000, 0x0000000081400000| Untracked 
|  21|0x0000000081500000, 0x0000000081600000, 0x0000000081600000|100%| O|  |TAMS 0x0000000081500000, 0x0000000081500000| Untracked 
|  22|0x0000000081600000, 0x0000000081700000, 0x0000000081700000|100%| O|  |TAMS 0x0000000081600000, 0x0000000081600000| Untracked 
|  23|0x0000000081700000, 0x0000000081800000, 0x0000000081800000|100%| O|  |TAMS 0x0000000081700000, 0x0000000081700000| Untracked 
|  24|0x0000000081800000, 0x0000000081900000, 0x0000000081900000|100%| O|  |TAMS 0x0000000081800000, 0x0000000081800000| Untracked 
|  25|0x0000000081900000, 0x0000000081a00000, 0x0000000081a00000|100%| O|  |TAMS 0x0000000081900000, 0x0000000081900000| Untracked 
|  26|0x0000000081a00000, 0x0000000081a89200, 0x0000000081b00000| 53%| O|  |TAMS 0x0000000081a00000, 0x0000000081a00000| Untracked 
|  27|0x0000000081b00000, 0x0000000081b00000, 0x0000000081c00000|  0%| F|  |TAMS 0x0000000081b00000, 0x0000000081b00000| Untracked 
|  28|0x0000000081c00000, 0x0000000081c00000, 0x0000000081d00000|  0%| F|  |TAMS 0x0000000081c00000, 0x0000000081c00000| Untracked 
|  29|0x0000000081d00000, 0x0000000081d00000, 0x0000000081e00000|  0%| F|  |TAMS 0x0000000081d00000, 0x0000000081d00000| Untracked 
|  30|0x0000000081e00000, 0x0000000081e00000, 0x0000000081f00000|  0%| F|  |TAMS 0x0000000081e00000, 0x0000000081e00000| Untracked 
|  31|0x0000000081f00000, 0x0000000081f00000, 0x0000000082000000|  0%| F|  |TAMS 0x0000000081f00000, 0x0000000081f00000| Untracked 
|  32|0x0000000082000000, 0x0000000082000000, 0x0000000082100000|  0%| F|  |TAMS 0x0000000082000000, 0x0000000082000000| Untracked 
|  33|0x0000000082100000, 0x0000000082100000, 0x0000000082200000|  0%| F|  |TAMS 0x0000000082100000, 0x0000000082100000| Untracked 
|  34|0x0000000082200000, 0x0000000082200000, 0x0000000082300000|  0%| F|  |TAMS 0x0000000082200000, 0x0000000082200000| Untracked 
|  35|0x0000000082300000, 0x0000000082300000, 0x0000000082400000|  0%| F|  |TAMS 0x0000000082300000, 0x0000000082300000| Untracked 
|  36|0x0000000082400000, 0x0000000082400000, 0x0000000082500000|  0%| F|  |TAMS 0x0000000082400000, 0x0000000082400000| Untracked 
|  37|0x0000000082500000, 0x0000000082500000, 0x0000000082600000|  0%| F|  |TAMS 0x0000000082500000, 0x0000000082500000| Untracked 
|  38|0x0000000082600000, 0x0000000082600000, 0x0000000082700000|  0%| F|  |TAMS 0x0000000082600000, 0x0000000082600000| Untracked 
|  39|0x0000000082700000, 0x0000000082700000, 0x0000000082800000|  0%| F|  |TAMS 0x0000000082700000, 0x0000000082700000| Untracked 
|  40|0x0000000082800000, 0x0000000082800000, 0x0000000082900000|  0%| F|  |TAMS 0x0000000082800000, 0x0000000082800000| Untracked 
|  41|0x0000000082900000, 0x0000000082900000, 0x0000000082a00000|  0%| F|  |TAMS 0x0000000082900000, 0x0000000082900000| Untracked 
|  42|0x0000000082a00000, 0x0000000082a00000, 0x0000000082b00000|  0%| F|  |TAMS 0x0000000082a00000, 0x0000000082a00000| Untracked 
|  43|0x0000000082b00000, 0x0000000082b00000, 0x0000000082c00000|  0%| F|  |TAMS 0x0000000082b00000, 0x0000000082b00000| Untracked 
|  44|0x0000000082c00000, 0x0000000082c00000, 0x0000000082d00000|  0%| F|  |TAMS 0x0000000082c00000, 0x0000000082c00000| Untracked 
|  45|0x0000000082d00000, 0x0000000082d00000, 0x0000000082e00000|  0%| F|  |TAMS 0x0000000082d00000, 0x0000000082d00000| Untracked 
|  46|0x0000000082e00000, 0x0000000082e00000, 0x0000000082f00000|  0%| F|  |TAMS 0x0000000082e00000, 0x0000000082e00000| Untracked 
|  47|0x0000000082f00000, 0x0000000082f00000, 0x0000000083000000|  0%| F|  |TAMS 0x0000000082f00000, 0x0000000082f00000| Untracked 
|  48|0x0000000083000000, 0x0000000083000000, 0x0000000083100000|  0%| F|  |TAMS 0x0000000083000000, 0x0000000083000000| Untracked 
|  49|0x0000000083100000, 0x0000000083100000, 0x0000000083200000|  0%| F|  |TAMS 0x0000000083100000, 0x0000000083100000| Untracked 
|  50|0x0000000083200000, 0x0000000083200000, 0x0000000083300000|  0%| F|  |TAMS 0x0000000083200000, 0x0000000083200000| Untracked 
|  51|0x0000000083300000, 0x0000000083300000, 0x0000000083400000|  0%| F|  |TAMS 0x0000000083300000, 0x0000000083300000| Untracked 
|  52|0x0000000083400000, 0x0000000083400000, 0x0000000083500000|  0%| F|  |TAMS 0x0000000083400000, 0x0000000083400000| Untracked 
|  53|0x0000000083500000, 0x0000000083500000, 0x0000000083600000|  0%| F|  |TAMS 0x0000000083500000, 0x0000000083500000| Untracked 
|  54|0x0000000083600000, 0x0000000083600000, 0x0000000083700000|  0%| F|  |TAMS 0x0000000083600000, 0x0000000083600000| Untracked 
|  55|0x0000000083700000, 0x0000000083700000, 0x0000000083800000|  0%| F|  |TAMS 0x0000000083700000, 0x0000000083700000| Untracked 
|  56|0x0000000083800000, 0x0000000083800000, 0x0000000083900000|  0%| F|  |TAMS 0x0000000083800000, 0x0000000083800000| Untracked 
|  57|0x0000000083900000, 0x0000000083900000, 0x0000000083a00000|  0%| F|  |TAMS 0x0000000083900000, 0x0000000083900000| Untracked 
|  58|0x0000000083a00000, 0x0000000083a00000, 0x0000000083b00000|  0%| F|  |TAMS 0x0000000083a00000, 0x0000000083a00000| Untracked 
|  59|0x0000000083b00000, 0x0000000083b00000, 0x0000000083c00000|  0%| F|  |TAMS 0x0000000083b00000, 0x0000000083b00000| Untracked 
|  60|0x0000000083c00000, 0x0000000083c00000, 0x0000000083d00000|  0%| F|  |TAMS 0x0000000083c00000, 0x0000000083c00000| Untracked 
|  61|0x0000000083d00000, 0x0000000083d17ac8, 0x0000000083e00000|  9%| S|CS|TAMS 0x0000000083d00000, 0x0000000083d00000| Complete 
|  62|0x0000000083e00000, 0x0000000083f00000, 0x0000000083f00000|100%| S|CS|TAMS 0x0000000083e00000, 0x0000000083e00000| Complete 
|  63|0x0000000083f00000, 0x0000000084000000, 0x0000000084000000|100%| S|CS|TAMS 0x0000000083f00000, 0x0000000083f00000| Complete 
|  64|0x0000000084000000, 0x0000000084100000, 0x0000000084100000|100%| S|CS|TAMS 0x0000000084000000, 0x0000000084000000| Complete 
|  65|0x0000000084100000, 0x0000000084100000, 0x0000000084200000|  0%| F|  |TAMS 0x0000000084100000, 0x0000000084100000| Untracked 
|  66|0x0000000084200000, 0x0000000084200000, 0x0000000084300000|  0%| F|  |TAMS 0x0000000084200000, 0x0000000084200000| Untracked 
|  67|0x0000000084300000, 0x0000000084300000, 0x0000000084400000|  0%| F|  |TAMS 0x0000000084300000, 0x0000000084300000| Untracked 
|  68|0x0000000084400000, 0x0000000084400000, 0x0000000084500000|  0%| F|  |TAMS 0x0000000084400000, 0x0000000084400000| Untracked 
|  69|0x0000000084500000, 0x0000000084500000, 0x0000000084600000|  0%| F|  |TAMS 0x0000000084500000, 0x0000000084500000| Untracked 
|  70|0x0000000084600000, 0x0000000084600000, 0x0000000084700000|  0%| F|  |TAMS 0x0000000084600000, 0x0000000084600000| Untracked 
|  71|0x0000000084700000, 0x0000000084700000, 0x0000000084800000|  0%| F|  |TAMS 0x0000000084700000, 0x0000000084700000| Untracked 
|  72|0x0000000084800000, 0x0000000084800000, 0x0000000084900000|  0%| F|  |TAMS 0x0000000084800000, 0x0000000084800000| Untracked 
|  73|0x0000000084900000, 0x0000000084900000, 0x0000000084a00000|  0%| F|  |TAMS 0x0000000084900000, 0x0000000084900000| Untracked 
|  74|0x0000000084a00000, 0x0000000084a00000, 0x0000000084b00000|  0%| F|  |TAMS 0x0000000084a00000, 0x0000000084a00000| Untracked 
|  75|0x0000000084b00000, 0x0000000084b00000, 0x0000000084c00000|  0%| F|  |TAMS 0x0000000084b00000, 0x0000000084b00000| Untracked 
|  76|0x0000000084c00000, 0x0000000084c00000, 0x0000000084d00000|  0%| F|  |TAMS 0x0000000084c00000, 0x0000000084c00000| Untracked 
|  77|0x0000000084d00000, 0x0000000084d00000, 0x0000000084e00000|  0%| F|  |TAMS 0x0000000084d00000, 0x0000000084d00000| Untracked 
|  78|0x0000000084e00000, 0x0000000084e00000, 0x0000000084f00000|  0%| F|  |TAMS 0x0000000084e00000, 0x0000000084e00000| Untracked 
|  79|0x0000000084f00000, 0x0000000084f00000, 0x0000000085000000|  0%| F|  |TAMS 0x0000000084f00000, 0x0000000084f00000| Untracked 
|  80|0x0000000085000000, 0x0000000085000000, 0x0000000085100000|  0%| F|  |TAMS 0x0000000085000000, 0x0000000085000000| Untracked 
|  81|0x0000000085100000, 0x0000000085100000, 0x0000000085200000|  0%| F|  |TAMS 0x0000000085100000, 0x0000000085100000| Untracked 
|  82|0x0000000085200000, 0x0000000085200000, 0x0000000085300000|  0%| F|  |TAMS 0x0000000085200000, 0x0000000085200000| Untracked 
|  83|0x0000000085300000, 0x0000000085300000, 0x0000000085400000|  0%| F|  |TAMS 0x0000000085300000, 0x0000000085300000| Untracked 
|  84|0x0000000085400000, 0x0000000085400000, 0x0000000085500000|  0%| F|  |TAMS 0x0000000085400000, 0x0000000085400000| Untracked 
|  85|0x0000000085500000, 0x0000000085500000, 0x0000000085600000|  0%| F|  |TAMS 0x0000000085500000, 0x0000000085500000| Untracked 
|  86|0x0000000085600000, 0x0000000085600000, 0x0000000085700000|  0%| F|  |TAMS 0x0000000085600000, 0x0000000085600000| Untracked 
|  87|0x0000000085700000, 0x00000000857bb2d8, 0x0000000085800000| 73%| E|  |TAMS 0x0000000085700000, 0x0000000085700000| Complete 
|  88|0x0000000085800000, 0x0000000085900000, 0x0000000085900000|100%| E|CS|TAMS 0x0000000085800000, 0x0000000085800000| Complete 
|  89|0x0000000085900000, 0x0000000085a00000, 0x0000000085a00000|100%| E|CS|TAMS 0x0000000085900000, 0x0000000085900000| Complete 
|  90|0x0000000085a00000, 0x0000000085b00000, 0x0000000085b00000|100%| E|CS|TAMS 0x0000000085a00000, 0x0000000085a00000| Complete 
|  91|0x0000000085b00000, 0x0000000085c00000, 0x0000000085c00000|100%| E|CS|TAMS 0x0000000085b00000, 0x0000000085b00000| Complete 
|  92|0x0000000085c00000, 0x0000000085d00000, 0x0000000085d00000|100%| E|CS|TAMS 0x0000000085c00000, 0x0000000085c00000| Complete 
|  93|0x0000000085d00000, 0x0000000085e00000, 0x0000000085e00000|100%| E|CS|TAMS 0x0000000085d00000, 0x0000000085d00000| Complete 
|  94|0x0000000085e00000, 0x0000000085f00000, 0x0000000085f00000|100%| E|CS|TAMS 0x0000000085e00000, 0x0000000085e00000| Complete 
|  95|0x0000000085f00000, 0x0000000086000000, 0x0000000086000000|100%| E|CS|TAMS 0x0000000085f00000, 0x0000000085f00000| Complete 
|  96|0x0000000086000000, 0x0000000086100000, 0x0000000086100000|100%| E|CS|TAMS 0x0000000086000000, 0x0000000086000000| Complete 
|  97|0x0000000086100000, 0x0000000086200000, 0x0000000086200000|100%| E|CS|TAMS 0x0000000086100000, 0x0000000086100000| Complete 
|  98|0x0000000086200000, 0x0000000086300000, 0x0000000086300000|100%| E|CS|TAMS 0x0000000086200000, 0x0000000086200000| Complete 
|  99|0x0000000086300000, 0x0000000086400000, 0x0000000086400000|100%| E|CS|TAMS 0x0000000086300000, 0x0000000086300000| Complete 
| 100|0x0000000086400000, 0x0000000086500000, 0x0000000086500000|100%| E|CS|TAMS 0x0000000086400000, 0x0000000086400000| Complete 
| 101|0x0000000086500000, 0x0000000086600000, 0x0000000086600000|100%| E|CS|TAMS 0x0000000086500000, 0x0000000086500000| Complete 
| 102|0x0000000086600000, 0x0000000086700000, 0x0000000086700000|100%| E|CS|TAMS 0x0000000086600000, 0x0000000086600000| Complete 
| 103|0x0000000086700000, 0x0000000086800000, 0x0000000086800000|100%| E|CS|TAMS 0x0000000086700000, 0x0000000086700000| Complete 
| 104|0x0000000086800000, 0x0000000086900000, 0x0000000086900000|100%| E|CS|TAMS 0x0000000086800000, 0x0000000086800000| Complete 
| 105|0x0000000086900000, 0x0000000086a00000, 0x0000000086a00000|100%| E|CS|TAMS 0x0000000086900000, 0x0000000086900000| Complete 
| 106|0x0000000086a00000, 0x0000000086b00000, 0x0000000086b00000|100%| E|CS|TAMS 0x0000000086a00000, 0x0000000086a00000| Complete 
| 107|0x0000000086b00000, 0x0000000086c00000, 0x0000000086c00000|100%| E|CS|TAMS 0x0000000086b00000, 0x0000000086b00000| Complete 
| 108|0x0000000086c00000, 0x0000000086d00000, 0x0000000086d00000|100%| E|CS|TAMS 0x0000000086c00000, 0x0000000086c00000| Complete 
| 109|0x0000000086d00000, 0x0000000086e00000, 0x0000000086e00000|100%| E|CS|TAMS 0x0000000086d00000, 0x0000000086d00000| Complete 
| 110|0x0000000086e00000, 0x0000000086f00000, 0x0000000086f00000|100%| E|CS|TAMS 0x0000000086e00000, 0x0000000086e00000| Complete 
| 111|0x0000000086f00000, 0x0000000087000000, 0x0000000087000000|100%| E|CS|TAMS 0x0000000086f00000, 0x0000000086f00000| Complete 
| 112|0x0000000087000000, 0x0000000087100000, 0x0000000087100000|100%| E|CS|TAMS 0x0000000087000000, 0x0000000087000000| Complete 
| 113|0x0000000087100000, 0x0000000087200000, 0x0000000087200000|100%| E|CS|TAMS 0x0000000087100000, 0x0000000087100000| Complete 
| 114|0x0000000087200000, 0x0000000087300000, 0x0000000087300000|100%| E|CS|TAMS 0x0000000087200000, 0x0000000087200000| Complete 
| 115|0x0000000087300000, 0x0000000087400000, 0x0000000087400000|100%| E|CS|TAMS 0x0000000087300000, 0x0000000087300000| Complete 
| 116|0x0000000087400000, 0x0000000087500000, 0x0000000087500000|100%| E|CS|TAMS 0x0000000087400000, 0x0000000087400000| Complete 
| 117|0x0000000087500000, 0x0000000087600000, 0x0000000087600000|100%| E|CS|TAMS 0x0000000087500000, 0x0000000087500000| Complete 
| 118|0x0000000087600000, 0x0000000087700000, 0x0000000087700000|100%| E|CS|TAMS 0x0000000087600000, 0x0000000087600000| Complete 
| 119|0x0000000087700000, 0x0000000087800000, 0x0000000087800000|100%| E|CS|TAMS 0x0000000087700000, 0x0000000087700000| Complete 
| 120|0x0000000087800000, 0x0000000087900000, 0x0000000087900000|100%| E|CS|TAMS 0x0000000087800000, 0x0000000087800000| Complete 
| 121|0x0000000087900000, 0x0000000087a00000, 0x0000000087a00000|100%| E|CS|TAMS 0x0000000087900000, 0x0000000087900000| Complete 
| 122|0x0000000087a00000, 0x0000000087b00000, 0x0000000087b00000|100%| E|CS|TAMS 0x0000000087a00000, 0x0000000087a00000| Complete 
| 123|0x0000000087b00000, 0x0000000087c00000, 0x0000000087c00000|100%| E|CS|TAMS 0x0000000087b00000, 0x0000000087b00000| Complete 
| 124|0x0000000087c00000, 0x0000000087d00000, 0x0000000087d00000|100%| E|CS|TAMS 0x0000000087c00000, 0x0000000087c00000| Complete 
| 125|0x0000000087d00000, 0x0000000087e00000, 0x0000000087e00000|100%| E|CS|TAMS 0x0000000087d00000, 0x0000000087d00000| Complete 
| 126|0x0000000087e00000, 0x0000000087f00000, 0x0000000087f00000|100%| E|CS|TAMS 0x0000000087e00000, 0x0000000087e00000| Complete 
| 127|0x0000000087f00000, 0x0000000088000000, 0x0000000088000000|100%| E|CS|TAMS 0x0000000087f00000, 0x0000000087f00000| Complete 
| 128|0x0000000088000000, 0x0000000088100000, 0x0000000088100000|100%| E|CS|TAMS 0x0000000088000000, 0x0000000088000000| Complete 
| 129|0x0000000088100000, 0x0000000088200000, 0x0000000088200000|100%| E|CS|TAMS 0x0000000088100000, 0x0000000088100000| Complete 
| 130|0x0000000088200000, 0x0000000088300000, 0x0000000088300000|100%| E|CS|TAMS 0x0000000088200000, 0x0000000088200000| Complete 
| 131|0x0000000088300000, 0x0000000088400000, 0x0000000088400000|100%| E|CS|TAMS 0x0000000088300000, 0x0000000088300000| Complete 
| 132|0x0000000088400000, 0x0000000088500000, 0x0000000088500000|100%| E|CS|TAMS 0x0000000088400000, 0x0000000088400000| Complete 
| 133|0x0000000088500000, 0x0000000088600000, 0x0000000088600000|100%| E|CS|TAMS 0x0000000088500000, 0x0000000088500000| Complete 
| 134|0x0000000088600000, 0x0000000088700000, 0x0000000088700000|100%| E|CS|TAMS 0x0000000088600000, 0x0000000088600000| Complete 
| 135|0x0000000088700000, 0x0000000088800000, 0x0000000088800000|100%| E|CS|TAMS 0x0000000088700000, 0x0000000088700000| Complete 
| 136|0x0000000088800000, 0x0000000088900000, 0x0000000088900000|100%| E|CS|TAMS 0x0000000088800000, 0x0000000088800000| Complete 
| 137|0x0000000088900000, 0x0000000088a00000, 0x0000000088a00000|100%| E|CS|TAMS 0x0000000088900000, 0x0000000088900000| Complete 
| 138|0x0000000088a00000, 0x0000000088b00000, 0x0000000088b00000|100%| E|CS|TAMS 0x0000000088a00000, 0x0000000088a00000| Complete 
| 139|0x0000000088b00000, 0x0000000088c00000, 0x0000000088c00000|100%| E|CS|TAMS 0x0000000088b00000, 0x0000000088b00000| Complete 
| 140|0x0000000088c00000, 0x0000000088d00000, 0x0000000088d00000|100%| E|CS|TAMS 0x0000000088c00000, 0x0000000088c00000| Complete 
| 141|0x0000000088d00000, 0x0000000088e00000, 0x0000000088e00000|100%| E|CS|TAMS 0x0000000088d00000, 0x0000000088d00000| Complete 

Card table byte_map: [0x000001fcb4830000,0x000001fcb4c30000] _byte_map_base: 0x000001fcb4430000

Marking Bits (Prev, Next): (CMBitMap*) 0x000001fc9f1e14e8, (CMBitMap*) 0x000001fc9f1e1520
 Prev Bits: [0x000001fcb5030000, 0x000001fcb7030000)
 Next Bits: [0x000001fcb7030000, 0x000001fcb9030000)

Polling page: 0x000001fc9f270000

Metaspace:

Usage:
  Non-class:     42.36 MB capacity,    41.57 MB ( 98%) used,   680.83 KB (  2%) free+waste,   132.63 KB ( <1%) overhead. 
      Class:      6.58 MB capacity,     6.10 MB ( 93%) used,   428.40 KB (  6%) free+waste,    63.81 KB ( <1%) overhead. 
       Both:     48.95 MB capacity,    47.67 MB ( 97%) used,     1.08 MB (  2%) free+waste,   196.44 KB ( <1%) overhead. 

Virtual space:
  Non-class space:       44.00 MB reserved,      42.37 MB ( 96%) committed 
      Class space:        1.00 GB reserved,       6.63 MB ( <1%) committed 
             Both:        1.04 GB reserved,      49.00 MB (  5%) committed 

Chunk freelists:
   Non-Class:  7.00 KB
       Class:  11.00 KB
        Both:  18.00 KB

MaxMetaspaceSize: 17179869184.00 GB
CompressedClassSpaceSize: 1.00 GB
Initial GC threshold: 20.80 MB
Current GC threshold: 58.54 MB
CDS: off

CodeHeap 'non-profiled nmethods': size=119168Kb used=2826Kb max_used=2826Kb free=116341Kb
 bounds [0x000001fcac010000, 0x000001fcac2e0000, 0x000001fcb3470000]
CodeHeap 'profiled nmethods': size=119168Kb used=11152Kb max_used=11152Kb free=108015Kb
 bounds [0x000001fca4bb0000, 0x000001fca56a0000, 0x000001fcac010000]
CodeHeap 'non-nmethods': size=7424Kb used=3982Kb max_used=4024Kb free=3441Kb
 bounds [0x000001fca4470000, 0x000001fca4870000, 0x000001fca4bb0000]
 total_blobs=6233 nmethods=5444 adapters=698
 compilation: enabled
              stopped_count=0, restarted_count=0
 full_count=0

Compilation events (20 events):
Event: 4.405 Thread 0x000001fcbc94e800 5441       3       java.io.ObjectStreamClass::getClassDataLayout (20 bytes)
Event: 4.406 Thread 0x000001fcbd83d000 nmethod 5445 0x000001fca568c210 code [0x000001fca568c4c0, 0x000001fca568d3f8]
Event: 4.406 Thread 0x000001fcbc94e800 nmethod 5441 0x000001fca568da10 code [0x000001fca568dbc0, 0x000001fca568dd88]
Event: 4.406 Thread 0x000001fcbd83d000 5448   !   3       java.io.ObjectOutputStream::writeObject (38 bytes)
Event: 4.406 Thread 0x000001fcbd83d000 nmethod 5448 0x000001fca568de10 code [0x000001fca568dfe0, 0x000001fca568e2f8]
Event: 4.406 Thread 0x000001fcbca72000 nmethod 5443 0x000001fca568e410 code [0x000001fca568e680, 0x000001fca568eff8]
Event: 4.406 Thread 0x000001fcbca72000 5449       3       org.gradle.internal.concurrent.CompositeStoppable::add (34 bytes)
Event: 4.406 Thread 0x000001fcbd83d000 5451       3       java.util.concurrent.ConcurrentLinkedQueue$Itr::<init> (75 bytes)
Event: 4.406 Thread 0x000001fcbd702800 nmethod 5442 0x000001fca568f310 code [0x000001fca568f5a0, 0x000001fca56900c8]
Event: 4.406 Thread 0x000001fcbc94e800 5450       3       java.util.concurrent.ConcurrentLinkedQueue::iterator (9 bytes)
Event: 4.406 Thread 0x000001fcbc94e800 nmethod 5450 0x000001fca5690590 code [0x000001fca5690740, 0x000001fca56908e8]
Event: 4.406 Thread 0x000001fcbca72000 nmethod 5449 0x000001fca5690990 code [0x000001fca5690ba0, 0x000001fca5691288]
Event: 4.406 Thread 0x000001fcbedd3000 nmethod 5447 0x000001fcac2d1290 code [0x000001fcac2d1440, 0x000001fcac2d1648]
Event: 4.407 Thread 0x000001fcbd702800 5452       3       jdk.internal.misc.Unsafe::weakCompareAndSetObject (11 bytes)
Event: 4.407 Thread 0x000001fcbd702800 nmethod 5452 0x000001fca5691510 code [0x000001fca56916c0, 0x000001fca5691818]
Event: 4.407 Thread 0x000001fcbd83d000 nmethod 5451 0x000001fca5691890 code [0x000001fca5691c40, 0x000001fca56934b8]
Event: 4.409 Thread 0x000001fcbc94e800 5453       3       org.gradle.internal.concurrent.CompositeStoppable$1::stop (1 bytes)
Event: 4.409 Thread 0x000001fcbc94e800 nmethod 5453 0x000001fca5693c90 code [0x000001fca5693e40, 0x000001fca5693f38]
Event: 4.409 Thread 0x000001fcbca72000 5454       3       java.lang.Thread::isInterrupted (6 bytes)
Event: 4.409 Thread 0x000001fcbca72000 nmethod 5454 0x000001fca5694010 code [0x000001fca56941c0, 0x000001fca5694308]

GC Heap History (16 events):
Event: 0.502 GC heap before
{Heap before GC invocations=0 (full 0):
 garbage-first heap   total 120832K, used 29696K [0x0000000080000000, 0x0000000100000000)
  region size 1024K, 24 young (24576K), 0 survivors (0K)
 Metaspace       used 9811K, capacity 10024K, committed 10112K, reserved 1058816K
  class space    used 1008K, capacity 1069K, committed 1152K, reserved 1048576K
}
Event: 0.508 GC heap after
{Heap after GC invocations=1 (full 0):
 garbage-first heap   total 120832K, used 9401K [0x0000000080000000, 0x0000000100000000)
  region size 1024K, 3 young (3072K), 3 survivors (3072K)
 Metaspace       used 9811K, capacity 10024K, committed 10112K, reserved 1058816K
  class space    used 1008K, capacity 1069K, committed 1152K, reserved 1048576K
}
Event: 1.627 GC heap before
{Heap before GC invocations=1 (full 0):
 garbage-first heap   total 120832K, used 78009K [0x0000000080000000, 0x0000000100000000)
  region size 1024K, 70 young (71680K), 3 survivors (3072K)
 Metaspace       used 16608K, capacity 17008K, committed 17152K, reserved 1064960K
  class space    used 1892K, capacity 2034K, committed 2048K, reserved 1048576K
}
Event: 1.631 GC heap after
{Heap after GC invocations=2 (full 0):
 garbage-first heap   total 120832K, used 16417K [0x0000000080000000, 0x0000000100000000)
  region size 1024K, 9 young (9216K), 9 survivors (9216K)
 Metaspace       used 16608K, capacity 17008K, committed 17152K, reserved 1064960K
  class space    used 1892K, capacity 2034K, committed 2048K, reserved 1048576K
}
Event: 1.930 GC heap before
{Heap before GC invocations=2 (full 0):
 garbage-first heap   total 120832K, used 54305K [0x0000000080000000, 0x0000000100000000)
  region size 1024K, 47 young (48128K), 9 survivors (9216K)
 Metaspace       used 20749K, capacity 21171K, committed 21296K, reserved 1069056K
  class space    used 2533K, capacity 2678K, committed 2688K, reserved 1048576K
}
Event: 1.935 GC heap after
{Heap after GC invocations=3 (full 0):
 garbage-first heap   total 120832K, used 17410K [0x0000000080000000, 0x0000000100000000)
  region size 1024K, 2 young (2048K), 2 survivors (2048K)
 Metaspace       used 20749K, capacity 21171K, committed 21296K, reserved 1069056K
  class space    used 2533K, capacity 2678K, committed 2688K, reserved 1048576K
}
Event: 2.352 GC heap before
{Heap before GC invocations=4 (full 0):
 garbage-first heap   total 120832K, used 68610K [0x0000000080000000, 0x0000000100000000)
  region size 1024K, 52 young (53248K), 2 survivors (2048K)
 Metaspace       used 26050K, capacity 26583K, committed 26800K, reserved 1073152K
  class space    used 3354K, capacity 3551K, committed 3584K, reserved 1048576K
}
Event: 2.354 GC heap after
{Heap after GC invocations=5 (full 0):
 garbage-first heap   total 120832K, used 19141K [0x0000000080000000, 0x0000000100000000)
  region size 1024K, 4 young (4096K), 4 survivors (4096K)
 Metaspace       used 26050K, capacity 26583K, committed 26800K, reserved 1073152K
  class space    used 3354K, capacity 3551K, committed 3584K, reserved 1048576K
}
Event: 2.825 GC heap before
{Heap before GC invocations=5 (full 0):
 garbage-first heap   total 120832K, used 74437K [0x0000000080000000, 0x0000000100000000)
  region size 1024K, 58 young (59392K), 4 survivors (4096K)
 Metaspace       used 32210K, capacity 32978K, committed 33200K, reserved 1077248K
  class space    used 4279K, capacity 4562K, committed 4608K, reserved 1048576K
}
Event: 2.828 GC heap after
{Heap after GC invocations=6 (full 0):
 garbage-first heap   total 120832K, used 21434K [0x0000000080000000, 0x0000000100000000)
  region size 1024K, 6 young (6144K), 6 survivors (6144K)
 Metaspace       used 32210K, capacity 32978K, committed 33200K, reserved 1077248K
  class space    used 4279K, capacity 4562K, committed 4608K, reserved 1048576K
}
Event: 2.943 GC heap before
{Heap before GC invocations=6 (full 0):
 garbage-first heap   total 120832K, used 26554K [0x0000000080000000, 0x0000000100000000)
  region size 1024K, 12 young (12288K), 6 survivors (6144K)
 Metaspace       used 34841K, capacity 35630K, committed 35708K, reserved 1081344K
  class space    used 4486K, capacity 4807K, committed 4864K, reserved 1048576K
}
Event: 2.952 GC heap after
{Heap after GC invocations=7 (full 0):
 garbage-first heap   total 120832K, used 22507K [0x0000000080000000, 0x0000000100000000)
  region size 1024K, 4 young (4096K), 4 survivors (4096K)
 Metaspace       used 34841K, capacity 35630K, committed 35708K, reserved 1081344K
  class space    used 4486K, capacity 4807K, committed 4864K, reserved 1048576K
}
Event: 3.356 GC heap before
{Heap before GC invocations=8 (full 0):
 garbage-first heap   total 120832K, used 78827K [0x0000000080000000, 0x0000000100000000)
  region size 1024K, 57 young (58368K), 4 survivors (4096K)
 Metaspace       used 39523K, capacity 40480K, committed 40572K, reserved 1085440K
  class space    used 5020K, capacity 5354K, committed 5376K, reserved 1048576K
}
Event: 3.360 GC heap after
{Heap after GC invocations=9 (full 0):
 garbage-first heap   total 120832K, used 26915K [0x0000000080000000, 0x0000000100000000)
  region size 1024K, 8 young (8192K), 8 survivors (8192K)
 Metaspace       used 39523K, capacity 40480K, committed 40572K, reserved 1085440K
  class space    used 5020K, capacity 5354K, committed 5376K, reserved 1048576K
}
Event: 3.855 GC heap before
{Heap before GC invocations=9 (full 0):
 garbage-first heap   total 120832K, used 81187K [0x0000000080000000, 0x0000000100000000)
  region size 1024K, 61 young (62464K), 8 survivors (8192K)
 Metaspace       used 44494K, capacity 45501K, committed 45692K, reserved 1089536K
  class space    used 5680K, capacity 6057K, committed 6144K, reserved 1048576K
}
Event: 3.860 GC heap after
{Heap after GC invocations=10 (full 0):
 garbage-first heap   total 145408K, used 29315K [0x0000000080000000, 0x0000000100000000)
  region size 1024K, 4 young (4096K), 4 survivors (4096K)
 Metaspace       used 44494K, capacity 45501K, committed 45692K, reserved 1089536K
  class space    used 5680K, capacity 6057K, committed 6144K, reserved 1048576K
}

Deoptimization events (20 events):
Event: 4.350 Thread 0x000001fcbe554000 Uncommon trap: trap_request=0xffffffc6 fr.pc=0x000001fcac1e28c0 relative=0x00000000000005c0
Event: 4.350 Thread 0x000001fcbe554000 Uncommon trap: reason=bimorphic_or_optimized_type_check action=maybe_recompile pc=0x000001fcac1e28c0 method=java.util.regex.Pattern$Start.match(Ljava/util/regex/Matcher;ILjava/lang/CharSequence;)Z @ 44 c2
Event: 4.350 Thread 0x000001fcbe554000 DEOPT PACKING pc=0x000001fcac1e28c0 sp=0x00000059cb6fb7a0
Event: 4.350 Thread 0x000001fcbe554000 DEOPT UNPACKING pc=0x000001fca44ba1af sp=0x00000059cb6fb770 mode 2
Event: 4.398 Thread 0x000001fcbe554000 Uncommon trap: trap_request=0xffffffde fr.pc=0x000001fcac0384e4 relative=0x00000000000001c4
Event: 4.399 Thread 0x000001fcbe554000 Uncommon trap: reason=class_check action=maybe_recompile pc=0x000001fcac0384e4 method=java.lang.String.equals(Ljava/lang/Object;)Z @ 8 c2
Event: 4.399 Thread 0x000001fcbe554000 DEOPT PACKING pc=0x000001fcac0384e4 sp=0x00000059cb6fc3d0
Event: 4.399 Thread 0x000001fcbe554000 DEOPT UNPACKING pc=0x000001fca44ba1af sp=0x00000059cb6fc378 mode 2
Event: 4.399 Thread 0x000001fcbe554000 Uncommon trap: trap_request=0xffffffde fr.pc=0x000001fcac0384e4 relative=0x00000000000001c4
Event: 4.399 Thread 0x000001fcbe554000 Uncommon trap: reason=class_check action=maybe_recompile pc=0x000001fcac0384e4 method=java.lang.String.equals(Ljava/lang/Object;)Z @ 8 c2
Event: 4.399 Thread 0x000001fcbe554000 DEOPT PACKING pc=0x000001fcac0384e4 sp=0x00000059cb6fc3d0
Event: 4.399 Thread 0x000001fcbe554000 DEOPT UNPACKING pc=0x000001fca44ba1af sp=0x00000059cb6fc378 mode 2
Event: 4.399 Thread 0x000001fcbe554000 Uncommon trap: trap_request=0xffffffde fr.pc=0x000001fcac0384e4 relative=0x00000000000001c4
Event: 4.399 Thread 0x000001fcbe554000 Uncommon trap: reason=class_check action=maybe_recompile pc=0x000001fcac0384e4 method=java.lang.String.equals(Ljava/lang/Object;)Z @ 8 c2
Event: 4.399 Thread 0x000001fcbe554000 DEOPT PACKING pc=0x000001fcac0384e4 sp=0x00000059cb6fc3d0
Event: 4.399 Thread 0x000001fcbe554000 DEOPT UNPACKING pc=0x000001fca44ba1af sp=0x00000059cb6fc378 mode 2
Event: 4.399 Thread 0x000001fcbe554000 Uncommon trap: trap_request=0xffffffde fr.pc=0x000001fcac0384e4 relative=0x00000000000001c4
Event: 4.399 Thread 0x000001fcbe554000 Uncommon trap: reason=class_check action=maybe_recompile pc=0x000001fcac0384e4 method=java.lang.String.equals(Ljava/lang/Object;)Z @ 8 c2
Event: 4.399 Thread 0x000001fcbe554000 DEOPT PACKING pc=0x000001fcac0384e4 sp=0x00000059cb6fc3d0
Event: 4.399 Thread 0x000001fcbe554000 DEOPT UNPACKING pc=0x000001fca44ba1af sp=0x00000059cb6fc378 mode 2

Classes redefined (0 events):
No events

Internal exceptions (20 events):
Event: 4.125 Thread 0x000001fcbe554000 Exception <a 'java/lang/NoSuchMethodError'{0x0000000086df8360}: 'java.lang.Object java.lang.invoke.Invokers$Holder.invoker(java.lang.Object, java.lang.Object, java.lang.Object, java.lang.Object, java.lang.Object, java.lang.Object, java.lang.Object, java.lang.Object, java.lang.Object, java.lang.Object, java.lang.Object, java.lang.Object, java.lang.Object, java.lang.Object, java.lang.Object, java.lang.Object, java.lang.Object, java.lang.Object, java.lang.Object, java.lang.Object)'> (0x0000000086df8360) throw
Event: 4.126 Thread 0x000001fcbe554000 Exception <a 'java/lang/NoSuchMethodError'{0x0000000086dff470}: 'java.lang.Object java.lang.invoke.DelegatingMethodHandle$Holder.delegate(java.lang.Object, java.lang.Object, java.lang.Object, java.lang.Object, java.lang.Object, java.lang.Object, java.lang.Object, java.lang.Object, java.lang.Object, java.lang.Object, java.lang.Object, java.lang.Object, java.lang.Object, java.lang.Object, java.lang.Object, java.lang.Object, java.lang.Object, java.lang.Object, java.lang.Object, java.lang.Object)'> (0x00000000
Event: 4.129 Thread 0x000001fcbe554000 Exception <a 'java/lang/NoSuchMethodError'{0x0000000086c47478}: 'java.lang.Object java.lang.invoke.DirectMethodHandle$Holder.invokeStatic(java.lang.Object, java.lang.Object, java.lang.Object, java.lang.Object, java.lang.Object, java.lang.Object, java.lang.Object, java.lang.Object, java.lang.Object, java.lang.Object, java.lang.Object, java.lang.Object, java.lang.Object, java.lang.Object, java.lang.Object)'> (0x0000000086c47478) thrown at [./src/hotspot/share/interpreter/linkResolver.cpp, line 773]
Event: 4.130 Thread 0x000001fcbe554000 Exception <a 'java/lang/NoSuchMethodError'{0x0000000086c57920}: 'java.lang.Object java.lang.invoke.DirectMethodHandle$Holder.invokeStatic(java.lang.Object, java.lang.Object, java.lang.Object, java.lang.Object, java.lang.Object, java.lang.Object, java.lang.Object, java.lang.Object, java.lang.Object, java.lang.Object, java.lang.Object, java.lang.Object, java.lang.Object, java.lang.Object, java.lang.Object, java.lang.Object)'> (0x0000000086c57920) thrown at [./src/hotspot/share/interpreter/linkResolver.cpp, l
Event: 4.131 Thread 0x000001fcbe554000 Exception <a 'java/lang/NoSuchMethodError'{0x0000000086c67b50}: 'java.lang.Object java.lang.invoke.DelegatingMethodHandle$Holder.reinvoke_L(java.lang.Object, java.lang.Object, java.lang.Object, java.lang.Object, java.lang.Object, java.lang.Object, java.lang.Object, java.lang.Object, java.lang.Object, java.lang.Object, java.lang.Object, java.lang.Object, java.lang.Object, java.lang.Object, java.lang.Object, java.lang.Object, java.lang.Object, java.lang.Object, java.lang.Object)'> (0x0000000086c67b50) thrown
Event: 4.340 Thread 0x000001fcbe554000 Exception <a 'java/lang/OutOfMemoryError'{0x0000000085edd5a0}: unable to create native thread: possibly out of memory or process/resource limits reached> (0x0000000085edd5a0) thrown at [./src/hotspot/share/prims/jvm.cpp, line 2924]
Event: 4.343 Thread 0x000001fcbe554000 Exception <a 'java/lang/NoSuchMethodError'{0x0000000085efd8b8}: 'long java.lang.invoke.DirectMethodHandle$Holder.invokeVirtual(java.lang.Object, java.lang.Object)'> (0x0000000085efd8b8) thrown at [./src/hotspot/share/interpreter/linkResolver.cpp, line 773]
Event: 4.348 Thread 0x000001fcbedd0800 Exception <a 'java/lang/NoSuchMethodError'{0x0000000085a01e40}: <clinit>> (0x0000000085a01e40) thrown at [./src/hotspot/share/prims/jni.cpp, line 1365]
Event: 4.350 Thread 0x000001fcbedd0800 Exception <a 'java/lang/NoSuchMethodError'{0x0000000085a20358}: <clinit>> (0x0000000085a20358) thrown at [./src/hotspot/share/prims/jni.cpp, line 1365]
Event: 4.350 Thread 0x000001fcbedd0800 Exception <a 'java/lang/NoSuchMethodError'{0x0000000085a21900}: <clinit>> (0x0000000085a21900) thrown at [./src/hotspot/share/prims/jni.cpp, line 1365]
Event: 4.350 Thread 0x000001fcbedd0800 Exception <a 'java/lang/NoSuchMethodError'{0x0000000085a22c08}: <clinit>> (0x0000000085a22c08) thrown at [./src/hotspot/share/prims/jni.cpp, line 1365]
Event: 4.350 Thread 0x000001fcbedd0800 Exception <a 'java/lang/NoSuchMethodError'{0x0000000085a23c28}: <clinit>> (0x0000000085a23c28) thrown at [./src/hotspot/share/prims/jni.cpp, line 1365]
Event: 4.351 Thread 0x000001fcbedd0800 Exception <a 'java/lang/NoSuchMethodError'{0x0000000085a36558}: <clinit>> (0x0000000085a36558) thrown at [./src/hotspot/share/prims/jni.cpp, line 1365]
Event: 4.352 Thread 0x000001fcbedd0800 Exception <a 'java/lang/NoSuchMethodError'{0x0000000085a409c0}: <clinit>> (0x0000000085a409c0) thrown at [./src/hotspot/share/prims/jni.cpp, line 1365]
Event: 4.353 Thread 0x000001fcbedd0800 Exception <a 'java/lang/NoSuchMethodError'{0x0000000085a54790}: <clinit>> (0x0000000085a54790) thrown at [./src/hotspot/share/prims/jni.cpp, line 1365]
Event: 4.355 Thread 0x000001fcbedd0800 Exception <a 'java/lang/NoSuchMethodError'{0x0000000085a6f5a0}: <clinit>> (0x0000000085a6f5a0) thrown at [./src/hotspot/share/prims/jni.cpp, line 1365]
Event: 4.371 Thread 0x000001fcbe554000 Exception <a 'java/lang/NoSuchMethodError'{0x0000000085af2b78}: 'java.lang.Object java.lang.invoke.Invokers$Holder.linkToTargetMethod(java.lang.Object, java.lang.Object, java.lang.Object, int, java.lang.Object, java.lang.Object)'> (0x0000000085af2b78) thrown at [./src/hotspot/share/interpreter/linkResolver.cpp, line 773]
Event: 4.374 Thread 0x000001fcbe554000 Exception <a 'java/lang/NoSuchMethodError'{0x000000008592ae88}: 'java.lang.Object java.lang.invoke.DirectMethodHandle$Holder.invokeStatic(java.lang.Object, java.lang.Object, java.lang.Object, java.lang.Object, int)'> (0x000000008592ae88) thrown at [./src/hotspot/share/interpreter/linkResolver.cpp, line 773]
Event: 4.374 Thread 0x000001fcbe554000 Exception <a 'java/lang/NoSuchMethodError'{0x000000008592ece0}: 'java.lang.Object java.lang.invoke.DirectMethodHandle$Holder.invokeSpecial(java.lang.Object, java.lang.Object, java.lang.Object, java.lang.Object, java.lang.Object, int)'> (0x000000008592ece0) thrown at [./src/hotspot/share/interpreter/linkResolver.cpp, line 773]
Event: 4.374 Thread 0x000001fcbe554000 Exception <a 'java/lang/NoSuchMethodError'{0x0000000085932880}: 'java.lang.Object java.lang.invoke.Invokers$Holder.linkToTargetMethod(java.lang.Object, java.lang.Object, java.lang.Object, int, java.lang.Object)'> (0x0000000085932880) thrown at [./src/hotspot/share/interpreter/linkResolver.cpp, line 773]

Events (20 events):
Event: 4.405 loading class org/gradle/tooling/internal/provider/serialization/SerializedPayload done
Event: 4.405 loading class org/gradle/launcher/exec/BuildActionResult
Event: 4.405 loading class org/gradle/launcher/exec/BuildActionResult done
Event: 4.405 loading class org/gradle/internal/session/BuildSessionState
Event: 4.405 loading class org/gradle/internal/session/BuildSessionState done
Event: 4.406 Executing VM operation: RevokeBias
Event: 4.406 Executing VM operation: RevokeBias done
Event: 4.406 Thread 0x000001fcbedd4000 Thread exited: 0x000001fcbedd4000
Event: 4.407 Executing VM operation: RevokeBias
Event: 4.407 Executing VM operation: RevokeBias done
Event: 4.407 Thread 0x000001fcbedd0000 Thread exited: 0x000001fcbedd0000
Event: 4.407 Executing VM operation: RevokeBias
Event: 4.407 Executing VM operation: RevokeBias done
Event: 4.407 Thread 0x000001fcbd853000 Thread exited: 0x000001fcbd853000
Event: 4.408 loading class org/gradle/cache/internal/VersionSpecificCacheCleanupAction
Event: 4.408 loading class org/gradle/cache/internal/VersionSpecificCacheCleanupAction done
Event: 4.408 loading class com/google/common/collect/SortedSetMultimap
Event: 4.408 loading class com/google/common/collect/SortedSetMultimap done
Event: 4.409 loading class org/gradle/cache/internal/DefaultCleanupProgressMonitor
Event: 4.409 loading class org/gradle/cache/internal/DefaultCleanupProgressMonitor done


Dynamic libraries:
0x00007ff66cde0000 - 0x00007ff66cdea000 	C:\Program Files\Android\Android Studio\jre\bin\java.exe
0x00007fffd6d30000 - 0x00007fffd6f44000 	C:\WINDOWS\SYSTEM32\ntdll.dll
0x00007fffd6070000 - 0x00007fffd6133000 	C:\WINDOWS\System32\KERNEL32.DLL
0x00007fffd4710000 - 0x00007fffd4aad000 	C:\WINDOWS\System32\KERNELBASE.dll
0x00007fffd45c0000 - 0x00007fffd46d1000 	C:\WINDOWS\System32\ucrtbase.dll
0x00007fffb3dc0000 - 0x00007fffb3dd9000 	C:\Program Files\Android\Android Studio\jre\bin\jli.dll
0x00007fffaec10000 - 0x00007fffaec27000 	C:\Program Files\Android\Android Studio\jre\bin\VCRUNTIME140.dll
0x00007fffd54f0000 - 0x00007fffd569d000 	C:\WINDOWS\System32\USER32.dll
0x00007fffb7360000 - 0x00007fffb75ee000 	C:\WINDOWS\WinSxS\amd64_microsoft.windows.common-controls_6595b64144ccf1df_6.0.22621.608_none_a9444ca7c10bb01d\COMCTL32.dll
0x00007fffd46e0000 - 0x00007fffd4706000 	C:\WINDOWS\System32\win32u.dll
0x00007fffd5440000 - 0x00007fffd54e7000 	C:\WINDOWS\System32\msvcrt.dll
0x00007fffd53b0000 - 0x00007fffd53d9000 	C:\WINDOWS\System32\GDI32.dll
0x00007fffd4400000 - 0x00007fffd4512000 	C:\WINDOWS\System32\gdi32full.dll
0x00007fffd4520000 - 0x00007fffd45ba000 	C:\WINDOWS\System32\msvcp_win.dll
0x00007fffd56a0000 - 0x00007fffd56d2000 	C:\WINDOWS\System32\IMM32.DLL
0x00007fff9dbb0000 - 0x00007fff9dc4d000 	C:\Program Files\Android\Android Studio\jre\bin\msvcp140.dll
0x00007fff64310000 - 0x00007fff64df5000 	C:\Program Files\Android\Android Studio\jre\bin\server\jvm.dll
0x00007fffd5df0000 - 0x00007fffd5e9e000 	C:\WINDOWS\System32\ADVAPI32.dll
0x00007fffd5770000 - 0x00007fffd5814000 	C:\WINDOWS\System32\sechost.dll
0x00007fffd5820000 - 0x00007fffd5935000 	C:\WINDOWS\System32\RPCRT4.dll
0x00007fffd4ba0000 - 0x00007fffd4ba8000 	C:\WINDOWS\System32\PSAPI.DLL
0x00007fffccde0000 - 0x00007fffcce14000 	C:\WINDOWS\SYSTEM32\WINMM.dll
0x00007fffd0d60000 - 0x00007fffd0d69000 	C:\WINDOWS\SYSTEM32\WSOCK32.dll
0x00007fffcbf70000 - 0x00007fffcbf7a000 	C:\WINDOWS\SYSTEM32\VERSION.dll
0x00007fffd4b20000 - 0x00007fffd4b91000 	C:\WINDOWS\System32\WS2_32.dll
0x00007fffd3120000 - 0x00007fffd3138000 	C:\WINDOWS\SYSTEM32\kernel.appcore.dll
0x00007fffcf950000 - 0x00007fffcf961000 	C:\Program Files\Android\Android Studio\jre\bin\verify.dll
0x00007fffbd630000 - 0x00007fffbd85e000 	C:\WINDOWS\SYSTEM32\DBGHELP.DLL
0x00007fffd5960000 - 0x00007fffd5cea000 	C:\WINDOWS\System32\combase.dll
0x00007fffd6a20000 - 0x00007fffd6af7000 	C:\WINDOWS\System32\OLEAUT32.dll
0x00007fffb5c10000 - 0x00007fffb5c42000 	C:\WINDOWS\SYSTEM32\dbgcore.DLL
0x00007fffd4210000 - 0x00007fffd428b000 	C:\WINDOWS\System32\bcryptPrimitives.dll
0x00007fffce580000 - 0x00007fffce5a9000 	C:\Program Files\Android\Android Studio\jre\bin\java.dll
0x00007fffd0d50000 - 0x00007fffd0d5b000 	C:\Program Files\Android\Android Studio\jre\bin\jimage.dll
0x00007fffce560000 - 0x00007fffce578000 	C:\Program Files\Android\Android Studio\jre\bin\zip.dll
0x00007fffd4bc0000 - 0x00007fffd53af000 	C:\WINDOWS\System32\SHELL32.dll
0x00007fffd2130000 - 0x00007fffd29f8000 	C:\WINDOWS\SYSTEM32\windows.storage.dll
0x00007fffd1ff0000 - 0x00007fffd212e000 	C:\WINDOWS\SYSTEM32\wintypes.dll
0x00007fffd5ea0000 - 0x00007fffd5f91000 	C:\WINDOWS\System32\SHCORE.dll
0x00007fffd53e0000 - 0x00007fffd543e000 	C:\WINDOWS\System32\shlwapi.dll
0x00007fffd4080000 - 0x00007fffd40a1000 	C:\WINDOWS\SYSTEM32\profapi.dll
0x00007fffcd230000 - 0x00007fffcd24a000 	C:\Program Files\Android\Android Studio\jre\bin\net.dll
0x00007fffcc360000 - 0x00007fffcc48f000 	C:\WINDOWS\SYSTEM32\WINHTTP.dll
0x00007fffd35d0000 - 0x00007fffd3639000 	C:\WINDOWS\system32\mswsock.dll
0x00007fffcd190000 - 0x00007fffcd1a4000 	C:\Program Files\Android\Android Studio\jre\bin\nio.dll
0x00007fffaec30000 - 0x00007fffaec57000 	C:\Users\Le Thanh Hang\.gradle\native\e1d6ef7f7dcc3fd88c89a11ec53ec762bb8ba0a96d01ffa2cd45eb1d1d8dd5c5\windows-amd64\native-platform.dll
0x00007fff9cc90000 - 0x00007fff9cdd4000 	C:\Users\Le Thanh Hang\.gradle\native\5664cfc778a61ccfe75a443a1ab52a65af34e5dc3c78e0209fed803814484fcb\windows-amd64\native-platform-file-events.dll
0x00007fffcf940000 - 0x00007fffcf94a000 	C:\Program Files\Android\Android Studio\jre\bin\management.dll
0x00007fffcf200000 - 0x00007fffcf20d000 	C:\Program Files\Android\Android Studio\jre\bin\management_ext.dll
0x00007fffd3800000 - 0x00007fffd381b000 	C:\WINDOWS\SYSTEM32\CRYPTSP.dll
0x00007fffd30e0000 - 0x00007fffd3115000 	C:\WINDOWS\system32\rsaenh.dll
0x00007fffd3690000 - 0x00007fffd36b8000 	C:\WINDOWS\SYSTEM32\USERENV.dll
0x00007fffd3a00000 - 0x00007fffd3a28000 	C:\WINDOWS\SYSTEM32\bcrypt.dll
0x00007fffd3820000 - 0x00007fffd382c000 	C:\WINDOWS\SYSTEM32\CRYPTBASE.dll
0x00007fffd2c50000 - 0x00007fffd2c7d000 	C:\WINDOWS\SYSTEM32\IPHLPAPI.DLL
0x00007fffd6060000 - 0x00007fffd6069000 	C:\WINDOWS\System32\NSI.dll
0x00007fffccbc0000 - 0x00007fffccbd9000 	C:\WINDOWS\SYSTEM32\dhcpcsvc6.DLL
0x00007fffcc170000 - 0x00007fffcc18f000 	C:\WINDOWS\SYSTEM32\dhcpcsvc.DLL
0x00007fffd2cc0000 - 0x00007fffd2db2000 	C:\WINDOWS\SYSTEM32\DNSAPI.dll

dbghelp: loaded successfully - version: 4.0.5 - missing functions: none
symbol engine: initialized successfully - sym options: 0x614 - pdb path: .;C:\Program Files\Android\Android Studio\jre\bin;C:\WINDOWS\SYSTEM32;C:\WINDOWS\WinSxS\amd64_microsoft.windows.common-controls_6595b64144ccf1df_6.0.22621.608_none_a9444ca7c10bb01d;C:\Program Files\Android\Android Studio\jre\bin\server;C:\Users\Le Thanh Hang\.gradle\native\e1d6ef7f7dcc3fd88c89a11ec53ec762bb8ba0a96d01ffa2cd45eb1d1d8dd5c5\windows-amd64;C:\Users\Le Thanh Hang\.gradle\native\5664cfc778a61ccfe75a443a1ab52a65af34e5dc3c78e0209fed803814484fcb\windows-amd64

VM Arguments:
jvm_args: --add-opens=java.base/java.util=ALL-UNNAMED --add-opens=java.base/java.lang=ALL-UNNAMED --add-opens=java.base/java.lang.invoke=ALL-UNNAMED --add-opens=java.base/java.util=ALL-UNNAMED --add-opens=java.prefs/java.util.prefs=ALL-UNNAMED --add-opens=java.prefs/java.util.prefs=ALL-UNNAMED --add-opens=java.base/java.nio.charset=ALL-UNNAMED --add-opens=java.base/java.net=ALL-UNNAMED --add-opens=java.base/java.util.concurrent.atomic=ALL-UNNAMED -Xmx2048m -Dfile.encoding=UTF-8 -Duser.country=US -Duser.language=en -Duser.variant 
java_command: org.gradle.launcher.daemon.bootstrap.GradleDaemon 7.3.3
java_class_path (initial): C:\Users\Le Thanh Hang\.gradle\wrapper\dists\gradle-7.3.3-bin\6a41zxkdtcxs8rphpq6y0069z\gradle-7.3.3\lib\gradle-launcher-7.3.3.jar
Launcher Type: SUN_STANDARD

[Global flags]
     intx CICompilerCount                          = 12                                        {product} {ergonomic}
     uint ConcGCThreads                            = 3                                         {product} {ergonomic}
     uint G1ConcRefinementThreads                  = 13                                        {product} {ergonomic}
   size_t G1HeapRegionSize                         = 1048576                                   {product} {ergonomic}
    uintx GCDrainStackTargetSize                   = 64                                        {product} {ergonomic}
   size_t InitialHeapSize                          = 123731968                                 {product} {ergonomic}
   size_t MarkStackSize                            = 4194304                                   {product} {ergonomic}
   size_t MaxHeapSize                              = 2147483648                                {product} {command line}
   size_t MaxNewSize                               = 1287651328                                {product} {ergonomic}
   size_t MinHeapDeltaBytes                        = 1048576                                   {product} {ergonomic}
    uintx NonNMethodCodeHeapSize                   = 7594288                                {pd product} {ergonomic}
    uintx NonProfiledCodeHeapSize                  = 122031976                              {pd product} {ergonomic}
    uintx ProfiledCodeHeapSize                     = 122031976                              {pd product} {ergonomic}
    uintx ReservedCodeCacheSize                    = 251658240                              {pd product} {ergonomic}
     bool SegmentedCodeCache                       = true                                      {product} {ergonomic}
     bool UseCompressedClassPointers               = true                                 {lp64_product} {ergonomic}
     bool UseCompressedOops                        = true                                 {lp64_product} {ergonomic}
     bool UseG1GC                                  = true                                      {product} {ergonomic}
     bool UseLargePagesIndividualAllocation        = false                                  {pd product} {ergonomic}

Logging:
Log output configuration:
 #0: stdout all=warning uptime,level,tags
 #1: stderr all=off uptime,level,tags

Environment Variables:
PATH=C:\Program Files (x86)\VMware\VMware Workstation\bin\;C:\Python310\Scripts\;C:\Python310\;C:\Program Files\Eclipse Foundation\jdk-8.0.302.8-hotspot\bin;C:\windows\system32;C:\windows;C:\windows\System32\Wbem;C:\windows\System32\WindowsPowerShell\v1.0\;C:\windows\System32\OpenSSH\;C:\Program Files (x86)\NVIDIA Corporation\PhysX\Common;C:\Program Files\NVIDIA Corporation\NVIDIA NvDLISR;C:\Program Files\Microsoft SQL Server\130\Tools\Binn\;C:\Program Files\Microsoft SQL Server\Client SDK\ODBC\170\Tools\Binn\;C:\Program Files\Git\cmd;C:\Program Files\nodejs\;C:\ProgramData\chocolatey\bin;C:\WINDOWS\system32;C:\WINDOWS;C:\WINDOWS\System32\Wbem;C:\WINDOWS\System32\WindowsPowerShell\v1.0\;C:\WINDOWS\System32\OpenSSH\;C:\Program Files\dotnet\;C:\MinGW\bin;C:\Ruby31-x64\bin;C:\Users\Le Thanh Hang\AppData\Local\Microsoft\WindowsApps;C:\Users\Le Thanh Hang\AppData\Local\GitHubDesktop\bin;C:\Users\Le Thanh Hang\AppData\Roaming\npm;C:\Users\Le Thanh Hang\.dotnet\tools;C:\Users\Le Thanh Hang\AppData\Local\Programs\Microsoft VS Code\bin
USERNAME=Le Thanh Hang
OS=Windows_NT
PROCESSOR_IDENTIFIER=AMD64 Family 25 Model 80 Stepping 0, AuthenticAMD



---------------  S Y S T E M  ---------------

OS: Windows 10 , 64 bit Build 22621 (10.0.22621.963)
OS uptime: 0 days 0:44 hours
Hyper-V role detected

CPU:total 16 (initial active 16) (16 cores per cpu, 2 threads per core) family 25 model 80 stepping 0 microcode 0x0, cmov, cx8, fxsr, mmx, sse, sse2, sse3, ssse3, sse4.1, sse4.2, popcnt, avx, avx2, aes, clmul, erms, mmxext, 3dnowpref, lzcnt, sse4a, ht, tsc, tscinvbit, tscinv, bmi1, bmi2, adx, sha, fma

Memory: 4k page, system-wide physical 7523M (634M free)
TotalPageFile size 11619M (AvailPageFile size 0M)
current process WorkingSet (physical memory assigned to process): 311M, peak: 311M
current process commit charge ("private bytes"): 371M, peak: 373M

vm_info: OpenJDK 64-Bit Server VM (11.0.12+7-b1504.28-7817840) for windows-amd64 JRE (11.0.12+7-b1504.28-7817840), built on Oct 13 2021 22:12:33 by "builder" with MS VC++ 14.0 (VS2015)

END.
