#
# There is insufficient memory for the Java Runtime Environment to continue.
# Native memory allocation (mmap) failed to map 30408704 bytes for Failed to commit area from 0x0000000088e00000 to 0x000000008ab00000 of length 30408704.
# Possible reasons:
#   The system is out of physical RAM or swap space
#   The process is running with CompressedOops enabled, and the Java Heap may be blocking the growth of the native heap
# Possible solutions:
#   Reduce memory load on the system
#   Increase physical memory or swap space
#   Check if swap backing store is full
#   Decrease Java heap size (-Xmx/-Xms)
#   Decrease number of Java threads
#   Decrease Java thread stack sizes (-Xss)
#   Set larger code cache with -XX:ReservedCodeCacheSize=
#   JVM is running with Unscaled Compressed Oops mode in which the Java heap is
#     placed in the first 4GB address space. The Java Heap base address is the
#     maximum limit for the native heap growth. Please use -XX:HeapBaseMinAddress
#     to set the Java Heap base and to place the Java Heap above 4GB virtual address.
# This output file may be truncated or incomplete.
#
#  Out of Memory Error (./src/hotspot/os/windows/os_windows.cpp:3521), pid=15088, tid=11396
#
# JRE version: OpenJDK Runtime Environment (11.0.12+7) (build 11.0.12+7-b1504.28-7817840)
# Java VM: OpenJDK 64-Bit Server VM (11.0.12+7-b1504.28-7817840, mixed mode, tiered, compressed oops, g1 gc, windows-amd64)
# No core dump will be written. Minidumps are not enabled by default on client versions of Windows
#

---------------  S U M M A R Y ------------

Command Line: --add-opens=java.base/java.util=ALL-UNNAMED --add-opens=java.base/java.lang=ALL-UNNAMED --add-opens=java.base/java.lang.invoke=ALL-UNNAMED --add-opens=java.base/java.util=ALL-UNNAMED --add-opens=java.prefs/java.util.prefs=ALL-UNNAMED --add-opens=java.prefs/java.util.prefs=ALL-UNNAMED --add-opens=java.base/java.nio.charset=ALL-UNNAMED --add-opens=java.base/java.net=ALL-UNNAMED --add-opens=java.base/java.util.concurrent.atomic=ALL-UNNAMED -Xmx2048m -Dfile.encoding=UTF-8 -Duser.country=US -Duser.language=en -Duser.variant org.gradle.launcher.daemon.bootstrap.GradleDaemon 7.3.3

Host: AMD Ryzen 7 5800H with Radeon Graphics         , 16 cores, 7G,  Windows 10 , 64 bit Build 22621 (10.0.22621.963)
Time: Wed Dec 21 08:24:16 2022 SE Asia Standard Time elapsed time: 10.650524 seconds (0d 0h 0m 10s)

---------------  T H R E A D  ---------------

Current thread (0x0000021d0fe92000):  VMThread "VM Thread" [stack: 0x000000fe83100000,0x000000fe83200000] [id=11396]

Stack: [0x000000fe83100000,0x000000fe83200000]
[error occurred during error reporting (printing stack bounds), id 0xc0000005, EXCEPTION_ACCESS_VIOLATION (0xc0000005) at pc=0x0000021d0000112d]

Native frames: (J=compiled Java code, j=interpreted, Vv=VM code, C=native code)
V  [jvm.dll+0x5fbcea]
V  [jvm.dll+0x731905]
V  [jvm.dll+0x732f1d]
V  [jvm.dll+0x733535]
V  [jvm.dll+0x7334eb]
V  [jvm.dll+0x5fb080]
V  [jvm.dll+0x5fb818]
C  [ntdll.dll+0xa3eaf]
C  [ntdll.dll+0x1eae6]
C  [ntdll.dll+0xa2e9e]
C  0x0000021d0000112d

VM_Operation (0x000000fe8d8fd290): G1CollectForAllocation, mode: safepoint, requested by thread 0x0000021d181be800


---------------  P R O C E S S  ---------------

Threads class SMR info:
_java_thread_list=0x0000021d11d793e0, length=231, elements={
0x0000021d72eba800, 0x0000021d0fe95000, 0x0000021d0fe9f800, 0x0000021d0feb1000,
0x0000021d0feb5800, 0x0000021d0feb7000, 0x0000021d0feb8800, 0x0000021d0febc800,
0x0000021d0febd800, 0x0000021d0fe32800, 0x0000021d10970800, 0x0000021d1189a000,
0x0000021d1189d000, 0x0000021d11959000, 0x0000021d1189c800, 0x0000021d1412b800,
0x0000021d10d69800, 0x0000021d1161a000, 0x0000021d10d6a800, 0x0000021d12a3d000,
0x0000021d12340000, 0x0000021d12bd1800, 0x0000021d12d1f800, 0x0000021d11898800,
0x0000021d1189b000, 0x0000021d11899000, 0x0000021d1189b800, 0x0000021d1189e000,
0x0000021d1189f000, 0x0000021d13f14800, 0x0000021d13f0e800, 0x0000021d13f15000,
0x0000021d13f0f800, 0x0000021d13f10800, 0x0000021d13f11000, 0x0000021d13f17800,
0x0000021d13f1b000, 0x0000021d13f1b800, 0x0000021d13f1d800, 0x0000021d13f18800,
0x0000021d142e5000, 0x0000021d142e2000, 0x0000021d142e2800, 0x0000021d142e3800,
0x0000021d142e6000, 0x0000021d142e4800, 0x0000021d142e7000, 0x0000021d142e1000,
0x0000021d142e9000, 0x0000021d142eb800, 0x0000021d142ed800, 0x0000021d142e7800,
0x0000021d142ea000, 0x0000021d142ec800, 0x0000021d142eb000, 0x0000021d142ee000,
0x0000021d142e8800, 0x0000021d142ef000, 0x0000021d142f0000, 0x0000021d1654d000,
0x0000021d16547000, 0x0000021d16548000, 0x0000021d16549800, 0x0000021d1654e800,
0x0000021d16549000, 0x0000021d1654f800, 0x0000021d16550000, 0x0000021d1654a800,
0x0000021d1654b000, 0x0000021d1654d800, 0x0000021d16552000, 0x0000021d16551000,
0x0000021d1654c000, 0x0000021d16555000, 0x0000021d16552800, 0x0000021d16553800,
0x0000021d16554000, 0x0000021d16556000, 0x0000021d143b3000, 0x0000021d143b0800,
0x0000021d143af800, 0x0000021d143b4000, 0x0000021d143b1800, 0x0000021d143ae000,
0x0000021d143b2000, 0x0000021d143b4800, 0x0000021d143af000, 0x0000021d143b5800,
0x0000021d143b7000, 0x0000021d143b8000, 0x0000021d143ba800, 0x0000021d143b9800,
0x0000021d143bb000, 0x0000021d143bc000, 0x0000021d143b8800, 0x0000021d143b6800,
0x0000021d143bd000, 0x0000021d164e0000, 0x0000021d164e2000, 0x0000021d164e2800,
0x0000021d164e1000, 0x0000021d164e5000, 0x0000021d164e4000, 0x0000021d164df800,
0x0000021d164e8800, 0x0000021d164e3800, 0x0000021d164e6000, 0x0000021d164eb800,
0x0000021d164e9000, 0x0000021d164ea000, 0x0000021d164ec800, 0x0000021d164e6800,
0x0000021d164eb000, 0x0000021d164ed000, 0x0000021d164e7800, 0x0000021d164ee000,
0x0000021d18191800, 0x0000021d18192800, 0x0000021d1818f000, 0x0000021d18190000,
0x0000021d18190800, 0x0000021d18194000, 0x0000021d18193000, 0x0000021d1818e800,
0x0000021d18199000, 0x0000021d18197800, 0x0000021d18196800, 0x0000021d18198000,
0x0000021d18199800, 0x0000021d1819a800, 0x0000021d18195000, 0x0000021d1819b800,
0x0000021d18195800, 0x0000021d1819c000, 0x0000021d1819d000, 0x0000021d181b9800,
0x0000021d181b8000, 0x0000021d181bc000, 0x0000021d181b7000, 0x0000021d181b9000,
0x0000021d181ba800, 0x0000021d181bb000, 0x0000021d181b6800, 0x0000021d181bf800,
0x0000021d181c2800, 0x0000021d181c0000, 0x0000021d181c1000, 0x0000021d181c1800,
0x0000021d181bd000, 0x0000021d181c3800, 0x0000021d181bd800, 0x0000021d181c4000,
0x0000021d181be800, 0x0000021d181c5000, 0x0000021d15dda000, 0x0000021d15de0800,
0x0000021d15ddf000, 0x0000021d15ddc800, 0x0000021d15ddb800, 0x0000021d15ddb000,
0x0000021d15ddf800, 0x0000021d15de2000, 0x0000021d15de1800, 0x0000021d15de3000,
0x0000021d15ddd800, 0x0000021d15de4000, 0x0000021d15dde000, 0x0000021d15de4800,
0x0000021d15de8800, 0x0000021d15de5800, 0x0000021d15de8000, 0x0000021d15de6000,
0x0000021d15de7000, 0x0000021d1638e000, 0x0000021d1638f000, 0x0000021d16389000,
0x0000021d1638c800, 0x0000021d1638b800, 0x0000021d1638d000, 0x0000021d1638f800,
0x0000021d1638a000, 0x0000021d16390800, 0x0000021d1638b000, 0x0000021d16397000,
0x0000021d16392000, 0x0000021d16394800, 0x0000021d16391800, 0x0000021d16393000,
0x0000021d16398800, 0x0000021d16393800, 0x0000021d16399800, 0x0000021d1639a800,
0x0000021d1639b000, 0x0000021d16396000, 0x0000021d1639c000, 0x0000021d1639c800,
0x0000021d1639d800, 0x0000021d16398000, 0x0000021d1639e800, 0x0000021d163a3800,
0x0000021d163a5000, 0x0000021d1639f000, 0x0000021d163a5800, 0x0000021d163a0000,
0x0000021d163a1000, 0x0000021d163a1800, 0x0000021d163a6800, 0x0000021d163a7800,
0x0000021d163a4000, 0x0000021d163a8000, 0x0000021d163a2800, 0x0000021d195dd000,
0x0000021d195e2000, 0x0000021d195e1000, 0x0000021d195dc800, 0x0000021d195de800,
0x0000021d195e3000, 0x0000021d195e3800, 0x0000021d195de000, 0x0000021d195e4800,
0x0000021d195e5800, 0x0000021d195df800, 0x0000021d195e0800, 0x0000021d195e7800,
0x0000021d195eb000, 0x0000021d195e6000, 0x0000021d195e7000, 0x0000021d195e8800,
0x0000021d195e9800, 0x0000021d195ea000, 0x0000021d19809800
}

Java Threads: ( => current thread )
  0x0000021d72eba800 JavaThread "main" [_thread_blocked, id=12780, stack(0x000000fe82b00000,0x000000fe82c00000)]
  0x0000021d0fe95000 JavaThread "Reference Handler" daemon [_thread_blocked, id=12128, stack(0x000000fe83200000,0x000000fe83300000)]
  0x0000021d0fe9f800 JavaThread "Finalizer" daemon [_thread_blocked, id=16236, stack(0x000000fe83300000,0x000000fe83400000)]
  0x0000021d0feb1000 JavaThread "Signal Dispatcher" daemon [_thread_blocked, id=8248, stack(0x000000fe83400000,0x000000fe83500000)]
  0x0000021d0feb5800 JavaThread "Attach Listener" daemon [_thread_blocked, id=10656, stack(0x000000fe83500000,0x000000fe83600000)]
  0x0000021d0feb7000 JavaThread "Service Thread" daemon [_thread_blocked, id=9672, stack(0x000000fe83600000,0x000000fe83700000)]
  0x0000021d0feb8800 JavaThread "C2 CompilerThread0" daemon [_thread_blocked, id=12208, stack(0x000000fe83700000,0x000000fe83800000)]
  0x0000021d0febc800 JavaThread "C1 CompilerThread0" daemon [_thread_blocked, id=3748, stack(0x000000fe83800000,0x000000fe83900000)]
  0x0000021d0febd800 JavaThread "Sweeper thread" daemon [_thread_blocked, id=14932, stack(0x000000fe83900000,0x000000fe83a00000)]
  0x0000021d0fe32800 JavaThread "C1 CompilerThread1" daemon [_thread_blocked, id=13548, stack(0x000000fe83a00000,0x000000fe83b00000)]
  0x0000021d10970800 JavaThread "Common-Cleaner" daemon [_thread_blocked, id=12864, stack(0x000000fe83b00000,0x000000fe83c00000)]
  0x0000021d1189a000 JavaThread "C1 CompilerThread2" daemon [_thread_blocked, id=2700, stack(0x000000fe83f00000,0x000000fe84000000)]
  0x0000021d1189d000 JavaThread "C1 CompilerThread3" daemon [_thread_blocked, id=9156, stack(0x000000fe84000000,0x000000fe84100000)]
  0x0000021d11959000 JavaThread "Daemon health stats" [_thread_blocked, id=6392, stack(0x000000fe84200000,0x000000fe84300000)]
  0x0000021d1189c800 JavaThread "C2 CompilerThread1" daemon [_thread_blocked, id=16800, stack(0x000000fe83d00000,0x000000fe83e00000)]
  0x0000021d1412b800 JavaThread "Incoming local TCP Connector on port 63536" [_thread_in_native, id=10480, stack(0x000000fe83e00000,0x000000fe83f00000)]
  0x0000021d10d69800 JavaThread "Daemon periodic checks" [_thread_blocked, id=9928, stack(0x000000fe84300000,0x000000fe84400000)]
  0x0000021d1161a000 JavaThread "Daemon" [_thread_blocked, id=7384, stack(0x000000fe84a00000,0x000000fe84b00000)]
  0x0000021d10d6a800 JavaThread "Handler for socket connection from /127.0.0.1:63536 to /127.0.0.1:63537" [_thread_in_native, id=5296, stack(0x000000fe84b00000,0x000000fe84c00000)]
  0x0000021d12a3d000 JavaThread "Cancel handler" [_thread_blocked, id=8036, stack(0x000000fe84c00000,0x000000fe84d00000)]
  0x0000021d12340000 JavaThread "Daemon worker" [_thread_blocked, id=3752, stack(0x000000fe84d00000,0x000000fe84e00000)]
  0x0000021d12bd1800 JavaThread "Asynchronous log dispatcher for DefaultDaemonConnection: socket connection from /127.0.0.1:63536 to /127.0.0.1:63537" [_thread_blocked, id=11440, stack(0x000000fe84e00000,0x000000fe84f00000)]
  0x0000021d12d1f800 JavaThread "Stdin handler" [_thread_blocked, id=16204, stack(0x000000fe84f00000,0x000000fe85000000)]
  0x0000021d11898800 JavaThread "Daemon client event forwarder" [_thread_blocked, id=1868, stack(0x000000fe85000000,0x000000fe85100000)]
  0x0000021d1189b000 JavaThread "Cache worker for journal cache (C:\Users\Le Thanh Hang\.gradle\caches\journal-1)" [_thread_blocked, id=8376, stack(0x000000fe85100000,0x000000fe85200000)]
  0x0000021d11899000 JavaThread "File lock request listener" [_thread_in_native, id=16152, stack(0x000000fe85200000,0x000000fe85300000)]
  0x0000021d1189b800 JavaThread "Cache worker for file hash cache (C:\Users\Le Thanh Hang\.gradle\caches\7.3.3\fileHashes)" [_thread_blocked, id=15800, stack(0x000000fe85300000,0x000000fe85400000)]
  0x0000021d1189e000 JavaThread "Cache worker for file hash cache (D:\NT118_PTUDDD\Lab\Lab03\.gradle\7.3.3\fileHashes)" [_thread_blocked, id=6344, stack(0x000000fe85b00000,0x000000fe85c00000)]
  0x0000021d1189f000 JavaThread "File watcher server" daemon [_thread_blocked, id=12888, stack(0x000000fe85c00000,0x000000fe85d00000)]
  0x0000021d13f14800 JavaThread "File watcher consumer" daemon [_thread_blocked, id=16240, stack(0x000000fe85d00000,0x000000fe85e00000)]
  0x0000021d13f0e800 JavaThread "Cache worker for checksums cache (D:\NT118_PTUDDD\Lab\Lab03\.gradle\7.3.3\checksums)" [_thread_blocked, id=8720, stack(0x000000fe85e00000,0x000000fe85f00000)]
  0x0000021d13f15000 JavaThread "Cache worker for cache directory md-supplier (C:\Users\Le Thanh Hang\.gradle\caches\7.3.3\md-supplier)" [_thread_blocked, id=1468, stack(0x000000fe85f00000,0x000000fe86000000)]
  0x0000021d13f0f800 JavaThread "Cache worker for cache directory md-rule (C:\Users\Le Thanh Hang\.gradle\caches\7.3.3\md-rule)" [_thread_blocked, id=10964, stack(0x000000fe86000000,0x000000fe86100000)]
  0x0000021d13f10800 JavaThread "Cache worker for execution history cache (C:\Users\Le Thanh Hang\.gradle\caches\7.3.3\executionHistory)" [_thread_blocked, id=13580, stack(0x000000fe86100000,0x000000fe86200000)]
  0x0000021d13f11000 JavaThread "jar transforms" [_thread_blocked, id=5840, stack(0x000000fe86200000,0x000000fe86300000)]
  0x0000021d13f17800 JavaThread "Cache worker for file content cache (C:\Users\Le Thanh Hang\.gradle\caches\7.3.3\fileContent)" [_thread_blocked, id=13140, stack(0x000000fe86300000,0x000000fe86400000)]
  0x0000021d13f1b000 JavaThread "jar transforms Thread 2" [_thread_blocked, id=11432, stack(0x000000fe86400000,0x000000fe86500000)]
  0x0000021d13f1b800 JavaThread "Cache worker for dependencies-accessors (D:\NT118_PTUDDD\Lab\Lab03\.gradle\7.3.3\dependencies-accessors)" [_thread_blocked, id=2276, stack(0x000000fe86500000,0x000000fe86600000)]
  0x0000021d13f1d800 JavaThread "jar transforms Thread 3" [_thread_blocked, id=10032, stack(0x000000fe86600000,0x000000fe86700000)]
  0x0000021d13f18800 JavaThread "Cache worker for Build Output Cleanup Cache (D:\NT118_PTUDDD\Lab\Lab03\.gradle\buildOutputCleanup)" [_thread_blocked, id=8104, stack(0x000000fe86700000,0x000000fe86800000)]
  0x0000021d142e5000 JavaThread "Unconstrained build operations" [_thread_blocked, id=2344, stack(0x000000fe86800000,0x000000fe86900000)]
  0x0000021d142e2000 JavaThread "Unconstrained build operations Thread 2" [_thread_blocked, id=12292, stack(0x000000fe86900000,0x000000fe86a00000)]
  0x0000021d142e2800 JavaThread "Unconstrained build operations Thread 3" [_thread_blocked, id=5704, stack(0x000000fe86a00000,0x000000fe86b00000)]
  0x0000021d142e3800 JavaThread "Unconstrained build operations Thread 4" [_thread_blocked, id=9428, stack(0x000000fe86b00000,0x000000fe86c00000)]
  0x0000021d142e6000 JavaThread "Unconstrained build operations Thread 5" [_thread_blocked, id=7268, stack(0x000000fe86c00000,0x000000fe86d00000)]
  0x0000021d142e4800 JavaThread "Unconstrained build operations Thread 6" [_thread_blocked, id=8552, stack(0x000000fe86d00000,0x000000fe86e00000)]
  0x0000021d142e7000 JavaThread "Unconstrained build operations Thread 7" [_thread_blocked, id=9580, stack(0x000000fe86e00000,0x000000fe86f00000)]
  0x0000021d142e1000 JavaThread "Unconstrained build operations Thread 8" [_thread_blocked, id=3212, stack(0x000000fe86f00000,0x000000fe87000000)]
  0x0000021d142e9000 JavaThread "Unconstrained build operations Thread 9" [_thread_blocked, id=1972, stack(0x000000fe87000000,0x000000fe87100000)]
  0x0000021d142eb800 JavaThread "Unconstrained build operations Thread 10" [_thread_blocked, id=13064, stack(0x000000fe87100000,0x000000fe87200000)]
  0x0000021d142ed800 JavaThread "Unconstrained build operations Thread 11" [_thread_blocked, id=3536, stack(0x000000fe87200000,0x000000fe87300000)]
  0x0000021d142e7800 JavaThread "Unconstrained build operations Thread 12" [_thread_blocked, id=2920, stack(0x000000fe87300000,0x000000fe87400000)]
  0x0000021d142ea000 JavaThread "Unconstrained build operations Thread 13" [_thread_blocked, id=10272, stack(0x000000fe87400000,0x000000fe87500000)]
  0x0000021d142ec800 JavaThread "Unconstrained build operations Thread 14" [_thread_blocked, id=16232, stack(0x000000fe87500000,0x000000fe87600000)]
  0x0000021d142eb000 JavaThread "Unconstrained build operations Thread 15" [_thread_blocked, id=5964, stack(0x000000fe87600000,0x000000fe87700000)]
  0x0000021d142ee000 JavaThread "Unconstrained build operations Thread 16" [_thread_blocked, id=15228, stack(0x000000fe87700000,0x000000fe87800000)]
  0x0000021d142e8800 JavaThread "Unconstrained build operations Thread 17" [_thread_blocked, id=2128, stack(0x000000fe87800000,0x000000fe87900000)]
  0x0000021d142ef000 JavaThread "Unconstrained build operations Thread 18" [_thread_blocked, id=11244, stack(0x000000fe87900000,0x000000fe87a00000)]
  0x0000021d142f0000 JavaThread "Unconstrained build operations Thread 19" [_thread_blocked, id=6072, stack(0x000000fe87a00000,0x000000fe87b00000)]
  0x0000021d1654d000 JavaThread "Unconstrained build operations Thread 20" [_thread_blocked, id=15048, stack(0x000000fe87b00000,0x000000fe87c00000)]
  0x0000021d16547000 JavaThread "Unconstrained build operations Thread 21" [_thread_blocked, id=5668, stack(0x000000fe87c00000,0x000000fe87d00000)]
  0x0000021d16548000 JavaThread "Unconstrained build operations Thread 22" [_thread_blocked, id=16464, stack(0x000000fe87d00000,0x000000fe87e00000)]
  0x0000021d16549800 JavaThread "Unconstrained build operations Thread 23" [_thread_blocked, id=8812, stack(0x000000fe87e00000,0x000000fe87f00000)]
  0x0000021d1654e800 JavaThread "Unconstrained build operations Thread 24" [_thread_blocked, id=2288, stack(0x000000fe87f00000,0x000000fe88000000)]
  0x0000021d16549000 JavaThread "Unconstrained build operations Thread 25" [_thread_blocked, id=16792, stack(0x000000fe88000000,0x000000fe88100000)]
  0x0000021d1654f800 JavaThread "Unconstrained build operations Thread 26" [_thread_blocked, id=3604, stack(0x000000fe88100000,0x000000fe88200000)]
  0x0000021d16550000 JavaThread "Unconstrained build operations Thread 27" [_thread_blocked, id=13388, stack(0x000000fe88200000,0x000000fe88300000)]
  0x0000021d1654a800 JavaThread "Unconstrained build operations Thread 28" [_thread_blocked, id=14688, stack(0x000000fe88300000,0x000000fe88400000)]
  0x0000021d1654b000 JavaThread "Unconstrained build operations Thread 29" [_thread_blocked, id=3868, stack(0x000000fe88400000,0x000000fe88500000)]
  0x0000021d1654d800 JavaThread "Unconstrained build operations Thread 30" [_thread_blocked, id=11684, stack(0x000000fe88500000,0x000000fe88600000)]
  0x0000021d16552000 JavaThread "Unconstrained build operations Thread 31" [_thread_blocked, id=15808, stack(0x000000fe88600000,0x000000fe88700000)]
  0x0000021d16551000 JavaThread "Unconstrained build operations Thread 32" [_thread_blocked, id=8296, stack(0x000000fe88700000,0x000000fe88800000)]
  0x0000021d1654c000 JavaThread "Unconstrained build operations Thread 33" [_thread_blocked, id=4556, stack(0x000000fe88800000,0x000000fe88900000)]
  0x0000021d16555000 JavaThread "Unconstrained build operations Thread 34" [_thread_blocked, id=13492, stack(0x000000fe88900000,0x000000fe88a00000)]
  0x0000021d16552800 JavaThread "Unconstrained build operations Thread 35" [_thread_blocked, id=16584, stack(0x000000fe88a00000,0x000000fe88b00000)]
  0x0000021d16553800 JavaThread "Unconstrained build operations Thread 36" [_thread_blocked, id=12120, stack(0x000000fe88b00000,0x000000fe88c00000)]
  0x0000021d16554000 JavaThread "Unconstrained build operations Thread 37" [_thread_blocked, id=7500, stack(0x000000fe88c00000,0x000000fe88d00000)]
  0x0000021d16556000 JavaThread "Unconstrained build operations Thread 38" [_thread_blocked, id=12164, stack(0x000000fe88d00000,0x000000fe88e00000)]
  0x0000021d143b3000 JavaThread "Unconstrained build operations Thread 39" [_thread_blocked, id=12572, stack(0x000000fe88e00000,0x000000fe88f00000)]
  0x0000021d143b0800 JavaThread "Unconstrained build operations Thread 40" [_thread_blocked, id=7920, stack(0x000000fe88f00000,0x000000fe89000000)]
  0x0000021d143af800 JavaThread "Unconstrained build operations Thread 41" [_thread_blocked, id=13876, stack(0x000000fe89000000,0x000000fe89100000)]
  0x0000021d143b4000 JavaThread "Unconstrained build operations Thread 42" [_thread_blocked, id=7804, stack(0x000000fe89100000,0x000000fe89200000)]
  0x0000021d143b1800 JavaThread "Unconstrained build operations Thread 43" [_thread_blocked, id=3476, stack(0x000000fe89200000,0x000000fe89300000)]
  0x0000021d143ae000 JavaThread "Unconstrained build operations Thread 44" [_thread_blocked, id=9116, stack(0x000000fe89300000,0x000000fe89400000)]
  0x0000021d143b2000 JavaThread "Unconstrained build operations Thread 45" [_thread_blocked, id=8956, stack(0x000000fe89400000,0x000000fe89500000)]
  0x0000021d143b4800 JavaThread "Unconstrained build operations Thread 46" [_thread_blocked, id=17116, stack(0x000000fe89500000,0x000000fe89600000)]
  0x0000021d143af000 JavaThread "Unconstrained build operations Thread 47" [_thread_blocked, id=2940, stack(0x000000fe89600000,0x000000fe89700000)]
  0x0000021d143b5800 JavaThread "Unconstrained build operations Thread 48" [_thread_blocked, id=10504, stack(0x000000fe89700000,0x000000fe89800000)]
  0x0000021d143b7000 JavaThread "Unconstrained build operations Thread 49" [_thread_blocked, id=15888, stack(0x000000fe89800000,0x000000fe89900000)]
  0x0000021d143b8000 JavaThread "Unconstrained build operations Thread 50" [_thread_blocked, id=3596, stack(0x000000fe89900000,0x000000fe89a00000)]
  0x0000021d143ba800 JavaThread "Unconstrained build operations Thread 51" [_thread_blocked, id=11636, stack(0x000000fe89a00000,0x000000fe89b00000)]
  0x0000021d143b9800 JavaThread "Unconstrained build operations Thread 52" [_thread_blocked, id=16712, stack(0x000000fe89b00000,0x000000fe89c00000)]
  0x0000021d143bb000 JavaThread "Unconstrained build operations Thread 53" [_thread_blocked, id=7476, stack(0x000000fe89c00000,0x000000fe89d00000)]
  0x0000021d143bc000 JavaThread "Unconstrained build operations Thread 54" [_thread_blocked, id=12608, stack(0x000000fe89d00000,0x000000fe89e00000)]
  0x0000021d143b8800 JavaThread "Unconstrained build operations Thread 55" [_thread_blocked, id=16576, stack(0x000000fe89e00000,0x000000fe89f00000)]
  0x0000021d143b6800 JavaThread "Unconstrained build operations Thread 56" [_thread_blocked, id=14388, stack(0x000000fe89f00000,0x000000fe8a000000)]
  0x0000021d143bd000 JavaThread "Unconstrained build operations Thread 57" [_thread_blocked, id=1012, stack(0x000000fe8a000000,0x000000fe8a100000)]
  0x0000021d164e0000 JavaThread "Unconstrained build operations Thread 58" [_thread_blocked, id=14872, stack(0x000000fe8a100000,0x000000fe8a200000)]
  0x0000021d164e2000 JavaThread "Unconstrained build operations Thread 59" [_thread_blocked, id=2340, stack(0x000000fe8a200000,0x000000fe8a300000)]
  0x0000021d164e2800 JavaThread "Unconstrained build operations Thread 60" [_thread_blocked, id=10404, stack(0x000000fe8a300000,0x000000fe8a400000)]
  0x0000021d164e1000 JavaThread "Unconstrained build operations Thread 61" [_thread_blocked, id=16396, stack(0x000000fe8a400000,0x000000fe8a500000)]
  0x0000021d164e5000 JavaThread "Unconstrained build operations Thread 62" [_thread_blocked, id=16972, stack(0x000000fe8a500000,0x000000fe8a600000)]
  0x0000021d164e4000 JavaThread "Unconstrained build operations Thread 63" [_thread_blocked, id=13180, stack(0x000000fe8a600000,0x000000fe8a700000)]
  0x0000021d164df800 JavaThread "Unconstrained build operations Thread 64" [_thread_blocked, id=15524, stack(0x000000fe8a700000,0x000000fe8a800000)]
  0x0000021d164e8800 JavaThread "Unconstrained build operations Thread 65" [_thread_blocked, id=2948, stack(0x000000fe8a800000,0x000000fe8a900000)]
  0x0000021d164e3800 JavaThread "Unconstrained build operations Thread 66" [_thread_blocked, id=12424, stack(0x000000fe8a900000,0x000000fe8aa00000)]
  0x0000021d164e6000 JavaThread "Unconstrained build operations Thread 67" [_thread_blocked, id=184, stack(0x000000fe8aa00000,0x000000fe8ab00000)]
  0x0000021d164eb800 JavaThread "Unconstrained build operations Thread 68" [_thread_blocked, id=17200, stack(0x000000fe8ab00000,0x000000fe8ac00000)]
  0x0000021d164e9000 JavaThread "Unconstrained build operations Thread 69" [_thread_blocked, id=14996, stack(0x000000fe8ac00000,0x000000fe8ad00000)]
  0x0000021d164ea000 JavaThread "Unconstrained build operations Thread 70" [_thread_blocked, id=13408, stack(0x000000fe8ad00000,0x000000fe8ae00000)]
  0x0000021d164ec800 JavaThread "Unconstrained build operations Thread 71" [_thread_blocked, id=5028, stack(0x000000fe8ae00000,0x000000fe8af00000)]
  0x0000021d164e6800 JavaThread "Unconstrained build operations Thread 72" [_thread_blocked, id=2216, stack(0x000000fe8af00000,0x000000fe8b000000)]
  0x0000021d164eb000 JavaThread "Unconstrained build operations Thread 73" [_thread_blocked, id=11204, stack(0x000000fe8b000000,0x000000fe8b100000)]
  0x0000021d164ed000 JavaThread "Unconstrained build operations Thread 74" [_thread_blocked, id=2944, stack(0x000000fe8b100000,0x000000fe8b200000)]
  0x0000021d164e7800 JavaThread "Unconstrained build operations Thread 75" [_thread_blocked, id=7252, stack(0x000000fe8b200000,0x000000fe8b300000)]
  0x0000021d164ee000 JavaThread "Unconstrained build operations Thread 76" [_thread_blocked, id=7328, stack(0x000000fe8b300000,0x000000fe8b400000)]
  0x0000021d18191800 JavaThread "Unconstrained build operations Thread 77" [_thread_blocked, id=11936, stack(0x000000fe8b400000,0x000000fe8b500000)]
  0x0000021d18192800 JavaThread "Unconstrained build operations Thread 78" [_thread_blocked, id=11844, stack(0x000000fe8b500000,0x000000fe8b600000)]
  0x0000021d1818f000 JavaThread "Unconstrained build operations Thread 79" [_thread_blocked, id=12532, stack(0x000000fe8b600000,0x000000fe8b700000)]
  0x0000021d18190000 JavaThread "Unconstrained build operations Thread 80" [_thread_blocked, id=1644, stack(0x000000fe8b700000,0x000000fe8b800000)]
  0x0000021d18190800 JavaThread "Unconstrained build operations Thread 81" [_thread_blocked, id=13820, stack(0x000000fe8b800000,0x000000fe8b900000)]
  0x0000021d18194000 JavaThread "Unconstrained build operations Thread 82" [_thread_blocked, id=13596, stack(0x000000fe8b900000,0x000000fe8ba00000)]
  0x0000021d18193000 JavaThread "Unconstrained build operations Thread 83" [_thread_blocked, id=11068, stack(0x000000fe8ba00000,0x000000fe8bb00000)]
  0x0000021d1818e800 JavaThread "Unconstrained build operations Thread 84" [_thread_blocked, id=1292, stack(0x000000fe8bb00000,0x000000fe8bc00000)]
  0x0000021d18199000 JavaThread "Unconstrained build operations Thread 85" [_thread_blocked, id=4448, stack(0x000000fe8bc00000,0x000000fe8bd00000)]
  0x0000021d18197800 JavaThread "Unconstrained build operations Thread 86" [_thread_blocked, id=10552, stack(0x000000fe8bd00000,0x000000fe8be00000)]
  0x0000021d18196800 JavaThread "Unconstrained build operations Thread 87" [_thread_blocked, id=10304, stack(0x000000fe8be00000,0x000000fe8bf00000)]
  0x0000021d18198000 JavaThread "Unconstrained build operations Thread 88" [_thread_blocked, id=8048, stack(0x000000fe8bf00000,0x000000fe8c000000)]
  0x0000021d18199800 JavaThread "Unconstrained build operations Thread 89" [_thread_blocked, id=14904, stack(0x000000fe8c000000,0x000000fe8c100000)]
  0x0000021d1819a800 JavaThread "Unconstrained build operations Thread 90" [_thread_blocked, id=12072, stack(0x000000fe8c100000,0x000000fe8c200000)]
  0x0000021d18195000 JavaThread "Unconstrained build operations Thread 91" [_thread_blocked, id=8460, stack(0x000000fe8c200000,0x000000fe8c300000)]
  0x0000021d1819b800 JavaThread "Unconstrained build operations Thread 92" [_thread_blocked, id=8072, stack(0x000000fe8c300000,0x000000fe8c400000)]
  0x0000021d18195800 JavaThread "Unconstrained build operations Thread 93" [_thread_blocked, id=8152, stack(0x000000fe8c400000,0x000000fe8c500000)]
  0x0000021d1819c000 JavaThread "Unconstrained build operations Thread 94" [_thread_blocked, id=15820, stack(0x000000fe8c500000,0x000000fe8c600000)]
  0x0000021d1819d000 JavaThread "Unconstrained build operations Thread 95" [_thread_blocked, id=1576, stack(0x000000fe8c600000,0x000000fe8c700000)]
  0x0000021d181b9800 JavaThread "Unconstrained build operations Thread 96" [_thread_blocked, id=9980, stack(0x000000fe8c700000,0x000000fe8c800000)]
  0x0000021d181b8000 JavaThread "Unconstrained build operations Thread 97" [_thread_blocked, id=16044, stack(0x000000fe8c800000,0x000000fe8c900000)]
  0x0000021d181bc000 JavaThread "Unconstrained build operations Thread 98" [_thread_blocked, id=2672, stack(0x000000fe8c900000,0x000000fe8ca00000)]
  0x0000021d181b7000 JavaThread "Unconstrained build operations Thread 99" [_thread_blocked, id=6776, stack(0x000000fe8ca00000,0x000000fe8cb00000)]
  0x0000021d181b9000 JavaThread "Unconstrained build operations Thread 100" [_thread_blocked, id=11164, stack(0x000000fe8cb00000,0x000000fe8cc00000)]
  0x0000021d181ba800 JavaThread "Unconstrained build operations Thread 101" [_thread_blocked, id=2584, stack(0x000000fe8cc00000,0x000000fe8cd00000)]
  0x0000021d181bb000 JavaThread "Unconstrained build operations Thread 102" [_thread_blocked, id=2452, stack(0x000000fe8cd00000,0x000000fe8ce00000)]
  0x0000021d181b6800 JavaThread "Unconstrained build operations Thread 103" [_thread_blocked, id=1424, stack(0x000000fe8ce00000,0x000000fe8cf00000)]
  0x0000021d181bf800 JavaThread "Unconstrained build operations Thread 104" [_thread_blocked, id=16652, stack(0x000000fe8cf00000,0x000000fe8d000000)]
  0x0000021d181c2800 JavaThread "Unconstrained build operations Thread 105" [_thread_blocked, id=13436, stack(0x000000fe8d000000,0x000000fe8d100000)]
  0x0000021d181c0000 JavaThread "Unconstrained build operations Thread 106" [_thread_blocked, id=9112, stack(0x000000fe8d100000,0x000000fe8d200000)]
  0x0000021d181c1000 JavaThread "Unconstrained build operations Thread 107" [_thread_blocked, id=15680, stack(0x000000fe8d200000,0x000000fe8d300000)]
  0x0000021d181c1800 JavaThread "Unconstrained build operations Thread 108" [_thread_blocked, id=14392, stack(0x000000fe8d300000,0x000000fe8d400000)]
  0x0000021d181bd000 JavaThread "Unconstrained build operations Thread 109" [_thread_blocked, id=13212, stack(0x000000fe8d400000,0x000000fe8d500000)]
  0x0000021d181c3800 JavaThread "Unconstrained build operations Thread 110" [_thread_blocked, id=7508, stack(0x000000fe8d500000,0x000000fe8d600000)]
  0x0000021d181bd800 JavaThread "Unconstrained build operations Thread 111" [_thread_blocked, id=5744, stack(0x000000fe8d600000,0x000000fe8d700000)]
  0x0000021d181c4000 JavaThread "Unconstrained build operations Thread 112" [_thread_blocked, id=7960, stack(0x000000fe8d700000,0x000000fe8d800000)]
  0x0000021d181be800 JavaThread "Unconstrained build operations Thread 113" [_thread_blocked, id=10268, stack(0x000000fe8d800000,0x000000fe8d900000)]
  0x0000021d181c5000 JavaThread "Unconstrained build operations Thread 114" [_thread_blocked, id=5852, stack(0x000000fe8d900000,0x000000fe8da00000)]
  0x0000021d15dda000 JavaThread "Unconstrained build operations Thread 115" [_thread_blocked, id=6312, stack(0x000000fe8da00000,0x000000fe8db00000)]
  0x0000021d15de0800 JavaThread "Unconstrained build operations Thread 116" [_thread_blocked, id=4672, stack(0x000000fe8db00000,0x000000fe8dc00000)]
  0x0000021d15ddf000 JavaThread "Unconstrained build operations Thread 117" [_thread_blocked, id=5084, stack(0x000000fe8dc00000,0x000000fe8dd00000)]
  0x0000021d15ddc800 JavaThread "Unconstrained build operations Thread 118" [_thread_blocked, id=1484, stack(0x000000fe8dd00000,0x000000fe8de00000)]
  0x0000021d15ddb800 JavaThread "Unconstrained build operations Thread 119" [_thread_blocked, id=6280, stack(0x000000fe8de00000,0x000000fe8df00000)]
  0x0000021d15ddb000 JavaThread "Unconstrained build operations Thread 120" [_thread_blocked, id=10868, stack(0x000000fe8df00000,0x000000fe8e000000)]
  0x0000021d15ddf800 JavaThread "Unconstrained build operations Thread 121" [_thread_blocked, id=5632, stack(0x000000fe8e000000,0x000000fe8e100000)]
  0x0000021d15de2000 JavaThread "Unconstrained build operations Thread 122" [_thread_blocked, id=14128, stack(0x000000fe8e100000,0x000000fe8e200000)]
  0x0000021d15de1800 JavaThread "Unconstrained build operations Thread 123" [_thread_blocked, id=6660, stack(0x000000fe8e200000,0x000000fe8e300000)]
  0x0000021d15de3000 JavaThread "Unconstrained build operations Thread 124" [_thread_blocked, id=14292, stack(0x000000fe8e300000,0x000000fe8e400000)]
  0x0000021d15ddd800 JavaThread "Unconstrained build operations Thread 125" [_thread_blocked, id=13348, stack(0x000000fe8e400000,0x000000fe8e500000)]
  0x0000021d15de4000 JavaThread "Unconstrained build operations Thread 126" [_thread_blocked, id=14168, stack(0x000000fe8e500000,0x000000fe8e600000)]
  0x0000021d15dde000 JavaThread "Unconstrained build operations Thread 127" [_thread_blocked, id=15552, stack(0x000000fe8e600000,0x000000fe8e700000)]
  0x0000021d15de4800 JavaThread "Unconstrained build operations Thread 128" [_thread_blocked, id=15916, stack(0x000000fe8e700000,0x000000fe8e800000)]
  0x0000021d15de8800 JavaThread "Unconstrained build operations Thread 129" [_thread_blocked, id=13084, stack(0x000000fe8e800000,0x000000fe8e900000)]
  0x0000021d15de5800 JavaThread "Unconstrained build operations Thread 130" [_thread_blocked, id=9844, stack(0x000000fe8e900000,0x000000fe8ea00000)]
  0x0000021d15de8000 JavaThread "Unconstrained build operations Thread 131" [_thread_blocked, id=1832, stack(0x000000fe8ea00000,0x000000fe8eb00000)]
  0x0000021d15de6000 JavaThread "Unconstrained build operations Thread 132" [_thread_blocked, id=14500, stack(0x000000fe8eb00000,0x000000fe8ec00000)]
  0x0000021d15de7000 JavaThread "Unconstrained build operations Thread 133" [_thread_blocked, id=12372, stack(0x000000fe8ec00000,0x000000fe8ed00000)]
  0x0000021d1638e000 JavaThread "Unconstrained build operations Thread 134" [_thread_blocked, id=16872, stack(0x000000fe8ed00000,0x000000fe8ee00000)]
  0x0000021d1638f000 JavaThread "Unconstrained build operations Thread 135" [_thread_blocked, id=15528, stack(0x000000fe8ee00000,0x000000fe8ef00000)]
  0x0000021d16389000 JavaThread "jar transforms Thread 4" [_thread_blocked, id=16156, stack(0x000000fe8ef00000,0x000000fe8f000000)]
  0x0000021d1638c800 JavaThread "jar transforms Thread 5" [_thread_blocked, id=12048, stack(0x000000fe8f000000,0x000000fe8f100000)]
  0x0000021d1638b800 JavaThread "jar transforms Thread 6" [_thread_blocked, id=380, stack(0x000000fe8f100000,0x000000fe8f200000)]
  0x0000021d1638d000 JavaThread "jar transforms Thread 7" [_thread_blocked, id=11640, stack(0x000000fe8f200000,0x000000fe8f300000)]
  0x0000021d1638f800 JavaThread "jar transforms Thread 8" [_thread_blocked, id=16656, stack(0x000000fe8f300000,0x000000fe8f400000)]
  0x0000021d1638a000 JavaThread "jar transforms Thread 9" [_thread_blocked, id=11212, stack(0x000000fe8f400000,0x000000fe8f500000)]
  0x0000021d16390800 JavaThread "jar transforms Thread 10" [_thread_blocked, id=9472, stack(0x000000fe8f500000,0x000000fe8f600000)]
  0x0000021d1638b000 JavaThread "jar transforms Thread 11" [_thread_blocked, id=16752, stack(0x000000fe8f600000,0x000000fe8f700000)]
  0x0000021d16397000 JavaThread "jar transforms Thread 12" [_thread_blocked, id=5912, stack(0x000000fe8f700000,0x000000fe8f800000)]
  0x0000021d16392000 JavaThread "jar transforms Thread 13" [_thread_blocked, id=14396, stack(0x000000fe8f800000,0x000000fe8f900000)]
  0x0000021d16394800 JavaThread "jar transforms Thread 14" [_thread_blocked, id=17144, stack(0x000000fe8f900000,0x000000fe8fa00000)]
  0x0000021d16391800 JavaThread "jar transforms Thread 15" [_thread_blocked, id=10108, stack(0x000000fe8fa00000,0x000000fe8fb00000)]
  0x0000021d16393000 JavaThread "jar transforms Thread 16" [_thread_blocked, id=16116, stack(0x000000fe8fb00000,0x000000fe8fc00000)]
  0x0000021d16398800 JavaThread "Memory manager" [_thread_blocked, id=7992, stack(0x000000fe8fc00000,0x000000fe8fd00000)]
  0x0000021d16393800 JavaThread "build event listener" [_thread_blocked, id=14096, stack(0x000000fe8fd00000,0x000000fe8fe00000)]
  0x0000021d16399800 JavaThread "Execution worker for ':'" [_thread_blocked, id=8348, stack(0x000000fe8fe00000,0x000000fe8ff00000)]
  0x0000021d1639a800 JavaThread "Execution worker for ':' Thread 2" [_thread_blocked, id=12740, stack(0x000000fe8ff00000,0x000000fe90000000)]
  0x0000021d1639b000 JavaThread "Execution worker for ':' Thread 3" [_thread_blocked, id=13060, stack(0x000000fe90000000,0x000000fe90100000)]
  0x0000021d16396000 JavaThread "Execution worker for ':' Thread 4" [_thread_blocked, id=4716, stack(0x000000fe90100000,0x000000fe90200000)]
  0x0000021d1639c000 JavaThread "Execution worker for ':' Thread 5" [_thread_blocked, id=16016, stack(0x000000fe90200000,0x000000fe90300000)]
  0x0000021d1639c800 JavaThread "Execution worker for ':' Thread 6" [_thread_blocked, id=3576, stack(0x000000fe90300000,0x000000fe90400000)]
  0x0000021d1639d800 JavaThread "Execution worker for ':' Thread 7" [_thread_blocked, id=4668, stack(0x000000fe90400000,0x000000fe90500000)]
  0x0000021d16398000 JavaThread "Execution worker for ':' Thread 8" [_thread_blocked, id=2036, stack(0x000000fe90500000,0x000000fe90600000)]
  0x0000021d1639e800 JavaThread "Execution worker for ':' Thread 9" [_thread_blocked, id=3388, stack(0x000000fe90600000,0x000000fe90700000)]
  0x0000021d163a3800 JavaThread "Execution worker for ':' Thread 10" [_thread_blocked, id=3984, stack(0x000000fe90700000,0x000000fe90800000)]
  0x0000021d163a5000 JavaThread "Execution worker for ':' Thread 11" [_thread_blocked, id=13224, stack(0x000000fe90800000,0x000000fe90900000)]
  0x0000021d1639f000 JavaThread "Execution worker for ':' Thread 12" [_thread_blocked, id=176, stack(0x000000fe90900000,0x000000fe90a00000)]
  0x0000021d163a5800 JavaThread "Execution worker for ':' Thread 13" [_thread_blocked, id=16140, stack(0x000000fe90a00000,0x000000fe90b00000)]
  0x0000021d163a0000 JavaThread "Execution worker for ':' Thread 14" [_thread_blocked, id=12972, stack(0x000000fe90b00000,0x000000fe90c00000)]
  0x0000021d163a1000 JavaThread "Execution worker for ':' Thread 15" [_thread_blocked, id=5276, stack(0x000000fe90c00000,0x000000fe90d00000)]
  0x0000021d163a1800 JavaThread "Cache worker for execution history cache (D:\NT118_PTUDDD\Lab\Lab03\.gradle\7.3.3\executionHistory)" [_thread_blocked, id=5880, stack(0x000000fe90d00000,0x000000fe90e00000)]
  0x0000021d163a6800 JavaThread "Unconstrained build operations Thread 136" [_thread_blocked, id=16264, stack(0x000000fe90e00000,0x000000fe90f00000)]
  0x0000021d163a7800 JavaThread "Unconstrained build operations Thread 137" [_thread_blocked, id=5156, stack(0x000000fe90f00000,0x000000fe91000000)]
  0x0000021d163a4000 JavaThread "Unconstrained build operations Thread 138" [_thread_blocked, id=8828, stack(0x000000fe91000000,0x000000fe91100000)]
  0x0000021d163a8000 JavaThread "Unconstrained build operations Thread 139" [_thread_blocked, id=10300, stack(0x000000fe91100000,0x000000fe91200000)]
  0x0000021d163a2800 JavaThread "Unconstrained build operations Thread 140" [_thread_blocked, id=14052, stack(0x000000fe91200000,0x000000fe91300000)]
  0x0000021d195dd000 JavaThread "Unconstrained build operations Thread 141" [_thread_blocked, id=8556, stack(0x000000fe91300000,0x000000fe91400000)]
  0x0000021d195e2000 JavaThread "Unconstrained build operations Thread 142" [_thread_blocked, id=5236, stack(0x000000fe91400000,0x000000fe91500000)]
  0x0000021d195e1000 JavaThread "Unconstrained build operations Thread 143" [_thread_blocked, id=10436, stack(0x000000fe91500000,0x000000fe91600000)]
  0x0000021d195dc800 JavaThread "Unconstrained build operations Thread 144" [_thread_blocked, id=13684, stack(0x000000fe91600000,0x000000fe91700000)]
  0x0000021d195de800 JavaThread "Unconstrained build operations Thread 145" [_thread_blocked, id=10412, stack(0x000000fe91700000,0x000000fe91800000)]
  0x0000021d195e3000 JavaThread "Unconstrained build operations Thread 146" [_thread_blocked, id=3784, stack(0x000000fe91800000,0x000000fe91900000)]
  0x0000021d195e3800 JavaThread "Unconstrained build operations Thread 147" [_thread_blocked, id=2304, stack(0x000000fe91900000,0x000000fe91a00000)]
  0x0000021d195de000 JavaThread "Unconstrained build operations Thread 148" [_thread_blocked, id=12140, stack(0x000000fe91a00000,0x000000fe91b00000)]
  0x0000021d195e4800 JavaThread "Unconstrained build operations Thread 149" [_thread_blocked, id=3860, stack(0x000000fe91b00000,0x000000fe91c00000)]
  0x0000021d195e5800 JavaThread "Unconstrained build operations Thread 150" [_thread_blocked, id=7664, stack(0x000000fe91c00000,0x000000fe91d00000)]
  0x0000021d195df800 JavaThread "Unconstrained build operations Thread 151" [_thread_blocked, id=13032, stack(0x000000fe91d00000,0x000000fe91e00000)]
  0x0000021d195e0800 JavaThread "Unconstrained build operations Thread 152" [_thread_blocked, id=13644, stack(0x000000fe91e00000,0x000000fe91f00000)]
  0x0000021d195e7800 JavaThread "Unconstrained build operations Thread 153" [_thread_blocked, id=16724, stack(0x000000fe91f00000,0x000000fe92000000)]
  0x0000021d195eb000 JavaThread "Unconstrained build operations Thread 154" [_thread_blocked, id=17016, stack(0x000000fe92000000,0x000000fe92100000)]
  0x0000021d195e6000 JavaThread "Unconstrained build operations Thread 155" [_thread_blocked, id=16352, stack(0x000000fe92100000,0x000000fe92200000)]
  0x0000021d195e7000 JavaThread "Unconstrained build operations Thread 156" [_thread_blocked, id=16540, stack(0x000000fe92200000,0x000000fe92300000)]
  0x0000021d195e8800 JavaThread "Unconstrained build operations Thread 157" [_thread_blocked, id=13672, stack(0x000000fe92300000,0x000000fe92400000)]
  0x0000021d195e9800 JavaThread "Unconstrained build operations Thread 158" [_thread_blocked, id=4144, stack(0x000000fe92400000,0x000000fe92500000)]
  0x0000021d195ea000 JavaThread "Unconstrained build operations Thread 159" [_thread_blocked, id=2208, stack(0x000000fe92500000,0x000000fe92600000)]
  0x0000021d19809800 JavaThread "Unconstrained build operations Thread 160" [_thread_blocked, id=8148, stack(0x000000fe92600000,0x000000fe92700000)]

Other Threads:
=>0x0000021d0fe92000 VMThread "VM Thread" [stack: 0x000000fe83100000,0x000000fe83200000] [id=11396]
  0x0000021d109de800 WatcherThread [stack: 0x000000fe83c00000,0x000000fe83d00000] [id=6016]
  0x0000021d72ed5800 GCTaskThread "GC Thread#0" [stack: 0x000000fe82c00000,0x000000fe82d00000] [id=17060]
  0x0000021d1160c000 GCTaskThread "GC Thread#1" [stack: 0x000000fe84100000,0x000000fe84200000] [id=7008]
  0x0000021d1272f800 GCTaskThread "GC Thread#2" [stack: 0x000000fe84400000,0x000000fe84500000] [id=9636]
  0x0000021d1317f800 GCTaskThread "GC Thread#3" [stack: 0x000000fe84500000,0x000000fe84600000] [id=2152]
  0x0000021d12d22800 GCTaskThread "GC Thread#4" [stack: 0x000000fe84600000,0x000000fe84700000] [id=1196]
  0x0000021d11a46000 GCTaskThread "GC Thread#5" [stack: 0x000000fe84700000,0x000000fe84800000] [id=15716]
  0x0000021d12a42000 GCTaskThread "GC Thread#6" [stack: 0x000000fe84800000,0x000000fe84900000] [id=11444]
  0x0000021d129f5000 GCTaskThread "GC Thread#7" [stack: 0x000000fe84900000,0x000000fe84a00000] [id=15560]
  0x0000021d137c3800 GCTaskThread "GC Thread#8" [stack: 0x000000fe85400000,0x000000fe85500000] [id=11664]
  0x0000021d138c4000 GCTaskThread "GC Thread#9" [stack: 0x000000fe85500000,0x000000fe85600000] [id=15104]
  0x0000021d1273e000 GCTaskThread "GC Thread#10" [stack: 0x000000fe85600000,0x000000fe85700000] [id=15692]
  0x0000021d1323b800 GCTaskThread "GC Thread#11" [stack: 0x000000fe85700000,0x000000fe85800000] [id=16304]
  0x0000021d13237800 GCTaskThread "GC Thread#12" [stack: 0x000000fe85800000,0x000000fe85900000] [id=9860]
  0x0000021d72f08800 ConcurrentGCThread "G1 Main Marker" [stack: 0x000000fe82d00000,0x000000fe82e00000] [id=12000]
  0x0000021d72f0c000 ConcurrentGCThread "G1 Conc#0" [stack: 0x000000fe82e00000,0x000000fe82f00000] [id=4972]
  0x0000021d13239000 ConcurrentGCThread "G1 Conc#1" [stack: 0x000000fe85900000,0x000000fe85a00000] [id=13636]
  0x0000021d13239800 ConcurrentGCThread "G1 Conc#2" [stack: 0x000000fe85a00000,0x000000fe85b00000] [id=12220]
  0x0000021d0fce1800 ConcurrentGCThread "G1 Refine#0" [stack: 0x000000fe82f00000,0x000000fe83000000] [id=16984]
  0x0000021d72f8c000 ConcurrentGCThread "G1 Young RemSet Sampling" [stack: 0x000000fe83000000,0x000000fe83100000] [id=8728]

Threads with active compile tasks:
C2 CompilerThread0  10668 10991       4       com.google.common.collect.ImmutableSortedMap$1::compare (13 bytes)
C2 CompilerThread1  10668 10893       4       org.gradle.api.internal.artifacts.transform.ConsumerProvidedVariantFinder::matchAttributes (68 bytes)

VM state:at safepoint (normal execution)

VM Mutex/Monitor currently owned by a thread:  ([mutex/lock_event])
[0x0000021d72eb7840] Threads_lock - owner thread: 0x0000021d0fe92000
[0x0000021d72eb6640] Heap_lock - owner thread: 0x0000021d181be800

Heap address: 0x0000000080000000, size: 2048 MB, Compressed Oops mode: 32-bit
Narrow klass base: 0x0000000000000000, Narrow klass shift: 3
Compressed class space size: 1073741824 Address: 0x0000000100000000

Heap:
 garbage-first heap   total 175104K, used 75008K [0x0000000080000000, 0x0000000100000000)
  region size 1024K, 4 young (4096K), 4 survivors (4096K)
 Metaspace       used 83072K, capacity 85347K, committed 85564K, reserved 1124352K
  class space    used 10867K, capacity 11751K, committed 11776K, reserved 1048576K
Heap Regions: E=young(eden), S=young(survivor), O=old, HS=humongous(starts), HC=humongous(continues), CS=collection set, F=free, A=archive, TAMS=top-at-mark-start (previous, next)
|   0|0x0000000080000000, 0x0000000080100000, 0x0000000080100000|100%| O|  |TAMS 0x0000000080100000, 0x0000000080100000| Untracked 
|   1|0x0000000080100000, 0x0000000080200000, 0x0000000080200000|100%| O|  |TAMS 0x0000000080200000, 0x0000000080200000| Untracked 
|   2|0x0000000080200000, 0x0000000080300000, 0x0000000080300000|100%| O|  |TAMS 0x0000000080300000, 0x0000000080300000| Untracked 
|   3|0x0000000080300000, 0x0000000080400000, 0x0000000080400000|100%|HS|  |TAMS 0x0000000080400000, 0x0000000080400000| Complete 
|   4|0x0000000080400000, 0x0000000080500000, 0x0000000080500000|100%|HC|  |TAMS 0x0000000080500000, 0x0000000080500000| Complete 
|   5|0x0000000080500000, 0x0000000080600000, 0x0000000080600000|100%|HC|  |TAMS 0x0000000080600000, 0x0000000080600000| Complete 
|   6|0x0000000080600000, 0x0000000080700000, 0x0000000080700000|100%| O|  |TAMS 0x0000000080700000, 0x0000000080700000| Untracked 
|   7|0x0000000080700000, 0x0000000080800000, 0x0000000080800000|100%| O|  |TAMS 0x0000000080800000, 0x0000000080800000| Untracked 
|   8|0x0000000080800000, 0x0000000080900000, 0x0000000080900000|100%| O|  |TAMS 0x0000000080900000, 0x0000000080900000| Untracked 
|   9|0x0000000080900000, 0x0000000080a00000, 0x0000000080a00000|100%| O|  |TAMS 0x0000000080a00000, 0x0000000080a00000| Untracked 
|  10|0x0000000080a00000, 0x0000000080b00000, 0x0000000080b00000|100%| O|  |TAMS 0x0000000080b00000, 0x0000000080b00000| Untracked 
|  11|0x0000000080b00000, 0x0000000080c00000, 0x0000000080c00000|100%| O|  |TAMS 0x0000000080c00000, 0x0000000080c00000| Untracked 
|  12|0x0000000080c00000, 0x0000000080d00000, 0x0000000080d00000|100%| O|  |TAMS 0x0000000080d00000, 0x0000000080d00000| Untracked 
|  13|0x0000000080d00000, 0x0000000080e00000, 0x0000000080e00000|100%| O|  |TAMS 0x0000000080e00000, 0x0000000080e00000| Untracked 
|  14|0x0000000080e00000, 0x0000000080f00000, 0x0000000080f00000|100%| O|  |TAMS 0x0000000080f00000, 0x0000000080f00000| Untracked 
|  15|0x0000000080f00000, 0x0000000081000000, 0x0000000081000000|100%| O|  |TAMS 0x0000000081000000, 0x0000000081000000| Untracked 
|  16|0x0000000081000000, 0x0000000081100000, 0x0000000081100000|100%| O|  |TAMS 0x0000000081100000, 0x0000000081100000| Untracked 
|  17|0x0000000081100000, 0x0000000081200000, 0x0000000081200000|100%|HS|  |TAMS 0x0000000081200000, 0x0000000081200000| Complete 
|  18|0x0000000081200000, 0x0000000081300000, 0x0000000081300000|100%| O|  |TAMS 0x0000000081300000, 0x0000000081300000| Untracked 
|  19|0x0000000081300000, 0x0000000081400000, 0x0000000081400000|100%| O|  |TAMS 0x0000000081400000, 0x0000000081400000| Untracked 
|  20|0x0000000081400000, 0x0000000081500000, 0x0000000081500000|100%| O|  |TAMS 0x0000000081500000, 0x0000000081500000| Untracked 
|  21|0x0000000081500000, 0x0000000081600000, 0x0000000081600000|100%| O|  |TAMS 0x0000000081600000, 0x0000000081600000| Untracked 
|  22|0x0000000081600000, 0x0000000081700000, 0x0000000081700000|100%| O|  |TAMS 0x0000000081700000, 0x0000000081700000| Untracked 
|  23|0x0000000081700000, 0x0000000081800000, 0x0000000081800000|100%| O|  |TAMS 0x0000000081800000, 0x0000000081800000| Untracked 
|  24|0x0000000081800000, 0x0000000081900000, 0x0000000081900000|100%| O|  |TAMS 0x0000000081900000, 0x0000000081900000| Untracked 
|  25|0x0000000081900000, 0x0000000081a00000, 0x0000000081a00000|100%| O|  |TAMS 0x0000000081a00000, 0x0000000081a00000| Untracked 
|  26|0x0000000081a00000, 0x0000000081b00000, 0x0000000081b00000|100%| O|  |TAMS 0x0000000081b00000, 0x0000000081b00000| Untracked 
|  27|0x0000000081b00000, 0x0000000081c00000, 0x0000000081c00000|100%| O|  |TAMS 0x0000000081c00000, 0x0000000081c00000| Untracked 
|  28|0x0000000081c00000, 0x0000000081d00000, 0x0000000081d00000|100%|HS|  |TAMS 0x0000000081d00000, 0x0000000081d00000| Complete 
|  29|0x0000000081d00000, 0x0000000081e00000, 0x0000000081e00000|100%|HS|  |TAMS 0x0000000081e00000, 0x0000000081e00000| Complete 
|  30|0x0000000081e00000, 0x0000000081f00000, 0x0000000081f00000|100%|HC|  |TAMS 0x0000000081f00000, 0x0000000081f00000| Complete 
|  31|0x0000000081f00000, 0x0000000082000000, 0x0000000082000000|100%| O|  |TAMS 0x0000000082000000, 0x0000000082000000| Untracked 
|  32|0x0000000082000000, 0x0000000082100000, 0x0000000082100000|100%| O|  |TAMS 0x0000000082100000, 0x0000000082100000| Untracked 
|  33|0x0000000082100000, 0x0000000082200000, 0x0000000082200000|100%| O|  |TAMS 0x0000000082200000, 0x0000000082200000| Untracked 
|  34|0x0000000082200000, 0x0000000082300000, 0x0000000082300000|100%| O|  |TAMS 0x0000000082300000, 0x0000000082300000| Untracked 
|  35|0x0000000082300000, 0x0000000082400000, 0x0000000082400000|100%| O|  |TAMS 0x0000000082400000, 0x0000000082400000| Untracked 
|  36|0x0000000082400000, 0x0000000082500000, 0x0000000082500000|100%| O|  |TAMS 0x0000000082500000, 0x0000000082500000| Untracked 
|  37|0x0000000082500000, 0x0000000082600000, 0x0000000082600000|100%| O|  |TAMS 0x0000000082600000, 0x0000000082600000| Untracked 
|  38|0x0000000082600000, 0x0000000082700000, 0x0000000082700000|100%| O|  |TAMS 0x0000000082700000, 0x0000000082700000| Untracked 
|  39|0x0000000082700000, 0x0000000082800000, 0x0000000082800000|100%| O|  |TAMS 0x0000000082800000, 0x0000000082800000| Untracked 
|  40|0x0000000082800000, 0x0000000082900000, 0x0000000082900000|100%| O|  |TAMS 0x0000000082900000, 0x0000000082900000| Untracked 
|  41|0x0000000082900000, 0x0000000082a00000, 0x0000000082a00000|100%| O|  |TAMS 0x0000000082a00000, 0x0000000082a00000| Untracked 
|  42|0x0000000082a00000, 0x0000000082b00000, 0x0000000082b00000|100%| O|  |TAMS 0x0000000082aed800, 0x0000000082b00000| Untracked 
|  43|0x0000000082b00000, 0x0000000082c00000, 0x0000000082c00000|100%| O|  |TAMS 0x0000000082b00000, 0x0000000082c00000| Untracked 
|  44|0x0000000082c00000, 0x0000000082d00000, 0x0000000082d00000|100%| O|  |TAMS 0x0000000082c00000, 0x0000000082d00000| Untracked 
|  45|0x0000000082d00000, 0x0000000082e00000, 0x0000000082e00000|100%| O|  |TAMS 0x0000000082d00000, 0x0000000082e00000| Untracked 
|  46|0x0000000082e00000, 0x0000000082f00000, 0x0000000082f00000|100%| O|  |TAMS 0x0000000082e00000, 0x0000000082f00000| Untracked 
|  47|0x0000000082f00000, 0x0000000083000000, 0x0000000083000000|100%| O|  |TAMS 0x0000000082f00000, 0x0000000083000000| Untracked 
|  48|0x0000000083000000, 0x0000000083100000, 0x0000000083100000|100%| O|  |TAMS 0x0000000083000000, 0x0000000083100000| Untracked 
|  49|0x0000000083100000, 0x0000000083200000, 0x0000000083200000|100%| O|  |TAMS 0x0000000083100000, 0x0000000083200000| Untracked 
|  50|0x0000000083200000, 0x0000000083300000, 0x0000000083300000|100%| O|  |TAMS 0x0000000083200000, 0x0000000083300000| Untracked 
|  51|0x0000000083300000, 0x0000000083400000, 0x0000000083400000|100%| O|  |TAMS 0x0000000083300000, 0x0000000083400000| Untracked 
|  52|0x0000000083400000, 0x0000000083500000, 0x0000000083500000|100%| O|  |TAMS 0x0000000083400000, 0x0000000083500000| Untracked 
|  53|0x0000000083500000, 0x0000000083600000, 0x0000000083600000|100%| O|  |TAMS 0x0000000083500000, 0x0000000083600000| Untracked 
|  54|0x0000000083600000, 0x0000000083700000, 0x0000000083700000|100%| O|  |TAMS 0x0000000083600000, 0x0000000083700000| Untracked 
|  55|0x0000000083700000, 0x0000000083800000, 0x0000000083800000|100%| O|  |TAMS 0x0000000083700000, 0x0000000083800000| Untracked 
|  56|0x0000000083800000, 0x0000000083900000, 0x0000000083900000|100%| O|  |TAMS 0x0000000083800000, 0x0000000083900000| Untracked 
|  57|0x0000000083900000, 0x0000000083a00000, 0x0000000083a00000|100%| O|  |TAMS 0x0000000083900000, 0x0000000083a00000| Untracked 
|  58|0x0000000083a00000, 0x0000000083b00000, 0x0000000083b00000|100%| O|  |TAMS 0x0000000083a00000, 0x0000000083b00000| Untracked 
|  59|0x0000000083b00000, 0x0000000083c00000, 0x0000000083c00000|100%| O|  |TAMS 0x0000000083b00000, 0x0000000083c00000| Untracked 
|  60|0x0000000083c00000, 0x0000000083d00000, 0x0000000083d00000|100%| O|  |TAMS 0x0000000083c00000, 0x0000000083d00000| Untracked 
|  61|0x0000000083d00000, 0x0000000083e00000, 0x0000000083e00000|100%| O|  |TAMS 0x0000000083d00000, 0x0000000083e00000| Untracked 
|  62|0x0000000083e00000, 0x0000000083f00000, 0x0000000083f00000|100%| O|  |TAMS 0x0000000083e00000, 0x0000000083f00000| Untracked 
|  63|0x0000000083f00000, 0x0000000084000000, 0x0000000084000000|100%| O|  |TAMS 0x0000000083f00000, 0x0000000084000000| Untracked 
|  64|0x0000000084000000, 0x0000000084100000, 0x0000000084100000|100%| O|  |TAMS 0x0000000084000000, 0x0000000084100000| Untracked 
|  65|0x0000000084100000, 0x0000000084200000, 0x0000000084200000|100%| O|  |TAMS 0x0000000084100000, 0x0000000084200000| Untracked 
|  66|0x0000000084200000, 0x0000000084300000, 0x0000000084300000|100%| O|  |TAMS 0x0000000084200000, 0x0000000084300000| Untracked 
|  67|0x0000000084300000, 0x0000000084400000, 0x0000000084400000|100%| O|  |TAMS 0x0000000084300000, 0x0000000084400000| Untracked 
|  68|0x0000000084400000, 0x0000000084500000, 0x0000000084500000|100%| O|  |TAMS 0x0000000084400000, 0x0000000084500000| Untracked 
|  69|0x0000000084500000, 0x0000000084600000, 0x0000000084600000|100%| O|  |TAMS 0x0000000084500000, 0x0000000084600000| Untracked 
|  70|0x0000000084600000, 0x000000008462ea00, 0x0000000084700000| 18%| O|  |TAMS 0x0000000084600000, 0x000000008462ea00| Untracked 
|  71|0x0000000084700000, 0x0000000084700000, 0x0000000084800000|  0%| F|  |TAMS 0x0000000084700000, 0x0000000084700000| Untracked 
|  72|0x0000000084800000, 0x0000000084800000, 0x0000000084900000|  0%| F|  |TAMS 0x0000000084800000, 0x0000000084800000| Untracked 
|  73|0x0000000084900000, 0x0000000084900000, 0x0000000084a00000|  0%| F|  |TAMS 0x0000000084900000, 0x0000000084900000| Untracked 
|  74|0x0000000084a00000, 0x0000000084a00000, 0x0000000084b00000|  0%| F|  |TAMS 0x0000000084a00000, 0x0000000084a00000| Untracked 
|  75|0x0000000084b00000, 0x0000000084b00000, 0x0000000084c00000|  0%| F|  |TAMS 0x0000000084b00000, 0x0000000084b00000| Untracked 
|  76|0x0000000084c00000, 0x0000000084c00000, 0x0000000084d00000|  0%| F|  |TAMS 0x0000000084c00000, 0x0000000084c00000| Untracked 
|  77|0x0000000084d00000, 0x0000000084d00000, 0x0000000084e00000|  0%| F|  |TAMS 0x0000000084d00000, 0x0000000084d00000| Untracked 
|  78|0x0000000084e00000, 0x0000000084e00000, 0x0000000084f00000|  0%| F|  |TAMS 0x0000000084e00000, 0x0000000084e00000| Untracked 
|  79|0x0000000084f00000, 0x0000000084f00000, 0x0000000085000000|  0%| F|  |TAMS 0x0000000084f00000, 0x0000000084f00000| Untracked 
|  80|0x0000000085000000, 0x0000000085000000, 0x0000000085100000|  0%| F|  |TAMS 0x0000000085000000, 0x0000000085000000| Untracked 
|  81|0x0000000085100000, 0x0000000085100000, 0x0000000085200000|  0%| F|  |TAMS 0x0000000085100000, 0x0000000085100000| Untracked 
|  82|0x0000000085200000, 0x0000000085200000, 0x0000000085300000|  0%| F|  |TAMS 0x0000000085200000, 0x0000000085200000| Untracked 
|  83|0x0000000085300000, 0x0000000085300000, 0x0000000085400000|  0%| F|  |TAMS 0x0000000085300000, 0x0000000085300000| Untracked 
|  84|0x0000000085400000, 0x0000000085400000, 0x0000000085500000|  0%| F|  |TAMS 0x0000000085400000, 0x0000000085400000| Untracked 
|  85|0x0000000085500000, 0x0000000085500000, 0x0000000085600000|  0%| F|  |TAMS 0x0000000085500000, 0x0000000085500000| Untracked 
|  86|0x0000000085600000, 0x0000000085600000, 0x0000000085700000|  0%| F|  |TAMS 0x0000000085600000, 0x0000000085600000| Untracked 
|  87|0x0000000085700000, 0x0000000085700000, 0x0000000085800000|  0%| F|  |TAMS 0x0000000085700000, 0x0000000085700000| Untracked 
|  88|0x0000000085800000, 0x0000000085800000, 0x0000000085900000|  0%| F|  |TAMS 0x0000000085800000, 0x0000000085800000| Untracked 
|  89|0x0000000085900000, 0x0000000085900000, 0x0000000085a00000|  0%| F|  |TAMS 0x0000000085900000, 0x0000000085900000| Untracked 
|  90|0x0000000085a00000, 0x0000000085a00000, 0x0000000085b00000|  0%| F|  |TAMS 0x0000000085a00000, 0x0000000085a00000| Untracked 
|  91|0x0000000085b00000, 0x0000000085b11610, 0x0000000085c00000|  6%| S|CS|TAMS 0x0000000085b00000, 0x0000000085b00000| Complete 
|  92|0x0000000085c00000, 0x0000000085c00000, 0x0000000085d00000|  0%| F|  |TAMS 0x0000000085c00000, 0x0000000085c00000| Untracked 
|  93|0x0000000085d00000, 0x0000000085d00000, 0x0000000085e00000|  0%| F|  |TAMS 0x0000000085d00000, 0x0000000085d00000| Untracked 
|  94|0x0000000085e00000, 0x0000000085f00000, 0x0000000085f00000|100%| S|CS|TAMS 0x0000000085e00000, 0x0000000085e00000| Complete 
|  95|0x0000000085f00000, 0x0000000086000000, 0x0000000086000000|100%| S|CS|TAMS 0x0000000085f00000, 0x0000000085f00000| Complete 
|  96|0x0000000086000000, 0x0000000086100000, 0x0000000086100000|100%| S|CS|TAMS 0x0000000086000000, 0x0000000086000000| Complete 
|  97|0x0000000086100000, 0x0000000086100000, 0x0000000086200000|  0%| F|  |TAMS 0x0000000086100000, 0x0000000086100000| Untracked 
|  98|0x0000000086200000, 0x0000000086200000, 0x0000000086300000|  0%| F|  |TAMS 0x0000000086200000, 0x0000000086200000| Untracked 
|  99|0x0000000086300000, 0x0000000086300000, 0x0000000086400000|  0%| F|  |TAMS 0x0000000086300000, 0x0000000086300000| Untracked 
| 100|0x0000000086400000, 0x0000000086400000, 0x0000000086500000|  0%| F|  |TAMS 0x0000000086400000, 0x0000000086400000| Untracked 
| 101|0x0000000086500000, 0x0000000086500000, 0x0000000086600000|  0%| F|  |TAMS 0x0000000086500000, 0x0000000086500000| Untracked 
| 102|0x0000000086600000, 0x0000000086600000, 0x0000000086700000|  0%| F|  |TAMS 0x0000000086600000, 0x0000000086600000| Untracked 
| 103|0x0000000086700000, 0x0000000086700000, 0x0000000086800000|  0%| F|  |TAMS 0x0000000086700000, 0x0000000086700000| Untracked 
| 104|0x0000000086800000, 0x0000000086800000, 0x0000000086900000|  0%| F|  |TAMS 0x0000000086800000, 0x0000000086800000| Untracked 
| 105|0x0000000086900000, 0x0000000086900000, 0x0000000086a00000|  0%| F|  |TAMS 0x0000000086900000, 0x0000000086900000| Untracked 
| 106|0x0000000086a00000, 0x0000000086a00000, 0x0000000086b00000|  0%| F|  |TAMS 0x0000000086a00000, 0x0000000086a00000| Untracked 
| 107|0x0000000086b00000, 0x0000000086b00000, 0x0000000086c00000|  0%| F|  |TAMS 0x0000000086b00000, 0x0000000086b00000| Untracked 
| 108|0x0000000086c00000, 0x0000000086c00000, 0x0000000086d00000|  0%| F|  |TAMS 0x0000000086c00000, 0x0000000086c00000| Untracked 
| 109|0x0000000086d00000, 0x0000000086d00000, 0x0000000086e00000|  0%| F|  |TAMS 0x0000000086d00000, 0x0000000086d00000| Untracked 
| 110|0x0000000086e00000, 0x0000000086e00000, 0x0000000086f00000|  0%| F|  |TAMS 0x0000000086e00000, 0x0000000086e00000| Untracked 
| 111|0x0000000086f00000, 0x0000000086f00000, 0x0000000087000000|  0%| F|  |TAMS 0x0000000086f00000, 0x0000000086f00000| Untracked 
| 112|0x0000000087000000, 0x0000000087000000, 0x0000000087100000|  0%| F|  |TAMS 0x0000000087000000, 0x0000000087000000| Untracked 
| 113|0x0000000087100000, 0x0000000087100000, 0x0000000087200000|  0%| F|  |TAMS 0x0000000087100000, 0x0000000087100000| Untracked 
| 114|0x0000000087200000, 0x0000000087200000, 0x0000000087300000|  0%| F|  |TAMS 0x0000000087200000, 0x0000000087200000| Untracked 
| 115|0x0000000087300000, 0x0000000087300000, 0x0000000087400000|  0%| F|  |TAMS 0x0000000087300000, 0x0000000087300000| Untracked 
| 116|0x0000000087400000, 0x0000000087400000, 0x0000000087500000|  0%| F|  |TAMS 0x0000000087400000, 0x0000000087400000| Untracked 
| 117|0x0000000087500000, 0x0000000087500000, 0x0000000087600000|  0%| F|  |TAMS 0x0000000087500000, 0x0000000087500000| Untracked 
| 118|0x0000000087600000, 0x0000000087600000, 0x0000000087700000|  0%| F|  |TAMS 0x0000000087600000, 0x0000000087600000| Untracked 
| 119|0x0000000087700000, 0x0000000087700000, 0x0000000087800000|  0%| F|  |TAMS 0x0000000087700000, 0x0000000087700000| Untracked 
| 120|0x0000000087800000, 0x0000000087800000, 0x0000000087900000|  0%| F|  |TAMS 0x0000000087800000, 0x0000000087800000| Untracked 
| 121|0x0000000087900000, 0x0000000087900000, 0x0000000087a00000|  0%| F|  |TAMS 0x0000000087900000, 0x0000000087900000| Untracked 
| 122|0x0000000087a00000, 0x0000000087a00000, 0x0000000087b00000|  0%| F|  |TAMS 0x0000000087a00000, 0x0000000087a00000| Untracked 
| 123|0x0000000087b00000, 0x0000000087b00000, 0x0000000087c00000|  0%| F|  |TAMS 0x0000000087b00000, 0x0000000087b00000| Untracked 
| 124|0x0000000087c00000, 0x0000000087c00000, 0x0000000087d00000|  0%| F|  |TAMS 0x0000000087c00000, 0x0000000087c00000| Untracked 
| 125|0x0000000087d00000, 0x0000000087d00000, 0x0000000087e00000|  0%| F|  |TAMS 0x0000000087d00000, 0x0000000087d00000| Untracked 
| 126|0x0000000087e00000, 0x0000000087e00000, 0x0000000087f00000|  0%| F|  |TAMS 0x0000000087e00000, 0x0000000087e00000| Untracked 
| 127|0x0000000087f00000, 0x0000000087f00000, 0x0000000088000000|  0%| F|  |TAMS 0x0000000087f00000, 0x0000000087f00000| Untracked 
| 128|0x0000000088000000, 0x0000000088000000, 0x0000000088100000|  0%| F|  |TAMS 0x0000000088000000, 0x0000000088000000| Untracked 
| 129|0x0000000088100000, 0x0000000088100000, 0x0000000088200000|  0%| F|  |TAMS 0x0000000088100000, 0x0000000088100000| Untracked 
| 130|0x0000000088200000, 0x0000000088200000, 0x0000000088300000|  0%| F|  |TAMS 0x0000000088200000, 0x0000000088200000| Untracked 
| 131|0x0000000088300000, 0x0000000088300000, 0x0000000088400000|  0%| F|  |TAMS 0x0000000088300000, 0x0000000088300000| Untracked 
| 132|0x0000000088400000, 0x0000000088400000, 0x0000000088500000|  0%| F|  |TAMS 0x0000000088400000, 0x0000000088400000| Untracked 
| 133|0x0000000088500000, 0x0000000088500000, 0x0000000088600000|  0%| F|  |TAMS 0x0000000088500000, 0x0000000088500000| Untracked 
| 134|0x0000000088600000, 0x0000000088600000, 0x0000000088700000|  0%| F|  |TAMS 0x0000000088600000, 0x0000000088600000| Untracked 
| 135|0x0000000088700000, 0x0000000088700000, 0x0000000088800000|  0%| F|  |TAMS 0x0000000088700000, 0x0000000088700000| Untracked 
| 136|0x0000000088800000, 0x0000000088800000, 0x0000000088900000|  0%| F|  |TAMS 0x0000000088800000, 0x0000000088800000| Untracked 
| 137|0x0000000088900000, 0x0000000088900000, 0x0000000088a00000|  0%| F|  |TAMS 0x0000000088900000, 0x0000000088900000| Untracked 
| 138|0x0000000088a00000, 0x0000000088a00000, 0x0000000088b00000|  0%| F|  |TAMS 0x0000000088a00000, 0x0000000088a00000| Untracked 
| 139|0x0000000088b00000, 0x0000000088b00000, 0x0000000088c00000|  0%| F|  |TAMS 0x0000000088b00000, 0x0000000088b00000| Untracked 
| 140|0x0000000088c00000, 0x0000000088c00000, 0x0000000088d00000|  0%| F|  |TAMS 0x0000000088c00000, 0x0000000088c00000| Untracked 
| 141|0x0000000088d00000, 0x0000000088d00000, 0x0000000088e00000|  0%| F|  |TAMS 0x0000000088d00000, 0x0000000088d00000| Untracked 

Card table byte_map: [0x0000021d79560000,0x0000021d79960000] _byte_map_base: 0x0000021d79160000

Marking Bits (Prev, Next): (CMBitMap*) 0x0000021d72effa18, (CMBitMap*) 0x0000021d72effa50
 Prev Bits: [0x0000021d79d60000, 0x0000021d7bd60000)
 Next Bits: [0x0000021d7bd60000, 0x0000021d7dd60000)

Polling page: 0x0000021d72f90000

Metaspace:

Usage:
  Non-class:     71.87 MB capacity,    70.51 MB ( 98%) used,     1.10 MB (  2%) free+waste,   265.13 KB ( <1%) overhead. 
      Class:     11.48 MB capacity,    10.61 MB ( 92%) used,   763.05 KB (  6%) free+waste,   120.38 KB (  1%) overhead. 
       Both:     83.35 MB capacity,    81.13 MB ( 97%) used,     1.84 MB (  2%) free+waste,   385.50 KB ( <1%) overhead. 

Virtual space:
  Non-class space:       74.00 MB reserved,      72.06 MB ( 97%) committed 
      Class space:        1.00 GB reserved,      11.50 MB (  1%) committed 
             Both:        1.07 GB reserved,      83.56 MB (  8%) committed 

Chunk freelists:
   Non-Class:  0 bytes
       Class:  0 bytes
        Both:  0 bytes

MaxMetaspaceSize: 17179869184.00 GB
CompressedClassSpaceSize: 1.00 GB
Initial GC threshold: 20.80 MB
Current GC threshold: 106.35 MB
CDS: off

CodeHeap 'non-profiled nmethods': size=119168Kb used=5348Kb max_used=5348Kb free=113819Kb
 bounds [0x0000021d07ba0000, 0x0000021d080e0000, 0x0000021d0f000000]
CodeHeap 'profiled nmethods': size=119168Kb used=24316Kb max_used=24316Kb free=94851Kb
 bounds [0x0000021d00740000, 0x0000021d01f00000, 0x0000021d07ba0000]
CodeHeap 'non-nmethods': size=7424Kb used=4053Kb max_used=4096Kb free=3370Kb
 bounds [0x0000021d00000000, 0x0000021d00410000, 0x0000021d00740000]
 total_blobs=11724 nmethods=10846 adapters=787
 compilation: enabled
              stopped_count=0, restarted_count=0
 full_count=0

Compilation events (20 events):
Event: 10.637 Thread 0x0000021d0feb8800 nmethod 10671 0x0000021d080d7090 code [0x0000021d080d7220, 0x0000021d080d72f8]
Event: 10.637 Thread 0x0000021d0feb8800 10643       4       java.util.ArrayDeque::pollLast (36 bytes)
Event: 10.637 Thread 0x0000021d0fe32800 10987       1       org.gradle.api.internal.artifacts.transform.TransformationStep::stepsCount (2 bytes)
Event: 10.637 Thread 0x0000021d0fe32800 nmethod 10987 0x0000021d080d7410 code [0x0000021d080d75c0, 0x0000021d080d7678]
Event: 10.638 Thread 0x0000021d0feb8800 nmethod 10643 0x0000021d080d7710 code [0x0000021d080d78a0, 0x0000021d080d7998]
Event: 10.638 Thread 0x0000021d0feb8800 10728       4       com.google.common.collect.RegularImmutableMap::size (6 bytes)
Event: 10.638 Thread 0x0000021d0feb8800 nmethod 10728 0x0000021d080d7a90 code [0x0000021d080d7c20, 0x0000021d080d7c98]
Event: 10.638 Thread 0x0000021d0feb8800 10597       4       java.lang.invoke.Invokers$Holder::linkToTargetMethod (11 bytes)
Event: 10.638 Thread 0x0000021d0feb8800 nmethod 10597 0x0000021d080d7d90 code [0x0000021d080d7f40, 0x0000021d080d8018]
Event: 10.639 Thread 0x0000021d0feb8800 10853       4       java.lang.Enum::hashCode (5 bytes)
Event: 10.639 Thread 0x0000021d0feb8800 nmethod 10853 0x0000021d080d8110 code [0x0000021d080d82a0, 0x0000021d080d8348]
Event: 10.639 Thread 0x0000021d0feb8800 10854       4       org.gradle.tooling.internal.provider.runner.ClientBuildEventGenerator$Disabled::accept (20 bytes)
Event: 10.640 Thread 0x0000021d0feb8800 nmethod 10854 0x0000021d080d8410 code [0x0000021d080d85a0, 0x0000021d080d8698]
Event: 10.640 Thread 0x0000021d0feb8800 10865       4       com.google.common.collect.ImmutableMap$Builder::<init> (23 bytes)
Event: 10.641 Thread 0x0000021d0feb8800 nmethod 10865 0x0000021d080d8810 code [0x0000021d080d89a0, 0x0000021d080d8b98]
Event: 10.641 Thread 0x0000021d0feb8800 10990       4       org.gradle.tooling.internal.provider.runner.ClientBuildEventGenerator$Disabled::accept (20 bytes)
Event: 10.643 Thread 0x0000021d0feb8800 nmethod 10990 0x0000021d080d8c90 code [0x0000021d080d8e20, 0x0000021d080d8f78]
Event: 10.643 Thread 0x0000021d0feb8800 10595       4       java.lang.invoke.DirectMethodHandle$Holder::invokeStatic (18 bytes)
Event: 10.644 Thread 0x0000021d0feb8800 nmethod 10595 0x0000021d080d9010 code [0x0000021d080d91c0, 0x0000021d080d9268]
Event: 10.644 Thread 0x0000021d0feb8800 10991       4       com.google.common.collect.ImmutableSortedMap$1::compare (13 bytes)

GC Heap History (20 events):
Event: 6.177 GC heap after
{Heap after GC invocations=11 (full 0):
 garbage-first heap   total 120832K, used 31528K [0x0000000080000000, 0x0000000100000000)
  region size 1024K, 5 young (5120K), 5 survivors (5120K)
 Metaspace       used 48312K, capacity 49573K, committed 49788K, reserved 1093632K
  class space    used 6187K, capacity 6648K, committed 6656K, reserved 1048576K
}
Event: 6.745 GC heap before
{Heap before GC invocations=11 (full 0):
 garbage-first heap   total 120832K, used 91944K [0x0000000080000000, 0x0000000100000000)
  region size 1024K, 60 young (61440K), 5 survivors (5120K)
 Metaspace       used 51936K, capacity 53291K, committed 53372K, reserved 1095680K
  class space    used 6613K, capacity 7123K, committed 7168K, reserved 1048576K
}
Event: 6.749 GC heap after
{Heap after GC invocations=12 (full 0):
 garbage-first heap   total 120832K, used 43837K [0x0000000080000000, 0x0000000100000000)
  region size 1024K, 8 young (8192K), 8 survivors (8192K)
 Metaspace       used 51936K, capacity 53291K, committed 53372K, reserved 1095680K
  class space    used 6613K, capacity 7123K, committed 7168K, reserved 1048576K
}
Event: 7.305 GC heap before
{Heap before GC invocations=12 (full 0):
 garbage-first heap   total 120832K, used 89917K [0x0000000080000000, 0x0000000100000000)
  region size 1024K, 54 young (55296K), 8 survivors (8192K)
 Metaspace       used 58393K, capacity 59788K, committed 59900K, reserved 1101824K
  class space    used 7421K, capacity 7960K, committed 8064K, reserved 1048576K
}
Event: 7.313 GC heap after
{Heap after GC invocations=13 (full 0):
 garbage-first heap   total 120832K, used 45896K [0x0000000080000000, 0x0000000100000000)
  region size 1024K, 2 young (2048K), 2 survivors (2048K)
 Metaspace       used 58393K, capacity 59788K, committed 59900K, reserved 1101824K
  class space    used 7421K, capacity 7960K, committed 8064K, reserved 1048576K
}
Event: 7.814 GC heap before
{Heap before GC invocations=14 (full 0):
 garbage-first heap   total 120832K, used 91976K [0x0000000080000000, 0x0000000100000000)
  region size 1024K, 48 young (49152K), 2 survivors (2048K)
 Metaspace       used 63685K, capacity 65187K, committed 65340K, reserved 1105920K
  class space    used 8051K, capacity 8624K, committed 8704K, reserved 1048576K
}
Event: 7.820 GC heap after
{Heap after GC invocations=15 (full 0):
 garbage-first heap   total 145408K, used 49846K [0x0000000080000000, 0x0000000100000000)
  region size 1024K, 6 young (6144K), 6 survivors (6144K)
 Metaspace       used 63685K, capacity 65187K, committed 65340K, reserved 1105920K
  class space    used 8051K, capacity 8624K, committed 8704K, reserved 1048576K
}
Event: 8.215 GC heap before
{Heap before GC invocations=16 (full 0):
 garbage-first heap   total 145408K, used 105142K [0x0000000080000000, 0x0000000100000000)
  region size 1024K, 59 young (60416K), 6 survivors (6144K)
 Metaspace       used 65687K, capacity 67311K, committed 67516K, reserved 1107968K
  class space    used 8339K, capacity 8961K, committed 9088K, reserved 1048576K
}
Event: 8.220 GC heap after
{Heap after GC invocations=17 (full 0):
 garbage-first heap   total 145408K, used 53888K [0x0000000080000000, 0x0000000100000000)
  region size 1024K, 4 young (4096K), 4 survivors (4096K)
 Metaspace       used 65687K, capacity 67311K, committed 67516K, reserved 1107968K
  class space    used 8339K, capacity 8961K, committed 9088K, reserved 1048576K
}
Event: 8.849 GC heap before
{Heap before GC invocations=17 (full 0):
 garbage-first heap   total 145408K, used 108160K [0x0000000080000000, 0x0000000100000000)
  region size 1024K, 57 young (58368K), 4 survivors (4096K)
 Metaspace       used 71599K, capacity 73266K, committed 73532K, reserved 1114112K
  class space    used 9284K, capacity 9932K, committed 9984K, reserved 1048576K
}
Event: 8.853 GC heap after
{Heap after GC invocations=18 (full 0):
 garbage-first heap   total 145408K, used 57332K [0x0000000080000000, 0x0000000100000000)
  region size 1024K, 8 young (8192K), 8 survivors (8192K)
 Metaspace       used 71599K, capacity 73266K, committed 73532K, reserved 1114112K
  class space    used 9284K, capacity 9932K, committed 9984K, reserved 1048576K
}
Event: 9.414 GC heap before
{Heap before GC invocations=18 (full 0):
 garbage-first heap   total 145408K, used 110580K [0x0000000080000000, 0x0000000100000000)
  region size 1024K, 60 young (61440K), 8 survivors (8192K)
 Metaspace       used 77314K, capacity 78999K, committed 79292K, reserved 1118208K
  class space    used 10101K, capacity 10772K, committed 10880K, reserved 1048576K
}
Event: 9.422 GC heap after
{Heap after GC invocations=19 (full 0):
 garbage-first heap   total 145408K, used 60074K [0x0000000080000000, 0x0000000100000000)
  region size 1024K, 7 young (7168K), 7 survivors (7168K)
 Metaspace       used 77314K, capacity 78999K, committed 79292K, reserved 1118208K
  class space    used 10101K, capacity 10772K, committed 10880K, reserved 1048576K
}
Event: 9.939 GC heap before
{Heap before GC invocations=19 (full 0):
 garbage-first heap   total 145408K, used 112298K [0x0000000080000000, 0x0000000100000000)
  region size 1024K, 59 young (60416K), 7 survivors (7168K)
 Metaspace       used 81465K, capacity 83675K, committed 83900K, reserved 1122304K
  class space    used 10755K, capacity 11562K, committed 11648K, reserved 1048576K
}
Event: 9.945 GC heap after
{Heap after GC invocations=20 (full 0):
 garbage-first heap   total 145408K, used 64367K [0x0000000080000000, 0x0000000100000000)
  region size 1024K, 8 young (8192K), 8 survivors (8192K)
 Metaspace       used 81465K, capacity 83675K, committed 83900K, reserved 1122304K
  class space    used 10755K, capacity 11562K, committed 11648K, reserved 1048576K
}
Event: 10.232 GC heap before
{Heap before GC invocations=20 (full 0):
 garbage-first heap   total 145408K, used 114543K [0x0000000080000000, 0x0000000100000000)
  region size 1024K, 58 young (59392K), 8 survivors (8192K)
 Metaspace       used 82123K, capacity 84344K, committed 84540K, reserved 1122304K
  class space    used 10813K, capacity 11713K, committed 11776K, reserved 1048576K
}
Event: 10.244 GC heap after
{Heap after GC invocations=21 (full 0):
 garbage-first heap   total 145408K, used 68187K [0x0000000080000000, 0x0000000100000000)
  region size 1024K, 8 young (8192K), 8 survivors (8192K)
 Metaspace       used 82123K, capacity 84344K, committed 84540K, reserved 1122304K
  class space    used 10813K, capacity 11713K, committed 11776K, reserved 1048576K
}
Event: 10.511 GC heap before
{Heap before GC invocations=21 (full 0):
 garbage-first heap   total 145408K, used 116315K [0x0000000080000000, 0x0000000100000000)
  region size 1024K, 56 young (57344K), 8 survivors (8192K)
 Metaspace       used 82901K, capacity 85236K, committed 85308K, reserved 1122304K
  class space    used 10865K, capacity 11748K, committed 11776K, reserved 1048576K
}
Event: 10.517 GC heap after
{Heap after GC invocations=22 (full 0):
 garbage-first heap   total 145408K, used 71831K [0x0000000080000000, 0x0000000100000000)
  region size 1024K, 5 young (5120K), 5 survivors (5120K)
 Metaspace       used 82901K, capacity 85236K, committed 85308K, reserved 1122304K
  class space    used 10865K, capacity 11748K, committed 11776K, reserved 1048576K
}
Event: 10.644 GC heap before
{Heap before GC invocations=22 (full 0):
 garbage-first heap   total 145408K, used 116887K [0x0000000080000000, 0x0000000100000000)
  region size 1024K, 50 young (51200K), 5 survivors (5120K)
 Metaspace       used 83072K, capacity 85347K, committed 85564K, reserved 1124352K
  class space    used 10867K, capacity 11751K, committed 11776K, reserved 1048576K
}

Deoptimization events (20 events):
Event: 10.574 Thread 0x0000021d163a8000 Uncommon trap: trap_request=0xffffffbe fr.pc=0x0000021d080ca908 relative=0x0000000000000c88
Event: 10.574 Thread 0x0000021d163a8000 Uncommon trap: reason=profile_predicate action=maybe_recompile pc=0x0000021d080ca908 method=org.gradle.tooling.internal.provider.runner.ClientBuildEventGenerator.started(Lorg/gradle/internal/operations/BuildOperationDescriptor;Lorg/gradle/internal/operati
Event: 10.574 Thread 0x0000021d163a8000 DEOPT PACKING pc=0x0000021d080ca908 sp=0x000000fe911fe390
Event: 10.574 Thread 0x0000021d163a8000 DEOPT UNPACKING pc=0x0000021d0004a1af sp=0x000000fe911fe348 mode 2
Event: 10.574 Thread 0x0000021d163a8000 Uncommon trap: trap_request=0xffffffbe fr.pc=0x0000021d080ca908 relative=0x0000000000000c88
Event: 10.574 Thread 0x0000021d163a8000 Uncommon trap: reason=profile_predicate action=maybe_recompile pc=0x0000021d080ca908 method=org.gradle.tooling.internal.provider.runner.ClientBuildEventGenerator.started(Lorg/gradle/internal/operations/BuildOperationDescriptor;Lorg/gradle/internal/operati
Event: 10.574 Thread 0x0000021d163a8000 DEOPT PACKING pc=0x0000021d080ca908 sp=0x000000fe911fe390
Event: 10.574 Thread 0x0000021d181b9800 Uncommon trap: trap_request=0xffffffbe fr.pc=0x0000021d080ca908 relative=0x0000000000000c88
Event: 10.574 Thread 0x0000021d181b9800 Uncommon trap: reason=profile_predicate action=maybe_recompile pc=0x0000021d080ca908 method=org.gradle.tooling.internal.provider.runner.ClientBuildEventGenerator.started(Lorg/gradle/internal/operations/BuildOperationDescriptor;Lorg/gradle/internal/operati
Event: 10.574 Thread 0x0000021d181b9800 DEOPT PACKING pc=0x0000021d080ca908 sp=0x000000fe8c7fe7c0
Event: 10.574 Thread 0x0000021d181b9800 DEOPT UNPACKING pc=0x0000021d0004a1af sp=0x000000fe8c7fe778 mode 2
Event: 10.574 Thread 0x0000021d181b9800 Uncommon trap: trap_request=0xffffffbe fr.pc=0x0000021d080ca908 relative=0x0000000000000c88
Event: 10.574 Thread 0x0000021d181b9800 Uncommon trap: reason=profile_predicate action=maybe_recompile pc=0x0000021d080ca908 method=org.gradle.tooling.internal.provider.runner.ClientBuildEventGenerator.started(Lorg/gradle/internal/operations/BuildOperationDescriptor;Lorg/gradle/internal/operati
Event: 10.574 Thread 0x0000021d181b9800 DEOPT PACKING pc=0x0000021d080ca908 sp=0x000000fe8c7fe7c0
Event: 10.574 Thread 0x0000021d181b9800 DEOPT UNPACKING pc=0x0000021d0004a1af sp=0x000000fe8c7fe778 mode 2
Event: 10.574 Thread 0x0000021d163a8000 DEOPT UNPACKING pc=0x0000021d0004a1af sp=0x000000fe911fe348 mode 2
Event: 10.641 Thread 0x0000021d143ba800 Uncommon trap: trap_request=0xfffffff4 fr.pc=0x0000021d080d8678 relative=0x00000000000000d8
Event: 10.641 Thread 0x0000021d143ba800 Uncommon trap: reason=null_check action=make_not_entrant pc=0x0000021d080d8678 method=org.gradle.tooling.internal.provider.runner.ClientBuildEventGenerator$Disabled.accept(Lorg/gradle/internal/operations/BuildOperationDescriptor;)Lorg/gradle/tooling/inter
Event: 10.641 Thread 0x0000021d143ba800 DEOPT PACKING pc=0x0000021d080d8678 sp=0x000000fe89afe330
Event: 10.641 Thread 0x0000021d143ba800 DEOPT UNPACKING pc=0x0000021d0004a1af sp=0x000000fe89afe2b8 mode 2

Classes redefined (0 events):
No events

Internal exceptions (20 events):
Event: 9.923 Thread 0x0000021d195e1000 Exception <a 'java/lang/NoSuchMethodError'{0x0000000085c53af0}: 'java.lang.Object java.lang.invoke.DirectMethodHandle$Holder.invokeSpecialIFC(java.lang.Object, java.lang.Object, java.lang.Object)'> (0x0000000085c53af0) thrown at [./src/hotspot/share/interpreter/linkResolver.cpp, line 773]
Event: 9.923 Thread 0x0000021d195e4800 Exception <a 'java/lang/NoSuchMethodError'{0x0000000085ddd2e8}: 'java.lang.Object java.lang.invoke.DirectMethodHandle$Holder.invokeSpecialIFC(java.lang.Object, java.lang.Object, java.lang.Object)'> (0x0000000085ddd2e8) thrown at [./src/hotspot/share/interpreter/linkResolver.cpp, line 773]
Event: 9.924 Thread 0x0000021d195dd000 Exception <a 'java/lang/NoSuchMethodError'{0x0000000085c2fdb8}: 'java.lang.Object java.lang.invoke.DirectMethodHandle$Holder.invokeSpecialIFC(java.lang.Object, java.lang.Object, java.lang.Object)'> (0x0000000085c2fdb8) thrown at [./src/hotspot/share/interpreter/linkResolver.cpp, line 773]
Event: 9.923 Thread 0x0000021d195e3000 Exception <a 'java/lang/NoSuchMethodError'{0x0000000085df1798}: 'java.lang.Object java.lang.invoke.DirectMethodHandle$Holder.invokeSpecialIFC(java.lang.Object, java.lang.Object, java.lang.Object)'> (0x0000000085df1798) thrown at [./src/hotspot/share/interpreter/linkResolver.cpp, line 773]
Event: 9.923 Thread 0x0000021d163a7800 Exception <a 'java/lang/NoSuchMethodError'{0x0000000085c75cc0}: 'java.lang.Object java.lang.invoke.DirectMethodHandle$Holder.invokeSpecialIFC(java.lang.Object, java.lang.Object, java.lang.Object)'> (0x0000000085c75cc0) thrown at [./src/hotspot/share/interpreter/linkResolver.cpp, line 773]
Event: 10.329 Thread 0x0000021d1639a800 Exception <a 'java/lang/NoSuchMethodError'{0x0000000088204090}: <clinit>> (0x0000000088204090) thrown at [./src/hotspot/share/prims/jni.cpp, line 1365]
Event: 10.330 Thread 0x0000021d1639a800 Exception <a 'java/lang/NoSuchMethodError'{0x0000000088205698}: <clinit>> (0x0000000088205698) thrown at [./src/hotspot/share/prims/jni.cpp, line 1365]
Event: 10.330 Thread 0x0000021d1639a800 Exception <a 'java/lang/NoSuchMethodError'{0x0000000088208298}: <clinit>> (0x0000000088208298) thrown at [./src/hotspot/share/prims/jni.cpp, line 1365]
Event: 10.330 Thread 0x0000021d1639a800 Exception <a 'java/lang/NoSuchMethodError'{0x000000008821fee8}: <clinit>> (0x000000008821fee8) thrown at [./src/hotspot/share/prims/jni.cpp, line 1365]
Event: 10.330 Thread 0x0000021d1639a800 Exception <a 'java/lang/NoSuchMethodError'{0x0000000088221120}: <clinit>> (0x0000000088221120) thrown at [./src/hotspot/share/prims/jni.cpp, line 1365]
Event: 10.468 Thread 0x0000021d195eb000 Exception <a 'java/lang/NoSuchMethodError'{0x00000000886a99c0}: 'void java.lang.invoke.DirectMethodHandle$Holder.invokeVirtual(java.lang.Object, java.lang.Object)'> (0x00000000886a99c0) thrown at [./src/hotspot/share/interpreter/linkResolver.cpp, line 773]
Event: 10.468 Thread 0x0000021d19809800 Exception <a 'java/lang/NoSuchMethodError'{0x00000000886a4810}: 'void java.lang.invoke.DirectMethodHandle$Holder.invokeVirtual(java.lang.Object, java.lang.Object)'> (0x00000000886a4810) thrown at [./src/hotspot/share/interpreter/linkResolver.cpp, line 773]
Event: 10.469 Thread 0x0000021d164e2000 Exception <a 'java/lang/NoSuchMethodError'{0x0000000088aafe60}: 'void java.lang.invoke.DirectMethodHandle$Holder.invokeVirtual(java.lang.Object, java.lang.Object)'> (0x0000000088aafe60) thrown at [./src/hotspot/share/interpreter/linkResolver.cpp, line 773]
Event: 10.469 Thread 0x0000021d1819b800 Implicit null exception at 0x0000021d07e3a734 to 0x0000021d07e3a79a
Event: 10.482 Thread 0x0000021d1639a800 Exception <a 'java/lang/NoSuchMethodError'{0x000000008613f098}: 'int java.lang.invoke.DirectMethodHandle$Holder.invokeSpecial(java.lang.Object, java.lang.Object, java.lang.Object, java.lang.Object, java.lang.Object)'> (0x000000008613f098) thrown at [./src/hotspot/share/interpreter/linkResolver.cpp, line 773]
Event: 10.573 Thread 0x0000021d163a8000 Implicit null exception at 0x0000021d080ca234 to 0x0000021d080ca8f0
Event: 10.574 Thread 0x0000021d163a8000 Implicit null exception at 0x0000021d080ca234 to 0x0000021d080ca8f0
Event: 10.574 Thread 0x0000021d181b9800 Implicit null exception at 0x0000021d080ca234 to 0x0000021d080ca8f0
Event: 10.574 Thread 0x0000021d181b9800 Implicit null exception at 0x0000021d080ca234 to 0x0000021d080ca8f0
Event: 10.641 Thread 0x0000021d143ba800 Implicit null exception at 0x0000021d080d85db to 0x0000021d080d866c

Events (20 events):
Event: 10.590 loading class org/gradle/api/internal/file/FileCollectionFactory done
Event: 10.616 loading class com/android/build/gradle/options/IntegerOption
Event: 10.616 loading class com/android/build/gradle/options/IntegerOption done
Event: 10.616 loading class com/android/build/gradle/options/ProjectOptions
Event: 10.616 loading class com/android/build/gradle/options/ProjectOptions done
Event: 10.617 loading class org/gradle/api/provider/Provider
Event: 10.617 loading class org/gradle/api/provider/Provider done
Event: 10.617 loading class com/android/build/gradle/options/ProjectOptions$OptionValue
Event: 10.617 loading class com/android/build/gradle/options/ProjectOptions$OptionValue done
Event: 10.617 Executing VM operation: RevokeBias
Event: 10.618 Executing VM operation: RevokeBias done
Event: 10.618 Executing VM operation: RevokeBias
Event: 10.618 Executing VM operation: RevokeBias done
Event: 10.618 Executing VM operation: RevokeBias
Event: 10.618 Executing VM operation: RevokeBias done
Event: 10.618 Executing VM operation: RevokeBias
Event: 10.618 Executing VM operation: RevokeBias done
Event: 10.618 Executing VM operation: RevokeBias
Event: 10.618 Executing VM operation: RevokeBias done
Event: 10.644 Executing VM operation: G1CollectForAllocation


Dynamic libraries:
0x00007ff783c00000 - 0x00007ff783c0a000 	C:\Program Files\Android\Android Studio\jre\bin\java.exe
0x00007ffa66d30000 - 0x00007ffa66f44000 	C:\WINDOWS\SYSTEM32\ntdll.dll
0x00007ffa658b0000 - 0x00007ffa65973000 	C:\WINDOWS\System32\KERNEL32.DLL
0x00007ffa64750000 - 0x00007ffa64aed000 	C:\WINDOWS\System32\KERNELBASE.dll
0x00007ffa64210000 - 0x00007ffa64321000 	C:\WINDOWS\System32\ucrtbase.dll
0x00007ffa5e380000 - 0x00007ffa5e399000 	C:\Program Files\Android\Android Studio\jre\bin\jli.dll
0x00007ffa4e690000 - 0x00007ffa4e6a7000 	C:\Program Files\Android\Android Studio\jre\bin\VCRUNTIME140.dll
0x00007ffa64ef0000 - 0x00007ffa6509d000 	C:\WINDOWS\System32\USER32.dll
0x00007ffa4a6b0000 - 0x00007ffa4a93e000 	C:\WINDOWS\WinSxS\amd64_microsoft.windows.common-controls_6595b64144ccf1df_6.0.22621.608_none_a9444ca7c10bb01d\COMCTL32.dll
0x00007ffa64af0000 - 0x00007ffa64b16000 	C:\WINDOWS\System32\win32u.dll
0x00007ffa66440000 - 0x00007ffa664e7000 	C:\WINDOWS\System32\msvcrt.dll
0x00007ffa65390000 - 0x00007ffa653b9000 	C:\WINDOWS\System32\GDI32.dll
0x00007ffa64450000 - 0x00007ffa64562000 	C:\WINDOWS\System32\gdi32full.dll
0x00007ffa64330000 - 0x00007ffa643ca000 	C:\WINDOWS\System32\msvcp_win.dll
0x00007ffa66c50000 - 0x00007ffa66c82000 	C:\WINDOWS\System32\IMM32.DLL
0x00007ffa38060000 - 0x00007ffa380fd000 	C:\Program Files\Android\Android Studio\jre\bin\msvcp140.dll
0x00007ffa02500000 - 0x00007ffa02fe5000 	C:\Program Files\Android\Android Studio\jre\bin\server\jvm.dll
0x00007ffa651b0000 - 0x00007ffa6525e000 	C:\WINDOWS\System32\ADVAPI32.dll
0x00007ffa666f0000 - 0x00007ffa66794000 	C:\WINDOWS\System32\sechost.dll
0x00007ffa66b30000 - 0x00007ffa66c45000 	C:\WINDOWS\System32\RPCRT4.dll
0x00007ffa651a0000 - 0x00007ffa651a8000 	C:\WINDOWS\System32\PSAPI.DLL
0x00007ffa5f610000 - 0x00007ffa5f619000 	C:\WINDOWS\SYSTEM32\WSOCK32.dll
0x00007ffa5cda0000 - 0x00007ffa5cdaa000 	C:\WINDOWS\SYSTEM32\VERSION.dll
0x00007ffa5d490000 - 0x00007ffa5d4c4000 	C:\WINDOWS\SYSTEM32\WINMM.dll
0x00007ffa66670000 - 0x00007ffa666e1000 	C:\WINDOWS\System32\WS2_32.dll
0x00007ffa63120000 - 0x00007ffa63138000 	C:\WINDOWS\SYSTEM32\kernel.appcore.dll
0x00007ffa5f5f0000 - 0x00007ffa5f601000 	C:\Program Files\Android\Android Studio\jre\bin\verify.dll
0x00007ffa50920000 - 0x00007ffa50b4e000 	C:\WINDOWS\SYSTEM32\DBGHELP.DLL
0x00007ffa667a0000 - 0x00007ffa66b2a000 	C:\WINDOWS\System32\combase.dll
0x00007ffa64b20000 - 0x00007ffa64bf7000 	C:\WINDOWS\System32\OLEAUT32.dll
0x00007ffa48710000 - 0x00007ffa48742000 	C:\WINDOWS\SYSTEM32\dbgcore.DLL
0x00007ffa643d0000 - 0x00007ffa6444b000 	C:\WINDOWS\System32\bcryptPrimitives.dll
0x00007ffa4be30000 - 0x00007ffa4be59000 	C:\Program Files\Android\Android Studio\jre\bin\java.dll
0x00007ffa5f5e0000 - 0x00007ffa5f5eb000 	C:\Program Files\Android\Android Studio\jre\bin\jimage.dll
0x00007ffa4e190000 - 0x00007ffa4e1a8000 	C:\Program Files\Android\Android Studio\jre\bin\zip.dll
0x00007ffa65bf0000 - 0x00007ffa663df000 	C:\WINDOWS\System32\SHELL32.dll
0x00007ffa62130000 - 0x00007ffa629f8000 	C:\WINDOWS\SYSTEM32\windows.storage.dll
0x00007ffa61ff0000 - 0x00007ffa6212e000 	C:\WINDOWS\SYSTEM32\wintypes.dll
0x00007ffa650a0000 - 0x00007ffa65191000 	C:\WINDOWS\System32\SHCORE.dll
0x00007ffa65260000 - 0x00007ffa652be000 	C:\WINDOWS\System32\shlwapi.dll
0x00007ffa64080000 - 0x00007ffa640a1000 	C:\WINDOWS\SYSTEM32\profapi.dll
0x00007ffa4be10000 - 0x00007ffa4be2a000 	C:\Program Files\Android\Android Studio\jre\bin\net.dll
0x00007ffa5d150000 - 0x00007ffa5d27f000 	C:\WINDOWS\SYSTEM32\WINHTTP.dll
0x00007ffa635d0000 - 0x00007ffa63639000 	C:\WINDOWS\system32\mswsock.dll
0x00007ffa4bdf0000 - 0x00007ffa4be04000 	C:\Program Files\Android\Android Studio\jre\bin\nio.dll
0x00007ffa38580000 - 0x00007ffa385a7000 	C:\Users\Le Thanh Hang\.gradle\native\e1d6ef7f7dcc3fd88c89a11ec53ec762bb8ba0a96d01ffa2cd45eb1d1d8dd5c5\windows-amd64\native-platform.dll
0x00007ffa1f750000 - 0x00007ffa1f894000 	C:\Users\Le Thanh Hang\.gradle\native\5664cfc778a61ccfe75a443a1ab52a65af34e5dc3c78e0209fed803814484fcb\windows-amd64\native-platform-file-events.dll
0x00007ffa4c460000 - 0x00007ffa4c46a000 	C:\Program Files\Android\Android Studio\jre\bin\management.dll
0x00007ffa4bde0000 - 0x00007ffa4bded000 	C:\Program Files\Android\Android Studio\jre\bin\management_ext.dll
0x00007ffa63800000 - 0x00007ffa6381b000 	C:\WINDOWS\SYSTEM32\CRYPTSP.dll
0x00007ffa630e0000 - 0x00007ffa63115000 	C:\WINDOWS\system32\rsaenh.dll
0x00007ffa63690000 - 0x00007ffa636b8000 	C:\WINDOWS\SYSTEM32\USERENV.dll
0x00007ffa63a70000 - 0x00007ffa63a98000 	C:\WINDOWS\SYSTEM32\bcrypt.dll
0x00007ffa63820000 - 0x00007ffa6382c000 	C:\WINDOWS\SYSTEM32\CRYPTBASE.dll
0x00007ffa62c50000 - 0x00007ffa62c7d000 	C:\WINDOWS\SYSTEM32\IPHLPAPI.DLL
0x00007ffa652c0000 - 0x00007ffa652c9000 	C:\WINDOWS\System32\NSI.dll
0x00007ffa5d070000 - 0x00007ffa5d089000 	C:\WINDOWS\SYSTEM32\dhcpcsvc6.DLL
0x00007ffa5d050000 - 0x00007ffa5d06f000 	C:\WINDOWS\SYSTEM32\dhcpcsvc.DLL
0x00007ffa62cc0000 - 0x00007ffa62db2000 	C:\WINDOWS\SYSTEM32\DNSAPI.dll

dbghelp: loaded successfully - version: 4.0.5 - missing functions: none
symbol engine: initialized successfully - sym options: 0x614 - pdb path: .;C:\Program Files\Android\Android Studio\jre\bin;C:\WINDOWS\SYSTEM32;C:\WINDOWS\WinSxS\amd64_microsoft.windows.common-controls_6595b64144ccf1df_6.0.22621.608_none_a9444ca7c10bb01d;C:\Program Files\Android\Android Studio\jre\bin\server;C:\Users\Le Thanh Hang\.gradle\native\e1d6ef7f7dcc3fd88c89a11ec53ec762bb8ba0a96d01ffa2cd45eb1d1d8dd5c5\windows-amd64;C:\Users\Le Thanh Hang\.gradle\native\5664cfc778a61ccfe75a443a1ab52a65af34e5dc3c78e0209fed803814484fcb\windows-amd64

VM Arguments:
jvm_args: --add-opens=java.base/java.util=ALL-UNNAMED --add-opens=java.base/java.lang=ALL-UNNAMED --add-opens=java.base/java.lang.invoke=ALL-UNNAMED --add-opens=java.base/java.util=ALL-UNNAMED --add-opens=java.prefs/java.util.prefs=ALL-UNNAMED --add-opens=java.prefs/java.util.prefs=ALL-UNNAMED --add-opens=java.base/java.nio.charset=ALL-UNNAMED --add-opens=java.base/java.net=ALL-UNNAMED --add-opens=java.base/java.util.concurrent.atomic=ALL-UNNAMED -Xmx2048m -Dfile.encoding=UTF-8 -Duser.country=US -Duser.language=en -Duser.variant 
java_command: org.gradle.launcher.daemon.bootstrap.GradleDaemon 7.3.3
java_class_path (initial): C:\Users\Le Thanh Hang\.gradle\wrapper\dists\gradle-7.3.3-bin\6a41zxkdtcxs8rphpq6y0069z\gradle-7.3.3\lib\gradle-launcher-7.3.3.jar
Launcher Type: SUN_STANDARD

[Global flags]
     intx CICompilerCount                          = 12                                        {product} {ergonomic}
     uint ConcGCThreads                            = 3                                         {product} {ergonomic}
     uint G1ConcRefinementThreads                  = 13                                        {product} {ergonomic}
   size_t G1HeapRegionSize                         = 1048576                                   {product} {ergonomic}
    uintx GCDrainStackTargetSize                   = 64                                        {product} {ergonomic}
   size_t InitialHeapSize                          = 123731968                                 {product} {ergonomic}
   size_t MarkStackSize                            = 4194304                                   {product} {ergonomic}
   size_t MaxHeapSize                              = 2147483648                                {product} {command line}
   size_t MaxNewSize                               = 1287651328                                {product} {ergonomic}
   size_t MinHeapDeltaBytes                        = 1048576                                   {product} {ergonomic}
    uintx NonNMethodCodeHeapSize                   = 7594288                                {pd product} {ergonomic}
    uintx NonProfiledCodeHeapSize                  = 122031976                              {pd product} {ergonomic}
    uintx ProfiledCodeHeapSize                     = 122031976                              {pd product} {ergonomic}
    uintx ReservedCodeCacheSize                    = 251658240                              {pd product} {ergonomic}
     bool SegmentedCodeCache                       = true                                      {product} {ergonomic}
     bool UseCompressedClassPointers               = true                                 {lp64_product} {ergonomic}
     bool UseCompressedOops                        = true                                 {lp64_product} {ergonomic}
     bool UseG1GC                                  = true                                      {product} {ergonomic}
     bool UseLargePagesIndividualAllocation        = false                                  {pd product} {ergonomic}

Logging:
Log output configuration:
 #0: stdout all=warning uptime,level,tags
 #1: stderr all=off uptime,level,tags

Environment Variables:
PATH=C:\Program Files (x86)\VMware\VMware Workstation\bin\;C:\Python310\Scripts\;C:\Python310\;C:\Program Files\Eclipse Foundation\jdk-8.0.302.8-hotspot\bin;C:\windows\system32;C:\windows;C:\windows\System32\Wbem;C:\windows\System32\WindowsPowerShell\v1.0\;C:\windows\System32\OpenSSH\;C:\Program Files (x86)\NVIDIA Corporation\PhysX\Common;C:\Program Files\NVIDIA Corporation\NVIDIA NvDLISR;C:\Program Files\Microsoft SQL Server\130\Tools\Binn\;C:\Program Files\Microsoft SQL Server\Client SDK\ODBC\170\Tools\Binn\;C:\Program Files\Git\cmd;C:\Program Files\nodejs\;C:\ProgramData\chocolatey\bin;C:\WINDOWS\system32;C:\WINDOWS;C:\WINDOWS\System32\Wbem;C:\WINDOWS\System32\WindowsPowerShell\v1.0\;C:\WINDOWS\System32\OpenSSH\;C:\Program Files\dotnet\;C:\MinGW\bin;C:\Ruby31-x64\bin;C:\Users\Le Thanh Hang\AppData\Local\Microsoft\WindowsApps;C:\Users\Le Thanh Hang\AppData\Local\GitHubDesktop\bin;C:\Users\Le Thanh Hang\AppData\Roaming\npm;C:\Users\Le Thanh Hang\.dotnet\tools;C:\Users\Le Thanh Hang\AppData\Local\Programs\Microsoft VS Code\bin
USERNAME=Le Thanh Hang
OS=Windows_NT
PROCESSOR_IDENTIFIER=AMD64 Family 25 Model 80 Stepping 0, AuthenticAMD



---------------  S Y S T E M  ---------------

OS: Windows 10 , 64 bit Build 22621 (10.0.22621.963)
OS uptime: 0 days 9:41 hours
Hyper-V role detected

CPU:total 16 (initial active 16) (16 cores per cpu, 2 threads per core) family 25 model 80 stepping 0 microcode 0x0, cmov, cx8, fxsr, mmx, sse, sse2, sse3, ssse3, sse4.1, sse4.2, popcnt, avx, avx2, aes, clmul, erms, mmxext, 3dnowpref, lzcnt, sse4a, ht, tsc, tscinvbit, tscinv, bmi1, bmi2, adx, sha, fma

Memory: 4k page, system-wide physical 7523M (292M free)
TotalPageFile size 11619M (AvailPageFile size 11M)
current process WorkingSet (physical memory assigned to process): 401M, peak: 401M
current process commit charge ("private bytes"): 453M, peak: 482M

vm_info: OpenJDK 64-Bit Server VM (11.0.12+7-b1504.28-7817840) for windows-amd64 JRE (11.0.12+7-b1504.28-7817840), built on Oct 13 2021 22:12:33 by "builder" with MS VC++ 14.0 (VS2015)

END.
