#
# There is insufficient memory for the Java Runtime Environment to continue.
# Native memory allocation (malloc) failed to allocate 476576 bytes for Chunk::new
# Possible reasons:
#   The system is out of physical RAM or swap space
#   The process is running with CompressedOops enabled, and the Java Heap may be blocking the growth of the native heap
# Possible solutions:
#   Reduce memory load on the system
#   Increase physical memory or swap space
#   Check if swap backing store is full
#   Decrease Java heap size (-Xmx/-Xms)
#   Decrease number of Java threads
#   Decrease Java thread stack sizes (-Xss)
#   Set larger code cache with -XX:ReservedCodeCacheSize=
#   JVM is running with Unscaled Compressed Oops mode in which the Java heap is
#     placed in the first 4GB address space. The Java Heap base address is the
#     maximum limit for the native heap growth. Please use -XX:HeapBaseMinAddress
#     to set the Java Heap base and to place the Java Heap above 4GB virtual address.
# This output file may be truncated or incomplete.
#
#  Out of Memory Error (./src/hotspot/share/memory/arena.cpp:197), pid=12880, tid=5664
#
# JRE version: OpenJDK Runtime Environment (11.0.12+7) (build 11.0.12+7-b1504.28-7817840)
# Java VM: OpenJDK 64-Bit Server VM (11.0.12+7-b1504.28-7817840, mixed mode, tiered, compressed oops, g1 gc, windows-amd64)
# No core dump will be written. Minidumps are not enabled by default on client versions of Windows
#

---------------  S U M M A R Y ------------

Command Line: --add-opens=java.base/java.util=ALL-UNNAMED --add-opens=java.base/java.lang=ALL-UNNAMED --add-opens=java.base/java.lang.invoke=ALL-UNNAMED --add-opens=java.base/java.util=ALL-UNNAMED --add-opens=java.prefs/java.util.prefs=ALL-UNNAMED --add-opens=java.prefs/java.util.prefs=ALL-UNNAMED --add-opens=java.base/java.nio.charset=ALL-UNNAMED --add-opens=java.base/java.net=ALL-UNNAMED --add-opens=java.base/java.util.concurrent.atomic=ALL-UNNAMED -Xmx2048m -Dfile.encoding=UTF-8 -Duser.country=US -Duser.language=en -Duser.variant org.gradle.launcher.daemon.bootstrap.GradleDaemon 7.3.3

Host: AMD Ryzen 7 5800H with Radeon Graphics         , 16 cores, 7G,  Windows 10 , 64 bit Build 22621 (10.0.22621.963)
Time: Wed Dec 21 08:24:00 2022 SE Asia Standard Time elapsed time: 4.700306 seconds (0d 0h 0m 4s)

---------------  T H R E A D  ---------------

Current thread (0x0000017ef1e11800):  JavaThread "C2 CompilerThread1" daemon [_thread_in_native, id=5664, stack(0x0000006836500000,0x0000006836600000)]


Current CompileTask:
C2:   4700 3580   !   4       jdk.internal.loader.URLClassPath$JarLoader::getResource (353 bytes)

Stack: [0x0000006836500000,0x0000006836600000]
Native frames: (J=compiled Java code, j=interpreted, Vv=VM code, C=native code)
V  [jvm.dll+0x5fbcea]
V  [jvm.dll+0x731905]
V  [jvm.dll+0x732f1d]
V  [jvm.dll+0x7335d3]
V  [jvm.dll+0x247bf8]
V  [jvm.dll+0xc018c]
V  [jvm.dll+0xc06cc]
V  [jvm.dll+0x2bcc04]
V  [jvm.dll+0x5113a8]
V  [jvm.dll+0x208303]
V  [jvm.dll+0x201fe0]
V  [jvm.dll+0x1ff71f]
V  [jvm.dll+0x18868c]
V  [jvm.dll+0x20e0d7]
V  [jvm.dll+0x20c901]
V  [jvm.dll+0x6f9b7f]
V  [jvm.dll+0x6f26a5]
V  [jvm.dll+0x5fabf6]
C  [ucrtbase.dll+0x29363]
C  [KERNEL32.DLL+0x126bd]
C  [ntdll.dll+0x5dfb8]


---------------  P R O C E S S  ---------------

Threads class SMR info:
_java_thread_list=0x0000017ef400fa30, length=35, elements={
0x0000017ed339b800, 0x0000017eeebd3800, 0x0000017eeebd6000, 0x0000017eeec23800,
0x0000017eeec26000, 0x0000017eeec29000, 0x0000017eeec2a000, 0x0000017eee3b6800,
0x0000017eee3b8000, 0x0000017eee344000, 0x0000017eeed86800, 0x0000017eef6e0800,
0x0000017eefc73800, 0x0000017ef03bd800, 0x0000017ef0b94800, 0x0000017ef0853000,
0x0000017eeefc5800, 0x0000017ef0ec9000, 0x0000017ef06b6800, 0x0000017ef0e2e000,
0x0000017ef0e2f000, 0x0000017ef163c000, 0x0000017ef163d000, 0x0000017ef163e800,
0x0000017ef163e000, 0x0000017ef15e8800, 0x0000017ef1e11800, 0x0000017ef15e7800,
0x0000017ef07f8800, 0x0000017ef15e6000, 0x0000017ef15e7000, 0x0000017ef15e9800,
0x0000017ef15ea000, 0x0000017ef15e5000, 0x0000017ef15e4800
}

Java Threads: ( => current thread )
  0x0000017ed339b800 JavaThread "main" [_thread_blocked, id=10800, stack(0x0000006833600000,0x0000006833700000)]
  0x0000017eeebd3800 JavaThread "Reference Handler" daemon [_thread_blocked, id=4108, stack(0x0000006833d00000,0x0000006833e00000)]
  0x0000017eeebd6000 JavaThread "Finalizer" daemon [_thread_blocked, id=14576, stack(0x0000006833e00000,0x0000006833f00000)]
  0x0000017eeec23800 JavaThread "Signal Dispatcher" daemon [_thread_blocked, id=10896, stack(0x0000006833f00000,0x0000006834000000)]
  0x0000017eeec26000 JavaThread "Attach Listener" daemon [_thread_blocked, id=5864, stack(0x0000006834000000,0x0000006834100000)]
  0x0000017eeec29000 JavaThread "Service Thread" daemon [_thread_blocked, id=14880, stack(0x0000006834100000,0x0000006834200000)]
  0x0000017eeec2a000 JavaThread "C2 CompilerThread0" daemon [_thread_in_native, id=8004, stack(0x0000006834200000,0x0000006834300000)]
  0x0000017eee3b6800 JavaThread "C1 CompilerThread0" daemon [_thread_blocked, id=9456, stack(0x0000006834300000,0x0000006834400000)]
  0x0000017eee3b8000 JavaThread "Sweeper thread" daemon [_thread_blocked, id=10084, stack(0x0000006834400000,0x0000006834500000)]
  0x0000017eee344000 JavaThread "C1 CompilerThread1" daemon [_thread_blocked, id=10884, stack(0x0000006834500000,0x0000006834600000)]
  0x0000017eeed86800 JavaThread "Common-Cleaner" daemon [_thread_blocked, id=8872, stack(0x0000006834600000,0x0000006834700000)]
  0x0000017eef6e0800 JavaThread "C1 CompilerThread2" daemon [_thread_blocked, id=9904, stack(0x0000006834a00000,0x0000006834b00000)]
  0x0000017eefc73800 JavaThread "C1 CompilerThread3" daemon [_thread_blocked, id=12468, stack(0x0000006834b00000,0x0000006834c00000)]
  0x0000017ef03bd800 JavaThread "Daemon health stats" [_thread_blocked, id=7780, stack(0x0000006834d00000,0x0000006834e00000)]
  0x0000017ef0b94800 JavaThread "Incoming local TCP Connector on port 63495" [_thread_in_native, id=13276, stack(0x0000006834800000,0x0000006834900000)]
  0x0000017ef0853000 JavaThread "Daemon periodic checks" [_thread_blocked, id=13132, stack(0x0000006834900000,0x0000006834a00000)]
  0x0000017eeefc5800 JavaThread "Daemon" [_thread_blocked, id=11980, stack(0x0000006834e00000,0x0000006834f00000)]
  0x0000017ef0ec9000 JavaThread "Handler for socket connection from /127.0.0.1:63495 to /127.0.0.1:63496" [_thread_in_native, id=10328, stack(0x0000006834f00000,0x0000006835000000)]
  0x0000017ef06b6800 JavaThread "Cancel handler" [_thread_blocked, id=12736, stack(0x0000006835a00000,0x0000006835b00000)]
  0x0000017ef0e2e000 JavaThread "Daemon worker" [_thread_blocked, id=15516, stack(0x0000006835b00000,0x0000006835c00000)]
  0x0000017ef0e2f000 JavaThread "Asynchronous log dispatcher for DefaultDaemonConnection: socket connection from /127.0.0.1:63495 to /127.0.0.1:63496" [_thread_blocked, id=11024, stack(0x0000006835c00000,0x0000006835d00000)]
  0x0000017ef163c000 JavaThread "Stdin handler" [_thread_blocked, id=4092, stack(0x0000006835d00000,0x0000006835e00000)]
  0x0000017ef163d000 JavaThread "Daemon client event forwarder" [_thread_blocked, id=8820, stack(0x0000006835e00000,0x0000006835f00000)]
  0x0000017ef163e800 JavaThread "Cache worker for journal cache (C:\Users\Le Thanh Hang\.gradle\caches\journal-1)" [_thread_blocked, id=16416, stack(0x0000006835f00000,0x0000006836000000)]
  0x0000017ef163e000 JavaThread "File lock request listener" [_thread_in_native, id=16344, stack(0x0000006836000000,0x0000006836100000)]
  0x0000017ef15e8800 JavaThread "Cache worker for file hash cache (C:\Users\Le Thanh Hang\.gradle\caches\7.3.3\fileHashes)" [_thread_in_native, id=5824, stack(0x0000006836100000,0x0000006836200000)]
=>0x0000017ef1e11800 JavaThread "C2 CompilerThread1" daemon [_thread_in_native, id=5664, stack(0x0000006836500000,0x0000006836600000)]
  0x0000017ef15e7800 JavaThread "Cache worker for file hash cache (D:\NT118_PTUDDD\Lab\Lab03\.gradle\7.3.3\fileHashes)" [_thread_blocked, id=10732, stack(0x0000006836600000,0x0000006836700000)]
  0x0000017ef07f8800 JavaThread "C2 CompilerThread2" daemon [_thread_in_native, id=12136, stack(0x0000006836700000,0x0000006836800000)]
  0x0000017ef15e6000 JavaThread "File watcher server" daemon [_thread_in_native, id=10324, stack(0x0000006836800000,0x0000006836900000)]
  0x0000017ef15e7000 JavaThread "File watcher consumer" daemon [_thread_blocked, id=8336, stack(0x0000006836900000,0x0000006836a00000)]
  0x0000017ef15e9800 JavaThread "Cache worker for checksums cache (D:\NT118_PTUDDD\Lab\Lab03\.gradle\7.3.3\checksums)" [_thread_blocked, id=8388, stack(0x0000006836a00000,0x0000006836b00000)]
  0x0000017ef15ea000 JavaThread "Cache worker for cache directory md-supplier (C:\Users\Le Thanh Hang\.gradle\caches\7.3.3\md-supplier)" [_thread_blocked, id=10832, stack(0x0000006836b00000,0x0000006836c00000)]
  0x0000017ef15e5000 JavaThread "Cache worker for cache directory md-rule (C:\Users\Le Thanh Hang\.gradle\caches\7.3.3\md-rule)" [_thread_blocked, id=3248, stack(0x0000006836c00000,0x0000006836d00000)]
  0x0000017ef15e4800 JavaThread "Cache worker for execution history cache (C:\Users\Le Thanh Hang\.gradle\caches\7.3.3\executionHistory)" [_thread_blocked, id=3176, stack(0x0000006836d00000,0x0000006836e00000)]

Other Threads:
  0x0000017eee3a3800 VMThread "VM Thread" [stack: 0x0000006833c00000,0x0000006833d00000] [id=17364]
  0x0000017eeed9a800 WatcherThread [stack: 0x0000006834700000,0x0000006834800000] [id=11292]
  0x0000017ed33b6800 GCTaskThread "GC Thread#0" [stack: 0x0000006833700000,0x0000006833800000] [id=2316]
  0x0000017eefafc000 GCTaskThread "GC Thread#1" [stack: 0x0000006834c00000,0x0000006834d00000] [id=12144]
  0x0000017ef04f5000 GCTaskThread "GC Thread#2" [stack: 0x0000006835000000,0x0000006835100000] [id=2616]
  0x0000017ef0898800 GCTaskThread "GC Thread#3" [stack: 0x0000006835100000,0x0000006835200000] [id=8732]
  0x0000017ef0899800 GCTaskThread "GC Thread#4" [stack: 0x0000006835200000,0x0000006835300000] [id=9656]
  0x0000017ef1738000 GCTaskThread "GC Thread#5" [stack: 0x0000006835300000,0x0000006835400000] [id=7940]
  0x0000017ef1738800 GCTaskThread "GC Thread#6" [stack: 0x0000006835400000,0x0000006835500000] [id=7996]
  0x0000017ef17d1800 GCTaskThread "GC Thread#7" [stack: 0x0000006835500000,0x0000006835600000] [id=5936]
  0x0000017ef17d2800 GCTaskThread "GC Thread#8" [stack: 0x0000006835600000,0x0000006835700000] [id=14084]
  0x0000017ef19e4800 GCTaskThread "GC Thread#9" [stack: 0x0000006835700000,0x0000006835800000] [id=16668]
  0x0000017ef0235000 GCTaskThread "GC Thread#10" [stack: 0x0000006835800000,0x0000006835900000] [id=14032]
  0x0000017ef0235800 GCTaskThread "GC Thread#11" [stack: 0x0000006835900000,0x0000006835a00000] [id=16928]
  0x0000017ef18ee800 GCTaskThread "GC Thread#12" [stack: 0x0000006836200000,0x0000006836300000] [id=14372]
  0x0000017ed33ea800 ConcurrentGCThread "G1 Main Marker" [stack: 0x0000006833800000,0x0000006833900000] [id=8344]
  0x0000017ed33ec800 ConcurrentGCThread "G1 Conc#0" [stack: 0x0000006833900000,0x0000006833a00000] [id=4440]
  0x0000017ef0e7b800 ConcurrentGCThread "G1 Conc#1" [stack: 0x0000006836300000,0x0000006836400000] [id=9308]
  0x0000017eef188000 ConcurrentGCThread "G1 Conc#2" [stack: 0x0000006836400000,0x0000006836500000] [id=14448]
  0x0000017eee1f1800 ConcurrentGCThread "G1 Refine#0" [stack: 0x0000006833a00000,0x0000006833b00000] [id=8776]
  0x0000017eee1f2000 ConcurrentGCThread "G1 Young RemSet Sampling" [stack: 0x0000006833b00000,0x0000006833c00000] [id=1840]

Threads with active compile tasks:
C2 CompilerThread0   4724 3543       4       java.util.regex.Pattern::compile (498 bytes)
C1 CompilerThread1   4724 3597       3       org.gradle.cache.internal.btree.BlockPointer::pos (56 bytes)
C2 CompilerThread1   4724 3580   !   4       jdk.internal.loader.URLClassPath$JarLoader::getResource (353 bytes)
C2 CompilerThread2   4725 3585       4       java.net.URLClassLoader$1::run (5 bytes)

VM state:not at safepoint (normal execution)

VM Mutex/Monitor currently owned by a thread:  ([mutex/lock_event])
[0x0000017ed3397760] SymbolTable_lock - owner thread: 0x0000000000000000

Heap address: 0x0000000080000000, size: 2048 MB, Compressed Oops mode: 32-bit
Narrow klass base: 0x0000000000000000, Narrow klass shift: 3
Compressed class space size: 1073741824 Address: 0x0000000100000000

Heap:
 garbage-first heap   total 120832K, used 54924K [0x0000000080000000, 0x0000000100000000)
  region size 1024K, 37 young (37888K), 4 survivors (4096K)
 Metaspace       used 37888K, capacity 38794K, committed 38984K, reserved 1083392K
  class space    used 4860K, capacity 5198K, committed 5324K, reserved 1048576K
Heap Regions: E=young(eden), S=young(survivor), O=old, HS=humongous(starts), HC=humongous(continues), CS=collection set, F=free, A=archive, TAMS=top-at-mark-start (previous, next)
|   0|0x0000000080000000, 0x0000000080100000, 0x0000000080100000|100%| O|  |TAMS 0x0000000080100000, 0x0000000080000000| Untracked 
|   1|0x0000000080100000, 0x0000000080200000, 0x0000000080200000|100%| O|  |TAMS 0x0000000080200000, 0x0000000080100000| Untracked 
|   2|0x0000000080200000, 0x0000000080300000, 0x0000000080300000|100%| O|  |TAMS 0x0000000080300000, 0x0000000080200000| Untracked 
|   3|0x0000000080300000, 0x0000000080400000, 0x0000000080400000|100%|HS|  |TAMS 0x0000000080400000, 0x0000000080300000| Complete 
|   4|0x0000000080400000, 0x0000000080500000, 0x0000000080500000|100%|HC|  |TAMS 0x0000000080500000, 0x0000000080400000| Complete 
|   5|0x0000000080500000, 0x0000000080600000, 0x0000000080600000|100%|HC|  |TAMS 0x0000000080600000, 0x0000000080500000| Complete 
|   6|0x0000000080600000, 0x0000000080700000, 0x0000000080700000|100%| O|  |TAMS 0x0000000080700000, 0x0000000080600000| Untracked 
|   7|0x0000000080700000, 0x0000000080800000, 0x0000000080800000|100%| O|  |TAMS 0x0000000080800000, 0x0000000080700000| Untracked 
|   8|0x0000000080800000, 0x0000000080900000, 0x0000000080900000|100%| O|  |TAMS 0x0000000080900000, 0x0000000080800000| Untracked 
|   9|0x0000000080900000, 0x0000000080a00000, 0x0000000080a00000|100%| O|  |TAMS 0x0000000080a00000, 0x0000000080900000| Untracked 
|  10|0x0000000080a00000, 0x0000000080b00000, 0x0000000080b00000|100%| O|  |TAMS 0x0000000080b00000, 0x0000000080a00000| Untracked 
|  11|0x0000000080b00000, 0x0000000080c00000, 0x0000000080c00000|100%| O|  |TAMS 0x0000000080c00000, 0x0000000080b00000| Untracked 
|  12|0x0000000080c00000, 0x0000000080d00000, 0x0000000080d00000|100%| O|  |TAMS 0x0000000080d00000, 0x0000000080c00000| Untracked 
|  13|0x0000000080d00000, 0x0000000080e00000, 0x0000000080e00000|100%| O|  |TAMS 0x0000000080e00000, 0x0000000080d00000| Untracked 
|  14|0x0000000080e00000, 0x0000000080f00000, 0x0000000080f00000|100%| O|  |TAMS 0x0000000080f00000, 0x0000000080e00000| Untracked 
|  15|0x0000000080f00000, 0x0000000081000000, 0x0000000081000000|100%| O|  |TAMS 0x0000000081000000, 0x0000000080f00000| Untracked 
|  16|0x0000000081000000, 0x0000000081100000, 0x0000000081100000|100%| O|  |TAMS 0x0000000081100000, 0x0000000081000000| Untracked 
|  17|0x0000000081100000, 0x0000000081200000, 0x0000000081200000|100%| O|  |TAMS 0x0000000081200000, 0x0000000081100000| Untracked 
|  18|0x0000000081200000, 0x0000000081234e00, 0x0000000081300000| 20%| O|  |TAMS 0x0000000081234e00, 0x0000000081200000| Untracked 
|  19|0x0000000081300000, 0x0000000081300000, 0x0000000081400000|  0%| F|  |TAMS 0x0000000081300000, 0x0000000081300000| Untracked 
|  20|0x0000000081400000, 0x0000000081400000, 0x0000000081500000|  0%| F|  |TAMS 0x0000000081400000, 0x0000000081400000| Untracked 
|  21|0x0000000081500000, 0x0000000081500000, 0x0000000081600000|  0%| F|  |TAMS 0x0000000081500000, 0x0000000081500000| Untracked 
|  22|0x0000000081600000, 0x0000000081600000, 0x0000000081700000|  0%| F|  |TAMS 0x0000000081600000, 0x0000000081600000| Untracked 
|  23|0x0000000081700000, 0x0000000081700000, 0x0000000081800000|  0%| F|  |TAMS 0x0000000081700000, 0x0000000081700000| Untracked 
|  24|0x0000000081800000, 0x0000000081800000, 0x0000000081900000|  0%| F|  |TAMS 0x0000000081800000, 0x0000000081800000| Untracked 
|  25|0x0000000081900000, 0x0000000081900000, 0x0000000081a00000|  0%| F|  |TAMS 0x0000000081900000, 0x0000000081900000| Untracked 
|  26|0x0000000081a00000, 0x0000000081a00000, 0x0000000081b00000|  0%| F|  |TAMS 0x0000000081a00000, 0x0000000081a00000| Untracked 
|  27|0x0000000081b00000, 0x0000000081b00000, 0x0000000081c00000|  0%| F|  |TAMS 0x0000000081b00000, 0x0000000081b00000| Untracked 
|  28|0x0000000081c00000, 0x0000000081c00000, 0x0000000081d00000|  0%| F|  |TAMS 0x0000000081c00000, 0x0000000081c00000| Untracked 
|  29|0x0000000081d00000, 0x0000000081d00000, 0x0000000081e00000|  0%| F|  |TAMS 0x0000000081d00000, 0x0000000081d00000| Untracked 
|  30|0x0000000081e00000, 0x0000000081e00000, 0x0000000081f00000|  0%| F|  |TAMS 0x0000000081e00000, 0x0000000081e00000| Untracked 
|  31|0x0000000081f00000, 0x0000000081f00000, 0x0000000082000000|  0%| F|  |TAMS 0x0000000081f00000, 0x0000000081f00000| Untracked 
|  32|0x0000000082000000, 0x0000000082000000, 0x0000000082100000|  0%| F|  |TAMS 0x0000000082000000, 0x0000000082000000| Untracked 
|  33|0x0000000082100000, 0x0000000082100000, 0x0000000082200000|  0%| F|  |TAMS 0x0000000082100000, 0x0000000082100000| Untracked 
|  34|0x0000000082200000, 0x0000000082200000, 0x0000000082300000|  0%| F|  |TAMS 0x0000000082200000, 0x0000000082200000| Untracked 
|  35|0x0000000082300000, 0x0000000082300000, 0x0000000082400000|  0%| F|  |TAMS 0x0000000082300000, 0x0000000082300000| Untracked 
|  36|0x0000000082400000, 0x0000000082400000, 0x0000000082500000|  0%| F|  |TAMS 0x0000000082400000, 0x0000000082400000| Untracked 
|  37|0x0000000082500000, 0x0000000082500000, 0x0000000082600000|  0%| F|  |TAMS 0x0000000082500000, 0x0000000082500000| Untracked 
|  38|0x0000000082600000, 0x0000000082600000, 0x0000000082700000|  0%| F|  |TAMS 0x0000000082600000, 0x0000000082600000| Untracked 
|  39|0x0000000082700000, 0x0000000082700000, 0x0000000082800000|  0%| F|  |TAMS 0x0000000082700000, 0x0000000082700000| Untracked 
|  40|0x0000000082800000, 0x0000000082800000, 0x0000000082900000|  0%| F|  |TAMS 0x0000000082800000, 0x0000000082800000| Untracked 
|  41|0x0000000082900000, 0x0000000082900000, 0x0000000082a00000|  0%| F|  |TAMS 0x0000000082900000, 0x0000000082900000| Untracked 
|  42|0x0000000082a00000, 0x0000000082a00000, 0x0000000082b00000|  0%| F|  |TAMS 0x0000000082a00000, 0x0000000082a00000| Untracked 
|  43|0x0000000082b00000, 0x0000000082b00000, 0x0000000082c00000|  0%| F|  |TAMS 0x0000000082b00000, 0x0000000082b00000| Untracked 
|  44|0x0000000082c00000, 0x0000000082c00000, 0x0000000082d00000|  0%| F|  |TAMS 0x0000000082c00000, 0x0000000082c00000| Untracked 
|  45|0x0000000082d00000, 0x0000000082d00000, 0x0000000082e00000|  0%| F|  |TAMS 0x0000000082d00000, 0x0000000082d00000| Untracked 
|  46|0x0000000082e00000, 0x0000000082e00000, 0x0000000082f00000|  0%| F|  |TAMS 0x0000000082e00000, 0x0000000082e00000| Untracked 
|  47|0x0000000082f00000, 0x0000000082f00000, 0x0000000083000000|  0%| F|  |TAMS 0x0000000082f00000, 0x0000000082f00000| Untracked 
|  48|0x0000000083000000, 0x0000000083000000, 0x0000000083100000|  0%| F|  |TAMS 0x0000000083000000, 0x0000000083000000| Untracked 
|  49|0x0000000083100000, 0x0000000083100000, 0x0000000083200000|  0%| F|  |TAMS 0x0000000083100000, 0x0000000083100000| Untracked 
|  50|0x0000000083200000, 0x0000000083200000, 0x0000000083300000|  0%| F|  |TAMS 0x0000000083200000, 0x0000000083200000| Untracked 
|  51|0x0000000083300000, 0x0000000083300000, 0x0000000083400000|  0%| F|  |TAMS 0x0000000083300000, 0x0000000083300000| Untracked 
|  52|0x0000000083400000, 0x0000000083400000, 0x0000000083500000|  0%| F|  |TAMS 0x0000000083400000, 0x0000000083400000| Untracked 
|  53|0x0000000083500000, 0x0000000083500000, 0x0000000083600000|  0%| F|  |TAMS 0x0000000083500000, 0x0000000083500000| Untracked 
|  54|0x0000000083600000, 0x0000000083600000, 0x0000000083700000|  0%| F|  |TAMS 0x0000000083600000, 0x0000000083600000| Untracked 
|  55|0x0000000083700000, 0x0000000083700000, 0x0000000083800000|  0%| F|  |TAMS 0x0000000083700000, 0x0000000083700000| Untracked 
|  56|0x0000000083800000, 0x0000000083800000, 0x0000000083900000|  0%| F|  |TAMS 0x0000000083800000, 0x0000000083800000| Untracked 
|  57|0x0000000083900000, 0x0000000083900000, 0x0000000083a00000|  0%| F|  |TAMS 0x0000000083900000, 0x0000000083900000| Untracked 
|  58|0x0000000083a00000, 0x0000000083a00000, 0x0000000083b00000|  0%| F|  |TAMS 0x0000000083a00000, 0x0000000083a00000| Untracked 
|  59|0x0000000083b00000, 0x0000000083b00000, 0x0000000083c00000|  0%| F|  |TAMS 0x0000000083b00000, 0x0000000083b00000| Untracked 
|  60|0x0000000083c00000, 0x0000000083c00000, 0x0000000083d00000|  0%| F|  |TAMS 0x0000000083c00000, 0x0000000083c00000| Untracked 
|  61|0x0000000083d00000, 0x0000000083d00000, 0x0000000083e00000|  0%| F|  |TAMS 0x0000000083d00000, 0x0000000083d00000| Untracked 
|  62|0x0000000083e00000, 0x0000000083e00000, 0x0000000083f00000|  0%| F|  |TAMS 0x0000000083e00000, 0x0000000083e00000| Untracked 
|  63|0x0000000083f00000, 0x0000000083f00000, 0x0000000084000000|  0%| F|  |TAMS 0x0000000083f00000, 0x0000000083f00000| Untracked 
|  64|0x0000000084000000, 0x0000000084000000, 0x0000000084100000|  0%| F|  |TAMS 0x0000000084000000, 0x0000000084000000| Untracked 
|  65|0x0000000084100000, 0x0000000084100000, 0x0000000084200000|  0%| F|  |TAMS 0x0000000084100000, 0x0000000084100000| Untracked 
|  66|0x0000000084200000, 0x0000000084200000, 0x0000000084300000|  0%| F|  |TAMS 0x0000000084200000, 0x0000000084200000| Untracked 
|  67|0x0000000084300000, 0x0000000084300000, 0x0000000084400000|  0%| F|  |TAMS 0x0000000084300000, 0x0000000084300000| Untracked 
|  68|0x0000000084400000, 0x0000000084400000, 0x0000000084500000|  0%| F|  |TAMS 0x0000000084400000, 0x0000000084400000| Untracked 
|  69|0x0000000084500000, 0x0000000084500000, 0x0000000084600000|  0%| F|  |TAMS 0x0000000084500000, 0x0000000084500000| Untracked 
|  70|0x0000000084600000, 0x0000000084600000, 0x0000000084700000|  0%| F|  |TAMS 0x0000000084600000, 0x0000000084600000| Untracked 
|  71|0x0000000084700000, 0x0000000084700000, 0x0000000084800000|  0%| F|  |TAMS 0x0000000084700000, 0x0000000084700000| Untracked 
|  72|0x0000000084800000, 0x0000000084800000, 0x0000000084900000|  0%| F|  |TAMS 0x0000000084800000, 0x0000000084800000| Untracked 
|  73|0x0000000084900000, 0x0000000084900000, 0x0000000084a00000|  0%| F|  |TAMS 0x0000000084900000, 0x0000000084900000| Untracked 
|  74|0x0000000084a00000, 0x0000000084a00000, 0x0000000084b00000|  0%| F|  |TAMS 0x0000000084a00000, 0x0000000084a00000| Untracked 
|  75|0x0000000084b00000, 0x0000000084b00000, 0x0000000084c00000|  0%| F|  |TAMS 0x0000000084b00000, 0x0000000084b00000| Untracked 
|  76|0x0000000084c00000, 0x0000000084c00000, 0x0000000084d00000|  0%| F|  |TAMS 0x0000000084c00000, 0x0000000084c00000| Untracked 
|  77|0x0000000084d00000, 0x0000000084d00000, 0x0000000084e00000|  0%| F|  |TAMS 0x0000000084d00000, 0x0000000084d00000| Untracked 
|  78|0x0000000084e00000, 0x0000000084e00000, 0x0000000084f00000|  0%| F|  |TAMS 0x0000000084e00000, 0x0000000084e00000| Untracked 
|  79|0x0000000084f00000, 0x0000000084f00000, 0x0000000085000000|  0%| F|  |TAMS 0x0000000084f00000, 0x0000000084f00000| Untracked 
|  80|0x0000000085000000, 0x0000000085000000, 0x0000000085100000|  0%| F|  |TAMS 0x0000000085000000, 0x0000000085000000| Untracked 
|  81|0x0000000085100000, 0x000000008513c288, 0x0000000085200000| 23%| E|  |TAMS 0x0000000085100000, 0x0000000085100000| Complete 
|  82|0x0000000085200000, 0x0000000085300000, 0x0000000085300000|100%| E|CS|TAMS 0x0000000085200000, 0x0000000085200000| Complete 
|  83|0x0000000085300000, 0x0000000085400000, 0x0000000085400000|100%| E|CS|TAMS 0x0000000085300000, 0x0000000085300000| Complete 
|  84|0x0000000085400000, 0x0000000085500000, 0x0000000085500000|100%| E|CS|TAMS 0x0000000085400000, 0x0000000085400000| Complete 
|  85|0x0000000085500000, 0x0000000085600000, 0x0000000085600000|100%| E|CS|TAMS 0x0000000085500000, 0x0000000085500000| Complete 
|  86|0x0000000085600000, 0x0000000085700000, 0x0000000085700000|100%| E|CS|TAMS 0x0000000085600000, 0x0000000085600000| Complete 
|  87|0x0000000085700000, 0x0000000085800000, 0x0000000085800000|100%| E|CS|TAMS 0x0000000085700000, 0x0000000085700000| Complete 
|  88|0x0000000085800000, 0x0000000085900000, 0x0000000085900000|100%| E|CS|TAMS 0x0000000085800000, 0x0000000085800000| Complete 
|  89|0x0000000085900000, 0x0000000085a00000, 0x0000000085a00000|100%| E|CS|TAMS 0x0000000085900000, 0x0000000085900000| Complete 
|  90|0x0000000085a00000, 0x0000000085b00000, 0x0000000085b00000|100%| E|CS|TAMS 0x0000000085a00000, 0x0000000085a00000| Complete 
|  91|0x0000000085b00000, 0x0000000085c00000, 0x0000000085c00000|100%| E|CS|TAMS 0x0000000085b00000, 0x0000000085b00000| Complete 
|  92|0x0000000085c00000, 0x0000000085d00000, 0x0000000085d00000|100%| E|CS|TAMS 0x0000000085c00000, 0x0000000085c00000| Complete 
|  93|0x0000000085d00000, 0x0000000085e00000, 0x0000000085e00000|100%| E|CS|TAMS 0x0000000085d00000, 0x0000000085d00000| Complete 
|  94|0x0000000085e00000, 0x0000000085f00000, 0x0000000085f00000|100%| E|CS|TAMS 0x0000000085e00000, 0x0000000085e00000| Complete 
|  95|0x0000000085f00000, 0x0000000086000000, 0x0000000086000000|100%| E|CS|TAMS 0x0000000085f00000, 0x0000000085f00000| Complete 
|  96|0x0000000086000000, 0x0000000086100000, 0x0000000086100000|100%| E|CS|TAMS 0x0000000086000000, 0x0000000086000000| Complete 
|  97|0x0000000086100000, 0x0000000086200000, 0x0000000086200000|100%| E|CS|TAMS 0x0000000086100000, 0x0000000086100000| Complete 
|  98|0x0000000086200000, 0x0000000086300000, 0x0000000086300000|100%| E|CS|TAMS 0x0000000086200000, 0x0000000086200000| Complete 
|  99|0x0000000086300000, 0x0000000086400000, 0x0000000086400000|100%| E|CS|TAMS 0x0000000086300000, 0x0000000086300000| Complete 
| 100|0x0000000086400000, 0x0000000086500000, 0x0000000086500000|100%| E|CS|TAMS 0x0000000086400000, 0x0000000086400000| Complete 
| 101|0x0000000086500000, 0x0000000086600000, 0x0000000086600000|100%| E|CS|TAMS 0x0000000086500000, 0x0000000086500000| Complete 
| 102|0x0000000086600000, 0x0000000086700000, 0x0000000086700000|100%| E|CS|TAMS 0x0000000086600000, 0x0000000086600000| Complete 
| 103|0x0000000086700000, 0x0000000086800000, 0x0000000086800000|100%| E|CS|TAMS 0x0000000086700000, 0x0000000086700000| Complete 
| 104|0x0000000086800000, 0x0000000086900000, 0x0000000086900000|100%| E|CS|TAMS 0x0000000086800000, 0x0000000086800000| Complete 
| 105|0x0000000086900000, 0x0000000086a00000, 0x0000000086a00000|100%| E|CS|TAMS 0x0000000086900000, 0x0000000086900000| Complete 
| 106|0x0000000086a00000, 0x0000000086b00000, 0x0000000086b00000|100%| E|CS|TAMS 0x0000000086a00000, 0x0000000086a00000| Complete 
| 107|0x0000000086b00000, 0x0000000086c00000, 0x0000000086c00000|100%| E|CS|TAMS 0x0000000086b00000, 0x0000000086b00000| Complete 
| 108|0x0000000086c00000, 0x0000000086d00000, 0x0000000086d00000|100%| E|CS|TAMS 0x0000000086c00000, 0x0000000086c00000| Complete 
| 109|0x0000000086d00000, 0x0000000086e00000, 0x0000000086e00000|100%| E|CS|TAMS 0x0000000086d00000, 0x0000000086d00000| Complete 
| 110|0x0000000086e00000, 0x0000000086e6e3a0, 0x0000000086f00000| 43%| S|CS|TAMS 0x0000000086e00000, 0x0000000086e00000| Complete 
| 111|0x0000000086f00000, 0x0000000087000000, 0x0000000087000000|100%| S|CS|TAMS 0x0000000086f00000, 0x0000000086f00000| Complete 
| 112|0x0000000087000000, 0x0000000087100000, 0x0000000087100000|100%| S|CS|TAMS 0x0000000087000000, 0x0000000087000000| Complete 
| 113|0x0000000087100000, 0x0000000087200000, 0x0000000087200000|100%| S|CS|TAMS 0x0000000087100000, 0x0000000087100000| Complete 
| 114|0x0000000087200000, 0x0000000087300000, 0x0000000087300000|100%| E|CS|TAMS 0x0000000087200000, 0x0000000087200000| Complete 
| 115|0x0000000087300000, 0x0000000087400000, 0x0000000087400000|100%| E|CS|TAMS 0x0000000087300000, 0x0000000087300000| Complete 
| 116|0x0000000087400000, 0x0000000087500000, 0x0000000087500000|100%| E|CS|TAMS 0x0000000087400000, 0x0000000087400000| Complete 
| 117|0x0000000087500000, 0x0000000087600000, 0x0000000087600000|100%| E|CS|TAMS 0x0000000087500000, 0x0000000087500000| Complete 

Card table byte_map: [0x0000017ee6b20000,0x0000017ee6f20000] _byte_map_base: 0x0000017ee6720000

Marking Bits (Prev, Next): (CMBitMap*) 0x0000017ed33e1d58, (CMBitMap*) 0x0000017ed33e1d90
 Prev Bits: [0x0000017ee7320000, 0x0000017ee9320000)
 Next Bits: [0x0000017ee9320000, 0x0000017eeb320000)

Polling page: 0x0000017ed1300000

Metaspace:

Usage:
  Non-class:     32.81 MB capacity,    32.28 MB ( 98%) used,   457.85 KB (  1%) free+waste,    83.00 KB ( <1%) overhead. 
      Class:      5.08 MB capacity,     4.75 MB ( 94%) used,   294.13 KB (  6%) free+waste,    39.81 KB ( <1%) overhead. 
       Both:     37.88 MB capacity,    37.03 MB ( 98%) used,   751.98 KB (  2%) free+waste,   122.81 KB ( <1%) overhead. 

Virtual space:
  Non-class space:       34.00 MB reserved,      32.87 MB ( 97%) committed 
      Class space:        1.00 GB reserved,       5.20 MB ( <1%) committed 
             Both:        1.03 GB reserved,      38.07 MB (  4%) committed 

Chunk freelists:
   Non-Class:  0 bytes
       Class:  18.00 KB
        Both:  18.00 KB

MaxMetaspaceSize: 17179869184.00 GB
CompressedClassSpaceSize: 1.00 GB
Initial GC threshold: 20.80 MB
Current GC threshold: 58.66 MB
CDS: off

CodeHeap 'non-profiled nmethods': size=119168Kb used=1790Kb max_used=1790Kb free=117378Kb
 bounds [0x0000017edea40000, 0x0000017edecb0000, 0x0000017ee5ea0000]
CodeHeap 'profiled nmethods': size=119168Kb used=7795Kb max_used=7795Kb free=111372Kb
 bounds [0x0000017ed75e0000, 0x0000017ed7d80000, 0x0000017edea40000]
CodeHeap 'non-nmethods': size=7424Kb used=3276Kb max_used=3339Kb free=4147Kb
 bounds [0x0000017ed6ea0000, 0x0000017ed71f0000, 0x0000017ed75e0000]
 total_blobs=4212 nmethods=3588 adapters=533
 compilation: enabled
              stopped_count=0, restarted_count=0
 full_count=0

Compilation events (20 events):
Event: 4.661 Thread 0x0000017eefc73800 nmethod 3582 0x0000017ed7d74290 code [0x0000017ed7d746a0, 0x0000017ed7d76798]
Event: 4.664 Thread 0x0000017ef07f8800 nmethod 3577 0x0000017edebfab10 code [0x0000017edebfada0, 0x0000017edebfb4d0]
Event: 4.664 Thread 0x0000017ef07f8800 3581       4       jdk.internal.loader.URLClassPath::getResource (74 bytes)
Event: 4.666 Thread 0x0000017ef1e11800 nmethod 3554 0x0000017edebfba10 code [0x0000017edebfbc00, 0x0000017edebfc9d8]
Event: 4.666 Thread 0x0000017ef1e11800 3580   !   4       jdk.internal.loader.URLClassPath$JarLoader::getResource (353 bytes)
Event: 4.675 Thread 0x0000017ef07f8800 nmethod 3581 0x0000017edebfd410 code [0x0000017edebfd6c0, 0x0000017edebfdfd0]
Event: 4.675 Thread 0x0000017ef07f8800 3548       4       java.lang.String::indexOf (65 bytes)
Event: 4.676 Thread 0x0000017ef07f8800 nmethod 3548 0x0000017edebfe690 code [0x0000017edebfe820, 0x0000017edebfea38]
Event: 4.676 Thread 0x0000017ef07f8800 3549       4       java.lang.Integer::numberOfLeadingZeros (78 bytes)
Event: 4.677 Thread 0x0000017ef07f8800 nmethod 3549 0x0000017edebfeb10 code [0x0000017edebfeca0, 0x0000017edebfed38]
Event: 4.677 Thread 0x0000017ef07f8800 3550       4       java.util.ArrayList::newCapacity (65 bytes)
Event: 4.678 Thread 0x0000017ef07f8800 nmethod 3550 0x0000017edebfee10 code [0x0000017edebfefa0, 0x0000017edebff078]
Event: 4.678 Thread 0x0000017ef07f8800 3544       4       java.util.Spliterators$1Adapter::accept (11 bytes)
Event: 4.679 Thread 0x0000017ef07f8800 nmethod 3544 0x0000017edebff190 code [0x0000017edebff320, 0x0000017edebff458]
Event: 4.680 Thread 0x0000017ef07f8800 3585       4       java.net.URLClassLoader$1::run (5 bytes)
Event: 4.690 Thread 0x0000017eee344000 3587       1       org.slf4j.impl.StaticLoggerBinder::getLoggerFactory (5 bytes)
Event: 4.690 Thread 0x0000017eee344000 nmethod 3587 0x0000017edebff510 code [0x0000017edebff6c0, 0x0000017edebff778]
Event: 4.694 Thread 0x0000017eef6e0800 3588       3       java.util.concurrent.locks.ReentrantLock$Sync::isHeldExclusively (16 bytes)
Event: 4.694 Thread 0x0000017eef6e0800 nmethod 3588 0x0000017ed7d76f10 code [0x0000017ed7d770c0, 0x0000017ed7d77258]
Event: 4.699 Thread 0x0000017eee3b6800 3589       3       java.lang.invoke.MethodHandles$Lookup::checkMethodName (43 bytes)

GC Heap History (12 events):
Event: 0.670 GC heap before
{Heap before GC invocations=0 (full 0):
 garbage-first heap   total 120832K, used 29696K [0x0000000080000000, 0x0000000100000000)
  region size 1024K, 24 young (24576K), 0 survivors (0K)
 Metaspace       used 9821K, capacity 10024K, committed 10112K, reserved 1058816K
  class space    used 1008K, capacity 1069K, committed 1152K, reserved 1048576K
}
Event: 0.677 GC heap after
{Heap after GC invocations=1 (full 0):
 garbage-first heap   total 120832K, used 9014K [0x0000000080000000, 0x0000000100000000)
  region size 1024K, 3 young (3072K), 3 survivors (3072K)
 Metaspace       used 9821K, capacity 10024K, committed 10112K, reserved 1058816K
  class space    used 1008K, capacity 1069K, committed 1152K, reserved 1048576K
}
Event: 2.526 GC heap before
{Heap before GC invocations=1 (full 0):
 garbage-first heap   total 120832K, used 77622K [0x0000000080000000, 0x0000000100000000)
  region size 1024K, 70 young (71680K), 3 survivors (3072K)
 Metaspace       used 16704K, capacity 17072K, committed 17152K, reserved 1064960K
  class space    used 1909K, capacity 2034K, committed 2048K, reserved 1048576K
}
Event: 2.534 GC heap after
{Heap after GC invocations=2 (full 0):
 garbage-first heap   total 120832K, used 15414K [0x0000000080000000, 0x0000000100000000)
  region size 1024K, 9 young (9216K), 9 survivors (9216K)
 Metaspace       used 16704K, capacity 17072K, committed 17152K, reserved 1064960K
  class space    used 1909K, capacity 2034K, committed 2048K, reserved 1048576K
}
Event: 2.945 GC heap before
{Heap before GC invocations=2 (full 0):
 garbage-first heap   total 120832K, used 52278K [0x0000000080000000, 0x0000000100000000)
  region size 1024K, 46 young (47104K), 9 survivors (9216K)
 Metaspace       used 20783K, capacity 21171K, committed 21296K, reserved 1069056K
  class space    used 2535K, capacity 2678K, committed 2688K, reserved 1048576K
}
Event: 2.954 GC heap after
{Heap after GC invocations=3 (full 0):
 garbage-first heap   total 120832K, used 16981K [0x0000000080000000, 0x0000000100000000)
  region size 1024K, 2 young (2048K), 2 survivors (2048K)
 Metaspace       used 20783K, capacity 21171K, committed 21296K, reserved 1069056K
  class space    used 2535K, capacity 2678K, committed 2688K, reserved 1048576K
}
Event: 3.520 GC heap before
{Heap before GC invocations=4 (full 0):
 garbage-first heap   total 120832K, used 69205K [0x0000000080000000, 0x0000000100000000)
  region size 1024K, 53 young (54272K), 2 survivors (2048K)
 Metaspace       used 26296K, capacity 26819K, committed 27184K, reserved 1073152K
  class space    used 3393K, capacity 3587K, committed 3712K, reserved 1048576K
}
Event: 3.524 GC heap after
{Heap after GC invocations=5 (full 0):
 garbage-first heap   total 120832K, used 18756K [0x0000000080000000, 0x0000000100000000)
  region size 1024K, 4 young (4096K), 4 survivors (4096K)
 Metaspace       used 26296K, capacity 26819K, committed 27184K, reserved 1073152K
  class space    used 3393K, capacity 3587K, committed 3712K, reserved 1048576K
}
Event: 4.252 GC heap before
{Heap before GC invocations=5 (full 0):
 garbage-first heap   total 120832K, used 75076K [0x0000000080000000, 0x0000000100000000)
  region size 1024K, 59 young (60416K), 4 survivors (4096K)
 Metaspace       used 32822K, capacity 33558K, committed 33712K, reserved 1079296K
  class space    used 4320K, capacity 4606K, committed 4608K, reserved 1048576K
}
Event: 4.256 GC heap after
{Heap after GC invocations=6 (full 0):
 garbage-first heap   total 120832K, used 21282K [0x0000000080000000, 0x0000000100000000)
  region size 1024K, 6 young (6144K), 6 survivors (6144K)
 Metaspace       used 32822K, capacity 33558K, committed 33712K, reserved 1079296K
  class space    used 4320K, capacity 4606K, committed 4608K, reserved 1048576K
}
Event: 4.356 GC heap before
{Heap before GC invocations=6 (full 0):
 garbage-first heap   total 120832K, used 24354K [0x0000000080000000, 0x0000000100000000)
  region size 1024K, 10 young (10240K), 6 survivors (6144K)
 Metaspace       used 34859K, capacity 35662K, committed 35708K, reserved 1081344K
  class space    used 4501K, capacity 4839K, committed 4864K, reserved 1048576K
}
Event: 4.370 GC heap after
{Heap after GC invocations=7 (full 0):
 garbage-first heap   total 120832K, used 22156K [0x0000000080000000, 0x0000000100000000)
  region size 1024K, 4 young (4096K), 4 survivors (4096K)
 Metaspace       used 34859K, capacity 35662K, committed 35708K, reserved 1081344K
  class space    used 4501K, capacity 4839K, committed 4864K, reserved 1048576K
}

Deoptimization events (20 events):
Event: 4.643 Thread 0x0000017ef0e2e000 Uncommon trap: trap_request=0xffffffbe fr.pc=0x0000017edebf5cb4 relative=0x0000000000000954
Event: 4.643 Thread 0x0000017ef0e2e000 Uncommon trap: reason=profile_predicate action=maybe_recompile pc=0x0000017edebf5cb4 method=jdk.internal.jimage.ImageStringsReader.charsFromByteBuffer([CLjava/nio/ByteBuffer;)V @ 6 c2
Event: 4.643 Thread 0x0000017ef0e2e000 DEOPT PACKING pc=0x0000017edebf5cb4 sp=0x0000006835bf86f0
Event: 4.643 Thread 0x0000017ef0e2e000 DEOPT UNPACKING pc=0x0000017ed6eea1af sp=0x0000006835bf85c8 mode 2
Event: 4.644 Thread 0x0000017ef0e2e000 Uncommon trap: trap_request=0xffffffbe fr.pc=0x0000017edebf5cb4 relative=0x0000000000000954
Event: 4.644 Thread 0x0000017ef0e2e000 Uncommon trap: reason=profile_predicate action=maybe_recompile pc=0x0000017edebf5cb4 method=jdk.internal.jimage.ImageStringsReader.charsFromByteBuffer([CLjava/nio/ByteBuffer;)V @ 6 c2
Event: 4.644 Thread 0x0000017ef0e2e000 DEOPT PACKING pc=0x0000017edebf5cb4 sp=0x0000006835bf86f0
Event: 4.644 Thread 0x0000017ef0e2e000 DEOPT UNPACKING pc=0x0000017ed6eea1af sp=0x0000006835bf85c8 mode 2
Event: 4.644 Thread 0x0000017ef0e2e000 Uncommon trap: trap_request=0xffffffbe fr.pc=0x0000017edebf5cb4 relative=0x0000000000000954
Event: 4.644 Thread 0x0000017ef0e2e000 Uncommon trap: reason=profile_predicate action=maybe_recompile pc=0x0000017edebf5cb4 method=jdk.internal.jimage.ImageStringsReader.charsFromByteBuffer([CLjava/nio/ByteBuffer;)V @ 6 c2
Event: 4.644 Thread 0x0000017ef0e2e000 DEOPT PACKING pc=0x0000017edebf5cb4 sp=0x0000006835bf86f0
Event: 4.644 Thread 0x0000017ef0e2e000 DEOPT UNPACKING pc=0x0000017ed6eea1af sp=0x0000006835bf85c8 mode 2
Event: 4.644 Thread 0x0000017ef0e2e000 Uncommon trap: trap_request=0xffffffbe fr.pc=0x0000017edebf5cb4 relative=0x0000000000000954
Event: 4.644 Thread 0x0000017ef0e2e000 Uncommon trap: reason=profile_predicate action=maybe_recompile pc=0x0000017edebf5cb4 method=jdk.internal.jimage.ImageStringsReader.charsFromByteBuffer([CLjava/nio/ByteBuffer;)V @ 6 c2
Event: 4.644 Thread 0x0000017ef0e2e000 DEOPT PACKING pc=0x0000017edebf5cb4 sp=0x0000006835bf86f0
Event: 4.644 Thread 0x0000017ef0e2e000 DEOPT UNPACKING pc=0x0000017ed6eea1af sp=0x0000006835bf85c8 mode 2
Event: 4.660 Thread 0x0000017ef0e2e000 Uncommon trap: trap_request=0xffffffbe fr.pc=0x0000017edebde018 relative=0x0000000000003bf8
Event: 4.660 Thread 0x0000017ef0e2e000 Uncommon trap: reason=profile_predicate action=maybe_recompile pc=0x0000017edebde018 method=java.util.AbstractCollection.addAll(Ljava/util/Collection;)Z @ 15 c2
Event: 4.660 Thread 0x0000017ef0e2e000 DEOPT PACKING pc=0x0000017edebde018 sp=0x0000006835bfa330
Event: 4.660 Thread 0x0000017ef0e2e000 DEOPT UNPACKING pc=0x0000017ed6eea1af sp=0x0000006835bfa338 mode 2

Classes redefined (0 events):
No events

Internal exceptions (20 events):
Event: 3.894 Thread 0x0000017ef0e2e000 Exception <a 'java/lang/NoSuchMethodError'{0x000000008559a378}: 'java.lang.Object java.lang.invoke.Invokers$Holder.linkToTargetMethod(java.lang.Object, java.lang.Object, java.lang.Object, java.lang.Object, java.lang.Object, java.lang.Object, java.lang.Object)'> (0x000000008559a378) thrown at [./src/hotspot/share/interpreter/linkResolver.cpp, line 773]
Event: 3.897 Thread 0x0000017ef0e2e000 Exception <a 'java/lang/IncompatibleClassChangeError'{0x00000000855daa70}: Found class java.lang.Object, but interface was expected> (0x00000000855daa70) thrown at [./src/hotspot/share/interpreter/linkResolver.cpp, line 839]
Event: 4.157 Thread 0x0000017ef0e2e000 Exception <a 'java/lang/NoSuchMethodError'{0x00000000841340f0}: 'void java.lang.invoke.DirectMethodHandle$Holder.invokeStaticInit(java.lang.Object, java.lang.Object, java.lang.Object)'> (0x00000000841340f0) thrown at [./src/hotspot/share/interpreter/linkResolver.cpp, line 773]
Event: 4.157 Thread 0x0000017ef0e2e000 Exception <a 'java/lang/NoSuchMethodError'{0x000000008413b2a0}: 'void java.lang.invoke.DirectMethodHandle$Holder.invokeStaticInit(java.lang.Object, java.lang.Object, java.lang.Object, java.lang.Object)'> (0x000000008413b2a0) thrown at [./src/hotspot/share/interpreter/linkResolver.cpp, line 773]
Event: 4.160 Thread 0x0000017ef0e2e000 Exception <a 'java/lang/NoSuchMethodError'{0x000000008415d8f8}: 'void java.lang.invoke.DirectMethodHandle$Holder.invokeStaticInit(java.lang.Object, java.lang.Object, java.lang.Object, java.lang.Object, java.lang.Object)'> (0x000000008415d8f8) thrown at [./src/hotspot/share/interpreter/linkResolver.cpp, line 773]
Event: 4.201 Thread 0x0000017ef0e2e000 Exception <a 'java/lang/NoSuchMethodError'{0x00000000841bc2c0}: 'int java.lang.invoke.DirectMethodHandle$Holder.invokeStaticInit(java.lang.Object, java.lang.Object, java.lang.Object, java.lang.Object)'> (0x00000000841bc2c0) thrown at [./src/hotspot/share/interpreter/linkResolver.cpp, line 773]
Event: 4.420 Thread 0x0000017ef0e2e000 Exception <a 'java/lang/NoSuchMethodError'{0x00000000873438d8}: 'java.lang.Object java.lang.invoke.DirectMethodHandle$Holder.invokeStatic(java.lang.Object, java.lang.Object, java.lang.Object, java.lang.Object, java.lang.Object, java.lang.Object, java.lang.Object, java.lang.Object, java.lang.Object, java.lang.Object, java.lang.Object, int)'> (0x00000000873438d8) thrown at [./src/hotspot/share/interpreter/linkResolver.cpp, line 773]
Event: 4.422 Thread 0x0000017ef0e2e000 Exception <a 'java/lang/NoSuchMethodError'{0x0000000087362278}: 'java.lang.Object java.lang.invoke.DirectMethodHandle$Holder.invokeStatic(java.lang.Object, java.lang.Object, java.lang.Object, java.lang.Object, java.lang.Object, java.lang.Object, java.lang.Object, java.lang.Object, java.lang.Object, java.lang.Object, java.lang.Object, int, int)'> (0x0000000087362278) thrown at [./src/hotspot/share/interpreter/linkResolver.cpp, line 773]
Event: 4.423 Thread 0x0000017ef0e2e000 Exception <a 'java/lang/NoSuchMethodError'{0x0000000087397540}: 'java.lang.Object java.lang.invoke.DirectMethodHandle$Holder.invokeStatic(java.lang.Object, java.lang.Object, java.lang.Object, java.lang.Object, java.lang.Object, java.lang.Object, java.lang.Object, java.lang.Object, java.lang.Object, java.lang.Object, java.lang.Object, int, int, java.lang.Object)'> (0x0000000087397540) thrown at [./src/hotspot/share/interpreter/linkResolver.cpp, line 773]
Event: 4.424 Thread 0x0000017ef0e2e000 Exception <a 'java/lang/NoSuchMethodError'{0x00000000873b8638}: 'java.lang.Object java.lang.invoke.DirectMethodHandle$Holder.invokeStatic(java.lang.Object, java.lang.Object, java.lang.Object, java.lang.Object, java.lang.Object, java.lang.Object, java.lang.Object, java.lang.Object, java.lang.Object, java.lang.Object, java.lang.Object, int, int, java.lang.Object, java.lang.Object)'> (0x00000000873b8638) thrown at [./src/hotspot/share/interpreter/linkResolver.cpp, line 773]
Event: 4.428 Thread 0x0000017ef0e2e000 Exception <a 'java/lang/ClassNotFoundException'{0x00000000873e82f8}: groovy/lang/ExpandoMetaClassBeanInfo> (0x00000000873e82f8) thrown at [./src/hotspot/share/classfile/systemDictionary.cpp, line 231]
Event: 4.429 Thread 0x0000017ef0e2e000 Exception <a 'java/lang/ClassNotFoundException'{0x00000000872089f8}: groovy/lang/MetaClassImplBeanInfo> (0x00000000872089f8) thrown at [./src/hotspot/share/classfile/systemDictionary.cpp, line 231]
Event: 4.429 Thread 0x0000017ef0e2e000 Exception <a 'java/lang/ClassNotFoundException'{0x0000000087211cb0}: java/lang/ObjectBeanInfo> (0x0000000087211cb0) thrown at [./src/hotspot/share/classfile/systemDictionary.cpp, line 231]
Event: 4.430 Thread 0x0000017ef0e2e000 Exception <a 'java/lang/ClassNotFoundException'{0x000000008721d3a8}: java/lang/ObjectCustomizer> (0x000000008721d3a8) thrown at [./src/hotspot/share/classfile/systemDictionary.cpp, line 231]
Event: 4.435 Thread 0x0000017ef0e2e000 Exception <a 'java/lang/ClassNotFoundException'{0x0000000087244620}: groovy/lang/MetaClassImplCustomizer> (0x0000000087244620) thrown at [./src/hotspot/share/classfile/systemDictionary.cpp, line 231]
Event: 4.439 Thread 0x0000017ef0e2e000 Exception <a 'java/lang/ClassNotFoundException'{0x0000000087298508}: groovy/lang/ExpandoMetaClassCustomizer> (0x0000000087298508) thrown at [./src/hotspot/share/classfile/systemDictionary.cpp, line 231]
Event: 4.656 Thread 0x0000017ef0e2e000 Exception <a 'java/lang/ClassNotFoundException'{0x0000000085581598}: org/gradle/internal/extensibility/DefaultExtraPropertiesExtensionBeanInfo> (0x0000000085581598) thrown at [./src/hotspot/share/classfile/systemDictionary.cpp, line 231]
Event: 4.657 Thread 0x0000017ef0e2e000 Exception <a 'java/lang/ClassNotFoundException'{0x00000000855a29e8}: groovy/lang/GroovyObjectSupportBeanInfo> (0x00000000855a29e8) thrown at [./src/hotspot/share/classfile/systemDictionary.cpp, line 231]
Event: 4.658 Thread 0x0000017ef0e2e000 Exception <a 'java/lang/ClassNotFoundException'{0x00000000855c4128}: groovy/lang/GroovyObjectSupportCustomizer> (0x00000000855c4128) thrown at [./src/hotspot/share/classfile/systemDictionary.cpp, line 231]
Event: 4.659 Thread 0x0000017ef0e2e000 Exception <a 'java/lang/ClassNotFoundException'{0x00000000855ea900}: org/gradle/internal/extensibility/DefaultExtraPropertiesExtensionCustomizer> (0x00000000855ea900) thrown at [./src/hotspot/share/classfile/systemDictionary.cpp, line 231]

Events (20 events):
Event: 4.695 loading class org/gradle/internal/classpath/DefaultCachedClasspathTransformer
Event: 4.695 loading class org/gradle/internal/classpath/DefaultCachedClasspathTransformer done
Event: 4.695 loading class org/gradle/internal/classpath/DefaultCachedClasspathTransformer$ValueOrTransformProvider
Event: 4.695 loading class org/gradle/internal/classpath/DefaultCachedClasspathTransformer$ValueOrTransformProvider done
Event: 4.696 loading class org/gradle/internal/classpath/DefaultCachedClasspathTransformer
Event: 4.696 loading class org/gradle/internal/classpath/DefaultCachedClasspathTransformer done
Event: 4.698 loading class org/gradle/internal/snapshot/FileSystemLocationSnapshot
Event: 4.698 loading class org/gradle/internal/snapshot/FileSystemLocationSnapshot done
Event: 4.698 loading class org/gradle/internal/snapshot/FileSystemLocationSnapshot
Event: 4.698 loading class org/gradle/internal/snapshot/FileSystemLocationSnapshot done
Event: 4.698 loading class org/gradle/internal/snapshot/FileSystemLocationSnapshot
Event: 4.698 loading class org/gradle/internal/snapshot/FileSystemLocationSnapshot done
Event: 4.698 loading class org/gradle/internal/snapshot/FileSystemLocationSnapshot
Event: 4.698 loading class org/gradle/internal/snapshot/FileSystemLocationSnapshot done
Event: 4.698 loading class org/gradle/internal/vfs/impl/DefaultFileSystemAccess
Event: 4.698 loading class org/gradle/internal/vfs/impl/DefaultFileSystemAccess done
Event: 4.699 loading class org/gradle/internal/snapshot/MetadataSnapshot
Event: 4.699 loading class org/gradle/internal/snapshot/MetadataSnapshot done
Event: 4.699 loading class org/gradle/internal/snapshot/MetadataSnapshot
Event: 4.699 loading class org/gradle/internal/snapshot/MetadataSnapshot done


Dynamic libraries:
0x00007ff783c00000 - 0x00007ff783c0a000 	C:\Program Files\Android\Android Studio\jre\bin\java.exe
0x00007ffa66d30000 - 0x00007ffa66f44000 	C:\WINDOWS\SYSTEM32\ntdll.dll
0x00007ffa658b0000 - 0x00007ffa65973000 	C:\WINDOWS\System32\KERNEL32.DLL
0x00007ffa64750000 - 0x00007ffa64aed000 	C:\WINDOWS\System32\KERNELBASE.dll
0x00007ffa64210000 - 0x00007ffa64321000 	C:\WINDOWS\System32\ucrtbase.dll
0x00007ffa5e380000 - 0x00007ffa5e399000 	C:\Program Files\Android\Android Studio\jre\bin\jli.dll
0x00007ffa4e690000 - 0x00007ffa4e6a7000 	C:\Program Files\Android\Android Studio\jre\bin\VCRUNTIME140.dll
0x00007ffa64ef0000 - 0x00007ffa6509d000 	C:\WINDOWS\System32\USER32.dll
0x00007ffa4a6b0000 - 0x00007ffa4a93e000 	C:\WINDOWS\WinSxS\amd64_microsoft.windows.common-controls_6595b64144ccf1df_6.0.22621.608_none_a9444ca7c10bb01d\COMCTL32.dll
0x00007ffa64af0000 - 0x00007ffa64b16000 	C:\WINDOWS\System32\win32u.dll
0x00007ffa66440000 - 0x00007ffa664e7000 	C:\WINDOWS\System32\msvcrt.dll
0x00007ffa65390000 - 0x00007ffa653b9000 	C:\WINDOWS\System32\GDI32.dll
0x00007ffa64450000 - 0x00007ffa64562000 	C:\WINDOWS\System32\gdi32full.dll
0x00007ffa64330000 - 0x00007ffa643ca000 	C:\WINDOWS\System32\msvcp_win.dll
0x00007ffa66c50000 - 0x00007ffa66c82000 	C:\WINDOWS\System32\IMM32.DLL
0x00007ffa38210000 - 0x00007ffa382ad000 	C:\Program Files\Android\Android Studio\jre\bin\msvcp140.dll
0x00007ffa02500000 - 0x00007ffa02fe5000 	C:\Program Files\Android\Android Studio\jre\bin\server\jvm.dll
0x00007ffa651b0000 - 0x00007ffa6525e000 	C:\WINDOWS\System32\ADVAPI32.dll
0x00007ffa666f0000 - 0x00007ffa66794000 	C:\WINDOWS\System32\sechost.dll
0x00007ffa66b30000 - 0x00007ffa66c45000 	C:\WINDOWS\System32\RPCRT4.dll
0x00007ffa651a0000 - 0x00007ffa651a8000 	C:\WINDOWS\System32\PSAPI.DLL
0x00007ffa5f610000 - 0x00007ffa5f619000 	C:\WINDOWS\SYSTEM32\WSOCK32.dll
0x00007ffa5d490000 - 0x00007ffa5d4c4000 	C:\WINDOWS\SYSTEM32\WINMM.dll
0x00007ffa5cda0000 - 0x00007ffa5cdaa000 	C:\WINDOWS\SYSTEM32\VERSION.dll
0x00007ffa66670000 - 0x00007ffa666e1000 	C:\WINDOWS\System32\WS2_32.dll
0x00007ffa63120000 - 0x00007ffa63138000 	C:\WINDOWS\SYSTEM32\kernel.appcore.dll
0x00007ffa5f5f0000 - 0x00007ffa5f601000 	C:\Program Files\Android\Android Studio\jre\bin\verify.dll
0x00007ffa50920000 - 0x00007ffa50b4e000 	C:\WINDOWS\SYSTEM32\DBGHELP.DLL
0x00007ffa667a0000 - 0x00007ffa66b2a000 	C:\WINDOWS\System32\combase.dll
0x00007ffa64b20000 - 0x00007ffa64bf7000 	C:\WINDOWS\System32\OLEAUT32.dll
0x00007ffa48710000 - 0x00007ffa48742000 	C:\WINDOWS\SYSTEM32\dbgcore.DLL
0x00007ffa643d0000 - 0x00007ffa6444b000 	C:\WINDOWS\System32\bcryptPrimitives.dll
0x00007ffa4be30000 - 0x00007ffa4be59000 	C:\Program Files\Android\Android Studio\jre\bin\java.dll
0x00007ffa5f5e0000 - 0x00007ffa5f5eb000 	C:\Program Files\Android\Android Studio\jre\bin\jimage.dll
0x00007ffa4e190000 - 0x00007ffa4e1a8000 	C:\Program Files\Android\Android Studio\jre\bin\zip.dll
0x00007ffa65bf0000 - 0x00007ffa663df000 	C:\WINDOWS\System32\SHELL32.dll
0x00007ffa62130000 - 0x00007ffa629f8000 	C:\WINDOWS\SYSTEM32\windows.storage.dll
0x00007ffa61ff0000 - 0x00007ffa6212e000 	C:\WINDOWS\SYSTEM32\wintypes.dll
0x00007ffa650a0000 - 0x00007ffa65191000 	C:\WINDOWS\System32\SHCORE.dll
0x00007ffa65260000 - 0x00007ffa652be000 	C:\WINDOWS\System32\shlwapi.dll
0x00007ffa64080000 - 0x00007ffa640a1000 	C:\WINDOWS\SYSTEM32\profapi.dll
0x00007ffa4be10000 - 0x00007ffa4be2a000 	C:\Program Files\Android\Android Studio\jre\bin\net.dll
0x00007ffa5d150000 - 0x00007ffa5d27f000 	C:\WINDOWS\SYSTEM32\WINHTTP.dll
0x00007ffa635d0000 - 0x00007ffa63639000 	C:\WINDOWS\system32\mswsock.dll
0x00007ffa4bdf0000 - 0x00007ffa4be04000 	C:\Program Files\Android\Android Studio\jre\bin\nio.dll
0x00007ffa38580000 - 0x00007ffa385a7000 	C:\Users\Le Thanh Hang\.gradle\native\e1d6ef7f7dcc3fd88c89a11ec53ec762bb8ba0a96d01ffa2cd45eb1d1d8dd5c5\windows-amd64\native-platform.dll
0x00007ffa37fb0000 - 0x00007ffa380f4000 	C:\Users\Le Thanh Hang\.gradle\native\5664cfc778a61ccfe75a443a1ab52a65af34e5dc3c78e0209fed803814484fcb\windows-amd64\native-platform-file-events.dll
0x00007ffa4c460000 - 0x00007ffa4c46a000 	C:\Program Files\Android\Android Studio\jre\bin\management.dll
0x00007ffa4bde0000 - 0x00007ffa4bded000 	C:\Program Files\Android\Android Studio\jre\bin\management_ext.dll
0x00007ffa63800000 - 0x00007ffa6381b000 	C:\WINDOWS\SYSTEM32\CRYPTSP.dll
0x00007ffa630e0000 - 0x00007ffa63115000 	C:\WINDOWS\system32\rsaenh.dll
0x00007ffa63690000 - 0x00007ffa636b8000 	C:\WINDOWS\SYSTEM32\USERENV.dll
0x00007ffa63a70000 - 0x00007ffa63a98000 	C:\WINDOWS\SYSTEM32\bcrypt.dll
0x00007ffa63820000 - 0x00007ffa6382c000 	C:\WINDOWS\SYSTEM32\CRYPTBASE.dll
0x00007ffa62c50000 - 0x00007ffa62c7d000 	C:\WINDOWS\SYSTEM32\IPHLPAPI.DLL
0x00007ffa652c0000 - 0x00007ffa652c9000 	C:\WINDOWS\System32\NSI.dll
0x00007ffa5d070000 - 0x00007ffa5d089000 	C:\WINDOWS\SYSTEM32\dhcpcsvc6.DLL
0x00007ffa5d050000 - 0x00007ffa5d06f000 	C:\WINDOWS\SYSTEM32\dhcpcsvc.DLL
0x00007ffa62cc0000 - 0x00007ffa62db2000 	C:\WINDOWS\SYSTEM32\DNSAPI.dll

dbghelp: loaded successfully - version: 4.0.5 - missing functions: none
symbol engine: initialized successfully - sym options: 0x614 - pdb path: .;C:\Program Files\Android\Android Studio\jre\bin;C:\WINDOWS\SYSTEM32;C:\WINDOWS\WinSxS\amd64_microsoft.windows.common-controls_6595b64144ccf1df_6.0.22621.608_none_a9444ca7c10bb01d;C:\Program Files\Android\Android Studio\jre\bin\server;C:\Users\Le Thanh Hang\.gradle\native\e1d6ef7f7dcc3fd88c89a11ec53ec762bb8ba0a96d01ffa2cd45eb1d1d8dd5c5\windows-amd64;C:\Users\Le Thanh Hang\.gradle\native\5664cfc778a61ccfe75a443a1ab52a65af34e5dc3c78e0209fed803814484fcb\windows-amd64

VM Arguments:
jvm_args: --add-opens=java.base/java.util=ALL-UNNAMED --add-opens=java.base/java.lang=ALL-UNNAMED --add-opens=java.base/java.lang.invoke=ALL-UNNAMED --add-opens=java.base/java.util=ALL-UNNAMED --add-opens=java.prefs/java.util.prefs=ALL-UNNAMED --add-opens=java.prefs/java.util.prefs=ALL-UNNAMED --add-opens=java.base/java.nio.charset=ALL-UNNAMED --add-opens=java.base/java.net=ALL-UNNAMED --add-opens=java.base/java.util.concurrent.atomic=ALL-UNNAMED -Xmx2048m -Dfile.encoding=UTF-8 -Duser.country=US -Duser.language=en -Duser.variant 
java_command: org.gradle.launcher.daemon.bootstrap.GradleDaemon 7.3.3
java_class_path (initial): C:\Users\Le Thanh Hang\.gradle\wrapper\dists\gradle-7.3.3-bin\6a41zxkdtcxs8rphpq6y0069z\gradle-7.3.3\lib\gradle-launcher-7.3.3.jar
Launcher Type: SUN_STANDARD

[Global flags]
     intx CICompilerCount                          = 12                                        {product} {ergonomic}
     uint ConcGCThreads                            = 3                                         {product} {ergonomic}
     uint G1ConcRefinementThreads                  = 13                                        {product} {ergonomic}
   size_t G1HeapRegionSize                         = 1048576                                   {product} {ergonomic}
    uintx GCDrainStackTargetSize                   = 64                                        {product} {ergonomic}
   size_t InitialHeapSize                          = 123731968                                 {product} {ergonomic}
   size_t MarkStackSize                            = 4194304                                   {product} {ergonomic}
   size_t MaxHeapSize                              = 2147483648                                {product} {command line}
   size_t MaxNewSize                               = 1287651328                                {product} {ergonomic}
   size_t MinHeapDeltaBytes                        = 1048576                                   {product} {ergonomic}
    uintx NonNMethodCodeHeapSize                   = 7594288                                {pd product} {ergonomic}
    uintx NonProfiledCodeHeapSize                  = 122031976                              {pd product} {ergonomic}
    uintx ProfiledCodeHeapSize                     = 122031976                              {pd product} {ergonomic}
    uintx ReservedCodeCacheSize                    = 251658240                              {pd product} {ergonomic}
     bool SegmentedCodeCache                       = true                                      {product} {ergonomic}
     bool UseCompressedClassPointers               = true                                 {lp64_product} {ergonomic}
     bool UseCompressedOops                        = true                                 {lp64_product} {ergonomic}
     bool UseG1GC                                  = true                                      {product} {ergonomic}
     bool UseLargePagesIndividualAllocation        = false                                  {pd product} {ergonomic}

Logging:
Log output configuration:
 #0: stdout all=warning uptime,level,tags
 #1: stderr all=off uptime,level,tags

Environment Variables:
PATH=C:\Program Files (x86)\VMware\VMware Workstation\bin\;C:\Python310\Scripts\;C:\Python310\;C:\Program Files\Eclipse Foundation\jdk-8.0.302.8-hotspot\bin;C:\windows\system32;C:\windows;C:\windows\System32\Wbem;C:\windows\System32\WindowsPowerShell\v1.0\;C:\windows\System32\OpenSSH\;C:\Program Files (x86)\NVIDIA Corporation\PhysX\Common;C:\Program Files\NVIDIA Corporation\NVIDIA NvDLISR;C:\Program Files\Microsoft SQL Server\130\Tools\Binn\;C:\Program Files\Microsoft SQL Server\Client SDK\ODBC\170\Tools\Binn\;C:\Program Files\Git\cmd;C:\Program Files\nodejs\;C:\ProgramData\chocolatey\bin;C:\WINDOWS\system32;C:\WINDOWS;C:\WINDOWS\System32\Wbem;C:\WINDOWS\System32\WindowsPowerShell\v1.0\;C:\WINDOWS\System32\OpenSSH\;C:\Program Files\dotnet\;C:\MinGW\bin;C:\Ruby31-x64\bin;C:\Users\Le Thanh Hang\AppData\Local\Microsoft\WindowsApps;C:\Users\Le Thanh Hang\AppData\Local\GitHubDesktop\bin;C:\Users\Le Thanh Hang\AppData\Roaming\npm;C:\Users\Le Thanh Hang\.dotnet\tools;C:\Users\Le Thanh Hang\AppData\Local\Programs\Microsoft VS Code\bin
USERNAME=Le Thanh Hang
OS=Windows_NT
PROCESSOR_IDENTIFIER=AMD64 Family 25 Model 80 Stepping 0, AuthenticAMD



---------------  S Y S T E M  ---------------

OS: Windows 10 , 64 bit Build 22621 (10.0.22621.963)
OS uptime: 0 days 9:41 hours
Hyper-V role detected

CPU:total 16 (initial active 16) (16 cores per cpu, 2 threads per core) family 25 model 80 stepping 0 microcode 0x0, cmov, cx8, fxsr, mmx, sse, sse2, sse3, ssse3, sse4.1, sse4.2, popcnt, avx, avx2, aes, clmul, erms, mmxext, 3dnowpref, lzcnt, sse4a, ht, tsc, tscinvbit, tscinv, bmi1, bmi2, adx, sha, fma

Memory: 4k page, system-wide physical 7523M (354M free)
TotalPageFile size 11619M (AvailPageFile size 3M)
current process WorkingSet (physical memory assigned to process): 248M, peak: 255M
current process commit charge ("private bytes"): 314M, peak: 323M

vm_info: OpenJDK 64-Bit Server VM (11.0.12+7-b1504.28-7817840) for windows-amd64 JRE (11.0.12+7-b1504.28-7817840), built on Oct 13 2021 22:12:33 by "builder" with MS VC++ 14.0 (VS2015)

END.
