#
# There is insufficient memory for the Java Runtime Environment to continue.
# Native memory allocation (malloc) failed to allocate 717696 bytes for Chunk::new
# Possible reasons:
#   The system is out of physical RAM or swap space
#   The process is running with CompressedOops enabled, and the Java Heap may be blocking the growth of the native heap
# Possible solutions:
#   Reduce memory load on the system
#   Increase physical memory or swap space
#   Check if swap backing store is full
#   Decrease Java heap size (-Xmx/-Xms)
#   Decrease number of Java threads
#   Decrease Java thread stack sizes (-Xss)
#   Set larger code cache with -XX:ReservedCodeCacheSize=
#   JVM is running with Unscaled Compressed Oops mode in which the Java heap is
#     placed in the first 4GB address space. The Java Heap base address is the
#     maximum limit for the native heap growth. Please use -XX:HeapBaseMinAddress
#     to set the Java Heap base and to place the Java Heap above 4GB virtual address.
# This output file may be truncated or incomplete.
#
#  Out of Memory Error (./src/hotspot/share/memory/arena.cpp:197), pid=15176, tid=3420
#
# JRE version: OpenJDK Runtime Environment (11.0.12+7) (build 11.0.12+7-b1504.28-7817840)
# Java VM: OpenJDK 64-Bit Server VM (11.0.12+7-b1504.28-7817840, mixed mode, tiered, compressed oops, g1 gc, windows-amd64)
# No core dump will be written. Minidumps are not enabled by default on client versions of Windows
#

---------------  S U M M A R Y ------------

Command Line: --add-opens=java.base/java.util=ALL-UNNAMED --add-opens=java.base/java.lang=ALL-UNNAMED --add-opens=java.base/java.lang.invoke=ALL-UNNAMED --add-opens=java.base/java.util=ALL-UNNAMED --add-opens=java.prefs/java.util.prefs=ALL-UNNAMED --add-opens=java.prefs/java.util.prefs=ALL-UNNAMED --add-opens=java.base/java.nio.charset=ALL-UNNAMED --add-opens=java.base/java.net=ALL-UNNAMED --add-opens=java.base/java.util.concurrent.atomic=ALL-UNNAMED -Xmx2048m -Dfile.encoding=UTF-8 -Duser.country=US -Duser.language=en -Duser.variant org.gradle.launcher.daemon.bootstrap.GradleDaemon 7.3.3

Host: AMD Ryzen 7 5800H with Radeon Graphics         , 16 cores, 7G,  Windows 10 , 64 bit Build 22621 (10.0.22621.755)
Time: Wed Dec  7 09:58:24 2022 SE Asia Standard Time elapsed time: 3.268315 seconds (0d 0h 0m 3s)

---------------  T H R E A D  ---------------

Current thread (0x000001edfd904800):  JavaThread "C2 CompilerThread1" daemon [_thread_in_native, id=3420, stack(0x000000afd1500000,0x000000afd1600000)]


Current CompileTask:
C2:   3268 2214   !   4       java.lang.ClassLoader::loadClass (122 bytes)

Stack: [0x000000afd1500000,0x000000afd1600000]
Native frames: (J=compiled Java code, j=interpreted, Vv=VM code, C=native code)
V  [jvm.dll+0x5fbcea]
V  [jvm.dll+0x731905]
V  [jvm.dll+0x732f1d]
V  [jvm.dll+0x7335d3]
V  [jvm.dll+0x247bf8]
V  [jvm.dll+0xc018c]
V  [jvm.dll+0xc06cc]
V  [jvm.dll+0x2bcc04]
V  [jvm.dll+0x5113a8]
V  [jvm.dll+0x208303]
V  [jvm.dll+0x201fe0]
V  [jvm.dll+0x1ff71f]
V  [jvm.dll+0x18868c]
V  [jvm.dll+0x20e0d7]
V  [jvm.dll+0x20c901]
V  [jvm.dll+0x6f9b7f]
V  [jvm.dll+0x6f26a5]
V  [jvm.dll+0x5fabf6]
C  [ucrtbase.dll+0x29363]
C  [KERNEL32.DLL+0x1244d]
C  [ntdll.dll+0x5dfb8]


---------------  P R O C E S S  ---------------

Threads class SMR info:
_java_thread_list=0x000001edfdafbb50, length=27, elements={
0x000001edee958800, 0x000001edfa986800, 0x000001edfa987800, 0x000001edfa99d800,
0x000001edfa9a0000, 0x000001edfa9a3000, 0x000001edfa9a4000, 0x000001edfa9ab000,
0x000001edfa9ae000, 0x000001edfa922000, 0x000001edfb467800, 0x000001edfc245800,
0x000001edfbaca800, 0x000001edfcd6d000, 0x000001edfd904800, 0x000001edfc44c800,
0x000001edfd86a800, 0x000001edfce14800, 0x000001edfc7cf000, 0x000001edfcadb000,
0x000001edfe95b800, 0x000001edfda03800, 0x000001edfcc33000, 0x000001edfd3a6800,
0x000001edfd3a7000, 0x000001edfd3a8000, 0x000001edfd3aa800
}

Java Threads: ( => current thread )
  0x000001edee958800 JavaThread "main" [_thread_blocked, id=16768, stack(0x000000afd0300000,0x000000afd0400000)]
  0x000001edfa986800 JavaThread "Reference Handler" daemon [_thread_blocked, id=10360, stack(0x000000afd0a00000,0x000000afd0b00000)]
  0x000001edfa987800 JavaThread "Finalizer" daemon [_thread_blocked, id=13364, stack(0x000000afd0b00000,0x000000afd0c00000)]
  0x000001edfa99d800 JavaThread "Signal Dispatcher" daemon [_thread_blocked, id=12420, stack(0x000000afd0c00000,0x000000afd0d00000)]
  0x000001edfa9a0000 JavaThread "Attach Listener" daemon [_thread_blocked, id=2020, stack(0x000000afd0d00000,0x000000afd0e00000)]
  0x000001edfa9a3000 JavaThread "Service Thread" daemon [_thread_blocked, id=10560, stack(0x000000afd0e00000,0x000000afd0f00000)]
  0x000001edfa9a4000 JavaThread "C2 CompilerThread0" daemon [_thread_blocked, id=3092, stack(0x000000afd0f00000,0x000000afd1000000)]
  0x000001edfa9ab000 JavaThread "C1 CompilerThread0" daemon [_thread_blocked, id=4732, stack(0x000000afd1000000,0x000000afd1100000)]
  0x000001edfa9ae000 JavaThread "Sweeper thread" daemon [_thread_blocked, id=8596, stack(0x000000afd1100000,0x000000afd1200000)]
  0x000001edfa922000 JavaThread "C1 CompilerThread1" daemon [_thread_blocked, id=10396, stack(0x000000afd1200000,0x000000afd1300000)]
  0x000001edfb467800 JavaThread "Common-Cleaner" daemon [_thread_blocked, id=17132, stack(0x000000afd1300000,0x000000afd1400000)]
  0x000001edfc245800 JavaThread "C1 CompilerThread2" daemon [_thread_blocked, id=8756, stack(0x000000afd1700000,0x000000afd1800000)]
  0x000001edfbaca800 JavaThread "C1 CompilerThread3" daemon [_thread_in_native, id=13940, stack(0x000000afd1800000,0x000000afd1900000)]
  0x000001edfcd6d000 JavaThread "Daemon health stats" [_thread_blocked, id=13284, stack(0x000000afd1a00000,0x000000afd1b00000)]
=>0x000001edfd904800 JavaThread "C2 CompilerThread1" daemon [_thread_in_native, id=3420, stack(0x000000afd1500000,0x000000afd1600000)]
  0x000001edfc44c800 JavaThread "Incoming local TCP Connector on port 63486" [_thread_in_native, id=7084, stack(0x000000afd1600000,0x000000afd1700000)]
  0x000001edfd86a800 JavaThread "Daemon periodic checks" [_thread_blocked, id=10344, stack(0x000000afd1b00000,0x000000afd1c00000)]
  0x000001edfce14800 JavaThread "Daemon" [_thread_blocked, id=1640, stack(0x000000afd2000000,0x000000afd2100000)]
  0x000001edfc7cf000 JavaThread "Handler for socket connection from /127.0.0.1:63486 to /127.0.0.1:63488" [_thread_in_native, id=1944, stack(0x000000afd2100000,0x000000afd2200000)]
  0x000001edfcadb000 JavaThread "Cancel handler" [_thread_blocked, id=12388, stack(0x000000afd2200000,0x000000afd2300000)]
  0x000001edfe95b800 JavaThread "Daemon worker" [_thread_in_native, id=9152, stack(0x000000afd2300000,0x000000afd2400000)]
  0x000001edfda03800 JavaThread "Asynchronous log dispatcher for DefaultDaemonConnection: socket connection from /127.0.0.1:63486 to /127.0.0.1:63488" [_thread_blocked, id=9452, stack(0x000000afd2400000,0x000000afd2500000)]
  0x000001edfcc33000 JavaThread "Stdin handler" [_thread_blocked, id=15516, stack(0x000000afd2500000,0x000000afd2600000)]
  0x000001edfd3a6800 JavaThread "Daemon client event forwarder" [_thread_blocked, id=15616, stack(0x000000afd2600000,0x000000afd2700000)]
  0x000001edfd3a7000 JavaThread "Cache worker for journal cache (C:\Users\Le Thanh Hang\.gradle\caches\journal-1)" [_thread_blocked, id=7236, stack(0x000000afd3000000,0x000000afd3100000)]
  0x000001edfd3a8000 JavaThread "File lock request listener" [_thread_in_native, id=10548, stack(0x000000afd3100000,0x000000afd3200000)]
  0x000001edfd3aa800 JavaThread "Cache worker for file hash cache (C:\Users\Le Thanh Hang\.gradle\caches\7.3.3\fileHashes)" [_thread_blocked, id=7868, stack(0x000000afd3200000,0x000000afd3300000)]

Other Threads:
  0x000001edfa982800 VMThread "VM Thread" [stack: 0x000000afd0900000,0x000000afd0a00000] [id=14096]
  0x000001edfb4b3800 WatcherThread [stack: 0x000000afd1400000,0x000000afd1500000] [id=9556]
  0x000001edee970800 GCTaskThread "GC Thread#0" [stack: 0x000000afd0400000,0x000000afd0500000] [id=16924]
  0x000001edfc0ec000 GCTaskThread "GC Thread#1" [stack: 0x000000afd1900000,0x000000afd1a00000] [id=11296]
  0x000001edfc0e9000 GCTaskThread "GC Thread#2" [stack: 0x000000afd1c00000,0x000000afd1d00000] [id=7540]
  0x000001edfc0e7800 GCTaskThread "GC Thread#3" [stack: 0x000000afd1d00000,0x000000afd1e00000] [id=10884]
  0x000001edfc0e8800 GCTaskThread "GC Thread#4" [stack: 0x000000afd2700000,0x000000afd2800000] [id=16380]
  0x000001edfc0eb000 GCTaskThread "GC Thread#5" [stack: 0x000000afd2800000,0x000000afd2900000] [id=8384]
  0x000001edfc0e5800 GCTaskThread "GC Thread#6" [stack: 0x000000afd2900000,0x000000afd2a00000] [id=14088]
  0x000001edfc0ec800 GCTaskThread "GC Thread#7" [stack: 0x000000afd2a00000,0x000000afd2b00000] [id=15460]
  0x000001edfc0e6000 GCTaskThread "GC Thread#8" [stack: 0x000000afd2b00000,0x000000afd2c00000] [id=5408]
  0x000001edfc0e7000 GCTaskThread "GC Thread#9" [stack: 0x000000afd2c00000,0x000000afd2d00000] [id=9528]
  0x000001edfdac3800 GCTaskThread "GC Thread#10" [stack: 0x000000afd2d00000,0x000000afd2e00000] [id=13888]
  0x000001edfdac6800 GCTaskThread "GC Thread#11" [stack: 0x000000afd2e00000,0x000000afd2f00000] [id=12332]
  0x000001edfdac7800 GCTaskThread "GC Thread#12" [stack: 0x000000afd2f00000,0x000000afd3000000] [id=5084]
  0x000001edee9a7800 ConcurrentGCThread "G1 Main Marker" [stack: 0x000000afd0500000,0x000000afd0600000] [id=15096]
  0x000001edee9aa800 ConcurrentGCThread "G1 Conc#0" [stack: 0x000000afd0600000,0x000000afd0700000] [id=11280]
  0x000001edfc0ea000 ConcurrentGCThread "G1 Conc#1" [stack: 0x000000afd1e00000,0x000000afd1f00000] [id=15728]
  0x000001edfc0ea800 ConcurrentGCThread "G1 Conc#2" [stack: 0x000000afd1f00000,0x000000afd2000000] [id=13868]
  0x000001edeea2e800 ConcurrentGCThread "G1 Refine#0" [stack: 0x000000afd0700000,0x000000afd0800000] [id=4520]
  0x000001edfa7d3800 ConcurrentGCThread "G1 Young RemSet Sampling" [stack: 0x000000afd0800000,0x000000afd0900000] [id=12380]

Threads with active compile tasks:
C2 CompilerThread1   3285 2214   !   4       java.lang.ClassLoader::loadClass (122 bytes)

VM state:not at safepoint (normal execution)

VM Mutex/Monitor currently owned by a thread: None

Heap address: 0x0000000080000000, size: 2048 MB, Compressed Oops mode: 32-bit
Narrow klass base: 0x0000000000000000, Narrow klass shift: 3
Compressed class space size: 1073741824 Address: 0x0000000100000000

Heap:
 garbage-first heap   total 120832K, used 31082K [0x0000000080000000, 0x0000000100000000)
  region size 1024K, 17 young (17408K), 2 survivors (2048K)
 Metaspace       used 21421K, capacity 21929K, committed 22144K, reserved 1075200K
  class space    used 2640K, capacity 2826K, committed 2944K, reserved 1048576K
Heap Regions: E=young(eden), S=young(survivor), O=old, HS=humongous(starts), HC=humongous(continues), CS=collection set, F=free, A=archive, TAMS=top-at-mark-start (previous, next)
|   0|0x0000000080000000, 0x0000000080100000, 0x0000000080100000|100%| O|  |TAMS 0x0000000080000000, 0x0000000080000000| Untracked 
|   1|0x0000000080100000, 0x0000000080200000, 0x0000000080200000|100%| O|  |TAMS 0x0000000080100000, 0x0000000080100000| Untracked 
|   2|0x0000000080200000, 0x0000000080300000, 0x0000000080300000|100%| O|  |TAMS 0x0000000080200000, 0x0000000080200000| Untracked 
|   3|0x0000000080300000, 0x0000000080400000, 0x0000000080400000|100%|HS|  |TAMS 0x0000000080400000, 0x0000000080300000| Complete 
|   4|0x0000000080400000, 0x0000000080500000, 0x0000000080500000|100%|HC|  |TAMS 0x0000000080500000, 0x0000000080400000| Complete 
|   5|0x0000000080500000, 0x0000000080600000, 0x0000000080600000|100%|HC|  |TAMS 0x0000000080600000, 0x0000000080500000| Complete 
|   6|0x0000000080600000, 0x0000000080700000, 0x0000000080700000|100%| O|  |TAMS 0x0000000080700000, 0x0000000080600000| Untracked 
|   7|0x0000000080700000, 0x0000000080800000, 0x0000000080800000|100%| O|  |TAMS 0x0000000080800000, 0x0000000080700000| Untracked 
|   8|0x0000000080800000, 0x0000000080900000, 0x0000000080900000|100%| O|  |TAMS 0x0000000080900000, 0x0000000080800000| Untracked 
|   9|0x0000000080900000, 0x0000000080a00000, 0x0000000080a00000|100%| O|  |TAMS 0x0000000080915000, 0x0000000080900000| Untracked 
|  10|0x0000000080a00000, 0x0000000080b00000, 0x0000000080b00000|100%| O|  |TAMS 0x0000000080a00000, 0x0000000080a00000| Untracked 
|  11|0x0000000080b00000, 0x0000000080c00000, 0x0000000080c00000|100%| O|  |TAMS 0x0000000080b00000, 0x0000000080b00000| Untracked 
|  12|0x0000000080c00000, 0x0000000080d00000, 0x0000000080d00000|100%| O|  |TAMS 0x0000000080c00000, 0x0000000080c00000| Untracked 
|  13|0x0000000080d00000, 0x0000000080e00000, 0x0000000080e00000|100%| O|  |TAMS 0x0000000080d00000, 0x0000000080d00000| Untracked 
|  14|0x0000000080e00000, 0x0000000080f00000, 0x0000000080f00000|100%| O|  |TAMS 0x0000000080e00000, 0x0000000080e00000| Untracked 
|  15|0x0000000080f00000, 0x0000000080f0be00, 0x0000000081000000|  4%| O|  |TAMS 0x0000000080f00000, 0x0000000080f00000| Untracked 
|  16|0x0000000081000000, 0x0000000081000000, 0x0000000081100000|  0%| F|  |TAMS 0x0000000081000000, 0x0000000081000000| Untracked 
|  17|0x0000000081100000, 0x0000000081100000, 0x0000000081200000|  0%| F|  |TAMS 0x0000000081100000, 0x0000000081100000| Untracked 
|  18|0x0000000081200000, 0x0000000081200000, 0x0000000081300000|  0%| F|  |TAMS 0x0000000081200000, 0x0000000081200000| Untracked 
|  19|0x0000000081300000, 0x0000000081300000, 0x0000000081400000|  0%| F|  |TAMS 0x0000000081300000, 0x0000000081300000| Untracked 
|  20|0x0000000081400000, 0x0000000081400000, 0x0000000081500000|  0%| F|  |TAMS 0x0000000081400000, 0x0000000081400000| Untracked 
|  21|0x0000000081500000, 0x0000000081500000, 0x0000000081600000|  0%| F|  |TAMS 0x0000000081500000, 0x0000000081500000| Untracked 
|  22|0x0000000081600000, 0x0000000081600000, 0x0000000081700000|  0%| F|  |TAMS 0x0000000081600000, 0x0000000081600000| Untracked 
|  23|0x0000000081700000, 0x0000000081700000, 0x0000000081800000|  0%| F|  |TAMS 0x0000000081700000, 0x0000000081700000| Untracked 
|  24|0x0000000081800000, 0x0000000081800000, 0x0000000081900000|  0%| F|  |TAMS 0x0000000081800000, 0x0000000081800000| Untracked 
|  25|0x0000000081900000, 0x0000000081900000, 0x0000000081a00000|  0%| F|  |TAMS 0x0000000081900000, 0x0000000081900000| Untracked 
|  26|0x0000000081a00000, 0x0000000081a00000, 0x0000000081b00000|  0%| F|  |TAMS 0x0000000081a00000, 0x0000000081a00000| Untracked 
|  27|0x0000000081b00000, 0x0000000081b00000, 0x0000000081c00000|  0%| F|  |TAMS 0x0000000081b00000, 0x0000000081b00000| Untracked 
|  28|0x0000000081c00000, 0x0000000081c00000, 0x0000000081d00000|  0%| F|  |TAMS 0x0000000081c00000, 0x0000000081c00000| Untracked 
|  29|0x0000000081d00000, 0x0000000081d00000, 0x0000000081e00000|  0%| F|  |TAMS 0x0000000081d00000, 0x0000000081d00000| Untracked 
|  30|0x0000000081e00000, 0x0000000081e00000, 0x0000000081f00000|  0%| F|  |TAMS 0x0000000081e00000, 0x0000000081e00000| Untracked 
|  31|0x0000000081f00000, 0x0000000081f00000, 0x0000000082000000|  0%| F|  |TAMS 0x0000000081f00000, 0x0000000081f00000| Untracked 
|  32|0x0000000082000000, 0x0000000082000000, 0x0000000082100000|  0%| F|  |TAMS 0x0000000082000000, 0x0000000082000000| Untracked 
|  33|0x0000000082100000, 0x0000000082100000, 0x0000000082200000|  0%| F|  |TAMS 0x0000000082100000, 0x0000000082100000| Untracked 
|  34|0x0000000082200000, 0x0000000082200000, 0x0000000082300000|  0%| F|  |TAMS 0x0000000082200000, 0x0000000082200000| Untracked 
|  35|0x0000000082300000, 0x0000000082300000, 0x0000000082400000|  0%| F|  |TAMS 0x0000000082300000, 0x0000000082300000| Untracked 
|  36|0x0000000082400000, 0x0000000082400000, 0x0000000082500000|  0%| F|  |TAMS 0x0000000082400000, 0x0000000082400000| Untracked 
|  37|0x0000000082500000, 0x0000000082500000, 0x0000000082600000|  0%| F|  |TAMS 0x0000000082500000, 0x0000000082500000| Untracked 
|  38|0x0000000082600000, 0x0000000082600000, 0x0000000082700000|  0%| F|  |TAMS 0x0000000082600000, 0x0000000082600000| Untracked 
|  39|0x0000000082700000, 0x0000000082700000, 0x0000000082800000|  0%| F|  |TAMS 0x0000000082700000, 0x0000000082700000| Untracked 
|  40|0x0000000082800000, 0x0000000082800000, 0x0000000082900000|  0%| F|  |TAMS 0x0000000082800000, 0x0000000082800000| Untracked 
|  41|0x0000000082900000, 0x0000000082900000, 0x0000000082a00000|  0%| F|  |TAMS 0x0000000082900000, 0x0000000082900000| Untracked 
|  42|0x0000000082a00000, 0x0000000082a00000, 0x0000000082b00000|  0%| F|  |TAMS 0x0000000082a00000, 0x0000000082a00000| Untracked 
|  43|0x0000000082b00000, 0x0000000082b00000, 0x0000000082c00000|  0%| F|  |TAMS 0x0000000082b00000, 0x0000000082b00000| Untracked 
|  44|0x0000000082c00000, 0x0000000082c00000, 0x0000000082d00000|  0%| F|  |TAMS 0x0000000082c00000, 0x0000000082c00000| Untracked 
|  45|0x0000000082d00000, 0x0000000082d00000, 0x0000000082e00000|  0%| F|  |TAMS 0x0000000082d00000, 0x0000000082d00000| Untracked 
|  46|0x0000000082e00000, 0x0000000082e00000, 0x0000000082f00000|  0%| F|  |TAMS 0x0000000082e00000, 0x0000000082e00000| Untracked 
|  47|0x0000000082f00000, 0x0000000082f00000, 0x0000000083000000|  0%| F|  |TAMS 0x0000000082f00000, 0x0000000082f00000| Untracked 
|  48|0x0000000083000000, 0x0000000083000000, 0x0000000083100000|  0%| F|  |TAMS 0x0000000083000000, 0x0000000083000000| Untracked 
|  49|0x0000000083100000, 0x0000000083100000, 0x0000000083200000|  0%| F|  |TAMS 0x0000000083100000, 0x0000000083100000| Untracked 
|  50|0x0000000083200000, 0x0000000083200000, 0x0000000083300000|  0%| F|  |TAMS 0x0000000083200000, 0x0000000083200000| Untracked 
|  51|0x0000000083300000, 0x0000000083300000, 0x0000000083400000|  0%| F|  |TAMS 0x0000000083300000, 0x0000000083300000| Untracked 
|  52|0x0000000083400000, 0x0000000083400000, 0x0000000083500000|  0%| F|  |TAMS 0x0000000083400000, 0x0000000083400000| Untracked 
|  53|0x0000000083500000, 0x0000000083500000, 0x0000000083600000|  0%| F|  |TAMS 0x0000000083500000, 0x0000000083500000| Untracked 
|  54|0x0000000083600000, 0x0000000083600000, 0x0000000083700000|  0%| F|  |TAMS 0x0000000083600000, 0x0000000083600000| Untracked 
|  55|0x0000000083700000, 0x0000000083700000, 0x0000000083800000|  0%| F|  |TAMS 0x0000000083700000, 0x0000000083700000| Untracked 
|  56|0x0000000083800000, 0x0000000083800000, 0x0000000083900000|  0%| F|  |TAMS 0x0000000083800000, 0x0000000083800000| Untracked 
|  57|0x0000000083900000, 0x0000000083900000, 0x0000000083a00000|  0%| F|  |TAMS 0x0000000083900000, 0x0000000083900000| Untracked 
|  58|0x0000000083a00000, 0x0000000083a00000, 0x0000000083b00000|  0%| F|  |TAMS 0x0000000083a00000, 0x0000000083a00000| Untracked 
|  59|0x0000000083b00000, 0x0000000083b00000, 0x0000000083c00000|  0%| F|  |TAMS 0x0000000083b00000, 0x0000000083b00000| Untracked 
|  60|0x0000000083c00000, 0x0000000083c00000, 0x0000000083d00000|  0%| F|  |TAMS 0x0000000083c00000, 0x0000000083c00000| Untracked 
|  61|0x0000000083d00000, 0x0000000083d00000, 0x0000000083e00000|  0%| F|  |TAMS 0x0000000083d00000, 0x0000000083d00000| Untracked 
|  62|0x0000000083e00000, 0x0000000083e00000, 0x0000000083f00000|  0%| F|  |TAMS 0x0000000083e00000, 0x0000000083e00000| Untracked 
|  63|0x0000000083f00000, 0x0000000083f00000, 0x0000000084000000|  0%| F|  |TAMS 0x0000000083f00000, 0x0000000083f00000| Untracked 
|  64|0x0000000084000000, 0x0000000084000000, 0x0000000084100000|  0%| F|  |TAMS 0x0000000084000000, 0x0000000084000000| Untracked 
|  65|0x0000000084100000, 0x0000000084100000, 0x0000000084200000|  0%| F|  |TAMS 0x0000000084100000, 0x0000000084100000| Untracked 
|  66|0x0000000084200000, 0x0000000084200000, 0x0000000084300000|  0%| F|  |TAMS 0x0000000084200000, 0x0000000084200000| Untracked 
|  67|0x0000000084300000, 0x0000000084300000, 0x0000000084400000|  0%| F|  |TAMS 0x0000000084300000, 0x0000000084300000| Untracked 
|  68|0x0000000084400000, 0x0000000084400000, 0x0000000084500000|  0%| F|  |TAMS 0x0000000084400000, 0x0000000084400000| Untracked 
|  69|0x0000000084500000, 0x0000000084500000, 0x0000000084600000|  0%| F|  |TAMS 0x0000000084500000, 0x0000000084500000| Untracked 
|  70|0x0000000084600000, 0x0000000084600000, 0x0000000084700000|  0%| F|  |TAMS 0x0000000084600000, 0x0000000084600000| Untracked 
|  71|0x0000000084700000, 0x0000000084700000, 0x0000000084800000|  0%| F|  |TAMS 0x0000000084700000, 0x0000000084700000| Untracked 
|  72|0x0000000084800000, 0x0000000084800000, 0x0000000084900000|  0%| F|  |TAMS 0x0000000084800000, 0x0000000084800000| Untracked 
|  73|0x0000000084900000, 0x0000000084900000, 0x0000000084a00000|  0%| F|  |TAMS 0x0000000084900000, 0x0000000084900000| Untracked 
|  74|0x0000000084a00000, 0x0000000084a00000, 0x0000000084b00000|  0%| F|  |TAMS 0x0000000084a00000, 0x0000000084a00000| Untracked 
|  75|0x0000000084b00000, 0x0000000084b00000, 0x0000000084c00000|  0%| F|  |TAMS 0x0000000084b00000, 0x0000000084b00000| Untracked 
|  76|0x0000000084c00000, 0x0000000084c00000, 0x0000000084d00000|  0%| F|  |TAMS 0x0000000084c00000, 0x0000000084c00000| Untracked 
|  77|0x0000000084d00000, 0x0000000084d00000, 0x0000000084e00000|  0%| F|  |TAMS 0x0000000084d00000, 0x0000000084d00000| Untracked 
|  78|0x0000000084e00000, 0x0000000084e00000, 0x0000000084f00000|  0%| F|  |TAMS 0x0000000084e00000, 0x0000000084e00000| Untracked 
|  79|0x0000000084f00000, 0x0000000084f00000, 0x0000000085000000|  0%| F|  |TAMS 0x0000000084f00000, 0x0000000084f00000| Untracked 
|  80|0x0000000085000000, 0x0000000085000000, 0x0000000085100000|  0%| F|  |TAMS 0x0000000085000000, 0x0000000085000000| Untracked 
|  81|0x0000000085100000, 0x0000000085100000, 0x0000000085200000|  0%| F|  |TAMS 0x0000000085100000, 0x0000000085100000| Untracked 
|  82|0x0000000085200000, 0x0000000085200000, 0x0000000085300000|  0%| F|  |TAMS 0x0000000085200000, 0x0000000085200000| Untracked 
|  83|0x0000000085300000, 0x0000000085300000, 0x0000000085400000|  0%| F|  |TAMS 0x0000000085300000, 0x0000000085300000| Untracked 
|  84|0x0000000085400000, 0x0000000085400000, 0x0000000085500000|  0%| F|  |TAMS 0x0000000085400000, 0x0000000085400000| Untracked 
|  85|0x0000000085500000, 0x0000000085500000, 0x0000000085600000|  0%| F|  |TAMS 0x0000000085500000, 0x0000000085500000| Untracked 
|  86|0x0000000085600000, 0x0000000085600000, 0x0000000085700000|  0%| F|  |TAMS 0x0000000085600000, 0x0000000085600000| Untracked 
|  87|0x0000000085700000, 0x0000000085700000, 0x0000000085800000|  0%| F|  |TAMS 0x0000000085700000, 0x0000000085700000| Untracked 
|  88|0x0000000085800000, 0x0000000085800000, 0x0000000085900000|  0%| F|  |TAMS 0x0000000085800000, 0x0000000085800000| Untracked 
|  89|0x0000000085900000, 0x000000008594eb10, 0x0000000085a00000| 30%| S|CS|TAMS 0x0000000085900000, 0x0000000085900000| Complete 
|  90|0x0000000085a00000, 0x0000000085b00000, 0x0000000085b00000|100%| S|CS|TAMS 0x0000000085a00000, 0x0000000085a00000| Complete 
|  91|0x0000000085b00000, 0x0000000085b00000, 0x0000000085c00000|  0%| F|  |TAMS 0x0000000085b00000, 0x0000000085b00000| Untracked 
|  92|0x0000000085c00000, 0x0000000085c00000, 0x0000000085d00000|  0%| F|  |TAMS 0x0000000085c00000, 0x0000000085c00000| Untracked 
|  93|0x0000000085d00000, 0x0000000085d00000, 0x0000000085e00000|  0%| F|  |TAMS 0x0000000085d00000, 0x0000000085d00000| Untracked 
|  94|0x0000000085e00000, 0x0000000085e00000, 0x0000000085f00000|  0%| F|  |TAMS 0x0000000085e00000, 0x0000000085e00000| Untracked 
|  95|0x0000000085f00000, 0x0000000085f00000, 0x0000000086000000|  0%| F|  |TAMS 0x0000000085f00000, 0x0000000085f00000| Untracked 
|  96|0x0000000086000000, 0x0000000086000000, 0x0000000086100000|  0%| F|  |TAMS 0x0000000086000000, 0x0000000086000000| Untracked 
|  97|0x0000000086100000, 0x0000000086100000, 0x0000000086200000|  0%| F|  |TAMS 0x0000000086100000, 0x0000000086100000| Untracked 
|  98|0x0000000086200000, 0x0000000086200000, 0x0000000086300000|  0%| F|  |TAMS 0x0000000086200000, 0x0000000086200000| Untracked 
|  99|0x0000000086300000, 0x0000000086300000, 0x0000000086400000|  0%| F|  |TAMS 0x0000000086300000, 0x0000000086300000| Untracked 
| 100|0x0000000086400000, 0x0000000086400000, 0x0000000086500000|  0%| F|  |TAMS 0x0000000086400000, 0x0000000086400000| Untracked 
| 101|0x0000000086500000, 0x0000000086500000, 0x0000000086600000|  0%| F|  |TAMS 0x0000000086500000, 0x0000000086500000| Untracked 
| 102|0x0000000086600000, 0x0000000086679648, 0x0000000086700000| 47%| E|  |TAMS 0x0000000086600000, 0x0000000086600000| Complete 
| 103|0x0000000086700000, 0x0000000086800000, 0x0000000086800000|100%| E|CS|TAMS 0x0000000086700000, 0x0000000086700000| Complete 
| 104|0x0000000086800000, 0x0000000086900000, 0x0000000086900000|100%| E|CS|TAMS 0x0000000086800000, 0x0000000086800000| Complete 
| 105|0x0000000086900000, 0x0000000086a00000, 0x0000000086a00000|100%| E|CS|TAMS 0x0000000086900000, 0x0000000086900000| Complete 
| 106|0x0000000086a00000, 0x0000000086b00000, 0x0000000086b00000|100%| E|CS|TAMS 0x0000000086a00000, 0x0000000086a00000| Complete 
| 107|0x0000000086b00000, 0x0000000086c00000, 0x0000000086c00000|100%| E|CS|TAMS 0x0000000086b00000, 0x0000000086b00000| Complete 
| 108|0x0000000086c00000, 0x0000000086d00000, 0x0000000086d00000|100%| E|CS|TAMS 0x0000000086c00000, 0x0000000086c00000| Complete 
| 109|0x0000000086d00000, 0x0000000086e00000, 0x0000000086e00000|100%| E|CS|TAMS 0x0000000086d00000, 0x0000000086d00000| Complete 
| 110|0x0000000086e00000, 0x0000000086f00000, 0x0000000086f00000|100%| E|CS|TAMS 0x0000000086e00000, 0x0000000086e00000| Complete 
| 111|0x0000000086f00000, 0x0000000087000000, 0x0000000087000000|100%| E|CS|TAMS 0x0000000086f00000, 0x0000000086f00000| Complete 
| 112|0x0000000087000000, 0x0000000087100000, 0x0000000087100000|100%| E|CS|TAMS 0x0000000087000000, 0x0000000087000000| Complete 
| 113|0x0000000087100000, 0x0000000087200000, 0x0000000087200000|100%| E|CS|TAMS 0x0000000087100000, 0x0000000087100000| Complete 
| 114|0x0000000087200000, 0x0000000087300000, 0x0000000087300000|100%| E|CS|TAMS 0x0000000087200000, 0x0000000087200000| Complete 
| 115|0x0000000087300000, 0x0000000087400000, 0x0000000087400000|100%| E|CS|TAMS 0x0000000087300000, 0x0000000087300000| Complete 
| 116|0x0000000087400000, 0x0000000087500000, 0x0000000087500000|100%| E|CS|TAMS 0x0000000087400000, 0x0000000087400000| Complete 
| 117|0x0000000087500000, 0x0000000087600000, 0x0000000087600000|100%| E|CS|TAMS 0x0000000087500000, 0x0000000087500000| Complete 

Card table byte_map: [0x000001edf30f0000,0x000001edf34f0000] _byte_map_base: 0x000001edf2cf0000

Marking Bits (Prev, Next): (CMBitMap*) 0x000001edee99ecf0, (CMBitMap*) 0x000001edee99ecb8
 Prev Bits: [0x000001edf58f0000, 0x000001edf78f0000)
 Next Bits: [0x000001edf38f0000, 0x000001edf58f0000)

Polling page: 0x000001edee130000

Metaspace:

Usage:
  Non-class:     18.66 MB capacity,    18.36 MB ( 98%) used,   269.74 KB (  1%) free+waste,    36.13 KB ( <1%) overhead. 
      Class:      2.76 MB capacity,     2.58 MB ( 94%) used,   163.53 KB (  6%) free+waste,    17.69 KB ( <1%) overhead. 
       Both:     21.42 MB capacity,    20.94 MB ( 98%) used,   433.27 KB (  2%) free+waste,    53.81 KB ( <1%) overhead. 

Virtual space:
  Non-class space:       26.00 MB reserved,      18.75 MB ( 72%) committed 
      Class space:        1.00 GB reserved,       2.88 MB ( <1%) committed 
             Both:        1.03 GB reserved,      21.63 MB (  2%) committed 

Chunk freelists:
   Non-Class:  33.00 KB
       Class:  22.00 KB
        Both:  55.00 KB

MaxMetaspaceSize: 17179869184.00 GB
CompressedClassSpaceSize: 1.00 GB
Initial GC threshold: 20.80 MB
Current GC threshold: 27.50 MB
CDS: off

CodeHeap 'non-profiled nmethods': size=119168Kb used=1091Kb max_used=1091Kb free=118076Kb
 bounds [0x000001ed87ba0000, 0x000001ed87e10000, 0x000001ed8f000000]
CodeHeap 'profiled nmethods': size=119168Kb used=4810Kb max_used=4810Kb free=114357Kb
 bounds [0x000001ed80740000, 0x000001ed80c00000, 0x000001ed87ba0000]
CodeHeap 'non-nmethods': size=7424Kb used=2904Kb max_used=2918Kb free=4520Kb
 bounds [0x000001ed80000000, 0x000001ed802e0000, 0x000001ed80740000]
 total_blobs=2710 nmethods=2227 adapters=392
 compilation: enabled
              stopped_count=0, restarted_count=0
 full_count=0

Compilation events (20 events):
Event: 3.223 Thread 0x000001edfd904800 2214   !   4       java.lang.ClassLoader::loadClass (122 bytes)
Event: 3.228 Thread 0x000001edfa922000 2215       3       java.lang.ThreadLocal::get (38 bytes)
Event: 3.228 Thread 0x000001edfc245800 2216       3       java.util.ArrayList::toArray (57 bytes)
Event: 3.229 Thread 0x000001edfa922000 nmethod 2215 0x000001ed80be3610 code [0x000001ed80be3800, 0x000001ed80be3ac8]
Event: 3.229 Thread 0x000001edfc245800 nmethod 2216 0x000001ed80be3c10 code [0x000001ed80be3e00, 0x000001ed80be4318]
Event: 3.237 Thread 0x000001edfa9ab000 2217       3       java.lang.invoke.VarHandleGuards::guard_LL_V (103 bytes)
Event: 3.239 Thread 0x000001edfa9ab000 nmethod 2217 0x000001ed80be4490 code [0x000001ed80be4800, 0x000001ed80be62a8]
Event: 3.243 Thread 0x000001edfbaca800 2219       3       java.lang.invoke.InnerClassLambdaMetafactory::getLoadOpcode (25 bytes)
Event: 3.243 Thread 0x000001edfc245800 2220       3       java.lang.invoke.InnerClassLambdaMetafactory::getParameterSize (27 bytes)
Event: 3.243 Thread 0x000001edfbaca800 nmethod 2219 0x000001ed80be6b90 code [0x000001ed80be6d60, 0x000001ed80be6f78]
Event: 3.243 Thread 0x000001edfc245800 nmethod 2220 0x000001ed80be7090 code [0x000001ed80be7240, 0x000001ed80be7418]
Event: 3.250 Thread 0x000001edfa922000 2222       3       java.lang.String::substring (68 bytes)
Event: 3.251 Thread 0x000001edfa922000 nmethod 2222 0x000001ed80be7490 code [0x000001ed80be76e0, 0x000001ed80be7e18]
Event: 3.253 Thread 0x000001edfa9ab000 2223       3       java.lang.invoke.VarHandleObjects$FieldInstanceReadWrite::set (30 bytes)
Event: 3.254 Thread 0x000001edfa9ab000 nmethod 2223 0x000001ed80be8090 code [0x000001ed80be82c0, 0x000001ed80be89c8]
Event: 3.264 Thread 0x000001edfbaca800 2224       3       jdk.internal.org.objectweb.asm.ClassWriter::addType (103 bytes)
Event: 3.265 Thread 0x000001edfbaca800 nmethod 2224 0x000001ed80be8c90 code [0x000001ed80be8ea0, 0x000001ed80be9568]
Event: 3.265 Thread 0x000001edfc245800 2225       3       sun.invoke.util.VerifyAccess::isMemberAccessible (313 bytes)
Event: 3.265 Thread 0x000001edfa922000 2226       3       java.lang.invoke.LambdaFormEditor$Transform::<init> (17 bytes)
Event: 3.265 Thread 0x000001edfa922000 nmethod 2226 0x000001ed80be9790 code [0x000001ed80be9960, 0x000001ed80be9d38]

GC Heap History (6 events):
Event: 0.709 GC heap before
{Heap before GC invocations=0 (full 0):
 garbage-first heap   total 120832K, used 29696K [0x0000000080000000, 0x0000000100000000)
  region size 1024K, 24 young (24576K), 0 survivors (0K)
 Metaspace       used 9867K, capacity 10096K, committed 10368K, reserved 1058816K
  class space    used 1017K, capacity 1069K, committed 1152K, reserved 1048576K
}
Event: 0.719 GC heap after
{Heap after GC invocations=1 (full 0):
 garbage-first heap   total 120832K, used 9300K [0x0000000080000000, 0x0000000100000000)
  region size 1024K, 3 young (3072K), 3 survivors (3072K)
 Metaspace       used 9867K, capacity 10096K, committed 10368K, reserved 1058816K
  class space    used 1017K, capacity 1069K, committed 1152K, reserved 1048576K
}
Event: 2.699 GC heap before
{Heap before GC invocations=1 (full 0):
 garbage-first heap   total 120832K, used 75860K [0x0000000080000000, 0x0000000100000000)
  region size 1024K, 69 young (70656K), 3 survivors (3072K)
 Metaspace       used 16234K, capacity 16555K, committed 16640K, reserved 1071104K
  class space    used 1841K, capacity 1965K, committed 2048K, reserved 1048576K
}
Event: 2.726 GC heap after
{Heap after GC invocations=2 (full 0):
 garbage-first heap   total 120832K, used 15444K [0x0000000080000000, 0x0000000100000000)
  region size 1024K, 9 young (9216K), 9 survivors (9216K)
 Metaspace       used 16234K, capacity 16555K, committed 16640K, reserved 1071104K
  class space    used 1841K, capacity 1965K, committed 2048K, reserved 1048576K
}
Event: 3.078 GC heap before
{Heap before GC invocations=3 (full 0):
 garbage-first heap   total 120832K, used 43092K [0x0000000080000000, 0x0000000100000000)
  region size 1024K, 36 young (36864K), 9 survivors (9216K)
 Metaspace       used 19552K, capacity 19955K, committed 20224K, reserved 1073152K
  class space    used 2376K, capacity 2504K, committed 2560K, reserved 1048576K
}
Event: 3.085 GC heap after
{Heap after GC invocations=4 (full 0):
 garbage-first heap   total 120832K, used 16746K [0x0000000080000000, 0x0000000100000000)
  region size 1024K, 2 young (2048K), 2 survivors (2048K)
 Metaspace       used 19552K, capacity 19955K, committed 20224K, reserved 1073152K
  class space    used 2376K, capacity 2504K, committed 2560K, reserved 1048576K
}

Deoptimization events (20 events):
Event: 3.217 Thread 0x000001edfe95b800 Uncommon trap: trap_request=0xffffff4d fr.pc=0x000001ed87bbd5cc relative=0x0000000000000a2c
Event: 3.217 Thread 0x000001edfe95b800 Uncommon trap: reason=unstable_if action=reinterpret pc=0x000001ed87bbd5cc method=java.io.WinNTFileSystem.resolve(Ljava/lang/String;Ljava/lang/String;)Ljava/lang/String; @ 19 c2
Event: 3.217 Thread 0x000001edfe95b800 DEOPT PACKING pc=0x000001ed87bbd5cc sp=0x000000afd23fb660
Event: 3.217 Thread 0x000001edfe95b800 DEOPT UNPACKING pc=0x000001ed8004a1af sp=0x000000afd23fb5f8 mode 2
Event: 3.218 Thread 0x000001edfe95b800 Uncommon trap: trap_request=0xffffffc6 fr.pc=0x000001ed87c1eda4 relative=0x0000000000000084
Event: 3.218 Thread 0x000001edfe95b800 Uncommon trap: reason=bimorphic_or_optimized_type_check action=maybe_recompile pc=0x000001ed87c1eda4 method=java.util.AbstractList$Itr.hasNext()Z @ 8 c2
Event: 3.218 Thread 0x000001edfe95b800 DEOPT PACKING pc=0x000001ed87c1eda4 sp=0x000000afd23fac30
Event: 3.218 Thread 0x000001edfe95b800 DEOPT UNPACKING pc=0x000001ed8004a1af sp=0x000000afd23fabc8 mode 2
Event: 3.218 Thread 0x000001edfe95b800 Uncommon trap: trap_request=0xffffffc6 fr.pc=0x000001ed87c1f154 relative=0x0000000000000114
Event: 3.218 Thread 0x000001edfe95b800 Uncommon trap: reason=bimorphic_or_optimized_type_check action=maybe_recompile pc=0x000001ed87c1f154 method=java.util.AbstractList$Itr.next()Ljava/lang/Object; @ 14 c2
Event: 3.218 Thread 0x000001edfe95b800 DEOPT PACKING pc=0x000001ed87c1f154 sp=0x000000afd23fac20
Event: 3.218 Thread 0x000001edfe95b800 DEOPT UNPACKING pc=0x000001ed8004a1af sp=0x000000afd23fabb8 mode 2
Event: 3.218 Thread 0x000001edfe95b800 Uncommon trap: trap_request=0xffffff4d fr.pc=0x000001ed87c191fc relative=0x00000000000005bc
Event: 3.218 Thread 0x000001edfe95b800 Uncommon trap: reason=unstable_if action=reinterpret pc=0x000001ed87c191fc method=java.io.File.getName()Ljava/lang/String; @ 16 c2
Event: 3.218 Thread 0x000001edfe95b800 DEOPT PACKING pc=0x000001ed87c191fc sp=0x000000afd23fb5f0
Event: 3.218 Thread 0x000001edfe95b800 DEOPT UNPACKING pc=0x000001ed8004a1af sp=0x000000afd23fb5c0 mode 2
Event: 3.218 Thread 0x000001edfe95b800 Uncommon trap: trap_request=0xffffff4d fr.pc=0x000001ed87c16efc relative=0x000000000000043c
Event: 3.218 Thread 0x000001edfe95b800 Uncommon trap: reason=unstable_if action=reinterpret pc=0x000001ed87c16efc method=java.lang.String.substring(I)Ljava/lang/String; @ 34 c2
Event: 3.218 Thread 0x000001edfe95b800 DEOPT PACKING pc=0x000001ed87c16efc sp=0x000000afd23fb570
Event: 3.218 Thread 0x000001edfe95b800 DEOPT UNPACKING pc=0x000001ed8004a1af sp=0x000000afd23fb548 mode 2

Classes redefined (0 events):
No events

Internal exceptions (20 events):
Event: 0.221 Thread 0x000001edee958800 Exception <a 'java/lang/NoSuchMethodError'{0x00000000872ad5d0}: 'int java.lang.invoke.DirectMethodHandle$Holder.invokeSpecialIFC(java.lang.Object, java.lang.Object, int)'> (0x00000000872ad5d0) thrown at [./src/hotspot/share/interpreter/linkResolver.cpp, line 773]
Event: 0.475 Thread 0x000001edee958800 Exception <a 'java/lang/NoClassDefFoundError'{0x0000000086694660}: org/slf4j/impl/StaticMarkerBinder> (0x0000000086694660) thrown at [./src/hotspot/share/classfile/systemDictionary.cpp, line 220]
Event: 0.549 Thread 0x000001edee958800 Exception <a 'java/lang/NoSuchMethodError'{0x00000000863b4f10}: 'java.lang.Object java.lang.invoke.DirectMethodHandle$Holder.invokeVirtual(java.lang.Object, java.lang.Object, java.lang.Object, java.lang.Object, java.lang.Object, java.lang.Object, java.lang.Object)'> (0x00000000863b4f10) thrown at [./src/hotspot/share/interpreter/linkResolver.cpp, line 773]
Event: 0.551 Thread 0x000001edee958800 Exception <a 'java/lang/NoSuchMethodError'{0x00000000863c9b78}: 'java.lang.Object java.lang.invoke.Invokers$Holder.invoker(java.lang.Object, java.lang.Object, java.lang.Object)'> (0x00000000863c9b78) thrown at [./src/hotspot/share/interpreter/linkResolver.cpp, line 773]
Event: 0.556 Thread 0x000001edee958800 Exception <a 'java/lang/NoSuchMethodError'{0x00000000863dabf0}: 'void java.lang.invoke.DelegatingMethodHandle$Holder.delegate(java.lang.Object, java.lang.Object, int, java.lang.Object)'> (0x00000000863dabf0) thrown at [./src/hotspot/share/interpreter/linkResolver.cpp, line 773]
Event: 1.200 Thread 0x000001edee958800 Exception <a 'java/security/PrivilegedActionException'{0x0000000084d537d8}> (0x0000000084d537d8) thrown at [./src/hotspot/share/prims/jvm.cpp, line 1306]
Event: 1.200 Thread 0x000001edee958800 Exception <a 'java/security/PrivilegedActionException'{0x0000000084d53d50}> (0x0000000084d53d50) thrown at [./src/hotspot/share/prims/jvm.cpp, line 1306]
Event: 1.435 Thread 0x000001edee958800 Exception <a 'java/lang/NoSuchMethodError'{0x0000000083b1b908}: 'java.lang.Object java.lang.invoke.DirectMethodHandle$Holder.invokeStaticInit(java.lang.Object, java.lang.Object, java.lang.Object)'> (0x0000000083b1b908) thrown at [./src/hotspot/share/interpreter/linkResolver.cpp, line 773]
Event: 1.587 Thread 0x000001edee958800 Exception <a 'java/lang/NoSuchMethodError'{0x000000008357f3b8}: 'java.lang.Object java.lang.invoke.DirectMethodHandle$Holder.invokeStaticInit(java.lang.Object, int, int, int, int)'> (0x000000008357f3b8) thrown at [./src/hotspot/share/interpreter/linkResolver.cpp, line 773]
Event: 2.007 Thread 0x000001edee958800 Exception <a 'java/lang/NoSuchMethodError'{0x0000000083462c80}: 'java.lang.Object java.lang.invoke.DirectMethodHandle$Holder.invokeStaticInit(java.lang.Object, java.lang.Object, int, int, int, int)'> (0x0000000083462c80) thrown at [./src/hotspot/share/interpreter/linkResolver.cpp, line 773]
Event: 2.690 Thread 0x000001edee958800 Exception <a 'java/io/IOException'{0x00000000832db7a0}> (0x00000000832db7a0) thrown at [./src/hotspot/share/prims/jni.cpp, line 615]
Event: 2.840 Thread 0x000001edfe95b800 Exception <a 'java/lang/NoSuchMethodError'{0x0000000086f36ba8}: 'long java.lang.invoke.DirectMethodHandle$Holder.invokeInterface(java.lang.Object, java.lang.Object)'> (0x0000000086f36ba8) thrown at [./src/hotspot/share/interpreter/linkResolver.cpp, line 773]
Event: 2.841 Thread 0x000001edfe95b800 Exception <a 'java/lang/NoSuchMethodError'{0x0000000086f43ea8}: 'void java.lang.invoke.DelegatingMethodHandle$Holder.reinvoke_L(java.lang.Object, java.lang.Object, java.lang.Object, java.lang.Object, java.lang.Object, java.lang.Object, java.lang.Object)'> (0x0000000086f43ea8) thrown at [./src/hotspot/share/interpreter/linkResolver.cpp, line 773]
Event: 3.143 Thread 0x000001edfe95b800 Exception <a 'java/lang/NoSuchMethodError'{0x0000000086fc16a0}: 'void java.lang.invoke.DirectMethodHandle$Holder.invokeStaticInit(java.lang.Object)'> (0x0000000086fc16a0) thrown at [./src/hotspot/share/interpreter/linkResolver.cpp, line 773]
Event: 3.155 Thread 0x000001edfe95b800 Exception <a 'java/lang/NoSuchMethodError'{0x0000000086e6f420}: 'java.lang.Object java.lang.invoke.DirectMethodHandle$Holder.invokeStatic(java.lang.Object, java.lang.Object, java.lang.Object, int)'> (0x0000000086e6f420) thrown at [./src/hotspot/share/interpreter/linkResolver.cpp, line 773]
Event: 3.155 Thread 0x000001edfe95b800 Exception <a 'java/lang/NoSuchMethodError'{0x0000000086e73b38}: 'java.lang.Object java.lang.invoke.DirectMethodHandle$Holder.invokeSpecial(java.lang.Object, java.lang.Object, java.lang.Object, java.lang.Object, int)'> (0x0000000086e73b38) thrown at [./src/hotspot/share/interpreter/linkResolver.cpp, line 773]
Event: 3.155 Thread 0x000001edfe95b800 Exception <a 'java/lang/NoSuchMethodError'{0x0000000086e77a70}: 'java.lang.Object java.lang.invoke.Invokers$Holder.linkToTargetMethod(java.lang.Object, java.lang.Object, int, java.lang.Object)'> (0x0000000086e77a70) thrown at [./src/hotspot/share/interpreter/linkResolver.cpp, line 773]
Event: 3.264 Thread 0x000001edfe95b800 Exception <a 'java/lang/NoSuchMethodError'{0x0000000086875c50}: 'int java.lang.invoke.DirectMethodHandle$Holder.invokeSpecialIFC(java.lang.Object, java.lang.Object, java.lang.Object, java.lang.Object)'> (0x0000000086875c50) thrown at [./src/hotspot/share/interpreter/linkResolver.cpp, line 773]
Event: 3.266 Thread 0x000001edfe95b800 Exception <a 'java/lang/NoSuchMethodError'{0x0000000086883c08}: 'java.lang.Object java.lang.invoke.DirectMethodHandle$Holder.invokeInterface(java.lang.Object, java.lang.Object, java.lang.Object)'> (0x0000000086883c08) thrown at [./src/hotspot/share/interpreter/linkResolver.cpp, line 773]
Event: 3.266 Thread 0x000001edfe95b800 Exception <a 'java/lang/IncompatibleClassChangeError'{0x0000000086887368}: Found class java.lang.Object, but interface was expected> (0x0000000086887368) thrown at [./src/hotspot/share/interpreter/linkResolver.cpp, line 839]

Events (20 events):
Event: 3.262 loading class java/nio/file/FileVisitOption
Event: 3.262 loading class java/nio/file/FileVisitOption done
Event: 3.262 loading class org/gradle/internal/snapshot/impl/DirectorySnapshotter$1
Event: 3.262 loading class org/gradle/internal/snapshot/impl/DirectorySnapshotter$1 done
Event: 3.263 loading class org/gradle/internal/snapshot/impl/DirectorySnapshotter$DefaultExcludes
Event: 3.263 loading class org/gradle/internal/snapshot/impl/DirectorySnapshotter$DefaultExcludes done
Event: 3.263 loading class org/gradle/internal/snapshot/impl/DirectorySnapshotter$DefaultExcludes$StartMatcher
Event: 3.263 loading class org/gradle/internal/snapshot/impl/DirectorySnapshotter$DefaultExcludes$StartMatcher done
Event: 3.263 loading class org/gradle/internal/snapshot/impl/DirectorySnapshotter$DefaultExcludes$EndMatcher
Event: 3.263 loading class org/gradle/internal/snapshot/impl/DirectorySnapshotter$DefaultExcludes$EndMatcher done
Event: 3.264 Executing VM operation: RevokeBias
Event: 3.264 Executing VM operation: RevokeBias done
Event: 3.266 loading class java/util/stream/ReduceOps$1
Event: 3.266 loading class java/util/stream/ReduceOps$1 done
Event: 3.266 loading class java/util/stream/ReduceOps$1ReducingSink
Event: 3.267 loading class java/util/stream/ReduceOps$1ReducingSink done
Event: 3.267 loading class org/gradle/internal/service/scopes/VirtualFileSystemServices$GradleUserHomeServices$2
Event: 3.267 loading class org/gradle/internal/service/scopes/VirtualFileSystemServices$GradleUserHomeServices$2 done
Event: 3.267 loading class org/gradle/internal/service/scopes/VirtualFileSystemServices$DefaultExcludesBuildListener
Event: 3.267 loading class org/gradle/internal/service/scopes/VirtualFileSystemServices$DefaultExcludesBuildListener done


Dynamic libraries:
0x00007ff79f0c0000 - 0x00007ff79f0ca000 	C:\Program Files\Android\Android Studio\jre\bin\java.exe
0x00007ffd62c10000 - 0x00007ffd62e24000 	C:\WINDOWS\SYSTEM32\ntdll.dll
0x00007ffd61c30000 - 0x00007ffd61cf2000 	C:\WINDOWS\System32\KERNEL32.DLL
0x00007ffd600e0000 - 0x00007ffd6047d000 	C:\WINDOWS\System32\KERNELBASE.dll
0x00007ffd608f0000 - 0x00007ffd60a01000 	C:\WINDOWS\System32\ucrtbase.dll
0x00007ffd35ef0000 - 0x00007ffd35f09000 	C:\Program Files\Android\Android Studio\jre\bin\jli.dll
0x00007ffd2e010000 - 0x00007ffd2e027000 	C:\Program Files\Android\Android Studio\jre\bin\VCRUNTIME140.dll
0x00007ffd62510000 - 0x00007ffd626ba000 	C:\WINDOWS\System32\USER32.dll
0x00007ffd60540000 - 0x00007ffd60566000 	C:\WINDOWS\System32\win32u.dll
0x00007ffd44ac0000 - 0x00007ffd44d4e000 	C:\WINDOWS\WinSxS\amd64_microsoft.windows.common-controls_6595b64144ccf1df_6.0.22621.608_none_a9444ca7c10bb01d\COMCTL32.dll
0x00007ffd61920000 - 0x00007ffd61949000 	C:\WINDOWS\System32\GDI32.dll
0x00007ffd61a80000 - 0x00007ffd61b27000 	C:\WINDOWS\System32\msvcrt.dll
0x00007ffd607d0000 - 0x00007ffd608e2000 	C:\WINDOWS\System32\gdi32full.dll
0x00007ffd60040000 - 0x00007ffd600da000 	C:\WINDOWS\System32\msvcp_win.dll
0x00007ffd61950000 - 0x00007ffd61982000 	C:\WINDOWS\System32\IMM32.DLL
0x00007ffd21de0000 - 0x00007ffd21e7d000 	C:\Program Files\Android\Android Studio\jre\bin\msvcp140.dll
0x00007ffce66c0000 - 0x00007ffce71a5000 	C:\Program Files\Android\Android Studio\jre\bin\server\jvm.dll
0x00007ffd61d00000 - 0x00007ffd61dae000 	C:\WINDOWS\System32\ADVAPI32.dll
0x00007ffd61990000 - 0x00007ffd61a34000 	C:\WINDOWS\System32\sechost.dll
0x00007ffd60c30000 - 0x00007ffd60d45000 	C:\WINDOWS\System32\RPCRT4.dll
0x00007ffd618c0000 - 0x00007ffd618c8000 	C:\WINDOWS\System32\PSAPI.DLL
0x00007ffd5d420000 - 0x00007ffd5d429000 	C:\WINDOWS\SYSTEM32\WSOCK32.dll
0x00007ffd59460000 - 0x00007ffd59494000 	C:\WINDOWS\SYSTEM32\WINMM.dll
0x00007ffd58da0000 - 0x00007ffd58daa000 	C:\WINDOWS\SYSTEM32\VERSION.dll
0x00007ffd61780000 - 0x00007ffd617f1000 	C:\WINDOWS\System32\WS2_32.dll
0x00007ffd5f020000 - 0x00007ffd5f038000 	C:\WINDOWS\SYSTEM32\kernel.appcore.dll
0x00007ffd5d3a0000 - 0x00007ffd5d3b1000 	C:\Program Files\Android\Android Studio\jre\bin\verify.dll
0x00007ffd4b3d0000 - 0x00007ffd4b5fe000 	C:\WINDOWS\SYSTEM32\DBGHELP.DLL
0x00007ffd626e0000 - 0x00007ffd62a6a000 	C:\WINDOWS\System32\combase.dll
0x00007ffd62240000 - 0x00007ffd62317000 	C:\WINDOWS\System32\OLEAUT32.dll
0x00007ffd3f260000 - 0x00007ffd3f292000 	C:\WINDOWS\SYSTEM32\dbgcore.DLL
0x00007ffd60570000 - 0x00007ffd605eb000 	C:\WINDOWS\System32\bcryptPrimitives.dll
0x00007ffd5b800000 - 0x00007ffd5b829000 	C:\Program Files\Android\Android Studio\jre\bin\java.dll
0x00007ffd5d3e0000 - 0x00007ffd5d3eb000 	C:\Program Files\Android\Android Studio\jre\bin\jimage.dll
0x00007ffd5d1b0000 - 0x00007ffd5d1c8000 	C:\Program Files\Android\Android Studio\jre\bin\zip.dll
0x00007ffd60d50000 - 0x00007ffd61530000 	C:\WINDOWS\System32\SHELL32.dll
0x00007ffd5e030000 - 0x00007ffd5e8f5000 	C:\WINDOWS\SYSTEM32\windows.storage.dll
0x00007ffd5def0000 - 0x00007ffd5e02e000 	C:\WINDOWS\SYSTEM32\wintypes.dll
0x00007ffd61b30000 - 0x00007ffd61c21000 	C:\WINDOWS\System32\SHCORE.dll
0x00007ffd62a70000 - 0x00007ffd62ace000 	C:\WINDOWS\System32\shlwapi.dll
0x00007ffd5ff70000 - 0x00007ffd5ff91000 	C:\WINDOWS\SYSTEM32\profapi.dll
0x00007ffd499e0000 - 0x00007ffd499fa000 	C:\Program Files\Android\Android Studio\jre\bin\net.dll
0x00007ffd59230000 - 0x00007ffd5935f000 	C:\WINDOWS\SYSTEM32\WINHTTP.dll
0x00007ffd5f4d0000 - 0x00007ffd5f539000 	C:\WINDOWS\system32\mswsock.dll
0x00007ffd49780000 - 0x00007ffd49794000 	C:\Program Files\Android\Android Studio\jre\bin\nio.dll
0x00007ffd364b0000 - 0x00007ffd364d7000 	C:\Users\Le Thanh Hang\.gradle\native\e1d6ef7f7dcc3fd88c89a11ec53ec762bb8ba0a96d01ffa2cd45eb1d1d8dd5c5\windows-amd64\native-platform.dll
0x00007ffcf37d0000 - 0x00007ffcf3914000 	C:\Users\Le Thanh Hang\.gradle\native\5664cfc778a61ccfe75a443a1ab52a65af34e5dc3c78e0209fed803814484fcb\windows-amd64\native-platform-file-events.dll
0x00007ffd5d380000 - 0x00007ffd5d38a000 	C:\Program Files\Android\Android Studio\jre\bin\management.dll
0x00007ffd5a480000 - 0x00007ffd5a48d000 	C:\Program Files\Android\Android Studio\jre\bin\management_ext.dll
0x00007ffd5f700000 - 0x00007ffd5f71b000 	C:\WINDOWS\SYSTEM32\CRYPTSP.dll
0x00007ffd5efe0000 - 0x00007ffd5f015000 	C:\WINDOWS\system32\rsaenh.dll
0x00007ffd5f590000 - 0x00007ffd5f5b8000 	C:\WINDOWS\SYSTEM32\USERENV.dll
0x00007ffd5f960000 - 0x00007ffd5f988000 	C:\WINDOWS\SYSTEM32\bcrypt.dll
0x00007ffd5f720000 - 0x00007ffd5f72c000 	C:\WINDOWS\SYSTEM32\CRYPTBASE.dll
0x00007ffd5eb90000 - 0x00007ffd5ebbd000 	C:\WINDOWS\SYSTEM32\IPHLPAPI.DLL
0x00007ffd62230000 - 0x00007ffd62239000 	C:\WINDOWS\System32\NSI.dll
0x00007ffd59440000 - 0x00007ffd59459000 	C:\WINDOWS\SYSTEM32\dhcpcsvc6.DLL
0x00007ffd59210000 - 0x00007ffd5922f000 	C:\WINDOWS\SYSTEM32\dhcpcsvc.DLL
0x00007ffd5ebc0000 - 0x00007ffd5ecb2000 	C:\WINDOWS\SYSTEM32\DNSAPI.dll

dbghelp: loaded successfully - version: 4.0.5 - missing functions: none
symbol engine: initialized successfully - sym options: 0x614 - pdb path: .;C:\Program Files\Android\Android Studio\jre\bin;C:\WINDOWS\SYSTEM32;C:\WINDOWS\WinSxS\amd64_microsoft.windows.common-controls_6595b64144ccf1df_6.0.22621.608_none_a9444ca7c10bb01d;C:\Program Files\Android\Android Studio\jre\bin\server;C:\Users\Le Thanh Hang\.gradle\native\e1d6ef7f7dcc3fd88c89a11ec53ec762bb8ba0a96d01ffa2cd45eb1d1d8dd5c5\windows-amd64;C:\Users\Le Thanh Hang\.gradle\native\5664cfc778a61ccfe75a443a1ab52a65af34e5dc3c78e0209fed803814484fcb\windows-amd64

VM Arguments:
jvm_args: --add-opens=java.base/java.util=ALL-UNNAMED --add-opens=java.base/java.lang=ALL-UNNAMED --add-opens=java.base/java.lang.invoke=ALL-UNNAMED --add-opens=java.base/java.util=ALL-UNNAMED --add-opens=java.prefs/java.util.prefs=ALL-UNNAMED --add-opens=java.prefs/java.util.prefs=ALL-UNNAMED --add-opens=java.base/java.nio.charset=ALL-UNNAMED --add-opens=java.base/java.net=ALL-UNNAMED --add-opens=java.base/java.util.concurrent.atomic=ALL-UNNAMED -Xmx2048m -Dfile.encoding=UTF-8 -Duser.country=US -Duser.language=en -Duser.variant 
java_command: org.gradle.launcher.daemon.bootstrap.GradleDaemon 7.3.3
java_class_path (initial): C:\Users\Le Thanh Hang\.gradle\wrapper\dists\gradle-7.3.3-bin\6a41zxkdtcxs8rphpq6y0069z\gradle-7.3.3\lib\gradle-launcher-7.3.3.jar
Launcher Type: SUN_STANDARD

[Global flags]
     intx CICompilerCount                          = 12                                        {product} {ergonomic}
     uint ConcGCThreads                            = 3                                         {product} {ergonomic}
     uint G1ConcRefinementThreads                  = 13                                        {product} {ergonomic}
   size_t G1HeapRegionSize                         = 1048576                                   {product} {ergonomic}
    uintx GCDrainStackTargetSize                   = 64                                        {product} {ergonomic}
   size_t InitialHeapSize                          = 123731968                                 {product} {ergonomic}
   size_t MarkStackSize                            = 4194304                                   {product} {ergonomic}
   size_t MaxHeapSize                              = 2147483648                                {product} {command line}
   size_t MaxNewSize                               = 1287651328                                {product} {ergonomic}
   size_t MinHeapDeltaBytes                        = 1048576                                   {product} {ergonomic}
    uintx NonNMethodCodeHeapSize                   = 7594288                                {pd product} {ergonomic}
    uintx NonProfiledCodeHeapSize                  = 122031976                              {pd product} {ergonomic}
    uintx ProfiledCodeHeapSize                     = 122031976                              {pd product} {ergonomic}
    uintx ReservedCodeCacheSize                    = 251658240                              {pd product} {ergonomic}
     bool SegmentedCodeCache                       = true                                      {product} {ergonomic}
     bool UseCompressedClassPointers               = true                                 {lp64_product} {ergonomic}
     bool UseCompressedOops                        = true                                 {lp64_product} {ergonomic}
     bool UseG1GC                                  = true                                      {product} {ergonomic}
     bool UseLargePagesIndividualAllocation        = false                                  {pd product} {ergonomic}

Logging:
Log output configuration:
 #0: stdout all=warning uptime,level,tags
 #1: stderr all=off uptime,level,tags

Environment Variables:
PATH=C:\Program Files (x86)\VMware\VMware Workstation\bin\;C:\Python310\Scripts\;C:\Python310\;C:\Program Files\Eclipse Foundation\jdk-8.0.302.8-hotspot\bin;C:\windows\system32;C:\windows;C:\windows\System32\Wbem;C:\windows\System32\WindowsPowerShell\v1.0\;C:\windows\System32\OpenSSH\;C:\Program Files (x86)\NVIDIA Corporation\PhysX\Common;C:\Program Files\NVIDIA Corporation\NVIDIA NvDLISR;C:\Program Files\Microsoft SQL Server\130\Tools\Binn\;C:\Program Files\Microsoft SQL Server\Client SDK\ODBC\170\Tools\Binn\;C:\Program Files\Git\cmd;C:\Program Files\nodejs\;C:\ProgramData\chocolatey\bin;C:\WINDOWS\system32;C:\WINDOWS;C:\WINDOWS\System32\Wbem;C:\WINDOWS\System32\WindowsPowerShell\v1.0\;C:\WINDOWS\System32\OpenSSH\;C:\Program Files\dotnet\;C:\MinGW\bin;C:\Ruby31-x64\bin;C:\Users\Le Thanh Hang\AppData\Local\Microsoft\WindowsApps;C:\Users\Le Thanh Hang\AppData\Local\GitHubDesktop\bin;C:\Users\Le Thanh Hang\AppData\Roaming\npm;C:\Users\Le Thanh Hang\.dotnet\tools;C:\Users\Le Thanh Hang\AppData\Local\Programs\Microsoft VS Code\bin
USERNAME=Le Thanh Hang
OS=Windows_NT
PROCESSOR_IDENTIFIER=AMD64 Family 25 Model 80 Stepping 0, AuthenticAMD



---------------  S Y S T E M  ---------------

OS: Windows 10 , 64 bit Build 22621 (10.0.22621.755)
OS uptime: 0 days 11:56 hours
Hyper-V role detected

CPU:total 16 (initial active 16) (16 cores per cpu, 2 threads per core) family 25 model 80 stepping 0 microcode 0x0, cmov, cx8, fxsr, mmx, sse, sse2, sse3, ssse3, sse4.1, sse4.2, popcnt, avx, avx2, aes, clmul, erms, mmxext, 3dnowpref, lzcnt, sse4a, ht, tsc, tscinvbit, tscinv, bmi1, bmi2, adx, sha, fma

Memory: 4k page, system-wide physical 7523M (349M free)
TotalPageFile size 11619M (AvailPageFile size 4M)
current process WorkingSet (physical memory assigned to process): 201M, peak: 201M
current process commit charge ("private bytes"): 275M, peak: 276M

vm_info: OpenJDK 64-Bit Server VM (11.0.12+7-b1504.28-7817840) for windows-amd64 JRE (11.0.12+7-b1504.28-7817840), built on Oct 13 2021 22:12:33 by "builder" with MS VC++ 14.0 (VS2015)

END.
